drac in 🌐 Reaper in screaming_channels_ble/src on  main [$] via 🐍 v3.10.12
at 18:36:44 ❯ /home/drac/mnt/sc_nvme_ssd/dataset/240126_300-leak-insub-10cm-lna_avg/scripts/attack.sh
Using 1000 traces with 1 POI:
[2024-02-04 18:36:46,217] [1389824] [MainThread] [dataset] INFO  - Dataset loaded from '/home/drac/storage/dataset/240126_300-leak-insub-10cm-lna_avg/dataset.pyc'
[2024-02-04 18:36:46,217] [1389824] [MainThread] [load] INFO  - Loading traces...
[2024-02-04 18:36:46,217] [1389824] [MainThread] [load] WARNING - No loaded NF traces!
Load FF traces: 100%|███████████████████████████████████████████████████████████████████████████████████████████████████████████████████████████████████████████████████████████████████████████████████| 1000/1000 [00:00<00:00, 51650.81it/s]
[2024-02-04 18:36:46,237] [1389824] [MainThread] [load] INFO  - Done!
[2024-02-04 18:36:46,239] [1389824] [MainThread] [attack] INFO  - Load the forced profile from /home/drac/storage/dataset/240126_300-leak-insub-10cm-lna_avg/profile_pois_1
Align: 100%|█████████████████████████████████████████████████████████████████████████████████████████████████████████████████████████████████████████████████████████████████████████████████████████████| 1000/1000 [00:00<00:00, 4137.57it/s]
Align: 100%|█████████████████████████████████████████████████████████████████████████████████████████████████████████████████████████████████████████████████████████████████████████████████████████████| 1000/1000 [00:00<00:00, 3850.00it/s]

Subkey  0
Subkey  1
Subkey  2
Subkey  3
Subkey  4
Subkey  5
Subkey  6
Subkey  7
Subkey  8
Subkey  9
Subkey 10
Subkey 11
Subkey 12
Subkey 13
Subkey 14
Subkey 15
Best Key Guess:   1e   7c   c7   58   2a   e4   f6   5a   52   ef   7a   9a   f7   3e   da   6d
Known Key:        1d   7e   c6   58   2a   e5   f7   59   53   ee   7b   99   f7   3f   d9   6c
PGE:             001  001  003  000  000  002  003  001  003  003  001  001  000  002  001  003
HD:              002  001  001  000  000  001  001  002  001  001  001  002  000  001  002  001
SUCCESS:           0    0    0    1    1    0    0    0    0    0    0    0    1    0    0    0
CORRECT BYTES: 3
PGE MEAN:      1
PGE MEDIAN:    1
PGE MAX:       3
HD SUM:        17

Starting key ranking using HEL
results rank estimation
nb_bins = 512
merge = 2
Starting preprocessing
Clearing memory
min: 2^12.62935662
actual rounded: 2^29.92938249
max: 2^31.99727661
time enum: 0.129329 seconds


Using 2000 traces with 1 POI:
[2024-02-04 18:36:50,484] [1389874] [MainThread] [dataset] INFO  - Dataset loaded from '/home/drac/storage/dataset/240126_300-leak-insub-10cm-lna_avg/dataset.pyc'
[2024-02-04 18:36:50,484] [1389874] [MainThread] [load] INFO  - Loading traces...
[2024-02-04 18:36:50,485] [1389874] [MainThread] [load] WARNING - No loaded NF traces!
Load FF traces: 100%|███████████████████████████████████████████████████████████████████████████████████████████████████████████████████████████████████████████████████████████████████████████████████| 2000/2000 [00:00<00:00, 52097.65it/s]
[2024-02-04 18:36:50,524] [1389874] [MainThread] [load] INFO  - Done!
[2024-02-04 18:36:50,526] [1389874] [MainThread] [attack] INFO  - Load the forced profile from /home/drac/storage/dataset/240126_300-leak-insub-10cm-lna_avg/profile_pois_1
Align: 100%|█████████████████████████████████████████████████████████████████████████████████████████████████████████████████████████████████████████████████████████████████████████████████████████████| 2000/2000 [00:00<00:00, 4156.49it/s]
Align: 100%|█████████████████████████████████████████████████████████████████████████████████████████████████████████████████████████████████████████████████████████████████████████████████████████████| 2000/2000 [00:00<00:00, 3851.15it/s]

Subkey  0
Subkey  1
Subkey  2
Subkey  3
Subkey  4
Subkey  5
Subkey  6
Subkey  7
Subkey  8
Subkey  9
Subkey 10
Subkey 11
Subkey 12
Subkey 13
Subkey 14
Subkey 15
Best Key Guess:   1d   7c   c7   58   2a   e6   f6   5a   51   ee   7b   99   f6   3d   d9   6e
Known Key:        1d   7e   c6   58   2a   e5   f7   59   53   ee   7b   99   f7   3f   d9   6c
PGE:             000  001  002  000  000  002  003  002  003  000  000  000  002  002  000  001
HD:              000  001  001  000  000  002  001  002  001  000  000  000  001  001  000  001
SUCCESS:           1    0    0    1    1    0    0    0    0    1    1    1    0    0    1    0
CORRECT BYTES: 7
PGE MEAN:      1
PGE MEDIAN:    1
PGE MAX:       3
HD SUM:        11

Starting key ranking using HEL
results rank estimation
nb_bins = 512
merge = 2
Starting preprocessing
Clearing memory
min: 2^0
actual rounded: 2^27.51312554
max: 2^31.96443276
time enum: 0.128184 seconds


Using 3000 traces with 1 POI:
[2024-02-04 18:36:57,709] [1389937] [MainThread] [dataset] INFO  - Dataset loaded from '/home/drac/storage/dataset/240126_300-leak-insub-10cm-lna_avg/dataset.pyc'
[2024-02-04 18:36:57,709] [1389937] [MainThread] [load] INFO  - Loading traces...
[2024-02-04 18:36:57,709] [1389937] [MainThread] [load] WARNING - No loaded NF traces!
Load FF traces: 100%|███████████████████████████████████████████████████████████████████████████████████████████████████████████████████████████████████████████████████████████████████████████████████| 3000/3000 [00:00<00:00, 50985.07it/s]
[2024-02-04 18:36:57,769] [1389937] [MainThread] [load] INFO  - Done!
[2024-02-04 18:36:57,772] [1389937] [MainThread] [attack] INFO  - Load the forced profile from /home/drac/storage/dataset/240126_300-leak-insub-10cm-lna_avg/profile_pois_1
Align: 100%|█████████████████████████████████████████████████████████████████████████████████████████████████████████████████████████████████████████████████████████████████████████████████████████████| 3000/3000 [00:00<00:00, 4140.75it/s]
Align: 100%|█████████████████████████████████████████████████████████████████████████████████████████████████████████████████████████████████████████████████████████████████████████████████████████████| 3000/3000 [00:00<00:00, 3834.01it/s]

Subkey  0
Subkey  1
Subkey  2
Subkey  3
Subkey  4
Subkey  5
Subkey  6
Subkey  7
Subkey  8
Subkey  9
Subkey 10
Subkey 11
Subkey 12
Subkey 13
Subkey 14
Subkey 15
Best Key Guess:   1d   7c   c6   5a   2a   e4   f5   5a   52   ee   78   99   f5   3d   d9   6e
Known Key:        1d   7e   c6   58   2a   e5   f7   59   53   ee   7b   99   f7   3f   d9   6c
PGE:             000  001  000  003  000  001  003  003  003  000  001  000  001  001  000  002
HD:              000  001  000  001  000  001  001  002  001  000  002  000  001  001  000  001
SUCCESS:           1    0    1    0    1    0    0    0    0    1    0    1    0    0    1    0
CORRECT BYTES: 6
PGE MEAN:      1
PGE MEDIAN:    1
PGE MAX:       3
HD SUM:        12

Starting key ranking using HEL
results rank estimation
nb_bins = 512
merge = 2
Starting preprocessing
Clearing memory
min: 2^0
actual rounded: 2^29.24558172
max: 2^31.98195516
time enum: 0.129834 seconds


Using 6000 traces with 1 POI:
[2024-02-04 18:37:07,733] [1390025] [MainThread] [dataset] INFO  - Dataset loaded from '/home/drac/storage/dataset/240126_300-leak-insub-10cm-lna_avg/dataset.pyc'
[2024-02-04 18:37:07,733] [1390025] [MainThread] [load] INFO  - Loading traces...
[2024-02-04 18:37:07,733] [1390025] [MainThread] [load] WARNING - No loaded NF traces!
Load FF traces: 100%|███████████████████████████████████████████████████████████████████████████████████████████████████████████████████████████████████████████████████████████████████████████████████| 6000/6000 [00:00<00:00, 50997.16it/s]
[2024-02-04 18:37:07,852] [1390025] [MainThread] [load] INFO  - Done!
[2024-02-04 18:37:07,858] [1390025] [MainThread] [attack] INFO  - Load the forced profile from /home/drac/storage/dataset/240126_300-leak-insub-10cm-lna_avg/profile_pois_1
Align: 100%|█████████████████████████████████████████████████████████████████████████████████████████████████████████████████████████████████████████████████████████████████████████████████████████████| 6000/6000 [00:01<00:00, 4184.79it/s]
Align: 100%|█████████████████████████████████████████████████████████████████████████████████████████████████████████████████████████████████████████████████████████████████████████████████████████████| 6000/6000 [00:01<00:00, 3870.61it/s]

Subkey  0
Subkey  1
Subkey  2
Subkey  3
Subkey  4
Subkey  5
Subkey  6
Subkey  7
Subkey  8
Subkey  9
Subkey 10
Subkey 11
Subkey 12
Subkey 13
Subkey 14
Subkey 15
Best Key Guess:   1e   7d   c6   58   2a   e4   f5   59   53   ee   78   9a   f6   3e   d9   6e
Known Key:        1d   7e   c6   58   2a   e5   f7   59   53   ee   7b   99   f7   3f   d9   6c
PGE:             003  003  000  000  000  001  002  000  000  000  001  002  003  002  000  003
HD:              002  002  000  000  000  001  001  000  000  000  002  002  001  001  000  001
SUCCESS:           0    0    1    1    1    0    0    1    1    1    0    0    0    0    1    0
CORRECT BYTES: 7
PGE MEAN:      1
PGE MEDIAN:    1
PGE MAX:       3
HD SUM:        13

Starting key ranking using HEL
results rank estimation
nb_bins = 512
merge = 2
Starting preprocessing
Clearing memory
min: 2^19.63939724
actual rounded: 2^31.18666982
max: 2^31.99914521
time enum: 0.129557 seconds


Using 2 POIs:
[2024-02-04 18:37:26,487] [1390175] [MainThread] [dataset] INFO  - Dataset loaded from '/home/drac/storage/dataset/240126_300-leak-insub-10cm-lna_avg/dataset.pyc'
[2024-02-04 18:37:26,488] [1390175] [MainThread] [load] INFO  - Loading traces...
[2024-02-04 18:37:26,488] [1390175] [MainThread] [load] WARNING - No loaded NF traces!
Load FF traces: 100%|███████████████████████████████████████████████████████████████████████████████████████████████████████████████████████████████████████████████████████████████████████████████████| 2000/2000 [00:00<00:00, 52254.73it/s]
[2024-02-04 18:37:26,527] [1390175] [MainThread] [load] INFO  - Done!
[2024-02-04 18:37:26,529] [1390175] [MainThread] [attack] INFO  - Load the forced profile from /home/drac/storage/dataset/240126_300-leak-insub-10cm-lna_avg/profile_pois_2
Align: 100%|█████████████████████████████████████████████████████████████████████████████████████████████████████████████████████████████████████████████████████████████████████████████████████████████| 2000/2000 [00:00<00:00, 4140.98it/s]
Align: 100%|█████████████████████████████████████████████████████████████████████████████████████████████████████████████████████████████████████████████████████████████████████████████████████████████| 2000/2000 [00:00<00:00, 3872.64it/s]

Subkey  0
Subkey  1
Subkey  2
Subkey  3
Subkey  4
Subkey  5
Subkey  6
Subkey  7
Subkey  8
Subkey  9
Subkey 10
Subkey 11
Subkey 12
Subkey 13
Subkey 14
Subkey 15
Best Key Guess:   1f   7f   c5   58   2a   e5   f5   58   51   ee   7b   99   f6   3e   d9   6e
Known Key:        1d   7e   c6   58   2a   e5   f7   59   53   ee   7b   99   f7   3f   d9   6c
PGE:             002  003  001  000  000  000  003  001  003  000  000  000  002  003  000  001
HD:              001  001  002  000  000  000  001  001  001  000  000  000  001  001  000  001
SUCCESS:           0    0    0    1    1    1    0    0    0    1    1    1    0    0    1    0
CORRECT BYTES: 7
PGE MEAN:      1
PGE MEDIAN:    1
PGE MAX:       3
HD SUM:        10

Starting key ranking using HEL
results rank estimation
nb_bins = 512
merge = 2
Starting preprocessing
Clearing memory
min: 2^30.54618395
actual rounded: 2^33.71055616
max: 2^35.85826787
time enum: 0.12964 seconds


Using 3 POIs:
[2024-02-04 18:37:34,058] [1390246] [MainThread] [dataset] INFO  - Dataset loaded from '/home/drac/storage/dataset/240126_300-leak-insub-10cm-lna_avg/dataset.pyc'
[2024-02-04 18:37:34,058] [1390246] [MainThread] [load] INFO  - Loading traces...
[2024-02-04 18:37:34,058] [1390246] [MainThread] [load] WARNING - No loaded NF traces!
Load FF traces: 100%|███████████████████████████████████████████████████████████████████████████████████████████████████████████████████████████████████████████████████████████████████████████████████| 2000/2000 [00:00<00:00, 53446.28it/s]
[2024-02-04 18:37:34,097] [1390246] [MainThread] [load] INFO  - Done!
[2024-02-04 18:37:34,099] [1390246] [MainThread] [attack] INFO  - Load the forced profile from /home/drac/storage/dataset/240126_300-leak-insub-10cm-lna_avg/profile_pois_3
Align: 100%|█████████████████████████████████████████████████████████████████████████████████████████████████████████████████████████████████████████████████████████████████████████████████████████████| 2000/2000 [00:00<00:00, 4140.44it/s]
Align: 100%|█████████████████████████████████████████████████████████████████████████████████████████████████████████████████████████████████████████████████████████████████████████████████████████████| 2000/2000 [00:00<00:00, 3852.69it/s]

Subkey  0
Subkey  1
Subkey  2
Subkey  3
Subkey  4
Subkey  5
Subkey  6
Subkey  7
Subkey  8
Subkey  9
Subkey 10
Subkey 11
Subkey 12
Subkey 13
Subkey 14
Subkey 15
Best Key Guess:   19   7f   c7   58   28   e6   6f   59   51   ee   7b   9a   f4   3f   d9   6e
Known Key:        1d   7e   c6   58   2a   e5   f7   59   53   ee   7b   99   f7   3f   d9   6c
PGE:             034  001  001  000  001  002  003  000  003  000  000  003  002  000  000  001
HD:              001  001  001  000  001  002  003  000  001  000  000  002  002  000  000  001
SUCCESS:           0    0    0    1    0    0    0    1    0    1    1    0    0    1    1    0
CORRECT BYTES: 6
PGE MEAN:      3
PGE MEDIAN:    1
PGE MAX:       34
HD SUM:        15

Starting key ranking using HEL
results rank estimation
nb_bins = 512
merge = 2
Starting preprocessing
Clearing memory
min: 2^72.89285232
actual rounded: 2^73.4488402
max: 2^73.88705886
time enum: 0.130003 seconds
