INFO: Number of empty traces: 0

Subkey  0
Subkey  1
Subkey  2
Subkey  3
Subkey  4
Subkey  5
Subkey  6
Subkey  7
Subkey  8
Subkey  9
Subkey 10
Subkey 11
Subkey 12
Subkey 13
Subkey 14
Subkey 15
Best Key Guess:   74   32   a1   1b   5b   20   46   6a   42   5c   b2   b6   7b   a7   fc   74  
Known Key:        67   33   a1   19   5b   21   46   69   41   5c   b1   b7   7a   a7   fe   77  
PGE:             002  002  000  001  000  002  000  003  003  000  002  001  001  000  002  002  
HD:              003  001  000  001  000  001  000  002  002  000  002  001  001  000  001  002  
SUCCESS:           0    0    1    0    1    0    1    0    0    1    0    0    0    1    0    0  
NUMBER OF CORRECT BYTES: 5
HD SUM:                  17
results rank estimation
nb_bins = 512
merge = 2
Starting preprocessing
Clearing memory
min: 2^28.20076596
actual rounded: 2^30.8065821
max: 2^32.33180622
time enum: 0.129064 seconds



Starting key ranking using HEL
