INFO: Number of empty traces: 0

Subkey  0
Subkey  1
Subkey  2
Subkey  3
Subkey  4
Subkey  5
Subkey  6
Subkey  7
Subkey  8
Subkey  9
Subkey 10
Subkey 11
Subkey 12
Subkey 13
Subkey 14
Subkey 15
Best Key Guess:   8e   93   57   58   64   04   46   61   f5   50   c8   71   7e   ca   6f   75  
Known Key:        67   33   a1   19   5b   21   46   69   41   5c   b1   b7   7a   a7   fe   77  
PGE:             190  059  015  039  005  165  000  026  009  002  054  009  011  136  018  001  
HD:              005  002  006  002  006  003  000  001  004  002  005  004  001  005  003  001  
SUCCESS:           0    0    0    0    0    0    1    0    0    0    0    0    0    0    0    0  
NUMBER OF CORRECT BYTES: 1
HD SUM:                  50
results rank estimation
nb_bins = 512
merge = 2
Starting preprocessing
Clearing memory
min: 2^102.8269111
actual rounded: 2^103.0877218
max: 2^103.2950632
time enum: 0.130144 seconds



Starting key ranking using HEL
