INFO: Number of empty traces: 0

Subkey  0
Subkey  1
Subkey  2
Subkey  3
Subkey  4
Subkey  5
Subkey  6
Subkey  7
Subkey  8
Subkey  9
Subkey 10
Subkey 11
Subkey 12
Subkey 13
Subkey 14
Subkey 15
Best Key Guess:   a6   fa   a8   af   59   1c   fa   96   26   70   0f   41   36   65   e0   40  
Known Key:        67   33   a1   19   5b   21   46   69   41   5c   b1   b7   7a   a7   fe   77  
PGE:             138  022  012  029  004  070  009  078  043  136  071  106  136  052  027  006  
HD:              003  004  002  005  001  005  005  008  005  003  006  006  003  003  004  005  
SUCCESS:           0    0    0    0    0    0    0    0    0    0    0    0    0    0    0    0  
NUMBER OF CORRECT BYTES: 0
HD SUM:                  68
results rank estimation
nb_bins = 512
merge = 2
Starting preprocessing
Clearing memory
min: 2^112.6225003
actual rounded: 2^112.812427
max: 2^112.963334
time enum: 0.128702 seconds



Starting key ranking using HEL
