INFO: Number of empty traces: 0

Subkey  0
Subkey  1
Subkey  2
Subkey  3
Subkey  4
Subkey  5
Subkey  6
Subkey  7
Subkey  8
Subkey  9
Subkey 10
Subkey 11
Subkey 12
Subkey 13
Subkey 14
Subkey 15
Best Key Guess:   8c   32   a2   1b   53   23   46   69   41   51   b2   b4   79   cb   fc   74  
Known Key:        67   33   a1   19   5b   21   46   69   41   5c   b1   b7   7a   a7   fe   77  
PGE:             238  001  001  001  004  003  000  000  000  007  003  001  002  013  009  002  
HD:              006  001  002  001  001  001  000  000  000  003  002  002  002  004  001  002  
SUCCESS:           0    0    0    0    0    0    1    1    1    0    0    0    0    0    0    0  
NUMBER OF CORRECT BYTES: 3
HD SUM:                  28
results rank estimation
nb_bins = 512
merge = 2
Starting preprocessing
Clearing memory
min: 2^68.25050126
actual rounded: 2^68.67771831
max: 2^69.0168336
time enum: 0.128769 seconds



Starting key ranking using HEL
