INFO: Number of empty traces: 0

Subkey  0
Subkey  1
Subkey  2
Subkey  3
Subkey  4
Subkey  5
Subkey  6
Subkey  7
Subkey  8
Subkey  9
Subkey 10
Subkey 11
Subkey 12
Subkey 13
Subkey 14
Subkey 15
Best Key Guess:   a4   fa   9b   af   59   3c   45   52   81   69   03   b6   c4   5b   7c   43  
Known Key:        67   33   a1   19   5b   21   46   69   41   5c   b1   b7   7a   a7   fe   77  
PGE:             005  083  009  040  003  010  004  001  002  004  033  002  152  027  016  020  
HD:              004  004  004  005  001  004  002  005  002  004  004  001  006  006  002  003  
SUCCESS:           0    0    0    0    0    0    0    0    0    0    0    0    0    0    0    0  
NUMBER OF CORRECT BYTES: 0
HD SUM:                  57
results rank estimation
nb_bins = 512
merge = 2
Starting preprocessing
Clearing memory
min: 2^90.88344778
actual rounded: 2^91.18279157
max: 2^91.42105514
time enum: 0.129464 seconds



Starting key ranking using HEL
