INFO: Number of empty traces: 0

Subkey  0
Subkey  1
Subkey  2
Subkey  3
Subkey  4
Subkey  5
Subkey  6
Subkey  7
Subkey  8
Subkey  9
Subkey 10
Subkey 11
Subkey 12
Subkey 13
Subkey 14
Subkey 15
Best Key Guess:   f8   b3   a8   ff   67   20   8d   24   27   b1   ae   25   b8   67   b9   7c  
Known Key:        67   33   a1   19   5b   21   46   69   41   5c   b1   b7   7a   a7   fe   77  
PGE:             053  068  039  007  031  006  036  124  075  149  030  187  104  006  113  020  
HD:              006  001  002  005  004  001  005  004  004  006  005  003  003  002  004  003  
SUCCESS:           0    0    0    0    0    0    0    0    0    0    0    0    0    0    0    0  
NUMBER OF CORRECT BYTES: 0
HD SUM:                  58
results rank estimation
nb_bins = 512
merge = 2
Starting preprocessing
Clearing memory
min: 2^118.0168238
actual rounded: 2^118.1770365
max: 2^118.304136
time enum: 0.130574 seconds



Starting key ranking using HEL
