INFO: Number of empty traces: 0

Subkey  0
Subkey  1
Subkey  2
Subkey  3
Subkey  4
Subkey  5
Subkey  6
Subkey  7
Subkey  8
Subkey  9
Subkey 10
Subkey 11
Subkey 12
Subkey 13
Subkey 14
Subkey 15
Best Key Guess:   65   33   a2   1b   5b   23   44   68   41   5c   b2   b6   79   a7   fd   74  
Known Key:        67   33   a1   19   5b   21   46   69   41   5c   b1   b7   7a   a7   fe   77  
PGE:             001  000  001  001  000  003  003  003  000  000  002  001  003  000  003  002  
HD:              001  000  002  001  000  001  001  001  000  000  002  001  002  000  002  002  
SUCCESS:           0    1    0    0    1    0    0    0    1    1    0    0    0    1    0    0  
NUMBER OF CORRECT BYTES: 5
HD SUM:                  16
results rank estimation
nb_bins = 512
merge = 2
Starting preprocessing
Clearing memory
min: 2^30.18365376
actual rounded: 2^31.180714
max: 2^31.76434691
time enum: 0.128763 seconds



Starting key ranking using HEL
