INFO: Number of empty traces: 0

Subkey  0
Subkey  1
Subkey  2
Subkey  3
Subkey  4
Subkey  5
Subkey  6
Subkey  7
Subkey  8
Subkey  9
Subkey 10
Subkey 11
Subkey 12
Subkey 13
Subkey 14
Subkey 15
Best Key Guess:   67   33   a0   1b   5b   20   44   68   41   5c   b1   b6   78   a6   fc   74  
Known Key:        67   33   a1   19   5b   21   46   69   41   5c   b1   b7   7a   a7   fe   77  
PGE:             000  000  001  001  000  002  002  002  000  000  000  001  002  007  003  003  
HD:              000  000  001  001  000  001  001  001  000  000  000  001  001  001  001  002  
SUCCESS:           1    1    0    0    1    0    0    0    1    1    1    0    0    0    0    0  
NUMBER OF CORRECT BYTES: 6
HD SUM:                  11
results rank estimation
nb_bins = 512
merge = 2
Starting preprocessing
Clearing memory
min: 2^31.2955905
actual rounded: 2^32.91020494
max: 2^34.01317444
time enum: 0.128871 seconds



Starting key ranking using HEL
