INFO: Number of empty traces: 0

Subkey  0
Subkey  1
Subkey  2
Subkey  3
Subkey  4
Subkey  5
Subkey  6
Subkey  7
Subkey  8
Subkey  9
Subkey 10
Subkey 11
Subkey 12
Subkey 13
Subkey 14
Subkey 15
Best Key Guess:   74   32   a0   1b   5b   22   44   6a   40   5f   b2   b7   7b   a7   fc   74  
Known Key:        67   33   a1   19   5b   21   46   69   41   5c   b1   b7   7a   a7   fe   77  
PGE:             032  001  002  001  000  002  001  002  002  001  003  000  001  000  003  003  
HD:              003  001  001  001  000  002  001  002  001  002  002  000  001  000  001  002  
SUCCESS:           0    0    0    0    1    0    0    0    0    0    0    1    0    1    0    0  
NUMBER OF CORRECT BYTES: 3
HD SUM:                  20
results rank estimation
nb_bins = 512
merge = 2
Starting preprocessing
Clearing memory
min: 2^35.9526906
actual rounded: 2^36.77476332
max: 2^37.41173595
time enum: 0.130317 seconds



Starting key ranking using HEL
