INFO: Number of empty traces: 0

Subkey  0
Subkey  1
Subkey  2
Subkey  3
Subkey  4
Subkey  5
Subkey  6
Subkey  7
Subkey  8
Subkey  9
Subkey 10
Subkey 11
Subkey 12
Subkey 13
Subkey 14
Subkey 15
Best Key Guess:   4a   fa   27   99   64   1d   45   50   24   78   be   91   35   64   47   4a  
Known Key:        67   33   a1   19   5b   21   46   69   41   5c   b1   b7   7a   a7   fe   77  
PGE:             098  036  085  100  010  094  015  054  029  009  038  249  143  002  022  013  
HD:              004  004  003  001  006  004  002  004  004  002  004  003  005  004  005  005  
SUCCESS:           0    0    0    0    0    0    0    0    0    0    0    0    0    0    0    0  
NUMBER OF CORRECT BYTES: 0
HD SUM:                  60
results rank estimation
nb_bins = 512
merge = 2
Starting preprocessing
Clearing memory
min: 2^114.4839283
actual rounded: 2^114.6736309
max: 2^114.8242635
time enum: 0.130765 seconds



Starting key ranking using HEL
