INFO: Number of empty traces: 0

Subkey  0
Subkey  1
Subkey  2
Subkey  3
Subkey  4
Subkey  5
Subkey  6
Subkey  7
Subkey  8
Subkey  9
Subkey 10
Subkey 11
Subkey 12
Subkey 13
Subkey 14
Subkey 15
Best Key Guess:   f8   73   1e   ff   67   20   8d   28   26   b5   aa   25   ba   66   84   40  
Known Key:        67   33   a1   19   5b   21   46   69   41   5c   b1   b7   7a   a7   fe   77  
PGE:             054  026  031  007  046  003  040  087  073  121  079  075  069  017  083  016  
HD:              006  001  007  005  004  001  005  002  005  005  004  003  002  003  005  005  
SUCCESS:           0    0    0    0    0    0    0    0    0    0    0    0    0    0    0    0  
NUMBER OF CORRECT BYTES: 0
HD SUM:                  63
results rank estimation
nb_bins = 512
merge = 2
Starting preprocessing
Clearing memory
min: 2^114.6833322
actual rounded: 2^114.8759966
max: 2^115.0289342
time enum: 0.129334 seconds



Starting key ranking using HEL
