INFO: Number of empty traces: 0

Subkey  0
Subkey  1
Subkey  2
Subkey  3
Subkey  4
Subkey  5
Subkey  6
Subkey  7
Subkey  8
Subkey  9
Subkey 10
Subkey 11
Subkey 12
Subkey 13
Subkey 14
Subkey 15
Best Key Guess:   a6   fa   ab   af   64   34   fa   96   2d   70   0f   41   34   64   eb   40  
Known Key:        67   33   a1   19   5b   21   46   69   41   5c   b1   b7   7a   a7   fe   77  
PGE:             144  019  011  008  004  069  016  056  058  081  066  198  118  043  132  006  
HD:              003  004  002  005  006  003  005  008  004  003  006  006  004  004  003  005  
SUCCESS:           0    0    0    0    0    0    0    0    0    0    0    0    0    0    0    0  
NUMBER OF CORRECT BYTES: 0
HD SUM:                  71
results rank estimation
nb_bins = 512
merge = 2
Starting preprocessing
Clearing memory
min: 2^113.0924096
actual rounded: 2^113.2744282
max: 2^113.4190768
time enum: 0.129459 seconds



Starting key ranking using HEL
