INFO: Number of empty traces: 0

Subkey  0
Subkey  1
Subkey  2
Subkey  3
Subkey  4
Subkey  5
Subkey  6
Subkey  7
Subkey  8
Subkey  9
Subkey 10
Subkey 11
Subkey 12
Subkey 13
Subkey 14
Subkey 15
Best Key Guess:   8c   93   57   58   64   a4   46   61   f5   52   c8   71   7e   8d   6f   77  
Known Key:        67   33   a1   19   5b   21   46   69   41   5c   b1   b7   7a   a7   fe   77  
PGE:             181  049  005  035  007  113  000  021  009  003  045  010  006  109  025  000  
HD:              006  002  006  002  006  003  000  001  004  003  005  004  001  003  003  000  
SUCCESS:           0    0    0    0    0    0    1    0    0    0    0    0    0    0    0    1  
NUMBER OF CORRECT BYTES: 2
HD SUM:                  49
results rank estimation
nb_bins = 512
merge = 2
Starting preprocessing
Clearing memory
min: 2^101.0395789
actual rounded: 2^101.3171009
max: 2^101.5377763
time enum: 0.129204 seconds



Starting key ranking using HEL
