INFO: Number of empty traces: 0

Subkey  0
Subkey  1
Subkey  2
Subkey  3
Subkey  4
Subkey  5
Subkey  6
Subkey  7
Subkey  8
Subkey  9
Subkey 10
Subkey 11
Subkey 12
Subkey 13
Subkey 14
Subkey 15
Best Key Guess:   67   33   a0   1b   5b   23   44   68   43   5c   b3   b6   7b   a5   fd   74  
Known Key:        67   33   a1   19   5b   21   46   69   41   5c   b1   b7   7a   a7   fe   77  
PGE:             000  000  002  001  000  002  001  001  003  000  002  003  003  003  003  003  
HD:              000  000  001  001  000  001  001  001  001  000  001  001  001  001  002  002  
SUCCESS:           1    1    0    0    1    0    0    0    0    1    0    0    0    0    0    0  
NUMBER OF CORRECT BYTES: 4
HD SUM:                  14
results rank estimation
nb_bins = 512
merge = 2
Starting preprocessing
Clearing memory
min: 2^30.93705285
actual rounded: 2^31.86176486
max: 2^32.33796722
time enum: 0.128402 seconds



Starting key ranking using HEL
