INFO: Number of empty traces: 0

Subkey  0
Subkey  1
Subkey  2
Subkey  3
Subkey  4
Subkey  5
Subkey  6
Subkey  7
Subkey  8
Subkey  9
Subkey 10
Subkey 11
Subkey 12
Subkey 13
Subkey 14
Subkey 15
Best Key Guess:   f8   73   2d   ff   67   21   8d   0e   26   b5   aa   25   b9   66   ba   40  
Known Key:        67   33   a1   19   5b   21   46   69   41   5c   b1   b7   7a   a7   fe   77  
PGE:             059  024  079  001  069  000  044  074  093  126  071  116  069  023  104  016  
HD:              006  001  003  005  004  000  005  005  005  005  004  003  004  003  002  005  
SUCCESS:           0    0    0    0    0    1    0    0    0    0    0    0    0    0    0    0  
NUMBER OF CORRECT BYTES: 1
HD SUM:                  60
results rank estimation
nb_bins = 512
merge = 2
Starting preprocessing
Clearing memory
min: 2^116.4271955
actual rounded: 2^116.5984854
max: 2^116.7344346
time enum: 0.132007 seconds



Starting key ranking using HEL
