INFO: Number of empty traces: 0

Subkey  0
Subkey  1
Subkey  2
Subkey  3
Subkey  4
Subkey  5
Subkey  6
Subkey  7
Subkey  8
Subkey  9
Subkey 10
Subkey 11
Subkey 12
Subkey 13
Subkey 14
Subkey 15
Best Key Guess:   67   32   a0   1b   5b   23   46   68   42   5c   b3   b6   7b   a4   fd   74  
Known Key:        67   33   a1   19   5b   21   46   69   41   5c   b1   b7   7a   a7   fe   77  
PGE:             000  003  001  001  000  001  000  001  001  000  003  001  003  002  003  001  
HD:              000  001  001  001  000  001  000  001  002  000  001  001  001  002  002  002  
SUCCESS:           1    0    0    0    1    0    1    0    0    1    0    0    0    0    0    0  
NUMBER OF CORRECT BYTES: 4
HD SUM:                  16
results rank estimation
nb_bins = 512
merge = 2
Starting preprocessing
Clearing memory
min: 2^29.40759487
actual rounded: 2^31.28291651
max: 2^31.86440101
time enum: 0.128662 seconds



Starting key ranking using HEL
