INFO: Number of empty traces: 0

Subkey  0
Subkey  1
Subkey  2
Subkey  3
Subkey  4
Subkey  5
Subkey  6
Subkey  7
Subkey  8
Subkey  9
Subkey 10
Subkey 11
Subkey 12
Subkey 13
Subkey 14
Subkey 15
Best Key Guess:   f8   31   eb   4d   25   d6   1b   af   23   f2   a8   2e   00   a1   fa   65  
Known Key:        67   33   a1   19   5b   21   46   69   41   5c   b1   b7   7a   a7   fe   77  
PGE:             129  025  036  077  021  007  223  006  247  062  010  224  201  020  120  118  
HD:              006  001  003  003  006  007  005  004  003  005  003  004  005  002  001  002  
SUCCESS:           0    0    0    0    0    0    0    0    0    0    0    0    0    0    0    0  
NUMBER OF CORRECT BYTES: 0
HD SUM:                  60
results rank estimation
nb_bins = 512
merge = 2
Starting preprocessing
Clearing memory
min: 2^123.2855065
actual rounded: 2^123.3726226
max: 2^123.4416137
time enum: 0.129481 seconds



Starting key ranking using HEL
