INFO: Number of empty traces: 0

Subkey  0
Subkey  1
Subkey  2
Subkey  3
Subkey  4
Subkey  5
Subkey  6
Subkey  7
Subkey  8
Subkey  9
Subkey 10
Subkey 11
Subkey 12
Subkey 13
Subkey 14
Subkey 15
Best Key Guess:   8f   32   a1   1b   5e   23   46   6a   42   51   bd   b7   79   50   fc   74  
Known Key:        67   33   a1   19   5b   21   46   69   41   5c   b1   b7   7a   a7   fe   77  
PGE:             237  002  000  001  009  003  000  003  002  005  001  000  001  027  006  002  
HD:              004  001  000  001  002  001  000  002  002  003  002  000  002  007  001  002  
SUCCESS:           0    0    1    0    0    0    1    0    0    0    0    1    0    0    0    0  
NUMBER OF CORRECT BYTES: 3
HD SUM:                  30
results rank estimation
nb_bins = 512
merge = 2
Starting preprocessing
Clearing memory
min: 2^70.38449067
actual rounded: 2^70.81675681
max: 2^71.15994265
time enum: 0.129518 seconds



Starting key ranking using HEL
