[2024-04-29 21:51:36,401] [378189] [MainThread] [dataset] INFO  - Dataset loaded from '/home/drac/mnt/sc_nvme_ssd/dataset/datasets/ble/240423_highdist_2lna_hi
ghgain/ext/dataset.pyc'
[2024-04-29 21:51:36,401] [378189] [MainThread] [load] INFO  - Loading traces...
[2024-04-29 21:51:36,401] [378189] [MainThread] [load] WARNING - No loaded NF traces!
Load FF traces: 100%|█████████████████████████████████████████████████████████████████████████████████████████████████| 10000/10000 [00:01<00:00, 9749.62it/s]
[2024-04-29 21:51:37,428] [378189] [MainThread] [load] INFO  - Done!
[2024-04-29 21:51:37,474] [378189] [MainThread] [attack] INFO  - Load the forced profile from /home/drac/mnt/sc_nvme_ssd/dataset/datasets/ble/240423_highdist_
2lna_highgain/avg/profiles/AMPLITUDE_4000_r_1
[2024-04-29 21:51:37,576] [378189] [MainThread] [attack] INFO  - Align attack traces with themselves...
Align: 100%|██████████████████████████████████████████████████████████████████████████████████████████████████████████| 10000/10000 [00:02<00:00, 4128.82it/s]
[2024-04-29 21:51:40,003] [378189] [MainThread] [attack] INFO  - Align attack traces with the profile...
Align: 100%|██████████████████████████████████████████████████████████████████████████████████████████████████████████| 10000/10000 [00:02<00:00, 4035.21it/s]

Subkey  0
Subkey  1
Subkey  2
Subkey  3
Subkey  4
Subkey  5
Subkey  6
Subkey  7
Subkey  8
Subkey  9
Subkey 10
Subkey 11
Subkey 12
Subkey 13
Subkey 14
Subkey 15
Best Key Guess:   6a   7e   e1   5b   ff   f5   95   1c   ec   43   70   bc   ec   ab   50   97
Known Key:        69   7f   e3   59   fd   f7   95   1f   ec   4d   72   9b   ee   ab   51   96
PGE:             002  003  002  003  003  001  000  003  000  007  012  009  002  000  002  002
HD:              002  001  001  001  001  001  000  002  000  003  001  004  001  000  001  001
SUCCESS:           0    0    0    0    0    0    1    0    1    0    0    0    0    1    0    0
CORRECT BYTES: 3
PGE MEAN:      3
PGE MEDIAN:    2
PGE MAX:       12
HD SUM:        20

Starting key ranking using HEL
results rank estimation
nb_bins = 512
merge = 2
Starting preprocessing
Clearing memory
min: 2^44.87036975
actual rounded: 2^45.90387743
max: 2^46.70960672
time enum: 0.128528 seconds



