[2024-04-29 21:58:04,865] [382501] [MainThread] [dataset] INFO  - Dataset loaded from '/home/drac/mnt/sc_nvme_ssd/dataset/datasets/ble/240423_highdist_2lna_hi
ghgain/ext/dataset.pyc'
[2024-04-29 21:58:04,865] [382501] [MainThread] [load] INFO  - Loading traces...
[2024-04-29 21:58:04,865] [382501] [MainThread] [load] WARNING - No loaded NF traces!
Load FF traces: 100%|█████████████████████████████████████████████████████████████████████████████████████████████████| 10000/10000 [00:01<00:00, 9853.21it/s]
[2024-04-29 21:58:05,881] [382501] [MainThread] [load] INFO  - Done!
[2024-04-29 21:58:05,925] [382501] [MainThread] [attack] INFO  - Load the forced profile from /home/drac/mnt/sc_nvme_ssd/dataset/datasets/ble/240423_highdist_
2lna_highgain/avg/profiles/AMPLITUDE_16000_r_1
[2024-04-29 21:58:06,028] [382501] [MainThread] [attack] INFO  - Align attack traces with themselves...
Align: 100%|██████████████████████████████████████████████████████████████████████████████████████████████████████████| 10000/10000 [00:02<00:00, 4103.22it/s]
[2024-04-29 21:58:08,470] [382501] [MainThread] [attack] INFO  - Align attack traces with the profile...
Align: 100%|██████████████████████████████████████████████████████████████████████████████████████████████████████████| 10000/10000 [00:02<00:00, 4006.81it/s]

Subkey  0
Subkey  1
Subkey  2
Subkey  3
Subkey  4
Subkey  5
Subkey  6
Subkey  7
Subkey  8
Subkey  9
Subkey 10
Subkey 11
Subkey 12
Subkey 13
Subkey 14
Subkey 15
Best Key Guess:   6a   7e   e1   5b   fe   f5   95   1c   ec   40   71   b6   ec   ab   51   94
Known Key:        69   7f   e3   59   fd   f7   95   1f   ec   4d   72   9b   ee   ab   51   96
PGE:             001  001  002  003  002  003  000  001  000  002  007  008  003  000  000  003
HD:              002  001  001  001  002  001  000  002  000  003  002  004  001  000  000  001
SUCCESS:           0    0    0    0    0    0    1    0    1    0    0    0    0    1    1    0
CORRECT BYTES: 4
PGE MEAN:      2
PGE MEDIAN:    2
PGE MAX:       8
HD SUM:        21

Starting key ranking using HEL
results rank estimation
nb_bins = 512
merge = 2
Starting preprocessing
Clearing memory
min: 2^35.56889577
actual rounded: 2^37.16050363
max: 2^38.3503599
time enum: 0.128261 seconds



