[2024-04-28 12:33:43,281] [153694] [MainThread] [dataset] INFO  - Dataset loaded from '/home/drac/mnt/sc_nvme_ssd/dataset/datasets/ble/240423_highdist_2lna_hi
ghgain/avg/dataset.pyc'
[2024-04-28 12:33:43,281] [153694] [MainThread] [load] INFO  - Loading traces...
[2024-04-28 12:33:43,281] [153694] [MainThread] [load] WARNING - No loaded NF traces!
Load FF traces: 100%|█████████████████████████████████████████████████████████████████████████████████████████████████| 10000/10000 [00:01<00:00, 9735.89it/s]
[2024-04-28 12:33:44,309] [153694] [MainThread] [load] INFO  - Done!
[2024-04-28 12:33:44,354] [153694] [MainThread] [attack] INFO  - Load the forced profile from /home/drac/mnt/sc_nvme_ssd/dataset/datasets/ble/240423_highdist_
2lna_highgain/avg/profiles/AMPLITUDE_16000_r_1
[2024-04-28 12:33:44,458] [153694] [MainThread] [attack] INFO  - Align attack traces with themselves...
Align: 100%|██████████████████████████████████████████████████████████████████████████████████████████████████████████| 10000/10000 [00:02<00:00, 4107.51it/s]
[2024-04-28 12:33:46,897] [153694] [MainThread] [attack] INFO  - Align attack traces with the profile...
Align: 100%|██████████████████████████████████████████████████████████████████████████████████████████████████████████| 10000/10000 [00:02<00:00, 3990.62it/s]

Subkey  0
Subkey  1
Subkey  2
Subkey  3
Subkey  4
Subkey  5
Subkey  6
Subkey  7
Subkey  8
Subkey  9
Subkey 10
Subkey 11
Subkey 12
Subkey 13
Subkey 14
Subkey 15
Best Key Guess:   6a   7d   e3   5b   ff   f6   94   1f   ed   4e   73   9b   ef   aa   53   95
Known Key:        69   7f   e3   59   fd   f7   95   1f   ec   4d   72   9b   ee   ab   51   96
PGE:             001  002  000  001  001  003  001  000  001  001  002  000  002  002  002  001
HD:              002  001  000  001  001  001  001  000  001  002  001  000  001  001  001  002
SUCCESS:           0    0    1    0    0    0    0    1    0    0    0    1    0    0    0    0
CORRECT BYTES: 3
PGE MEAN:      1
PGE MEDIAN:    1
PGE MAX:       3
HD SUM:        16

Starting key ranking using HEL
results rank estimation
nb_bins = 512
merge = 2
Starting preprocessing
Clearing memory
min: 2^29.83878511
actual rounded: 2^33.43193245
max: 2^35.8970883
time enum: 0.126562 seconds



