[2024-04-28 12:30:15,574] [152280] [MainThread] [dataset] INFO  - Dataset loaded from '/home/drac/mnt/sc_nvme_ssd/dataset/datasets/ble/240423_highdist_2lna_hi
ghgain/avg/dataset.pyc'
[2024-04-28 12:30:15,574] [152280] [MainThread] [load] INFO  - Loading traces...
[2024-04-28 12:30:15,574] [152280] [MainThread] [load] WARNING - No loaded NF traces!
Load FF traces: 100%|███████████████████████████████████████████████████████████████████████████████████████████████████| 4000/4000 [00:00<00:00, 9738.22it/s]
[2024-04-28 12:30:15,985] [152280] [MainThread] [load] INFO  - Done!
[2024-04-28 12:30:16,004] [152280] [MainThread] [attack] INFO  - Load the forced profile from /home/drac/mnt/sc_nvme_ssd/dataset/datasets/ble/240423_highdist_
2lna_highgain/avg/profiles/AMPLITUDE_4000_r_2
[2024-04-28 12:30:16,100] [152280] [MainThread] [attack] INFO  - Align attack traces with themselves...
Align: 100%|████████████████████████████████████████████████████████████████████████████████████████████████████████████| 4000/4000 [00:00<00:00, 4005.27it/s]
[2024-04-28 12:30:17,100] [152280] [MainThread] [attack] INFO  - Align attack traces with the profile...
Align: 100%|████████████████████████████████████████████████████████████████████████████████████████████████████████████| 4000/4000 [00:01<00:00, 3903.45it/s]

Subkey  0
Subkey  1
Subkey  2
Subkey  3
Subkey  4
Subkey  5
Subkey  6
Subkey  7
Subkey  8
Subkey  9
Subkey 10
Subkey 11
Subkey 12
Subkey 13
Subkey 14
Subkey 15
Best Key Guess:   69   7e   e2   5a   ff   f4   94   1f   ee   43   71   9a   ed   aa   51   97
Known Key:        69   7f   e3   59   fd   f7   95   1f   ec   4d   72   9b   ee   ab   51   96
PGE:             000  012  002  004  001  001  009  000  004  003  001  004  002  001  000  003
HD:              000  001  001  002  001  002  001  000  001  003  002  001  002  001  000  001
SUCCESS:           1    0    0    0    0    0    0    1    0    0    0    0    0    0    1    0
CORRECT BYTES: 3
PGE MEAN:      2
PGE MEDIAN:    2
PGE MAX:       12
HD SUM:        19

Starting key ranking using HEL
results rank estimation
nb_bins = 512
merge = 2
Starting preprocessing
Clearing memory
min: 2^44.0162036
actual rounded: 2^45.0944405
max: 2^45.93490277
time enum: 0.128742 seconds



