[2024-04-29 21:57:52,486] [382412] [MainThread] [dataset] INFO  - Dataset loaded from '/home/drac/mnt/sc_nvme_ssd/dataset/datasets/ble/240423_highdist_2lna_hi
ghgain/ext/dataset.pyc'
[2024-04-29 21:57:52,486] [382412] [MainThread] [load] INFO  - Loading traces...
[2024-04-29 21:57:52,486] [382412] [MainThread] [load] WARNING - No loaded NF traces!
Load FF traces: 100%|███████████████████████████████████████████████████████████████████████████████████████████████████| 4000/4000 [00:00<00:00, 9729.72it/s]
[2024-04-29 21:57:52,898] [382412] [MainThread] [load] INFO  - Done!
[2024-04-29 21:57:52,917] [382412] [MainThread] [attack] INFO  - Load the forced profile from /home/drac/mnt/sc_nvme_ssd/dataset/datasets/ble/240423_highdist_
2lna_highgain/avg/profiles/AMPLITUDE_16000_r_1
[2024-04-29 21:57:53,012] [382412] [MainThread] [attack] INFO  - Align attack traces with themselves...
Align: 100%|████████████████████████████████████████████████████████████████████████████████████████████████████████████| 4000/4000 [00:00<00:00, 4114.46it/s]
[2024-04-29 21:57:53,986] [382412] [MainThread] [attack] INFO  - Align attack traces with the profile...
Align: 100%|████████████████████████████████████████████████████████████████████████████████████████████████████████████| 4000/4000 [00:00<00:00, 4014.50it/s]

Subkey  0
Subkey  1
Subkey  2
Subkey  3
Subkey  4
Subkey  5
Subkey  6
Subkey  7
Subkey  8
Subkey  9
Subkey 10
Subkey 11
Subkey 12
Subkey 13
Subkey 14
Subkey 15
Best Key Guess:   69   7e   e1   58   ff   f5   97   1f   ec   4d   71   b2   ec   ab   51   94
Known Key:        69   7f   e3   59   fd   f7   95   1f   ec   4d   72   9b   ee   ab   51   96
PGE:             000  001  002  001  003  003  001  000  000  000  001  007  002  000  000  002
HD:              000  001  001  001  001  001  001  000  000  000  002  003  001  000  000  001
SUCCESS:           1    0    0    0    0    0    0    1    1    1    0    0    0    1    1    0
CORRECT BYTES: 6
PGE MEAN:      1
PGE MEDIAN:    1
PGE MAX:       7
HD SUM:        13

Starting key ranking using HEL
results rank estimation
nb_bins = 512
merge = 2
Starting preprocessing
Clearing memory
min: 2^32.60441399
actual rounded: 2^34.20567096
max: 2^35.41404276
time enum: 0.128862 seconds



