[2024-04-29 22:00:54,496] [383309] [MainThread] [dataset] INFO  - Dataset loaded from '/home/drac/mnt/sc_nvme_ssd/dataset/datasets/ble/240423_highdist_2lna_hi
ghgain/ext/dataset.pyc'
[2024-04-29 22:00:54,496] [383309] [MainThread] [load] INFO  - Loading traces...
[2024-04-29 22:00:54,496] [383309] [MainThread] [load] WARNING - No loaded NF traces!
Load FF traces: 100%|███████████████████████████████████████████████████████████████████████████████████████████████████| 2500/2500 [00:00<00:00, 9564.39it/s]
[2024-04-29 22:00:54,758] [383309] [MainThread] [load] INFO  - Done!
[2024-04-29 22:00:54,770] [383309] [MainThread] [attack] INFO  - Load the forced profile from /home/drac/mnt/sc_nvme_ssd/dataset/datasets/ble/240423_highdist_
2lna_highgain/avg/profiles/AMPLITUDE_16000_r_2
[2024-04-29 22:00:54,862] [383309] [MainThread] [attack] INFO  - Align attack traces with themselves...
Align: 100%|████████████████████████████████████████████████████████████████████████████████████████████████████████████| 2500/2500 [00:00<00:00, 4114.81it/s]
[2024-04-29 22:00:55,471] [383309] [MainThread] [attack] INFO  - Align attack traces with the profile...
Align: 100%|████████████████████████████████████████████████████████████████████████████████████████████████████████████| 2500/2500 [00:00<00:00, 4016.93it/s]

Subkey  0
Subkey  1
Subkey  2
Subkey  3
Subkey  4
Subkey  5
Subkey  6
Subkey  7
Subkey  8
Subkey  9
Subkey 10
Subkey 11
Subkey 12
Subkey 13
Subkey 14
Subkey 15
Best Key Guess:   6f   7f   e1   5d   ff   f5   95   17   ef   40   72   99   ec   a0   51   94
Known Key:        69   7f   e3   59   fd   f7   95   1f   ec   4d   72   9b   ee   ab   51   96
PGE:             002  000  002  002  004  002  000  004  001  009  000  001  004  002  000  001
HD:              002  000  001  001  001  001  000  001  002  003  000  001  001  003  000  001
SUCCESS:           0    1    0    0    0    0    1    0    0    0    1    0    0    0    1    0
CORRECT BYTES: 4
PGE MEAN:      2
PGE MEDIAN:    2
PGE MAX:       9
HD SUM:        18

Starting key ranking using HEL
results rank estimation
nb_bins = 512
merge = 2
Starting preprocessing
Clearing memory
min: 2^40.36110735
actual rounded: 2^41.20207302
max: 2^41.85451594
time enum: 0.129513 seconds



