[2024-04-28 12:34:13,429] [153843] [MainThread] [dataset] INFO  - Dataset loaded from '/home/drac/mnt/sc_nvme_ssd/dataset/datasets/ble/240423_highdist_2lna_hi
ghgain/avg/dataset.pyc'
[2024-04-28 12:34:13,429] [153843] [MainThread] [load] INFO  - Loading traces...
[2024-04-28 12:34:13,429] [153843] [MainThread] [load] WARNING - No loaded NF traces!
Load FF traces: 100%|█████████████████████████████████████████████████████████████████████████████████████████████████| 16000/16000 [00:01<00:00, 9783.62it/s]
[2024-04-28 12:34:15,065] [153843] [MainThread] [load] INFO  - Done!
[2024-04-28 12:34:15,138] [153843] [MainThread] [attack] INFO  - Load the forced profile from /home/drac/mnt/sc_nvme_ssd/dataset/datasets/ble/240423_highdist_
2lna_highgain/avg/profiles/AMPLITUDE_16000_r_1
[2024-04-28 12:34:15,257] [153843] [MainThread] [attack] INFO  - Align attack traces with themselves...
Align: 100%|██████████████████████████████████████████████████████████████████████████████████████████████████████████| 16000/16000 [00:03<00:00, 4120.81it/s]
[2024-04-28 12:34:19,147] [153843] [MainThread] [attack] INFO  - Align attack traces with the profile...
Align: 100%|██████████████████████████████████████████████████████████████████████████████████████████████████████████| 16000/16000 [00:03<00:00, 4006.55it/s]

Subkey  0
Subkey  1
Subkey  2
Subkey  3
Subkey  4
Subkey  5
Subkey  6
Subkey  7
Subkey  8
Subkey  9
Subkey 10
Subkey 11
Subkey 12
Subkey 13
Subkey 14
Subkey 15
Best Key Guess:   6a   7d   e3   59   fc   f6   94   1f   ed   4e   73   98   ed   aa   53   95
Known Key:        69   7f   e3   59   fd   f7   95   1f   ec   4d   72   9b   ee   ab   51   96
PGE:             002  003  000  000  003  001  001  000  003  003  002  002  003  001  003  001
HD:              002  001  000  000  001  001  001  000  001  002  001  002  002  001  001  002
SUCCESS:           0    0    1    1    0    0    0    1    0    0    0    0    0    0    0    0
CORRECT BYTES: 3
PGE MEAN:      1
PGE MEDIAN:    2
PGE MAX:       3
HD SUM:        18

Starting key ranking using HEL
results rank estimation
nb_bins = 512
merge = 2
Starting preprocessing
Clearing memory
min: 2^31.89278042
actual rounded: 2^34.32456054
max: 2^36.1312873
time enum: 1.4438 seconds



