[2024-04-28 12:36:34,763] [155490] [MainThread] [dataset] INFO  - Dataset loaded from '/home/drac/mnt/sc_nvme_ssd/dataset/datasets/ble/240423_highdist_2lna_hi
ghgain/avg/dataset.pyc'
[2024-04-28 12:36:34,763] [155490] [MainThread] [load] INFO  - Loading traces...
[2024-04-28 12:36:34,763] [155490] [MainThread] [load] WARNING - No loaded NF traces!
Load FF traces: 100%|███████████████████████████████████████████████████████████████████████████████████████████████████| 2500/2500 [00:00<00:00, 9818.93it/s]
[2024-04-28 12:36:35,018] [155490] [MainThread] [load] INFO  - Done!
[2024-04-28 12:36:35,030] [155490] [MainThread] [attack] INFO  - Load the forced profile from /home/drac/mnt/sc_nvme_ssd/dataset/datasets/ble/240423_highdist_
2lna_highgain/avg/profiles/AMPLITUDE_16000_r_2
[2024-04-28 12:36:35,122] [155490] [MainThread] [attack] INFO  - Align attack traces with themselves...
Align: 100%|████████████████████████████████████████████████████████████████████████████████████████████████████████████| 2500/2500 [00:00<00:00, 4108.59it/s]
[2024-04-28 12:36:35,732] [155490] [MainThread] [attack] INFO  - Align attack traces with the profile...
Align: 100%|████████████████████████████████████████████████████████████████████████████████████████████████████████████| 2500/2500 [00:00<00:00, 4004.82it/s]

Subkey  0
Subkey  1
Subkey  2
Subkey  3
Subkey  4
Subkey  5
Subkey  6
Subkey  7
Subkey  8
Subkey  9
Subkey 10
Subkey 11
Subkey 12
Subkey 13
Subkey 14
Subkey 15
Best Key Guess:   6a   7c   e2   52   ff   f9   94   1f   ef   4d   71   98   ee   a8   53   94
Known Key:        69   7f   e3   59   fd   f7   95   1f   ec   4d   72   9b   ee   ab   51   96
PGE:             003  007  001  006  001  006  003  000  002  000  003  001  000  001  002  002
HD:              002  002  001  003  001  003  001  000  002  000  002  002  000  002  001  001
SUCCESS:           0    0    0    0    0    0    0    1    0    1    0    0    1    0    0    0
CORRECT BYTES: 3
PGE MEAN:      2
PGE MEDIAN:    2
PGE MAX:       7
HD SUM:        23

Starting key ranking using HEL
results rank estimation
nb_bins = 512
merge = 2
Starting preprocessing
Clearing memory
min: 2^45.19672767
actual rounded: 2^46.23967785
max: 2^47.05302031
time enum: 0.129182 seconds



