[2024-04-28 12:30:28,816] [152366] [MainThread] [dataset] INFO  - Dataset loaded from '/home/drac/mnt/sc_nvme_ssd/dataset/datasets/ble/240423_highdist_2lna_hi
ghgain/avg/dataset.pyc'
[2024-04-28 12:30:28,816] [152366] [MainThread] [load] INFO  - Loading traces...
[2024-04-28 12:30:28,816] [152366] [MainThread] [load] WARNING - No loaded NF traces!
Load FF traces: 100%|█████████████████████████████████████████████████████████████████████████████████████████████████| 10000/10000 [00:01<00:00, 9818.94it/s]
[2024-04-28 12:30:29,836] [152366] [MainThread] [load] INFO  - Done!
[2024-04-28 12:30:29,881] [152366] [MainThread] [attack] INFO  - Load the forced profile from /home/drac/mnt/sc_nvme_ssd/dataset/datasets/ble/240423_highdist_
2lna_highgain/avg/profiles/AMPLITUDE_4000_r_2
[2024-04-28 12:30:29,983] [152366] [MainThread] [attack] INFO  - Align attack traces with themselves...
Align: 100%|██████████████████████████████████████████████████████████████████████████████████████████████████████████| 10000/10000 [00:02<00:00, 4066.98it/s]
[2024-04-28 12:30:32,447] [152366] [MainThread] [attack] INFO  - Align attack traces with the profile...
Align: 100%|██████████████████████████████████████████████████████████████████████████████████████████████████████████| 10000/10000 [00:02<00:00, 3956.18it/s]

Subkey  0
Subkey  1
Subkey  2
Subkey  3
Subkey  4
Subkey  5
Subkey  6
Subkey  7
Subkey  8
Subkey  9
Subkey 10
Subkey 11
Subkey 12
Subkey 13
Subkey 14
Subkey 15
Best Key Guess:   6a   7d   e0   59   ff   f4   94   1d   ee   4f   71   98   ed   aa   53   96
Known Key:        69   7f   e3   59   fd   f7   95   1f   ec   4d   72   9b   ee   ab   51   96
PGE:             001  003  001  000  002  002  005  001  001  002  001  002  002  001  002  000
HD:              002  001  002  000  001  002  001  001  001  001  002  002  002  001  001  000
SUCCESS:           0    0    0    1    0    0    0    0    0    0    0    0    0    0    0    1
CORRECT BYTES: 2
PGE MEAN:      1
PGE MEDIAN:    1
PGE MAX:       5
HD SUM:        20

Starting key ranking using HEL
results rank estimation
nb_bins = 512
merge = 2
Starting preprocessing
Clearing memory
min: 2^34.30806049
actual rounded: 2^35.79368802
max: 2^36.93042114
time enum: 0.127989 seconds



