[2024-04-29 21:51:15,367] [377886] [MainThread] [dataset] INFO  - Dataset loaded from '/home/drac/mnt/sc_nvme_ssd/dataset/datasets/ble/240423_highdist_2lna_hi
ghgain/ext/dataset.pyc'
[2024-04-29 21:51:15,367] [377886] [MainThread] [load] INFO  - Loading traces...
[2024-04-29 21:51:15,367] [377886] [MainThread] [load] WARNING - No loaded NF traces!
Load FF traces: 100%|███████████████████████████████████████████████████████████████████████████████████████████████████| 2500/2500 [00:00<00:00, 9747.58it/s]
[2024-04-29 21:51:15,624] [377886] [MainThread] [load] INFO  - Done!
[2024-04-29 21:51:15,636] [377886] [MainThread] [attack] INFO  - Load the forced profile from /home/drac/mnt/sc_nvme_ssd/dataset/datasets/ble/240423_highdist_
2lna_highgain/avg/profiles/AMPLITUDE_4000_r_1
[2024-04-29 21:51:15,728] [377886] [MainThread] [attack] INFO  - Align attack traces with themselves...
Align: 100%|████████████████████████████████████████████████████████████████████████████████████████████████████████████| 2500/2500 [00:00<00:00, 4127.67it/s]
[2024-04-29 21:51:16,334] [377886] [MainThread] [attack] INFO  - Align attack traces with the profile...
Align: 100%|████████████████████████████████████████████████████████████████████████████████████████████████████████████| 2500/2500 [00:00<00:00, 4016.08it/s]

Subkey  0
Subkey  1
Subkey  2
Subkey  3
Subkey  4
Subkey  5
Subkey  6
Subkey  7
Subkey  8
Subkey  9
Subkey 10
Subkey 11
Subkey 12
Subkey 13
Subkey 14
Subkey 15
Best Key Guess:   6c   7c   e1   5a   ff   f6   95   16   ed   77   73   98   ed   a7   50   94
Known Key:        69   7f   e3   59   fd   f7   95   1f   ec   4d   72   9b   ee   ab   51   96
PGE:             008  007  010  008  002  002  000  004  002  032  003  002  001  006  001  002
HD:              002  002  001  002  001  001  000  002  001  004  001  002  002  002  001  001
SUCCESS:           0    0    0    0    0    0    1    0    0    0    0    0    0    0    0    0
CORRECT BYTES: 1
PGE MEAN:      5
PGE MEDIAN:    2
PGE MAX:       32
HD SUM:        25

Starting key ranking using HEL
results rank estimation
nb_bins = 512
merge = 2
Starting preprocessing
Clearing memory
min: 2^59.56351712
actual rounded: 2^60.21105972
max: 2^60.72278902
time enum: 0.12843 seconds



