[2024-04-28 12:30:06,820] [152208] [MainThread] [dataset] INFO  - Dataset loaded from '/home/drac/mnt/sc_nvme_ssd/dataset/datasets/ble/240423_highdist_2lna_hi
ghgain/avg/dataset.pyc'
[2024-04-28 12:30:06,820] [152208] [MainThread] [load] INFO  - Loading traces...
[2024-04-28 12:30:06,820] [152208] [MainThread] [load] WARNING - No loaded NF traces!
Load FF traces: 100%|███████████████████████████████████████████████████████████████████████████████████████████████████| 2500/2500 [00:00<00:00, 9556.61it/s]
[2024-04-28 12:30:07,082] [152208] [MainThread] [load] INFO  - Done!
[2024-04-28 12:30:07,094] [152208] [MainThread] [attack] INFO  - Load the forced profile from /home/drac/mnt/sc_nvme_ssd/dataset/datasets/ble/240423_highdist_
2lna_highgain/avg/profiles/AMPLITUDE_4000_r_2
[2024-04-28 12:30:07,186] [152208] [MainThread] [attack] INFO  - Align attack traces with themselves...
Align: 100%|████████████████████████████████████████████████████████████████████████████████████████████████████████████| 2500/2500 [00:00<00:00, 4095.89it/s]
[2024-04-28 12:30:07,797] [152208] [MainThread] [attack] INFO  - Align attack traces with the profile...
Align: 100%|████████████████████████████████████████████████████████████████████████████████████████████████████████████| 2500/2500 [00:00<00:00, 3991.90it/s]

Subkey  0
Subkey  1
Subkey  2
Subkey  3
Subkey  4
Subkey  5
Subkey  6
Subkey  7
Subkey  8
Subkey  9
Subkey 10
Subkey 11
Subkey 12
Subkey 13
Subkey 14
Subkey 15
Best Key Guess:   69   7c   e2   51   ff   f4   b9   1f   ee   4e   72   9a   ed   a8   52   97
Known Key:        69   7f   e3   59   fd   f7   95   1f   ec   4d   72   9b   ee   ab   51   96
PGE:             000  028  004  006  002  001  013  000  003  003  000  002  001  002  004  003
HD:              000  002  001  001  001  002  003  000  001  002  000  001  002  002  002  001
SUCCESS:           1    0    0    0    0    0    0    1    0    0    1    0    0    0    0    0
CORRECT BYTES: 3
PGE MEAN:      4
PGE MEDIAN:    2
PGE MAX:       28
HD SUM:        21

Starting key ranking using HEL
results rank estimation
nb_bins = 512
merge = 2
Starting preprocessing
Clearing memory
min: 2^50.27877179
actual rounded: 2^51.22199262
max: 2^51.96076589
time enum: 0.129323 seconds



