[2024-04-28 12:36:43,523] [155564] [MainThread] [dataset] INFO  - Dataset loaded from '/home/drac/mnt/sc_nvme_ssd/dataset/datasets/ble/240423_highdist_2lna_hi
ghgain/avg/dataset.pyc'
[2024-04-28 12:36:43,523] [155564] [MainThread] [load] INFO  - Loading traces...
[2024-04-28 12:36:43,523] [155564] [MainThread] [load] WARNING - No loaded NF traces!
Load FF traces: 100%|███████████████████████████████████████████████████████████████████████████████████████████████████| 4000/4000 [00:00<00:00, 9856.85it/s]
[2024-04-28 12:36:43,930] [155564] [MainThread] [load] INFO  - Done!
[2024-04-28 12:36:43,949] [155564] [MainThread] [attack] INFO  - Load the forced profile from /home/drac/mnt/sc_nvme_ssd/dataset/datasets/ble/240423_highdist_
2lna_highgain/avg/profiles/AMPLITUDE_16000_r_2
[2024-04-28 12:36:44,044] [155564] [MainThread] [attack] INFO  - Align attack traces with themselves...
Align: 100%|████████████████████████████████████████████████████████████████████████████████████████████████████████████| 4000/4000 [00:00<00:00, 4112.92it/s]
[2024-04-28 12:36:45,018] [155564] [MainThread] [attack] INFO  - Align attack traces with the profile...
Align: 100%|████████████████████████████████████████████████████████████████████████████████████████████████████████████| 4000/4000 [00:00<00:00, 4041.78it/s]

Subkey  0
Subkey  1
Subkey  2
Subkey  3
Subkey  4
Subkey  5
Subkey  6
Subkey  7
Subkey  8
Subkey  9
Subkey 10
Subkey 11
Subkey 12
Subkey 13
Subkey 14
Subkey 15
Best Key Guess:   69   7c   e2   58   fc   f4   94   1f   ee   4c   73   98   ec   ab   53   94
Known Key:        69   7f   e3   59   fd   f7   95   1f   ec   4d   72   9b   ee   ab   51   96
PGE:             000  003  002  002  001  001  002  000  003  001  003  002  002  000  002  001
HD:              000  002  001  001  001  002  001  000  001  001  001  002  001  000  001  001
SUCCESS:           1    0    0    0    0    0    0    1    0    0    0    0    0    1    0    0
CORRECT BYTES: 3
PGE MEAN:      1
PGE MEDIAN:    2
PGE MAX:       3
HD SUM:        16

Starting key ranking using HEL
results rank estimation
nb_bins = 512
merge = 2
Starting preprocessing
Clearing memory
min: 2^37.20554368
actual rounded: 2^38.5351203
max: 2^39.5559735
time enum: 0.130578 seconds



