[2024-01-04 13:02:21,663] [365275] [MainThread] [dataset] INFO  - Dataset loaded from '/home/drac/storage/dataset/231223_single-1m-pair_raw/dataset.pyc'
[2024-01-04 13:02:21,664] [365275] [MainThread] [load] INFO  - Loading traces...
[2024-01-04 13:02:21,664] [365275] [MainThread] [load] WARNING - No loaded NF traces!
Load FF traces: 100%|███████████████████████████████████████████████████████████████████████████████████████████████████████████████████████████████████████████████████████████████████████████████████| 32768/32768 [00:24<00:00, 1364.05it/s]
[2024-01-04 13:02:45,687] [365275] [MainThread] [load] INFO  - Done!
[2024-01-04 13:02:45,814] [365275] [MainThread] [attack] INFO  - Load the forced profile from /home/drac/storage/dataset/231222_single-cable-balanced_raw/profile
Align: 100%|████████████████████████████████████████████████████████████████████████████████████████████████████████████████████████████████████████████████████████████████████████████████████████████| 32768/32768 [00:12<00:00, 2639.71it/s]

Subkey  0
Subkey  1
Subkey  2
Subkey  3
Subkey  4
Subkey  5
Subkey  6
Subkey  7
Subkey  8
Subkey  9
Subkey 10
Subkey 11
Subkey 12
Subkey 13
Subkey 14
Subkey 15
Best Key Guess:   0d   43   0f   58   9a   d6   3e   c2   3a   a9   3c   6a   ab   0a   23   af
Known Key:        56   f3   13   17   e0   39   7e   a2   17   c0   58   96   29   f5   f6   4d
PGE:             062  213  076  212  184  248  237  225  020  026  105  187  163  076  097  060
HD:              005  003  003  005  005  007  001  002  004  004  003  006  002  008  005  004
SUCCESS:           0    0    0    0    0    0    0    0    0    0    0    0    0    0    0    0
CORRECT BYTES: 0
PGE MEAN:      136
PGE MEDIAN:    134
PGE MAX:       248
HD SUM:        67

Starting key ranking using HEL
results rank estimation
nb_bins = 512
merge = 2
Starting preprocessing
Clearing memory
min: 2^124.7263241
actual rounded: 2^124.8015302
max: 2^124.8608866
time enum: 0.420303 seconds
