[2024-04-28 12:27:14,658] [149849] [MainThread] [dataset] INFO  - Dataset loaded from '/home/drac/mnt/sc_nvme_ssd/dataset/datasets/ble/240423_highdist_2lna_hi
ghgain/avg/dataset.pyc'
[2024-04-28 12:27:14,658] [149849] [MainThread] [load] INFO  - Loading traces...
[2024-04-28 12:27:14,659] [149849] [MainThread] [load] WARNING - No loaded NF traces!
Load FF traces: 100%|█████████████████████████████████████████████████████████████████████████████████████████████████| 10000/10000 [00:01<00:00, 9852.93it/s]
[2024-04-28 12:27:15,674] [149849] [MainThread] [load] INFO  - Done!
[2024-04-28 12:27:15,720] [149849] [MainThread] [attack] INFO  - Load the forced profile from /home/drac/mnt/sc_nvme_ssd/dataset/datasets/ble/240423_highdist_
2lna_highgain/avg/profiles/AMPLITUDE_4000_r_1
[2024-04-28 12:27:15,823] [149849] [MainThread] [attack] INFO  - Align attack traces with themselves...
Align: 100%|██████████████████████████████████████████████████████████████████████████████████████████████████████████| 10000/10000 [00:02<00:00, 4113.34it/s]
[2024-04-28 12:27:18,259] [149849] [MainThread] [attack] INFO  - Align attack traces with the profile...
Align: 100%|██████████████████████████████████████████████████████████████████████████████████████████████████████████| 10000/10000 [00:02<00:00, 3974.03it/s]

Subkey  0
Subkey  1
Subkey  2
Subkey  3
Subkey  4
Subkey  5
Subkey  6
Subkey  7
Subkey  8
Subkey  9
Subkey 10
Subkey 11
Subkey 12
Subkey 13
Subkey 14
Subkey 15
Best Key Guess:   69   7d   e0   5a   ff   f4   97   1d   ed   4e   72   98   ed   ab   53   94
Known Key:        69   7f   e3   59   fd   f7   95   1f   ec   4d   72   9b   ee   ab   51   96
PGE:             000  003  002  001  001  003  003  003  002  002  000  004  002  000  002  003
HD:              000  001  002  002  001  002  001  001  001  002  000  002  002  000  001  001
SUCCESS:           1    0    0    0    0    0    0    0    0    0    1    0    0    1    0    0
CORRECT BYTES: 3
PGE MEAN:      1
PGE MEDIAN:    2
PGE MAX:       4
HD SUM:        19

Starting key ranking using HEL
results rank estimation
nb_bins = 512
merge = 2
Starting preprocessing
Clearing memory
min: 2^37.95601835
actual rounded: 2^40.57773241
max: 2^42.52065194
time enum: 0.127595 seconds



