[2024-04-29 22:00:49,092] [383209] [MainThread] [dataset] INFO  - Dataset loaded from '/home/drac/mnt/sc_nvme_ssd/dataset/datasets/ble/240423_highdist_2lna_hi
ghgain/ext/dataset.pyc'
[2024-04-29 22:00:49,092] [383209] [MainThread] [load] INFO  - Loading traces...
[2024-04-29 22:00:49,092] [383209] [MainThread] [load] WARNING - No loaded NF traces!
Load FF traces: 100%|█████████████████████████████████████████████████████████████████████████████████████████████████████| 200/200 [00:00<00:00, 9588.62it/s]
[2024-04-29 22:00:49,114] [383209] [MainThread] [load] INFO  - Done!
[2024-04-29 22:00:49,115] [383209] [MainThread] [attack] INFO  - Load the forced profile from /home/drac/mnt/sc_nvme_ssd/dataset/datasets/ble/240423_highdist_
2lna_highgain/avg/profiles/AMPLITUDE_16000_r_2
[2024-04-29 22:00:49,203] [383209] [MainThread] [attack] INFO  - Align attack traces with themselves...
Align: 100%|██████████████████████████████████████████████████████████████████████████████████████████████████████████████| 200/200 [00:00<00:00, 4048.26it/s]
[2024-04-29 22:00:49,253] [383209] [MainThread] [attack] INFO  - Align attack traces with the profile...
Align: 100%|██████████████████████████████████████████████████████████████████████████████████████████████████████████████| 200/200 [00:00<00:00, 4005.70it/s]

Subkey  0
Subkey  1
Subkey  2
Subkey  3
Subkey  4
Subkey  5
Subkey  6
Subkey  7
Subkey  8
Subkey  9
Subkey 10
Subkey 11
Subkey 12
Subkey 13
Subkey 14
Subkey 15
Best Key Guess:   71   5e   17   50   ce   f3   e2   c4   3f   f3   4c   b7   e7   a9   ee   83
Known Key:        69   7f   e3   59   fd   f7   95   1f   ec   4d   72   9b   ee   ab   51   96
PGE:             011  008  058  005  049  004  052  044  067  135  047  015  035  011  018  011
HD:              002  002  005  002  004  001  006  006  005  006  005  003  002  001  007  003
SUCCESS:           0    0    0    0    0    0    0    0    0    0    0    0    0    0    0    0
CORRECT BYTES: 0
PGE MEAN:      35
PGE MEDIAN:    26
PGE MAX:       135
HD SUM:        60

Starting key ranking using HEL
results rank estimation
nb_bins = 512
merge = 2
Starting preprocessing
Clearing memory
min: 2^103.0169274
actual rounded: 2^103.285108
max: 2^103.498078
time enum: 0.128887 seconds



