[2024-04-29 21:55:18,643] [380516] [MainThread] [dataset] INFO  - Dataset loaded from '/home/drac/mnt/sc_nvme_ssd/dataset/datasets/ble/240423_highdist_2lna_hi
ghgain/ext/dataset.pyc'
[2024-04-29 21:55:18,643] [380516] [MainThread] [load] INFO  - Loading traces...
[2024-04-29 21:55:18,643] [380516] [MainThread] [load] WARNING - No loaded NF traces!
Load FF traces: 100%|█████████████████████████████████████████████████████████████████████████████████████████████████| 16000/16000 [00:01<00:00, 9840.52it/s]
[2024-04-29 21:55:20,270] [380516] [MainThread] [load] INFO  - Done!
[2024-04-29 21:55:20,341] [380516] [MainThread] [attack] INFO  - Load the forced profile from /home/drac/mnt/sc_nvme_ssd/dataset/datasets/ble/240423_highdist_
2lna_highgain/avg/profiles/AMPLITUDE_4000_r_2
[2024-04-29 21:55:20,460] [380516] [MainThread] [attack] INFO  - Align attack traces with themselves...
Align: 100%|██████████████████████████████████████████████████████████████████████████████████████████████████████████| 16000/16000 [00:03<00:00, 4153.32it/s]
[2024-04-29 21:55:24,320] [380516] [MainThread] [attack] INFO  - Align attack traces with the profile...
Align: 100%|██████████████████████████████████████████████████████████████████████████████████████████████████████████| 16000/16000 [00:03<00:00, 4042.14it/s]

Subkey  0
Subkey  1
Subkey  2
Subkey  3
Subkey  4
Subkey  5
Subkey  6
Subkey  7
Subkey  8
Subkey  9
Subkey 10
Subkey 11
Subkey 12
Subkey 13
Subkey 14
Subkey 15
Best Key Guess:   69   7c   e2   5b   fe   f7   95   1e   ef   4d   72   98   ef   ab   50   94
Known Key:        69   7f   e3   59   fd   f7   95   1f   ec   4d   72   9b   ee   ab   51   96
PGE:             000  003  003  003  003  000  000  002  002  000  000  003  002  000  002  001
HD:              000  002  001  001  002  000  000  001  002  000  000  002  001  000  001  001
SUCCESS:           1    0    0    0    0    1    1    0    0    1    1    0    0    1    0    0
CORRECT BYTES: 6
PGE MEAN:      1
PGE MEDIAN:    2
PGE MAX:       3
HD SUM:        14

Starting key ranking using HEL
results rank estimation
nb_bins = 512
merge = 2
Starting preprocessing
Clearing memory
min: 2^34.03684727
actual rounded: 2^35.03654557
max: 2^35.80663493
time enum: 1.44522 seconds



