[2024-04-29 21:54:48,246] [380357] [MainThread] [dataset] INFO  - Dataset loaded from '/home/drac/mnt/sc_nvme_ssd/dataset/datasets/ble/240423_highdist_2lna_hi
ghgain/ext/dataset.pyc'
[2024-04-29 21:54:48,246] [380357] [MainThread] [load] INFO  - Loading traces...
[2024-04-29 21:54:48,246] [380357] [MainThread] [load] WARNING - No loaded NF traces!
Load FF traces: 100%|█████████████████████████████████████████████████████████████████████████████████████████████████| 10000/10000 [00:01<00:00, 9804.01it/s]
[2024-04-29 21:54:49,267] [380357] [MainThread] [load] INFO  - Done!
[2024-04-29 21:54:49,314] [380357] [MainThread] [attack] INFO  - Load the forced profile from /home/drac/mnt/sc_nvme_ssd/dataset/datasets/ble/240423_highdist_
2lna_highgain/avg/profiles/AMPLITUDE_4000_r_2
[2024-04-29 21:54:49,416] [380357] [MainThread] [attack] INFO  - Align attack traces with themselves...
Align: 100%|██████████████████████████████████████████████████████████████████████████████████████████████████████████| 10000/10000 [00:02<00:00, 4031.27it/s]
[2024-04-29 21:54:51,901] [380357] [MainThread] [attack] INFO  - Align attack traces with the profile...
Align: 100%|██████████████████████████████████████████████████████████████████████████████████████████████████████████| 10000/10000 [00:02<00:00, 3934.43it/s]

Subkey  0
Subkey  1
Subkey  2
Subkey  3
Subkey  4
Subkey  5
Subkey  6
Subkey  7
Subkey  8
Subkey  9
Subkey 10
Subkey 11
Subkey 12
Subkey 13
Subkey 14
Subkey 15
Best Key Guess:   6a   7e   e2   5b   ff   f5   97   1c   ef   4c   72   9b   ef   ab   50   97
Known Key:        69   7f   e3   59   fd   f7   95   1f   ec   4d   72   9b   ee   ab   51   96
PGE:             001  003  004  003  003  001  001  003  001  003  000  000  002  000  002  002
HD:              002  001  001  001  001  001  001  002  002  001  000  000  001  000  001  001
SUCCESS:           0    0    0    0    0    0    0    0    0    0    1    1    0    1    0    0
CORRECT BYTES: 3
PGE MEAN:      1
PGE MEDIAN:    2
PGE MAX:       4
HD SUM:        16

Starting key ranking using HEL
results rank estimation
nb_bins = 512
merge = 2
Starting preprocessing
Clearing memory
min: 2^41.56839056
actual rounded: 2^42.28935615
max: 2^42.85599659
time enum: 0.128276 seconds



