[2024-04-28 12:37:28,425] [155979] [MainThread] [dataset] INFO  - Dataset loaded from '/home/drac/mnt/sc_nvme_ssd/dataset/datasets/ble/240423_highdist_2lna_hi
ghgain/avg/dataset.pyc'
[2024-04-28 12:37:28,425] [155979] [MainThread] [load] INFO  - Loading traces...
[2024-04-28 12:37:28,425] [155979] [MainThread] [load] WARNING - No loaded NF traces!
Load FF traces: 100%|█████████████████████████████████████████████████████████████████████████████████████████████████| 16000/16000 [00:01<00:00, 9793.31it/s]
[2024-04-28 12:37:30,060] [155979] [MainThread] [load] INFO  - Done!
[2024-04-28 12:37:30,134] [155979] [MainThread] [attack] INFO  - Load the forced profile from /home/drac/mnt/sc_nvme_ssd/dataset/datasets/ble/240423_highdist_
2lna_highgain/avg/profiles/AMPLITUDE_16000_r_2
[2024-04-28 12:37:30,252] [155979] [MainThread] [attack] INFO  - Align attack traces with themselves...
Align: 100%|██████████████████████████████████████████████████████████████████████████████████████████████████████████| 16000/16000 [00:03<00:00, 4012.12it/s]
[2024-04-28 12:37:34,248] [155979] [MainThread] [attack] INFO  - Align attack traces with the profile...
Align: 100%|██████████████████████████████████████████████████████████████████████████████████████████████████████████| 16000/16000 [00:04<00:00, 3882.01it/s]

Subkey  0
Subkey  1
Subkey  2
Subkey  3
Subkey  4
Subkey  5
Subkey  6
Subkey  7
Subkey  8
Subkey  9
Subkey 10
Subkey 11
Subkey 12
Subkey 13
Subkey 14
Subkey 15
Best Key Guess:   6a   7c   e2   59   fc   f7   96   1f   ed   4c   71   98   ed   ab   53   96
Known Key:        69   7f   e3   59   fd   f7   95   1f   ec   4d   72   9b   ee   ab   51   96
PGE:             001  002  001  000  002  000  003  000  003  003  002  003  003  000  003  000
HD:              002  002  001  000  001  000  002  000  001  001  002  002  002  000  001  000
SUCCESS:           0    0    0    1    0    1    0    1    0    0    0    0    0    1    0    1
CORRECT BYTES: 5
PGE MEAN:      1
PGE MEDIAN:    2
PGE MAX:       3
HD SUM:        17

Starting key ranking using HEL
results rank estimation
nb_bins = 512
merge = 2
Starting preprocessing
Clearing memory
min: 2^30.40940984
actual rounded: 2^31.85444065
max: 2^32.92326942
time enum: 1.43363 seconds



