[2024-04-29 21:57:39,073] [381836] [MainThread] [dataset] INFO  - Dataset loaded from '/home/drac/mnt/sc_nvme_ssd/dataset/datasets/ble/240423_highdist_2lna_hi
ghgain/ext/dataset.pyc'
[2024-04-29 21:57:39,073] [381836] [MainThread] [load] INFO  - Loading traces...
[2024-04-29 21:57:39,073] [381836] [MainThread] [load] WARNING - No loaded NF traces!
Load FF traces: 100%|█████████████████████████████████████████████████████████████████████████████████████████████████████| 200/200 [00:00<00:00, 9593.56it/s]
[2024-04-29 21:57:39,094] [381836] [MainThread] [load] INFO  - Done!
[2024-04-29 21:57:39,096] [381836] [MainThread] [attack] INFO  - Load the forced profile from /home/drac/mnt/sc_nvme_ssd/dataset/datasets/ble/240423_highdist_
2lna_highgain/avg/profiles/AMPLITUDE_16000_r_1
[2024-04-29 21:57:39,183] [381836] [MainThread] [attack] INFO  - Align attack traces with themselves...
Align: 100%|██████████████████████████████████████████████████████████████████████████████████████████████████████████████| 200/200 [00:00<00:00, 4055.27it/s]
[2024-04-29 21:57:39,233] [381836] [MainThread] [attack] INFO  - Align attack traces with the profile...
Align: 100%|██████████████████████████████████████████████████████████████████████████████████████████████████████████████| 200/200 [00:00<00:00, 3977.15it/s]

Subkey  0
Subkey  1
Subkey  2
Subkey  3
Subkey  4
Subkey  5
Subkey  6
Subkey  7
Subkey  8
Subkey  9
Subkey 10
Subkey 11
Subkey 12
Subkey 13
Subkey 14
Subkey 15
Best Key Guess:   34   44   35   78   2f   37   e2   15   04   d6   4d   b7   e1   8a   4f   81
Known Key:        69   7f   e3   59   fd   f7   95   1f   ec   4d   72   9b   ee   ab   51   96
PGE:             021  099  107  014  021  011  166  017  058  096  056  023  014  016  003  008
HD:              005  005  005  002  004  002  006  002  004  005  006  003  004  002  004  004
SUCCESS:           0    0    0    0    0    0    0    0    0    0    0    0    0    0    0    0
CORRECT BYTES: 0
PGE MEAN:      45
PGE MEDIAN:    21
PGE MAX:       166
HD SUM:        63

Starting key ranking using HEL
results rank estimation
nb_bins = 512
merge = 2
Starting preprocessing
Clearing memory
min: 2^108.5246033
actual rounded: 2^108.7373388
max: 2^108.9063547
time enum: 0.129288 seconds



