[2024-04-29 22:01:16,669] [383467] [MainThread] [dataset] INFO  - Dataset loaded from '/home/drac/mnt/sc_nvme_ssd/dataset/datasets/ble/240423_highdist_2lna_hi
ghgain/ext/dataset.pyc'
[2024-04-29 22:01:16,669] [383467] [MainThread] [load] INFO  - Loading traces...
[2024-04-29 22:01:16,669] [383467] [MainThread] [load] WARNING - No loaded NF traces!
Load FF traces: 100%|█████████████████████████████████████████████████████████████████████████████████████████████████| 10000/10000 [00:01<00:00, 9837.13it/s]
[2024-04-29 22:01:17,687] [383467] [MainThread] [load] INFO  - Done!
[2024-04-29 22:01:17,732] [383467] [MainThread] [attack] INFO  - Load the forced profile from /home/drac/mnt/sc_nvme_ssd/dataset/datasets/ble/240423_highdist_
2lna_highgain/avg/profiles/AMPLITUDE_16000_r_2
[2024-04-29 22:01:17,834] [383467] [MainThread] [attack] INFO  - Align attack traces with themselves...
Align: 100%|██████████████████████████████████████████████████████████████████████████████████████████████████████████| 10000/10000 [00:02<00:00, 4106.61it/s]
[2024-04-29 22:01:20,274] [383467] [MainThread] [attack] INFO  - Align attack traces with the profile...
Align: 100%|██████████████████████████████████████████████████████████████████████████████████████████████████████████| 10000/10000 [00:02<00:00, 4004.81it/s]

Subkey  0
Subkey  1
Subkey  2
Subkey  3
Subkey  4
Subkey  5
Subkey  6
Subkey  7
Subkey  8
Subkey  9
Subkey 10
Subkey 11
Subkey 12
Subkey 13
Subkey 14
Subkey 15
Best Key Guess:   68   7e   e2   5b   ff   f6   95   1f   ef   4e   71   9a   ec   a8   51   94
Known Key:        69   7f   e3   59   fd   f7   95   1f   ec   4d   72   9b   ee   ab   51   96
PGE:             002  002  002  003  003  001  000  000  001  003  001  002  003  001  000  002
HD:              001  001  001  001  001  001  000  000  002  002  002  001  001  002  000  001
SUCCESS:           0    0    0    0    0    0    1    1    0    0    0    0    0    0    1    0
CORRECT BYTES: 3
PGE MEAN:      1
PGE MEDIAN:    2
PGE MAX:       3
HD SUM:        17

Starting key ranking using HEL
results rank estimation
nb_bins = 512
merge = 2
Starting preprocessing
Clearing memory
min: 2^32.846321
actual rounded: 2^33.80096085
max: 2^34.53509368
time enum: 0.129077 seconds



