/usr/lib/python3.11/site-packages/scapy/base_classes.py:324: SyntaxWarning: Packet 'ForceRejoinReq' has a duplicated 'RFU' field ! If you are using several ConditionalFields, have a look at MultipleTypeField instead ! This will become a SyntaxError in a future version of Scapy !
  warnings.warn(war_msg, SyntaxWarning)
[ timestamp=32565626, channel=2113003374, rssi=-35, direction=0, connection_handle=0, is_crc_valid=True, relative_timestamp=0, decrypted=False ]
00000000: D6 BE 89 8E 40 20 4C 5C  84 54 3E C2 02 01 06 03  ....@ L\.T>.....
00000010: 03 11 18 0F 09 6E 69 6D  62 6C 65 2D 62 6C 65 70  .....nimble-blep
00000020: 72 70 68 02 0A 04 B0 11  93                       rph......
[ timestamp=32632798, channel=2113003374, rssi=-36, direction=0, connection_handle=0, is_crc_valid=True, relative_timestamp=0, decrypted=False ]

00000000: D6 BE 89 8E 40 20 4C 5C  84 54 3E C2 02 01 06 03  ....@ L\.T>.....
00000010: 03 11 18 0F 09 6E 69 6D  62 6C 65 2D 62 6C 65 70  .....nimble-blep
00000020: 72 70 68 02 0A 04 B0 11  93                       rph......
[ timestamp=32697375, channel=2113003374, rssi=-36, direction=0, connection_handle=0, is_crc_valid=True, relative_timestamp=0, decrypted=False ]

00000000: D6 BE 89 8E 40 20 4C 5C  84 54 3E C2 02 01 06 03  ....@ L\.T>.....
00000010: 03 11 18 0F 09 6E 69 6D  62 6C 65 2D 62 6C 65 70  .....nimble-blep
00000020: 72 70 68 02 0A 04 B0 11  93                       rph......
[ timestamp=32763631, channel=2113003374, rssi=-36, direction=0, connection_handle=0, is_crc_valid=True, relative_timestamp=0, decrypted=False ]

00000000: D6 BE 89 8E 40 20 4C 5C  84 54 3E C2 02 01 06 03  ....@ L\.T>.....
00000010: 03 11 18 0F 09 6E 69 6D  62 6C 65 2D 62 6C 65 70  .....nimble-blep
00000020: 72 70 68 02 0A 04 B0 11  93                       rph......
[ timestamp=32826073, channel=2113003374, rssi=-36, direction=0, connection_handle=0, is_crc_valid=True, relative_timestamp=0, decrypted=False ]

00000000: D6 BE 89 8E 40 20 4C 5C  84 54 3E C2 02 01 06 03  ....@ L\.T>.....
00000010: 03 11 18 0F 09 6E 69 6D  62 6C 65 2D 62 6C 65 70  .....nimble-blep
00000020: 72 70 68 02 0A 04 B0 11  93                       rph......
[ timestamp=32891901, channel=2113003374, rssi=-36, direction=0, connection_handle=0, is_crc_valid=True, relative_timestamp=0, decrypted=False ]

00000000: D6 BE 89 8E 40 20 4C 5C  84 54 3E C2 02 01 06 03  ....@ L\.T>.....
00000010: 03 11 18 0F 09 6E 69 6D  62 6C 65 2D 62 6C 65 70  .....nimble-blep
00000020: 72 70 68 02 0A 04 B0 11  93                       rph......
[ timestamp=32959469, channel=2113003374, rssi=-36, direction=0, connection_handle=0, is_crc_valid=True, relative_timestamp=0, decrypted=False ]

00000000: D6 BE 89 8E 40 20 4C 5C  84 54 3E C2 02 01 06 03  ....@ L\.T>.....
00000010: 03 11 18 0F 09 6E 69 6D  62 6C 65 2D 62 6C 65 70  .....nimble-blep
00000020: 72 70 68 02 0A 04 B0 11  93                       rph......
[ timestamp=33020171, channel=2113003374, rssi=-35, direction=0, connection_handle=0, is_crc_valid=True, relative_timestamp=0, decrypted=False ]

00000000: D6 BE 89 8E 40 20 4C 5C  84 54 3E C2 02 01 06 03  ....@ L\.T>.....
00000010: 03 11 18 0F 09 6E 69 6D  62 6C 65 2D 62 6C 65 70  .....nimble-blep
00000020: 72 70 68 02 0A 04 B0 11  93                       rph......
[ timestamp=33083954, channel=2113003374, rssi=-36, direction=0, connection_handle=0, is_crc_valid=True, relative_timestamp=0, decrypted=False ]

00000000: D6 BE 89 8E 40 20 4C 5C  84 54 3E C2 02 01 06 03  ....@ L\.T>.....
00000010: 03 11 18 0F 09 6E 69 6D  62 6C 65 2D 62 6C 65 70  .....nimble-blep
00000020: 72 70 68 02 0A 04 B0 11  93                       rph......
[ timestamp=33144290, channel=2113003374, rssi=-35, direction=0, connection_handle=0, is_crc_valid=True, relative_timestamp=0, decrypted=False ]

00000000: D6 BE 89 8E 40 20 4C 5C  84 54 3E C2 02 01 06 03  ....@ L\.T>.....
00000010: 03 11 18 0F 09 6E 69 6D  62 6C 65 2D 62 6C 65 70  .....nimble-blep
00000020: 72 70 68 02 0A 04 B0 11  93                       rph......
[ timestamp=33208593, channel=2113003374, rssi=-35, direction=0, connection_handle=0, is_crc_valid=True, relative_timestamp=0, decrypted=False ]

00000000: D6 BE 89 8E 40 20 4C 5C  84 54 3E C2 02 01 06 03  ....@ L\.T>.....
00000010: 03 11 18 0F 09 6E 69 6D  62 6C 65 2D 62 6C 65 70  .....nimble-blep
00000020: 72 70 68 02 0A 04 B0 11  93                       rph......
[ timestamp=33277168, channel=2113003374, rssi=-37, direction=0, connection_handle=0, is_crc_valid=True, relative_timestamp=0, decrypted=False ]

00000000: D6 BE 89 8E 40 20 4C 5C  84 54 3E C2 02 01 06 03  ....@ L\.T>.....
00000010: 03 11 18 0F 09 6E 69 6D  62 6C 65 2D 62 6C 65 70  .....nimble-blep
00000020: 72 70 68 02 0A 04 B0 11  93                       rph......
[ timestamp=33337229, channel=2113003374, rssi=-35, direction=0, connection_handle=0, is_crc_valid=True, relative_timestamp=0, decrypted=False ]

00000000: D6 BE 89 8E 40 20 4C 5C  84 54 3E C2 02 01 06 03  ....@ L\.T>.....
00000010: 03 11 18 0F 09 6E 69 6D  62 6C 65 2D 62 6C 65 70  .....nimble-blep
00000020: 72 70 68 02 0A 04 B0 11  93                       rph......
[ timestamp=33404523, channel=2113003374, rssi=-35, direction=0, connection_handle=0, is_crc_valid=True, relative_timestamp=0, decrypted=False ]

00000000: D6 BE 89 8E 40 20 4C 5C  84 54 3E C2 02 01 06 03  ....@ L\.T>.....
00000010: 03 11 18 0F 09 6E 69 6D  62 6C 65 2D 62 6C 65 70  .....nimble-blep
00000020: 72 70 68 02 0A 04 B0 11  93                       rph......
[ timestamp=33468886, channel=2113003374, rssi=-36, direction=0, connection_handle=0, is_crc_valid=True, relative_timestamp=0, decrypted=False ]

00000000: D6 BE 89 8E 40 20 4C 5C  84 54 3E C2 02 01 06 03  ....@ L\.T>.....
00000010: 03 11 18 0F 09 6E 69 6D  62 6C 65 2D 62 6C 65 70  .....nimble-blep
00000020: 72 70 68 02 0A 04 B0 11  93                       rph......
[ timestamp=33532487, channel=2113003374, rssi=-35, direction=0, connection_handle=0, is_crc_valid=True, relative_timestamp=0, decrypted=False ]

00000000: D6 BE 89 8E 40 20 4C 5C  84 54 3E C2 02 01 06 03  ....@ L\.T>.....
00000010: 03 11 18 0F 09 6E 69 6D  62 6C 65 2D 62 6C 65 70  .....nimble-blep
00000020: 72 70 68 02 0A 04 B0 11  93                       rph......
[ timestamp=33595050, channel=2113003374, rssi=-35, direction=0, connection_handle=0, is_crc_valid=True, relative_timestamp=0, decrypted=False ]

00000000: D6 BE 89 8E 40 20 4C 5C  84 54 3E C2 02 01 06 03  ....@ L\.T>.....
00000010: 03 11 18 0F 09 6E 69 6D  62 6C 65 2D 62 6C 65 70  .....nimble-blep
00000020: 72 70 68 02 0A 04 B0 11  93                       rph......
[ timestamp=33660848, channel=2113003374, rssi=-35, direction=0, connection_handle=0, is_crc_valid=True, relative_timestamp=0, decrypted=False ]

00000000: D6 BE 89 8E 40 20 4C 5C  84 54 3E C2 02 01 06 03  ....@ L\.T>.....
00000010: 03 11 18 0F 09 6E 69 6D  62 6C 65 2D 62 6C 65 70  .....nimble-blep
00000020: 72 70 68 02 0A 04 B0 11  93                       rph......
[ timestamp=33727105, channel=2113003374, rssi=-36, direction=0, connection_handle=0, is_crc_valid=True, relative_timestamp=0, decrypted=False ]

00000000: D6 BE 89 8E 40 20 4C 5C  84 54 3E C2 02 01 06 03  ....@ L\.T>.....
00000010: 03 11 18 0F 09 6E 69 6D  62 6C 65 2D 62 6C 65 70  .....nimble-blep
00000020: 72 70 68 02 0A 04 B0 11  93                       rph......
[ timestamp=33793086, channel=2113003374, rssi=-35, direction=0, connection_handle=0, is_crc_valid=True, relative_timestamp=0, decrypted=False ]

00000000: D6 BE 89 8E 40 20 4C 5C  84 54 3E C2 02 01 06 03  ....@ L\.T>.....
00000010: 03 11 18 0F 09 6E 69 6D  62 6C 65 2D 62 6C 65 70  .....nimble-blep
00000020: 72 70 68 02 0A 04 B0 11  93                       rph......
[ timestamp=33862790, channel=2113003374, rssi=-35, direction=0, connection_handle=0, is_crc_valid=True, relative_timestamp=0, decrypted=False ]

00000000: D6 BE 89 8E 40 20 4C 5C  84 54 3E C2 02 01 06 03  ....@ L\.T>.....
00000010: 03 11 18 0F 09 6E 69 6D  62 6C 65 2D 62 6C 65 70  .....nimble-blep
00000020: 72 70 68 02 0A 04 B0 11  93                       rph......
[ timestamp=33932342, channel=2113003374, rssi=-37, direction=0, connection_handle=0, is_crc_valid=True, relative_timestamp=0, decrypted=False ]

00000000: D6 BE 89 8E 40 20 4C 5C  84 54 3E C2 02 01 06 03  ....@ L\.T>.....
00000010: 03 11 18 0F 09 6E 69 6D  62 6C 65 2D 62 6C 65 70  .....nimble-blep
00000020: 72 70 68 02 0A 04 B0 11  93                       rph......
[ timestamp=33997683, channel=2113003374, rssi=-35, direction=0, connection_handle=0, is_crc_valid=True, relative_timestamp=0, decrypted=False ]

00000000: D6 BE 89 8E 40 20 4C 5C  84 54 3E C2 02 01 06 03  ....@ L\.T>.....
00000010: 03 11 18 0F 09 6E 69 6D  62 6C 65 2D 62 6C 65 70  .....nimble-blep
00000020: 72 70 68 02 0A 04 B0 11  93                       rph......
[ timestamp=34058598, channel=2113003374, rssi=-36, direction=0, connection_handle=0, is_crc_valid=True, relative_timestamp=0, decrypted=False ]

00000000: D6 BE 89 8E 40 20 4C 5C  84 54 3E C2 02 01 06 03  ....@ L\.T>.....
00000010: 03 11 18 0F 09 6E 69 6D  62 6C 65 2D 62 6C 65 70  .....nimble-blep
00000020: 72 70 68 02 0A 04 B0 11  93                       rph......
[ timestamp=34121314, channel=2113003374, rssi=-35, direction=0, connection_handle=0, is_crc_valid=True, relative_timestamp=0, decrypted=False ]

00000000: D6 BE 89 8E 40 20 4C 5C  84 54 3E C2 02 01 06 03  ....@ L\.T>.....
00000010: 03 11 18 0F 09 6E 69 6D  62 6C 65 2D 62 6C 65 70  .....nimble-blep
00000020: 72 70 68 02 0A 04 B0 11  93                       rph......
[ timestamp=34188729, channel=2113003374, rssi=-36, direction=0, connection_handle=0, is_crc_valid=True, relative_timestamp=0, decrypted=False ]

00000000: D6 BE 89 8E 40 20 4C 5C  84 54 3E C2 02 01 06 03  ....@ L\.T>.....
00000010: 03 11 18 0F 09 6E 69 6D  62 6C 65 2D 62 6C 65 70  .....nimble-blep
00000020: 72 70 68 02 0A 04 B0 11  93                       rph......
[ timestamp=34257335, channel=2113003374, rssi=-35, direction=0, connection_handle=0, is_crc_valid=True, relative_timestamp=0, decrypted=False ]

00000000: D6 BE 89 8E 40 20 4C 5C  84 54 3E C2 02 01 06 03  ....@ L\.T>.....
00000010: 03 11 18 0F 09 6E 69 6D  62 6C 65 2D 62 6C 65 70  .....nimble-blep
00000020: 72 70 68 02 0A 04 B0 11  93                       rph......
[ timestamp=34326215, channel=2113003374, rssi=-36, direction=0, connection_handle=0, is_crc_valid=True, relative_timestamp=0, decrypted=False ]

00000000: D6 BE 89 8E 40 20 4C 5C  84 54 3E C2 02 01 06 03  ....@ L\.T>.....
00000010: 03 11 18 0F 09 6E 69 6D  62 6C 65 2D 62 6C 65 70  .....nimble-blep
00000020: 72 70 68 02 0A 04 B0 11  93                       rph......
[ timestamp=34390274, channel=2113003374, rssi=-36, direction=0, connection_handle=0, is_crc_valid=True, relative_timestamp=0, decrypted=False ]

00000000: D6 BE 89 8E 40 20 4C 5C  84 54 3E C2 02 01 06 03  ....@ L\.T>.....
00000010: 03 11 18 0F 09 6E 69 6D  62 6C 65 2D 62 6C 65 70  .....nimble-blep
00000020: 72 70 68 02 0A 04 B0 11  93                       rph......
[ timestamp=34459551, channel=2113003374, rssi=-36, direction=0, connection_handle=0, is_crc_valid=True, relative_timestamp=0, decrypted=False ]

00000000: D6 BE 89 8E 40 20 4C 5C  84 54 3E C2 02 01 06 03  ....@ L\.T>.....
00000010: 03 11 18 0F 09 6E 69 6D  62 6C 65 2D 62 6C 65 70  .....nimble-blep
00000020: 72 70 68 02 0A 04 B0 11  93                       rph......
[ timestamp=34527425, channel=2113003374, rssi=-36, direction=0, connection_handle=0, is_crc_valid=True, relative_timestamp=0, decrypted=False ]

00000000: D6 BE 89 8E 40 20 4C 5C  84 54 3E C2 02 01 06 03  ....@ L\.T>.....
00000010: 03 11 18 0F 09 6E 69 6D  62 6C 65 2D 62 6C 65 70  .....nimble-blep
00000020: 72 70 68 02 0A 04 B0 11  93                       rph......
[ timestamp=34588371, channel=2113003374, rssi=-35, direction=0, connection_handle=0, is_crc_valid=True, relative_timestamp=0, decrypted=False ]

00000000: D6 BE 89 8E 40 20 4C 5C  84 54 3E C2 02 01 06 03  ....@ L\.T>.....
00000010: 03 11 18 0F 09 6E 69 6D  62 6C 65 2D 62 6C 65 70  .....nimble-blep
00000020: 72 70 68 02 0A 04 B0 11  93                       rph......
[ timestamp=34654718, channel=2113003374, rssi=-35, direction=0, connection_handle=0, is_crc_valid=True, relative_timestamp=0, decrypted=False ]

00000000: D6 BE 89 8E 40 20 4C 5C  84 54 3E C2 02 01 06 03  ....@ L\.T>.....
00000010: 03 11 18 0F 09 6E 69 6D  62 6C 65 2D 62 6C 65 70  .....nimble-blep
00000020: 72 70 68 02 0A 04 B0 11  93                       rph......
[ timestamp=34716152, channel=2113003374, rssi=-35, direction=0, connection_handle=0, is_crc_valid=True, relative_timestamp=0, decrypted=False ]

00000000: D6 BE 89 8E 40 20 4C 5C  84 54 3E C2 02 01 06 03  ....@ L\.T>.....
00000010: 03 11 18 0F 09 6E 69 6D  62 6C 65 2D 62 6C 65 70  .....nimble-blep
00000020: 72 70 68 02 0A 04 B0 11  93                       rph......
[ timestamp=34778014, channel=2113003374, rssi=-35, direction=0, connection_handle=0, is_crc_valid=True, relative_timestamp=0, decrypted=False ]

00000000: D6 BE 89 8E 40 20 4C 5C  84 54 3E C2 02 01 06 03  ....@ L\.T>.....
00000010: 03 11 18 0F 09 6E 69 6D  62 6C 65 2D 62 6C 65 70  .....nimble-blep
00000020: 72 70 68 02 0A 04 B0 11  93                       rph......
[ timestamp=34839264, channel=2113003374, rssi=-36, direction=0, connection_handle=0, is_crc_valid=True, relative_timestamp=0, decrypted=False ]

00000000: D6 BE 89 8E 40 20 4C 5C  84 54 3E C2 02 01 06 03  ....@ L\.T>.....
00000010: 03 11 18 0F 09 6E 69 6D  62 6C 65 2D 62 6C 65 70  .....nimble-blep
00000020: 72 70 68 02 0A 04 B0 11  93                       rph......
[ timestamp=34900821, channel=2113003374, rssi=-36, direction=0, connection_handle=0, is_crc_valid=True, relative_timestamp=0, decrypted=False ]

00000000: D6 BE 89 8E 40 20 4C 5C  84 54 3E C2 02 01 06 03  ....@ L\.T>.....
00000010: 03 11 18 0F 09 6E 69 6D  62 6C 65 2D 62 6C 65 70  .....nimble-blep
00000020: 72 70 68 02 0A 04 B0 11  93                       rph......
[ timestamp=34966344, channel=2113003374, rssi=-35, direction=0, connection_handle=0, is_crc_valid=True, relative_timestamp=0, decrypted=False ]

00000000: D6 BE 89 8E 40 20 4C 5C  84 54 3E C2 02 01 06 03  ....@ L\.T>.....
00000010: 03 11 18 0F 09 6E 69 6D  62 6C 65 2D 62 6C 65 70  .....nimble-blep
00000020: 72 70 68 02 0A 04 B0 11  93                       rph......
[ timestamp=35027870, channel=2113003374, rssi=-36, direction=0, connection_handle=0, is_crc_valid=True, relative_timestamp=0, decrypted=False ]

00000000: D6 BE 89 8E 40 20 4C 5C  84 54 3E C2 02 01 06 03  ....@ L\.T>.....
00000010: 03 11 18 0F 09 6E 69 6D  62 6C 65 2D 62 6C 65 70  .....nimble-blep
00000020: 72 70 68 02 0A 04 B0 11  93                       rph......
[ timestamp=35092630, channel=2113003374, rssi=-35, direction=0, connection_handle=0, is_crc_valid=True, relative_timestamp=0, decrypted=False ]

00000000: D6 BE 89 8E 40 20 4C 5C  84 54 3E C2 02 01 06 03  ....@ L\.T>.....
00000010: 03 11 18 0F 09 6E 69 6D  62 6C 65 2D 62 6C 65 70  .....nimble-blep
00000020: 72 70 68 02 0A 04 B0 11  93                       rph......
[ timestamp=35160381, channel=2113003374, rssi=-35, direction=0, connection_handle=0, is_crc_valid=True, relative_timestamp=0, decrypted=False ]

00000000: D6 BE 89 8E 40 20 4C 5C  84 54 3E C2 02 01 06 03  ....@ L\.T>.....
00000010: 03 11 18 0F 09 6E 69 6D  62 6C 65 2D 62 6C 65 70  .....nimble-blep
00000020: 72 70 68 02 0A 04 B0 11  93                       rph......
[ timestamp=35223524, channel=2113003374, rssi=-36, direction=0, connection_handle=0, is_crc_valid=True, relative_timestamp=0, decrypted=False ]

00000000: D6 BE 89 8E 40 20 4C 5C  84 54 3E C2 02 01 06 03  ....@ L\.T>.....
00000010: 03 11 18 0F 09 6E 69 6D  62 6C 65 2D 62 6C 65 70  .....nimble-blep
00000020: 72 70 68 02 0A 04 B0 11  93                       rph......
[ timestamp=35291123, channel=2113003374, rssi=-35, direction=0, connection_handle=0, is_crc_valid=True, relative_timestamp=0, decrypted=False ]

00000000: D6 BE 89 8E 40 20 4C 5C  84 54 3E C2 02 01 06 03  ....@ L\.T>.....
00000010: 03 11 18 0F 09 6E 69 6D  62 6C 65 2D 62 6C 65 70  .....nimble-blep
00000020: 72 70 68 02 0A 04 B0 11  93                       rph......
/usr/lib/python3.11/site-packages/scapy/base_classes.py:324: SyntaxWarning: Packet 'ForceRejoinReq' has a duplicated 'RFU' field ! If you are using several ConditionalFields, have a look at MultipleTypeField instead ! This will become a SyntaxError in a future version of Scapy !
  warnings.warn(war_msg, SyntaxWarning)
[ timestamp=16031364, channel=2113003374, rssi=-35, direction=0, connection_handle=0, is_crc_valid=True, relative_timestamp=0, decrypted=False ]
[ timestamp=16091882, channel=2113003374, rssi=-36, direction=0, connection_handle=0, is_crc_valid=True, relative_timestamp=0, decrypted=False ]
[0m<[0m[31m[1mBTLE[0m  [33m[1maccess_addr[0m[0m=[0m[35m[1m0x8e89bed6[0m [33m[1mcrc[0m[0m=[0m[35m[1m0xb01193[0m [0m|[0m[0m<[0m[31m[1mBTLE_ADV[0m  [33m[1mRxAdd[0m[0m=[0m[35m[1mpublic[0m [33m[1mTxAdd[0m[0m=[0m[35m[1mrandom[0m [33m[1mRFU[0m[0m=[0m[35m[1m0[0m [33m[1mPDU_type[0m[0m=[0m[35m[1mADV_IND[0m [33m[1munused[0m[0m=[0m[35m[1m0[0m [33m[1mLength[0m[0m=[0m[35m[1m0x20[0m [0m|[0m[0m<[0m[31m[1mBTLE_ADV_IND[0m  [33m[1mAdvA[0m[0m=[0m[35m[1mc2:3e:54:84:5c:4c[0m [33m[1mdata[0m[0m=[0m[35m[1m[[0m<[0m[31m[1mEIR_Hdr[0m  [33m[1mlen[0m[0m=[0m[35m[1m2[0m [33m[1mtype[0m[0m=[0m[35m[1mflags[0m [0m|[0m[0m<[0m[31m[1mEIR_Flags[0m  [33m[1mflags[0m[0m=[0m[35m[1mgeneral_disc_mode+br_edr_not_supported[0m [0m|[0m[0m>[0m[0m>[0m, [0m<[0m[31m[1mEIR_Hdr[0m  [33m[1mlen[0m[0m=[0m[35m[1m3[0m [33m[1mtype[0m[0m=[0m[35m[1mcomplete_list_16_bit_svc_uuids[0m [0m|[0m[0m<[0m[31m[1mEIR_CompleteList16BitServiceUUIDs[0m  [33m[1msvc_uuids[0m[0m=[0m[35m[1m[0x1811][0m [0m|[0m[0m>[0m[0m>[0m, [0m<[0m[31m[1mEIR_Hdr[0m  [33m[1mlen[0m[0m=[0m[35m[1m15[0m [33m[1mtype[0m[0m=[0m[35m[1mcomplete_local_name[0m [0m|[0m[0m<[0m[31m[1mEIR_CompleteLocalName[0m  [33m[1mlocal_name[0m[0m=[0m[35m[1m'nimble-bleprph'[0m [0m|[0m[0m>[0m[0m>[0m, [0m<[0m[31m[1mEIR_Hdr[0m  [33m[1mlen[0m[0m=[0m[35m[1m2[0m [33m[1mtype[0m[0m=[0m[35m[1mtx_power_level[0m [0m|[0m[0m<[0m[31m[1mEIR_TX_Power_Level[0m  [33m[1mlevel[0m[0m=[0m[35m[1m4[0m [0m|[0m[0m>[0m[0m>[0m][0m [0m|[0m[0m>[0m[0m>[0m[0m>[0m

[ timestamp=16160305, channel=2113003374, rssi=-36, direction=0, connection_handle=0, is_crc_valid=True, relative_timestamp=0, decrypted=False ]
[0m<[0m[31m[1mBTLE[0m  [33m[1maccess_addr[0m[0m=[0m[35m[1m0x8e89bed6[0m [33m[1mcrc[0m[0m=[0m[35m[1m0xb01193[0m [0m|[0m[0m<[0m[31m[1mBTLE_ADV[0m  [33m[1mRxAdd[0m[0m=[0m[35m[1mpublic[0m [33m[1mTxAdd[0m[0m=[0m[35m[1mrandom[0m [33m[1mRFU[0m[0m=[0m[35m[1m0[0m [33m[1mPDU_type[0m[0m=[0m[35m[1mADV_IND[0m [33m[1munused[0m[0m=[0m[35m[1m0[0m [33m[1mLength[0m[0m=[0m[35m[1m0x20[0m [0m|[0m[0m<[0m[31m[1mBTLE_ADV_IND[0m  [33m[1mAdvA[0m[0m=[0m[35m[1mc2:3e:54:84:5c:4c[0m [33m[1mdata[0m[0m=[0m[35m[1m[[0m<[0m[31m[1mEIR_Hdr[0m  [33m[1mlen[0m[0m=[0m[35m[1m2[0m [33m[1mtype[0m[0m=[0m[35m[1mflags[0m [0m|[0m[0m<[0m[31m[1mEIR_Flags[0m  [33m[1mflags[0m[0m=[0m[35m[1mgeneral_disc_mode+br_edr_not_supported[0m [0m|[0m[0m>[0m[0m>[0m, [0m<[0m[31m[1mEIR_Hdr[0m  [33m[1mlen[0m[0m=[0m[35m[1m3[0m [33m[1mtype[0m[0m=[0m[35m[1mcomplete_list_16_bit_svc_uuids[0m [0m|[0m[0m<[0m[31m[1mEIR_CompleteList16BitServiceUUIDs[0m  [33m[1msvc_uuids[0m[0m=[0m[35m[1m[0x1811][0m [0m|[0m[0m>[0m[0m>[0m, [0m<[0m[31m[1mEIR_Hdr[0m  [33m[1mlen[0m[0m=[0m[35m[1m15[0m [33m[1mtype[0m[0m=[0m[35m[1mcomplete_local_name[0m [0m|[0m[0m<[0m[31m[1mEIR_CompleteLocalName[0m  [33m[1mlocal_name[0m[0m=[0m[35m[1m'nimble-bleprph'[0m [0m|[0m[0m>[0m[0m>[0m, [0m<[0m[31m[1mEIR_Hdr[0m  [33m[1mlen[0m[0m=[0m[35m[1m2[0m [33m[1mtype[0m[0m=[0m[35m[1mtx_power_level[0m [0m|[0m[0m<[0m[31m[1mEIR_TX_Power_Level[0m  [33m[1mlevel[0m[0m=[0m[35m[1m4[0m [0m|[0m[0m>[0m[0m>[0m][0m [0m|[0m[0m>[0m[0m>[0m[0m>[0m

[ timestamp=16221556, channel=2113003374, rssi=-36, direction=0, connection_handle=0, is_crc_valid=True, relative_timestamp=0, decrypted=False ]
[0m<[0m[31m[1mBTLE[0m  [33m[1maccess_addr[0m[0m=[0m[35m[1m0x8e89bed6[0m [33m[1mcrc[0m[0m=[0m[35m[1m0xb01193[0m [0m|[0m[0m<[0m[31m[1mBTLE_ADV[0m  [33m[1mRxAdd[0m[0m=[0m[35m[1mpublic[0m [33m[1mTxAdd[0m[0m=[0m[35m[1mrandom[0m [33m[1mRFU[0m[0m=[0m[35m[1m0[0m [33m[1mPDU_type[0m[0m=[0m[35m[1mADV_IND[0m [33m[1munused[0m[0m=[0m[35m[1m0[0m [33m[1mLength[0m[0m=[0m[35m[1m0x20[0m [0m|[0m[0m<[0m[31m[1mBTLE_ADV_IND[0m  [33m[1mAdvA[0m[0m=[0m[35m[1mc2:3e:54:84:5c:4c[0m [33m[1mdata[0m[0m=[0m[35m[1m[[0m<[0m[31m[1mEIR_Hdr[0m  [33m[1mlen[0m[0m=[0m[35m[1m2[0m [33m[1mtype[0m[0m=[0m[35m[1mflags[0m [0m|[0m[0m<[0m[31m[1mEIR_Flags[0m  [33m[1mflags[0m[0m=[0m[35m[1mgeneral_disc_mode+br_edr_not_supported[0m [0m|[0m[0m>[0m[0m>[0m, [0m<[0m[31m[1mEIR_Hdr[0m  [33m[1mlen[0m[0m=[0m[35m[1m3[0m [33m[1mtype[0m[0m=[0m[35m[1mcomplete_list_16_bit_svc_uuids[0m [0m|[0m[0m<[0m[31m[1mEIR_CompleteList16BitServiceUUIDs[0m  [33m[1msvc_uuids[0m[0m=[0m[35m[1m[0x1811][0m [0m|[0m[0m>[0m[0m>[0m, [0m<[0m[31m[1mEIR_Hdr[0m  [33m[1mlen[0m[0m=[0m[35m[1m15[0m [33m[1mtype[0m[0m=[0m[35m[1mcomplete_local_name[0m [0m|[0m[0m<[0m[31m[1mEIR_CompleteLocalName[0m  [33m[1mlocal_name[0m[0m=[0m[35m[1m'nimble-bleprph'[0m [0m|[0m[0m>[0m[0m>[0m, [0m<[0m[31m[1mEIR_Hdr[0m  [33m[1mlen[0m[0m=[0m[35m[1m2[0m [33m[1mtype[0m[0m=[0m[35m[1mtx_power_level[0m [0m|[0m[0m<[0m[31m[1mEIR_TX_Power_Level[0m  [33m[1mlevel[0m[0m=[0m[35m[1m4[0m [0m|[0m[0m>[0m[0m>[0m][0m [0m|[0m[0m>[0m[0m>[0m[0m>[0m

[ timestamp=16290437, channel=2113003374, rssi=-36, direction=0, connection_handle=0, is_crc_valid=True, relative_timestamp=0, decrypted=False ]
[0m<[0m[31m[1mBTLE[0m  [33m[1maccess_addr[0m[0m=[0m[35m[1m0x8e89bed6[0m [33m[1mcrc[0m[0m=[0m[35m[1m0xb01193[0m [0m|[0m[0m<[0m[31m[1mBTLE_ADV[0m  [33m[1mRxAdd[0m[0m=[0m[35m[1mpublic[0m [33m[1mTxAdd[0m[0m=[0m[35m[1mrandom[0m [33m[1mRFU[0m[0m=[0m[35m[1m0[0m [33m[1mPDU_type[0m[0m=[0m[35m[1mADV_IND[0m [33m[1munused[0m[0m=[0m[35m[1m0[0m [33m[1mLength[0m[0m=[0m[35m[1m0x20[0m [0m|[0m[0m<[0m[31m[1mBTLE_ADV_IND[0m  [33m[1mAdvA[0m[0m=[0m[35m[1mc2:3e:54:84:5c:4c[0m [33m[1mdata[0m[0m=[0m[35m[1m[[0m<[0m[31m[1mEIR_Hdr[0m  [33m[1mlen[0m[0m=[0m[35m[1m2[0m [33m[1mtype[0m[0m=[0m[35m[1mflags[0m [0m|[0m[0m<[0m[31m[1mEIR_Flags[0m  [33m[1mflags[0m[0m=[0m[35m[1mgeneral_disc_mode+br_edr_not_supported[0m [0m|[0m[0m>[0m[0m>[0m, [0m<[0m[31m[1mEIR_Hdr[0m  [33m[1mlen[0m[0m=[0m[35m[1m3[0m [33m[1mtype[0m[0m=[0m[35m[1mcomplete_list_16_bit_svc_uuids[0m [0m|[0m[0m<[0m[31m[1mEIR_CompleteList16BitServiceUUIDs[0m  [33m[1msvc_uuids[0m[0m=[0m[35m[1m[0x1811][0m [0m|[0m[0m>[0m[0m>[0m, [0m<[0m[31m[1mEIR_Hdr[0m  [33m[1mlen[0m[0m=[0m[35m[1m15[0m [33m[1mtype[0m[0m=[0m[35m[1mcomplete_local_name[0m [0m|[0m[0m<[0m[31m[1mEIR_CompleteLocalName[0m  [33m[1mlocal_name[0m[0m=[0m[35m[1m'nimble-bleprph'[0m [0m|[0m[0m>[0m[0m>[0m, [0m<[0m[31m[1mEIR_Hdr[0m  [33m[1mlen[0m[0m=[0m[35m[1m2[0m [33m[1mtype[0m[0m=[0m[35m[1mtx_power_level[0m [0m|[0m[0m<[0m[31m[1mEIR_TX_Power_Level[0m  [33m[1mlevel[0m[0m=[0m[35m[1m4[0m [0m|[0m[0m>[0m[0m>[0m][0m [0m|[0m[0m>[0m[0m>[0m[0m>[0m

[ timestamp=16352115, channel=2113003374, rssi=-36, direction=0, connection_handle=0, is_crc_valid=True, relative_timestamp=0, decrypted=False ]
[0m<[0m[31m[1mBTLE[0m  [33m[1maccess_addr[0m[0m=[0m[35m[1m0x8e89bed6[0m [33m[1mcrc[0m[0m=[0m[35m[1m0xb01193[0m [0m|[0m[0m<[0m[31m[1mBTLE_ADV[0m  [33m[1mRxAdd[0m[0m=[0m[35m[1mpublic[0m [33m[1mTxAdd[0m[0m=[0m[35m[1mrandom[0m [33m[1mRFU[0m[0m=[0m[35m[1m0[0m [33m[1mPDU_type[0m[0m=[0m[35m[1mADV_IND[0m [33m[1munused[0m[0m=[0m[35m[1m0[0m [33m[1mLength[0m[0m=[0m[35m[1m0x20[0m [0m|[0m[0m<[0m[31m[1mBTLE_ADV_IND[0m  [33m[1mAdvA[0m[0m=[0m[35m[1mc2:3e:54:84:5c:4c[0m [33m[1mdata[0m[0m=[0m[35m[1m[[0m<[0m[31m[1mEIR_Hdr[0m  [33m[1mlen[0m[0m=[0m[35m[1m2[0m [33m[1mtype[0m[0m=[0m[35m[1mflags[0m [0m|[0m[0m<[0m[31m[1mEIR_Flags[0m  [33m[1mflags[0m[0m=[0m[35m[1mgeneral_disc_mode+br_edr_not_supported[0m [0m|[0m[0m>[0m[0m>[0m, [0m<[0m[31m[1mEIR_Hdr[0m  [33m[1mlen[0m[0m=[0m[35m[1m3[0m [33m[1mtype[0m[0m=[0m[35m[1mcomplete_list_16_bit_svc_uuids[0m [0m|[0m[0m<[0m[31m[1mEIR_CompleteList16BitServiceUUIDs[0m  [33m[1msvc_uuids[0m[0m=[0m[35m[1m[0x1811][0m [0m|[0m[0m>[0m[0m>[0m, [0m<[0m[31m[1mEIR_Hdr[0m  [33m[1mlen[0m[0m=[0m[35m[1m15[0m [33m[1mtype[0m[0m=[0m[35m[1mcomplete_local_name[0m [0m|[0m[0m<[0m[31m[1mEIR_CompleteLocalName[0m  [33m[1mlocal_name[0m[0m=[0m[35m[1m'nimble-bleprph'[0m [0m|[0m[0m>[0m[0m>[0m, [0m<[0m[31m[1mEIR_Hdr[0m  [33m[1mlen[0m[0m=[0m[35m[1m2[0m [33m[1mtype[0m[0m=[0m[35m[1mtx_power_level[0m [0m|[0m[0m<[0m[31m[1mEIR_TX_Power_Level[0m  [33m[1mlevel[0m[0m=[0m[35m[1m4[0m [0m|[0m[0m>[0m[0m>[0m][0m [0m|[0m[0m>[0m[0m>[0m[0m>[0m

[ timestamp=16417913, channel=2113003374, rssi=-36, direction=0, connection_handle=0, is_crc_valid=True, relative_timestamp=0, decrypted=False ]
[0m<[0m[31m[1mBTLE[0m  [33m[1maccess_addr[0m[0m=[0m[35m[1m0x8e89bed6[0m [33m[1mcrc[0m[0m=[0m[35m[1m0xb01193[0m [0m|[0m[0m<[0m[31m[1mBTLE_ADV[0m  [33m[1mRxAdd[0m[0m=[0m[35m[1mpublic[0m [33m[1mTxAdd[0m[0m=[0m[35m[1mrandom[0m [33m[1mRFU[0m[0m=[0m[35m[1m0[0m [33m[1mPDU_type[0m[0m=[0m[35m[1mADV_IND[0m [33m[1munused[0m[0m=[0m[35m[1m0[0m [33m[1mLength[0m[0m=[0m[35m[1m0x20[0m [0m|[0m[0m<[0m[31m[1mBTLE_ADV_IND[0m  [33m[1mAdvA[0m[0m=[0m[35m[1mc2:3e:54:84:5c:4c[0m [33m[1mdata[0m[0m=[0m[35m[1m[[0m<[0m[31m[1mEIR_Hdr[0m  [33m[1mlen[0m[0m=[0m[35m[1m2[0m [33m[1mtype[0m[0m=[0m[35m[1mflags[0m [0m|[0m[0m<[0m[31m[1mEIR_Flags[0m  [33m[1mflags[0m[0m=[0m[35m[1mgeneral_disc_mode+br_edr_not_supported[0m [0m|[0m[0m>[0m[0m>[0m, [0m<[0m[31m[1mEIR_Hdr[0m  [33m[1mlen[0m[0m=[0m[35m[1m3[0m [33m[1mtype[0m[0m=[0m[35m[1mcomplete_list_16_bit_svc_uuids[0m [0m|[0m[0m<[0m[31m[1mEIR_CompleteList16BitServiceUUIDs[0m  [33m[1msvc_uuids[0m[0m=[0m[35m[1m[0x1811][0m [0m|[0m[0m>[0m[0m>[0m, [0m<[0m[31m[1mEIR_Hdr[0m  [33m[1mlen[0m[0m=[0m[35m[1m15[0m [33m[1mtype[0m[0m=[0m[35m[1mcomplete_local_name[0m [0m|[0m[0m<[0m[31m[1mEIR_CompleteLocalName[0m  [33m[1mlocal_name[0m[0m=[0m[35m[1m'nimble-bleprph'[0m [0m|[0m[0m>[0m[0m>[0m, [0m<[0m[31m[1mEIR_Hdr[0m  [33m[1mlen[0m[0m=[0m[35m[1m2[0m [33m[1mtype[0m[0m=[0m[35m[1mtx_power_level[0m [0m|[0m[0m<[0m[31m[1mEIR_TX_Power_Level[0m  [33m[1mlevel[0m[0m=[0m[35m[1m4[0m [0m|[0m[0m>[0m[0m>[0m][0m [0m|[0m[0m>[0m[0m>[0m[0m>[0m

[ timestamp=16487526, channel=2113003374, rssi=-36, direction=0, connection_handle=0, is_crc_valid=True, relative_timestamp=0, decrypted=False ]
[0m<[0m[31m[1mBTLE[0m  [33m[1maccess_addr[0m[0m=[0m[35m[1m0x8e89bed6[0m [33m[1mcrc[0m[0m=[0m[35m[1m0xb01193[0m [0m|[0m[0m<[0m[31m[1mBTLE_ADV[0m  [33m[1mRxAdd[0m[0m=[0m[35m[1mpublic[0m [33m[1mTxAdd[0m[0m=[0m[35m[1mrandom[0m [33m[1mRFU[0m[0m=[0m[35m[1m0[0m [33m[1mPDU_type[0m[0m=[0m[35m[1mADV_IND[0m [33m[1munused[0m[0m=[0m[35m[1m0[0m [33m[1mLength[0m[0m=[0m[35m[1m0x20[0m [0m|[0m[0m<[0m[31m[1mBTLE_ADV_IND[0m  [33m[1mAdvA[0m[0m=[0m[35m[1mc2:3e:54:84:5c:4c[0m [33m[1mdata[0m[0m=[0m[35m[1m[[0m<[0m[31m[1mEIR_Hdr[0m  [33m[1mlen[0m[0m=[0m[35m[1m2[0m [33m[1mtype[0m[0m=[0m[35m[1mflags[0m [0m|[0m[0m<[0m[31m[1mEIR_Flags[0m  [33m[1mflags[0m[0m=[0m[35m[1mgeneral_disc_mode+br_edr_not_supported[0m [0m|[0m[0m>[0m[0m>[0m, [0m<[0m[31m[1mEIR_Hdr[0m  [33m[1mlen[0m[0m=[0m[35m[1m3[0m [33m[1mtype[0m[0m=[0m[35m[1mcomplete_list_16_bit_svc_uuids[0m [0m|[0m[0m<[0m[31m[1mEIR_CompleteList16BitServiceUUIDs[0m  [33m[1msvc_uuids[0m[0m=[0m[35m[1m[0x1811][0m [0m|[0m[0m>[0m[0m>[0m, [0m<[0m[31m[1mEIR_Hdr[0m  [33m[1mlen[0m[0m=[0m[35m[1m15[0m [33m[1mtype[0m[0m=[0m[35m[1mcomplete_local_name[0m [0m|[0m[0m<[0m[31m[1mEIR_CompleteLocalName[0m  [33m[1mlocal_name[0m[0m=[0m[35m[1m'nimble-bleprph'[0m [0m|[0m[0m>[0m[0m>[0m, [0m<[0m[31m[1mEIR_Hdr[0m  [33m[1mlen[0m[0m=[0m[35m[1m2[0m [33m[1mtype[0m[0m=[0m[35m[1mtx_power_level[0m [0m|[0m[0m<[0m[31m[1mEIR_TX_Power_Level[0m  [33m[1mlevel[0m[0m=[0m[35m[1m4[0m [0m|[0m[0m>[0m[0m>[0m][0m [0m|[0m[0m>[0m[0m>[0m[0m>[0m

[ timestamp=16551585, channel=2113003374, rssi=-36, direction=0, connection_handle=0, is_crc_valid=True, relative_timestamp=0, decrypted=False ]
[0m<[0m[31m[1mBTLE[0m  [33m[1maccess_addr[0m[0m=[0m[35m[1m0x8e89bed6[0m [33m[1mcrc[0m[0m=[0m[35m[1m0xb01193[0m [0m|[0m[0m<[0m[31m[1mBTLE_ADV[0m  [33m[1mRxAdd[0m[0m=[0m[35m[1mpublic[0m [33m[1mTxAdd[0m[0m=[0m[35m[1mrandom[0m [33m[1mRFU[0m[0m=[0m[35m[1m0[0m [33m[1mPDU_type[0m[0m=[0m[35m[1mADV_IND[0m [33m[1munused[0m[0m=[0m[35m[1m0[0m [33m[1mLength[0m[0m=[0m[35m[1m0x20[0m [0m|[0m[0m<[0m[31m[1mBTLE_ADV_IND[0m  [33m[1mAdvA[0m[0m=[0m[35m[1mc2:3e:54:84:5c:4c[0m [33m[1mdata[0m[0m=[0m[35m[1m[[0m<[0m[31m[1mEIR_Hdr[0m  [33m[1mlen[0m[0m=[0m[35m[1m2[0m [33m[1mtype[0m[0m=[0m[35m[1mflags[0m [0m|[0m[0m<[0m[31m[1mEIR_Flags[0m  [33m[1mflags[0m[0m=[0m[35m[1mgeneral_disc_mode+br_edr_not_supported[0m [0m|[0m[0m>[0m[0m>[0m, [0m<[0m[31m[1mEIR_Hdr[0m  [33m[1mlen[0m[0m=[0m[35m[1m3[0m [33m[1mtype[0m[0m=[0m[35m[1mcomplete_list_16_bit_svc_uuids[0m [0m|[0m[0m<[0m[31m[1mEIR_CompleteList16BitServiceUUIDs[0m  [33m[1msvc_uuids[0m[0m=[0m[35m[1m[0x1811][0m [0m|[0m[0m>[0m[0m>[0m, [0m<[0m[31m[1mEIR_Hdr[0m  [33m[1mlen[0m[0m=[0m[35m[1m15[0m [33m[1mtype[0m[0m=[0m[35m[1mcomplete_local_name[0m [0m|[0m[0m<[0m[31m[1mEIR_CompleteLocalName[0m  [33m[1mlocal_name[0m[0m=[0m[35m[1m'nimble-bleprph'[0m [0m|[0m[0m>[0m[0m>[0m, [0m<[0m[31m[1mEIR_Hdr[0m  [33m[1mlen[0m[0m=[0m[35m[1m2[0m [33m[1mtype[0m[0m=[0m[35m[1mtx_power_level[0m [0m|[0m[0m<[0m[31m[1mEIR_TX_Power_Level[0m  [33m[1mlevel[0m[0m=[0m[35m[1m4[0m [0m|[0m[0m>[0m[0m>[0m][0m [0m|[0m[0m>[0m[0m>[0m[0m>[0m

[ timestamp=16617291, channel=2113003374, rssi=-36, direction=0, connection_handle=0, is_crc_valid=True, relative_timestamp=0, decrypted=False ]
[0m<[0m[31m[1mBTLE[0m  [33m[1maccess_addr[0m[0m=[0m[35m[1m0x8e89bed6[0m [33m[1mcrc[0m[0m=[0m[35m[1m0xb01193[0m [0m|[0m[0m<[0m[31m[1mBTLE_ADV[0m  [33m[1mRxAdd[0m[0m=[0m[35m[1mpublic[0m [33m[1mTxAdd[0m[0m=[0m[35m[1mrandom[0m [33m[1mRFU[0m[0m=[0m[35m[1m0[0m [33m[1mPDU_type[0m[0m=[0m[35m[1mADV_IND[0m [33m[1munused[0m[0m=[0m[35m[1m0[0m [33m[1mLength[0m[0m=[0m[35m[1m0x20[0m [0m|[0m[0m<[0m[31m[1mBTLE_ADV_IND[0m  [33m[1mAdvA[0m[0m=[0m[35m[1mc2:3e:54:84:5c:4c[0m [33m[1mdata[0m[0m=[0m[35m[1m[[0m<[0m[31m[1mEIR_Hdr[0m  [33m[1mlen[0m[0m=[0m[35m[1m2[0m [33m[1mtype[0m[0m=[0m[35m[1mflags[0m [0m|[0m[0m<[0m[31m[1mEIR_Flags[0m  [33m[1mflags[0m[0m=[0m[35m[1mgeneral_disc_mode+br_edr_not_supported[0m [0m|[0m[0m>[0m[0m>[0m, [0m<[0m[31m[1mEIR_Hdr[0m  [33m[1mlen[0m[0m=[0m[35m[1m3[0m [33m[1mtype[0m[0m=[0m[35m[1mcomplete_list_16_bit_svc_uuids[0m [0m|[0m[0m<[0m[31m[1mEIR_CompleteList16BitServiceUUIDs[0m  [33m[1msvc_uuids[0m[0m=[0m[35m[1m[0x1811][0m [0m|[0m[0m>[0m[0m>[0m, [0m<[0m[31m[1mEIR_Hdr[0m  [33m[1mlen[0m[0m=[0m[35m[1m15[0m [33m[1mtype[0m[0m=[0m[35m[1mcomplete_local_name[0m [0m|[0m[0m<[0m[31m[1mEIR_CompleteLocalName[0m  [33m[1mlocal_name[0m[0m=[0m[35m[1m'nimble-bleprph'[0m [0m|[0m[0m>[0m[0m>[0m, [0m<[0m[31m[1mEIR_Hdr[0m  [33m[1mlen[0m[0m=[0m[35m[1m2[0m [33m[1mtype[0m[0m=[0m[35m[1mtx_power_level[0m [0m|[0m[0m<[0m[31m[1mEIR_TX_Power_Level[0m  [33m[1mlevel[0m[0m=[0m[35m[1m4[0m [0m|[0m[0m>[0m[0m>[0m][0m [0m|[0m[0m>[0m[0m>[0m[0m>[0m

[ timestamp=16684249, channel=2113003374, rssi=-36, direction=0, connection_handle=0, is_crc_valid=True, relative_timestamp=0, decrypted=False ]
[0m<[0m[31m[1mBTLE[0m  [33m[1maccess_addr[0m[0m=[0m[35m[1m0x8e89bed6[0m [33m[1mcrc[0m[0m=[0m[35m[1m0xb01193[0m [0m|[0m[0m<[0m[31m[1mBTLE_ADV[0m  [33m[1mRxAdd[0m[0m=[0m[35m[1mpublic[0m [33m[1mTxAdd[0m[0m=[0m[35m[1mrandom[0m [33m[1mRFU[0m[0m=[0m[35m[1m0[0m [33m[1mPDU_type[0m[0m=[0m[35m[1mADV_IND[0m [33m[1munused[0m[0m=[0m[35m[1m0[0m [33m[1mLength[0m[0m=[0m[35m[1m0x20[0m [0m|[0m[0m<[0m[31m[1mBTLE_ADV_IND[0m  [33m[1mAdvA[0m[0m=[0m[35m[1mc2:3e:54:84:5c:4c[0m [33m[1mdata[0m[0m=[0m[35m[1m[[0m<[0m[31m[1mEIR_Hdr[0m  [33m[1mlen[0m[0m=[0m[35m[1m2[0m [33m[1mtype[0m[0m=[0m[35m[1mflags[0m [0m|[0m[0m<[0m[31m[1mEIR_Flags[0m  [33m[1mflags[0m[0m=[0m[35m[1mgeneral_disc_mode+br_edr_not_supported[0m [0m|[0m[0m>[0m[0m>[0m, [0m<[0m[31m[1mEIR_Hdr[0m  [33m[1mlen[0m[0m=[0m[35m[1m3[0m [33m[1mtype[0m[0m=[0m[35m[1mcomplete_list_16_bit_svc_uuids[0m [0m|[0m[0m<[0m[31m[1mEIR_CompleteList16BitServiceUUIDs[0m  [33m[1msvc_uuids[0m[0m=[0m[35m[1m[0x1811][0m [0m|[0m[0m>[0m[0m>[0m, [0m<[0m[31m[1mEIR_Hdr[0m  [33m[1mlen[0m[0m=[0m[35m[1m15[0m [33m[1mtype[0m[0m=[0m[35m[1mcomplete_local_name[0m [0m|[0m[0m<[0m[31m[1mEIR_CompleteLocalName[0m  [33m[1mlocal_name[0m[0m=[0m[35m[1m'nimble-bleprph'[0m [0m|[0m[0m>[0m[0m>[0m, [0m<[0m[31m[1mEIR_Hdr[0m  [33m[1mlen[0m[0m=[0m[35m[1m2[0m [33m[1mtype[0m[0m=[0m[35m[1mtx_power_level[0m [0m|[0m[0m<[0m[31m[1mEIR_TX_Power_Level[0m  [33m[1mlevel[0m[0m=[0m[35m[1m4[0m [0m|[0m[0m>[0m[0m>[0m][0m [0m|[0m[0m>[0m[0m>[0m[0m>[0m

[ timestamp=16753221, channel=2113003374, rssi=-36, direction=0, connection_handle=0, is_crc_valid=True, relative_timestamp=0, decrypted=False ]
[0m<[0m[31m[1mBTLE[0m  [33m[1maccess_addr[0m[0m=[0m[35m[1m0x8e89bed6[0m [33m[1mcrc[0m[0m=[0m[35m[1m0xb01193[0m [0m|[0m[0m<[0m[31m[1mBTLE_ADV[0m  [33m[1mRxAdd[0m[0m=[0m[35m[1mpublic[0m [33m[1mTxAdd[0m[0m=[0m[35m[1mrandom[0m [33m[1mRFU[0m[0m=[0m[35m[1m0[0m [33m[1mPDU_type[0m[0m=[0m[35m[1mADV_IND[0m [33m[1munused[0m[0m=[0m[35m[1m0[0m [33m[1mLength[0m[0m=[0m[35m[1m0x20[0m [0m|[0m[0m<[0m[31m[1mBTLE_ADV_IND[0m  [33m[1mAdvA[0m[0m=[0m[35m[1mc2:3e:54:84:5c:4c[0m [33m[1mdata[0m[0m=[0m[35m[1m[[0m<[0m[31m[1mEIR_Hdr[0m  [33m[1mlen[0m[0m=[0m[35m[1m2[0m [33m[1mtype[0m[0m=[0m[35m[1mflags[0m [0m|[0m[0m<[0m[31m[1mEIR_Flags[0m  [33m[1mflags[0m[0m=[0m[35m[1mgeneral_disc_mode+br_edr_not_supported[0m [0m|[0m[0m>[0m[0m>[0m, [0m<[0m[31m[1mEIR_Hdr[0m  [33m[1mlen[0m[0m=[0m[35m[1m3[0m [33m[1mtype[0m[0m=[0m[35m[1mcomplete_list_16_bit_svc_uuids[0m [0m|[0m[0m<[0m[31m[1mEIR_CompleteList16BitServiceUUIDs[0m  [33m[1msvc_uuids[0m[0m=[0m[35m[1m[0x1811][0m [0m|[0m[0m>[0m[0m>[0m, [0m<[0m[31m[1mEIR_Hdr[0m  [33m[1mlen[0m[0m=[0m[35m[1m15[0m [33m[1mtype[0m[0m=[0m[35m[1mcomplete_local_name[0m [0m|[0m[0m<[0m[31m[1mEIR_CompleteLocalName[0m  [33m[1mlocal_name[0m[0m=[0m[35m[1m'nimble-bleprph'[0m [0m|[0m[0m>[0m[0m>[0m, [0m<[0m[31m[1mEIR_Hdr[0m  [33m[1mlen[0m[0m=[0m[35m[1m2[0m [33m[1mtype[0m[0m=[0m[35m[1mtx_power_level[0m [0m|[0m[0m<[0m[31m[1mEIR_TX_Power_Level[0m  [33m[1mlevel[0m[0m=[0m[35m[1m4[0m [0m|[0m[0m>[0m[0m>[0m][0m [0m|[0m[0m>[0m[0m>[0m[0m>[0m

[ timestamp=16821889, channel=2113003374, rssi=-36, direction=0, connection_handle=0, is_crc_valid=True, relative_timestamp=0, decrypted=False ]
[0m<[0m[31m[1mBTLE[0m  [33m[1maccess_addr[0m[0m=[0m[35m[1m0x8e89bed6[0m [33m[1mcrc[0m[0m=[0m[35m[1m0xb01193[0m [0m|[0m[0m<[0m[31m[1mBTLE_ADV[0m  [33m[1mRxAdd[0m[0m=[0m[35m[1mpublic[0m [33m[1mTxAdd[0m[0m=[0m[35m[1mrandom[0m [33m[1mRFU[0m[0m=[0m[35m[1m0[0m [33m[1mPDU_type[0m[0m=[0m[35m[1mADV_IND[0m [33m[1munused[0m[0m=[0m[35m[1m0[0m [33m[1mLength[0m[0m=[0m[35m[1m0x20[0m [0m|[0m[0m<[0m[31m[1mBTLE_ADV_IND[0m  [33m[1mAdvA[0m[0m=[0m[35m[1mc2:3e:54:84:5c:4c[0m [33m[1mdata[0m[0m=[0m[35m[1m[[0m<[0m[31m[1mEIR_Hdr[0m  [33m[1mlen[0m[0m=[0m[35m[1m2[0m [33m[1mtype[0m[0m=[0m[35m[1mflags[0m [0m|[0m[0m<[0m[31m[1mEIR_Flags[0m  [33m[1mflags[0m[0m=[0m[35m[1mgeneral_disc_mode+br_edr_not_supported[0m [0m|[0m[0m>[0m[0m>[0m, [0m<[0m[31m[1mEIR_Hdr[0m  [33m[1mlen[0m[0m=[0m[35m[1m3[0m [33m[1mtype[0m[0m=[0m[35m[1mcomplete_list_16_bit_svc_uuids[0m [0m|[0m[0m<[0m[31m[1mEIR_CompleteList16BitServiceUUIDs[0m  [33m[1msvc_uuids[0m[0m=[0m[35m[1m[0x1811][0m [0m|[0m[0m>[0m[0m>[0m, [0m<[0m[31m[1mEIR_Hdr[0m  [33m[1mlen[0m[0m=[0m[35m[1m15[0m [33m[1mtype[0m[0m=[0m[35m[1mcomplete_local_name[0m [0m|[0m[0m<[0m[31m[1mEIR_CompleteLocalName[0m  [33m[1mlocal_name[0m[0m=[0m[35m[1m'nimble-bleprph'[0m [0m|[0m[0m>[0m[0m>[0m, [0m<[0m[31m[1mEIR_Hdr[0m  [33m[1mlen[0m[0m=[0m[35m[1m2[0m [33m[1mtype[0m[0m=[0m[35m[1mtx_power_level[0m [0m|[0m[0m<[0m[31m[1mEIR_TX_Power_Level[0m  [33m[1mlevel[0m[0m=[0m[35m[1m4[0m [0m|[0m[0m>[0m[0m>[0m][0m [0m|[0m[0m>[0m[0m>[0m[0m>[0m

[ timestamp=16891044, channel=2113003374, rssi=-36, direction=0, connection_handle=0, is_crc_valid=True, relative_timestamp=0, decrypted=False ]
[0m<[0m[31m[1mBTLE[0m  [33m[1maccess_addr[0m[0m=[0m[35m[1m0x8e89bed6[0m [33m[1mcrc[0m[0m=[0m[35m[1m0xb01193[0m [0m|[0m[0m<[0m[31m[1mBTLE_ADV[0m  [33m[1mRxAdd[0m[0m=[0m[35m[1mpublic[0m [33m[1mTxAdd[0m[0m=[0m[35m[1mrandom[0m [33m[1mRFU[0m[0m=[0m[35m[1m0[0m [33m[1mPDU_type[0m[0m=[0m[35m[1mADV_IND[0m [33m[1munused[0m[0m=[0m[35m[1m0[0m [33m[1mLength[0m[0m=[0m[35m[1m0x20[0m [0m|[0m[0m<[0m[31m[1mBTLE_ADV_IND[0m  [33m[1mAdvA[0m[0m=[0m[35m[1mc2:3e:54:84:5c:4c[0m [33m[1mdata[0m[0m=[0m[35m[1m[[0m<[0m[31m[1mEIR_Hdr[0m  [33m[1mlen[0m[0m=[0m[35m[1m2[0m [33m[1mtype[0m[0m=[0m[35m[1mflags[0m [0m|[0m[0m<[0m[31m[1mEIR_Flags[0m  [33m[1mflags[0m[0m=[0m[35m[1mgeneral_disc_mode+br_edr_not_supported[0m [0m|[0m[0m>[0m[0m>[0m, [0m<[0m[31m[1mEIR_Hdr[0m  [33m[1mlen[0m[0m=[0m[35m[1m3[0m [33m[1mtype[0m[0m=[0m[35m[1mcomplete_list_16_bit_svc_uuids[0m [0m|[0m[0m<[0m[31m[1mEIR_CompleteList16BitServiceUUIDs[0m  [33m[1msvc_uuids[0m[0m=[0m[35m[1m[0x1811][0m [0m|[0m[0m>[0m[0m>[0m, [0m<[0m[31m[1mEIR_Hdr[0m  [33m[1mlen[0m[0m=[0m[35m[1m15[0m [33m[1mtype[0m[0m=[0m[35m[1mcomplete_local_name[0m [0m|[0m[0m<[0m[31m[1mEIR_CompleteLocalName[0m  [33m[1mlocal_name[0m[0m=[0m[35m[1m'nimble-bleprph'[0m [0m|[0m[0m>[0m[0m>[0m, [0m<[0m[31m[1mEIR_Hdr[0m  [33m[1mlen[0m[0m=[0m[35m[1m2[0m [33m[1mtype[0m[0m=[0m[35m[1mtx_power_level[0m [0m|[0m[0m<[0m[31m[1mEIR_TX_Power_Level[0m  [33m[1mlevel[0m[0m=[0m[35m[1m4[0m [0m|[0m[0m>[0m[0m>[0m][0m [0m|[0m[0m>[0m[0m>[0m[0m>[0m

[ timestamp=16955193, channel=2113003374, rssi=-36, direction=0, connection_handle=0, is_crc_valid=True, relative_timestamp=0, decrypted=False ]
[0m<[0m[31m[1mBTLE[0m  [33m[1maccess_addr[0m[0m=[0m[35m[1m0x8e89bed6[0m [33m[1mcrc[0m[0m=[0m[35m[1m0xb01193[0m [0m|[0m[0m<[0m[31m[1mBTLE_ADV[0m  [33m[1mRxAdd[0m[0m=[0m[35m[1mpublic[0m [33m[1mTxAdd[0m[0m=[0m[35m[1mrandom[0m [33m[1mRFU[0m[0m=[0m[35m[1m0[0m [33m[1mPDU_type[0m[0m=[0m[35m[1mADV_IND[0m [33m[1munused[0m[0m=[0m[35m[1m0[0m [33m[1mLength[0m[0m=[0m[35m[1m0x20[0m [0m|[0m[0m<[0m[31m[1mBTLE_ADV_IND[0m  [33m[1mAdvA[0m[0m=[0m[35m[1mc2:3e:54:84:5c:4c[0m [33m[1mdata[0m[0m=[0m[35m[1m[[0m<[0m[31m[1mEIR_Hdr[0m  [33m[1mlen[0m[0m=[0m[35m[1m2[0m [33m[1mtype[0m[0m=[0m[35m[1mflags[0m [0m|[0m[0m<[0m[31m[1mEIR_Flags[0m  [33m[1mflags[0m[0m=[0m[35m[1mgeneral_disc_mode+br_edr_not_supported[0m [0m|[0m[0m>[0m[0m>[0m, [0m<[0m[31m[1mEIR_Hdr[0m  [33m[1mlen[0m[0m=[0m[35m[1m3[0m [33m[1mtype[0m[0m=[0m[35m[1mcomplete_list_16_bit_svc_uuids[0m [0m|[0m[0m<[0m[31m[1mEIR_CompleteList16BitServiceUUIDs[0m  [33m[1msvc_uuids[0m[0m=[0m[35m[1m[0x1811][0m [0m|[0m[0m>[0m[0m>[0m, [0m<[0m[31m[1mEIR_Hdr[0m  [33m[1mlen[0m[0m=[0m[35m[1m15[0m [33m[1mtype[0m[0m=[0m[35m[1mcomplete_local_name[0m [0m|[0m[0m<[0m[31m[1mEIR_CompleteLocalName[0m  [33m[1mlocal_name[0m[0m=[0m[35m[1m'nimble-bleprph'[0m [0m|[0m[0m>[0m[0m>[0m, [0m<[0m[31m[1mEIR_Hdr[0m  [33m[1mlen[0m[0m=[0m[35m[1m2[0m [33m[1mtype[0m[0m=[0m[35m[1mtx_power_level[0m [0m|[0m[0m<[0m[31m[1mEIR_TX_Power_Level[0m  [33m[1mlevel[0m[0m=[0m[35m[1m4[0m [0m|[0m[0m>[0m[0m>[0m][0m [0m|[0m[0m>[0m[0m>[0m[0m>[0m

[ timestamp=17018977, channel=2113003374, rssi=-36, direction=0, connection_handle=0, is_crc_valid=True, relative_timestamp=0, decrypted=False ]
[0m<[0m[31m[1mBTLE[0m  [33m[1maccess_addr[0m[0m=[0m[35m[1m0x8e89bed6[0m [33m[1mcrc[0m[0m=[0m[35m[1m0xb01193[0m [0m|[0m[0m<[0m[31m[1mBTLE_ADV[0m  [33m[1mRxAdd[0m[0m=[0m[35m[1mpublic[0m [33m[1mTxAdd[0m[0m=[0m[35m[1mrandom[0m [33m[1mRFU[0m[0m=[0m[35m[1m0[0m [33m[1mPDU_type[0m[0m=[0m[35m[1mADV_IND[0m [33m[1munused[0m[0m=[0m[35m[1m0[0m [33m[1mLength[0m[0m=[0m[35m[1m0x20[0m [0m|[0m[0m<[0m[31m[1mBTLE_ADV_IND[0m  [33m[1mAdvA[0m[0m=[0m[35m[1mc2:3e:54:84:5c:4c[0m [33m[1mdata[0m[0m=[0m[35m[1m[[0m<[0m[31m[1mEIR_Hdr[0m  [33m[1mlen[0m[0m=[0m[35m[1m2[0m [33m[1mtype[0m[0m=[0m[35m[1mflags[0m [0m|[0m[0m<[0m[31m[1mEIR_Flags[0m  [33m[1mflags[0m[0m=[0m[35m[1mgeneral_disc_mode+br_edr_not_supported[0m [0m|[0m[0m>[0m[0m>[0m, [0m<[0m[31m[1mEIR_Hdr[0m  [33m[1mlen[0m[0m=[0m[35m[1m3[0m [33m[1mtype[0m[0m=[0m[35m[1mcomplete_list_16_bit_svc_uuids[0m [0m|[0m[0m<[0m[31m[1mEIR_CompleteList16BitServiceUUIDs[0m  [33m[1msvc_uuids[0m[0m=[0m[35m[1m[0x1811][0m [0m|[0m[0m>[0m[0m>[0m, [0m<[0m[31m[1mEIR_Hdr[0m  [33m[1mlen[0m[0m=[0m[35m[1m15[0m [33m[1mtype[0m[0m=[0m[35m[1mcomplete_local_name[0m [0m|[0m[0m<[0m[31m[1mEIR_CompleteLocalName[0m  [33m[1mlocal_name[0m[0m=[0m[35m[1m'nimble-bleprph'[0m [0m|[0m[0m>[0m[0m>[0m, [0m<[0m[31m[1mEIR_Hdr[0m  [33m[1mlen[0m[0m=[0m[35m[1m2[0m [33m[1mtype[0m[0m=[0m[35m[1mtx_power_level[0m [0m|[0m[0m<[0m[31m[1mEIR_TX_Power_Level[0m  [33m[1mlevel[0m[0m=[0m[35m[1m4[0m [0m|[0m[0m>[0m[0m>[0m][0m [0m|[0m[0m>[0m[0m>[0m[0m>[0m

[ timestamp=17084470, channel=2113003374, rssi=-35, direction=0, connection_handle=0, is_crc_valid=True, relative_timestamp=0, decrypted=False ]
[0m<[0m[31m[1mBTLE[0m  [33m[1maccess_addr[0m[0m=[0m[35m[1m0x8e89bed6[0m [33m[1mcrc[0m[0m=[0m[35m[1m0xb01193[0m [0m|[0m[0m<[0m[31m[1mBTLE_ADV[0m  [33m[1mRxAdd[0m[0m=[0m[35m[1mpublic[0m [33m[1mTxAdd[0m[0m=[0m[35m[1mrandom[0m [33m[1mRFU[0m[0m=[0m[35m[1m0[0m [33m[1mPDU_type[0m[0m=[0m[35m[1mADV_IND[0m [33m[1munused[0m[0m=[0m[35m[1m0[0m [33m[1mLength[0m[0m=[0m[35m[1m0x20[0m [0m|[0m[0m<[0m[31m[1mBTLE_ADV_IND[0m  [33m[1mAdvA[0m[0m=[0m[35m[1mc2:3e:54:84:5c:4c[0m [33m[1mdata[0m[0m=[0m[35m[1m[[0m<[0m[31m[1mEIR_Hdr[0m  [33m[1mlen[0m[0m=[0m[35m[1m2[0m [33m[1mtype[0m[0m=[0m[35m[1mflags[0m [0m|[0m[0m<[0m[31m[1mEIR_Flags[0m  [33m[1mflags[0m[0m=[0m[35m[1mgeneral_disc_mode+br_edr_not_supported[0m [0m|[0m[0m>[0m[0m>[0m, [0m<[0m[31m[1mEIR_Hdr[0m  [33m[1mlen[0m[0m=[0m[35m[1m3[0m [33m[1mtype[0m[0m=[0m[35m[1mcomplete_list_16_bit_svc_uuids[0m [0m|[0m[0m<[0m[31m[1mEIR_CompleteList16BitServiceUUIDs[0m  [33m[1msvc_uuids[0m[0m=[0m[35m[1m[0x1811][0m [0m|[0m[0m>[0m[0m>[0m, [0m<[0m[31m[1mEIR_Hdr[0m  [33m[1mlen[0m[0m=[0m[35m[1m15[0m [33m[1mtype[0m[0m=[0m[35m[1mcomplete_local_name[0m [0m|[0m[0m<[0m[31m[1mEIR_CompleteLocalName[0m  [33m[1mlocal_name[0m[0m=[0m[35m[1m'nimble-bleprph'[0m [0m|[0m[0m>[0m[0m>[0m, [0m<[0m[31m[1mEIR_Hdr[0m  [33m[1mlen[0m[0m=[0m[35m[1m2[0m [33m[1mtype[0m[0m=[0m[35m[1mtx_power_level[0m [0m|[0m[0m<[0m[31m[1mEIR_TX_Power_Level[0m  [33m[1mlevel[0m[0m=[0m[35m[1m4[0m [0m|[0m[0m>[0m[0m>[0m][0m [0m|[0m[0m>[0m[0m>[0m[0m>[0m

[ timestamp=17153259, channel=2113003374, rssi=-36, direction=0, connection_handle=0, is_crc_valid=True, relative_timestamp=0, decrypted=False ]
[0m<[0m[31m[1mBTLE[0m  [33m[1maccess_addr[0m[0m=[0m[35m[1m0x8e89bed6[0m [33m[1mcrc[0m[0m=[0m[35m[1m0xb01193[0m [0m|[0m[0m<[0m[31m[1mBTLE_ADV[0m  [33m[1mRxAdd[0m[0m=[0m[35m[1mpublic[0m [33m[1mTxAdd[0m[0m=[0m[35m[1mrandom[0m [33m[1mRFU[0m[0m=[0m[35m[1m0[0m [33m[1mPDU_type[0m[0m=[0m[35m[1mADV_IND[0m [33m[1munused[0m[0m=[0m[35m[1m0[0m [33m[1mLength[0m[0m=[0m[35m[1m0x20[0m [0m|[0m[0m<[0m[31m[1mBTLE_ADV_IND[0m  [33m[1mAdvA[0m[0m=[0m[35m[1mc2:3e:54:84:5c:4c[0m [33m[1mdata[0m[0m=[0m[35m[1m[[0m<[0m[31m[1mEIR_Hdr[0m  [33m[1mlen[0m[0m=[0m[35m[1m2[0m [33m[1mtype[0m[0m=[0m[35m[1mflags[0m [0m|[0m[0m<[0m[31m[1mEIR_Flags[0m  [33m[1mflags[0m[0m=[0m[35m[1mgeneral_disc_mode+br_edr_not_supported[0m [0m|[0m[0m>[0m[0m>[0m, [0m<[0m[31m[1mEIR_Hdr[0m  [33m[1mlen[0m[0m=[0m[35m[1m3[0m [33m[1mtype[0m[0m=[0m[35m[1mcomplete_list_16_bit_svc_uuids[0m [0m|[0m[0m<[0m[31m[1mEIR_CompleteList16BitServiceUUIDs[0m  [33m[1msvc_uuids[0m[0m=[0m[35m[1m[0x1811][0m [0m|[0m[0m>[0m[0m>[0m, [0m<[0m[31m[1mEIR_Hdr[0m  [33m[1mlen[0m[0m=[0m[35m[1m15[0m [33m[1mtype[0m[0m=[0m[35m[1mcomplete_local_name[0m [0m|[0m[0m<[0m[31m[1mEIR_CompleteLocalName[0m  [33m[1mlocal_name[0m[0m=[0m[35m[1m'nimble-bleprph'[0m [0m|[0m[0m>[0m[0m>[0m, [0m<[0m[31m[1mEIR_Hdr[0m  [33m[1mlen[0m[0m=[0m[35m[1m2[0m [33m[1mtype[0m[0m=[0m[35m[1mtx_power_level[0m [0m|[0m[0m<[0m[31m[1mEIR_TX_Power_Level[0m  [33m[1mlevel[0m[0m=[0m[35m[1m4[0m [0m|[0m[0m>[0m[0m>[0m][0m [0m|[0m[0m>[0m[0m>[0m[0m>[0m

[ timestamp=17221346, channel=2113003374, rssi=-35, direction=0, connection_handle=0, is_crc_valid=True, relative_timestamp=0, decrypted=False ]
[0m<[0m[31m[1mBTLE[0m  [33m[1maccess_addr[0m[0m=[0m[35m[1m0x8e89bed6[0m [33m[1mcrc[0m[0m=[0m[35m[1m0xb01193[0m [0m|[0m[0m<[0m[31m[1mBTLE_ADV[0m  [33m[1mRxAdd[0m[0m=[0m[35m[1mpublic[0m [33m[1mTxAdd[0m[0m=[0m[35m[1mrandom[0m [33m[1mRFU[0m[0m=[0m[35m[1m0[0m [33m[1mPDU_type[0m[0m=[0m[35m[1mADV_IND[0m [33m[1munused[0m[0m=[0m[35m[1m0[0m [33m[1mLength[0m[0m=[0m[35m[1m0x20[0m [0m|[0m[0m<[0m[31m[1mBTLE_ADV_IND[0m  [33m[1mAdvA[0m[0m=[0m[35m[1mc2:3e:54:84:5c:4c[0m [33m[1mdata[0m[0m=[0m[35m[1m[[0m<[0m[31m[1mEIR_Hdr[0m  [33m[1mlen[0m[0m=[0m[35m[1m2[0m [33m[1mtype[0m[0m=[0m[35m[1mflags[0m [0m|[0m[0m<[0m[31m[1mEIR_Flags[0m  [33m[1mflags[0m[0m=[0m[35m[1mgeneral_disc_mode+br_edr_not_supported[0m [0m|[0m[0m>[0m[0m>[0m, [0m<[0m[31m[1mEIR_Hdr[0m  [33m[1mlen[0m[0m=[0m[35m[1m3[0m [33m[1mtype[0m[0m=[0m[35m[1mcomplete_list_16_bit_svc_uuids[0m [0m|[0m[0m<[0m[31m[1mEIR_CompleteList16BitServiceUUIDs[0m  [33m[1msvc_uuids[0m[0m=[0m[35m[1m[0x1811][0m [0m|[0m[0m>[0m[0m>[0m, [0m<[0m[31m[1mEIR_Hdr[0m  [33m[1mlen[0m[0m=[0m[35m[1m15[0m [33m[1mtype[0m[0m=[0m[35m[1mcomplete_local_name[0m [0m|[0m[0m<[0m[31m[1mEIR_CompleteLocalName[0m  [33m[1mlocal_name[0m[0m=[0m[35m[1m'nimble-bleprph'[0m [0m|[0m[0m>[0m[0m>[0m, [0m<[0m[31m[1mEIR_Hdr[0m  [33m[1mlen[0m[0m=[0m[35m[1m2[0m [33m[1mtype[0m[0m=[0m[35m[1mtx_power_level[0m [0m|[0m[0m<[0m[31m[1mEIR_TX_Power_Level[0m  [33m[1mlevel[0m[0m=[0m[35m[1m4[0m [0m|[0m[0m>[0m[0m>[0m][0m [0m|[0m[0m>[0m[0m>[0m[0m>[0m

[ timestamp=17289373, channel=2113003374, rssi=-35, direction=0, connection_handle=0, is_crc_valid=True, relative_timestamp=0, decrypted=False ]
[0m<[0m[31m[1mBTLE[0m  [33m[1maccess_addr[0m[0m=[0m[35m[1m0x8e89bed6[0m [33m[1mcrc[0m[0m=[0m[35m[1m0xb01193[0m [0m|[0m[0m<[0m[31m[1mBTLE_ADV[0m  [33m[1mRxAdd[0m[0m=[0m[35m[1mpublic[0m [33m[1mTxAdd[0m[0m=[0m[35m[1mrandom[0m [33m[1mRFU[0m[0m=[0m[35m[1m0[0m [33m[1mPDU_type[0m[0m=[0m[35m[1mADV_IND[0m [33m[1munused[0m[0m=[0m[35m[1m0[0m [33m[1mLength[0m[0m=[0m[35m[1m0x20[0m [0m|[0m[0m<[0m[31m[1mBTLE_ADV_IND[0m  [33m[1mAdvA[0m[0m=[0m[35m[1mc2:3e:54:84:5c:4c[0m [33m[1mdata[0m[0m=[0m[35m[1m[[0m<[0m[31m[1mEIR_Hdr[0m  [33m[1mlen[0m[0m=[0m[35m[1m2[0m [33m[1mtype[0m[0m=[0m[35m[1mflags[0m [0m|[0m[0m<[0m[31m[1mEIR_Flags[0m  [33m[1mflags[0m[0m=[0m[35m[1mgeneral_disc_mode+br_edr_not_supported[0m [0m|[0m[0m>[0m[0m>[0m, [0m<[0m[31m[1mEIR_Hdr[0m  [33m[1mlen[0m[0m=[0m[35m[1m3[0m [33m[1mtype[0m[0m=[0m[35m[1mcomplete_list_16_bit_svc_uuids[0m [0m|[0m[0m<[0m[31m[1mEIR_CompleteList16BitServiceUUIDs[0m  [33m[1msvc_uuids[0m[0m=[0m[35m[1m[0x1811][0m [0m|[0m[0m>[0m[0m>[0m, [0m<[0m[31m[1mEIR_Hdr[0m  [33m[1mlen[0m[0m=[0m[35m[1m15[0m [33m[1mtype[0m[0m=[0m[35m[1mcomplete_local_name[0m [0m|[0m[0m<[0m[31m[1mEIR_CompleteLocalName[0m  [33m[1mlocal_name[0m[0m=[0m[35m[1m'nimble-bleprph'[0m [0m|[0m[0m>[0m[0m>[0m, [0m<[0m[31m[1mEIR_Hdr[0m  [33m[1mlen[0m[0m=[0m[35m[1m2[0m [33m[1mtype[0m[0m=[0m[35m[1mtx_power_level[0m [0m|[0m[0m<[0m[31m[1mEIR_TX_Power_Level[0m  [33m[1mlevel[0m[0m=[0m[35m[1m4[0m [0m|[0m[0m>[0m[0m>[0m][0m [0m|[0m[0m>[0m[0m>[0m[0m>[0m

[ timestamp=17357978, channel=2113003374, rssi=-36, direction=0, connection_handle=0, is_crc_valid=True, relative_timestamp=0, decrypted=False ]
[0m<[0m[31m[1mBTLE[0m  [33m[1maccess_addr[0m[0m=[0m[35m[1m0x8e89bed6[0m [33m[1mcrc[0m[0m=[0m[35m[1m0xb01193[0m [0m|[0m[0m<[0m[31m[1mBTLE_ADV[0m  [33m[1mRxAdd[0m[0m=[0m[35m[1mpublic[0m [33m[1mTxAdd[0m[0m=[0m[35m[1mrandom[0m [33m[1mRFU[0m[0m=[0m[35m[1m0[0m [33m[1mPDU_type[0m[0m=[0m[35m[1mADV_IND[0m [33m[1munused[0m[0m=[0m[35m[1m0[0m [33m[1mLength[0m[0m=[0m[35m[1m0x20[0m [0m|[0m[0m<[0m[31m[1mBTLE_ADV_IND[0m  [33m[1mAdvA[0m[0m=[0m[35m[1mc2:3e:54:84:5c:4c[0m [33m[1mdata[0m[0m=[0m[35m[1m[[0m<[0m[31m[1mEIR_Hdr[0m  [33m[1mlen[0m[0m=[0m[35m[1m2[0m [33m[1mtype[0m[0m=[0m[35m[1mflags[0m [0m|[0m[0m<[0m[31m[1mEIR_Flags[0m  [33m[1mflags[0m[0m=[0m[35m[1mgeneral_disc_mode+br_edr_not_supported[0m [0m|[0m[0m>[0m[0m>[0m, [0m<[0m[31m[1mEIR_Hdr[0m  [33m[1mlen[0m[0m=[0m[35m[1m3[0m [33m[1mtype[0m[0m=[0m[35m[1mcomplete_list_16_bit_svc_uuids[0m [0m|[0m[0m<[0m[31m[1mEIR_CompleteList16BitServiceUUIDs[0m  [33m[1msvc_uuids[0m[0m=[0m[35m[1m[0x1811][0m [0m|[0m[0m>[0m[0m>[0m, [0m<[0m[31m[1mEIR_Hdr[0m  [33m[1mlen[0m[0m=[0m[35m[1m15[0m [33m[1mtype[0m[0m=[0m[35m[1mcomplete_local_name[0m [0m|[0m[0m<[0m[31m[1mEIR_CompleteLocalName[0m  [33m[1mlocal_name[0m[0m=[0m[35m[1m'nimble-bleprph'[0m [0m|[0m[0m>[0m[0m>[0m, [0m<[0m[31m[1mEIR_Hdr[0m  [33m[1mlen[0m[0m=[0m[35m[1m2[0m [33m[1mtype[0m[0m=[0m[35m[1mtx_power_level[0m [0m|[0m[0m<[0m[31m[1mEIR_TX_Power_Level[0m  [33m[1mlevel[0m[0m=[0m[35m[1m4[0m [0m|[0m[0m>[0m[0m>[0m][0m [0m|[0m[0m>[0m[0m>[0m[0m>[0m

[ timestamp=17424112, channel=2113003374, rssi=-36, direction=0, connection_handle=0, is_crc_valid=True, relative_timestamp=0, decrypted=False ]
[0m<[0m[31m[1mBTLE[0m  [33m[1maccess_addr[0m[0m=[0m[35m[1m0x8e89bed6[0m [33m[1mcrc[0m[0m=[0m[35m[1m0xb01193[0m [0m|[0m[0m<[0m[31m[1mBTLE_ADV[0m  [33m[1mRxAdd[0m[0m=[0m[35m[1mpublic[0m [33m[1mTxAdd[0m[0m=[0m[35m[1mrandom[0m [33m[1mRFU[0m[0m=[0m[35m[1m0[0m [33m[1mPDU_type[0m[0m=[0m[35m[1mADV_IND[0m [33m[1munused[0m[0m=[0m[35m[1m0[0m [33m[1mLength[0m[0m=[0m[35m[1m0x20[0m [0m|[0m[0m<[0m[31m[1mBTLE_ADV_IND[0m  [33m[1mAdvA[0m[0m=[0m[35m[1mc2:3e:54:84:5c:4c[0m [33m[1mdata[0m[0m=[0m[35m[1m[[0m<[0m[31m[1mEIR_Hdr[0m  [33m[1mlen[0m[0m=[0m[35m[1m2[0m [33m[1mtype[0m[0m=[0m[35m[1mflags[0m [0m|[0m[0m<[0m[31m[1mEIR_Flags[0m  [33m[1mflags[0m[0m=[0m[35m[1mgeneral_disc_mode+br_edr_not_supported[0m [0m|[0m[0m>[0m[0m>[0m, [0m<[0m[31m[1mEIR_Hdr[0m  [33m[1mlen[0m[0m=[0m[35m[1m3[0m [33m[1mtype[0m[0m=[0m[35m[1mcomplete_list_16_bit_svc_uuids[0m [0m|[0m[0m<[0m[31m[1mEIR_CompleteList16BitServiceUUIDs[0m  [33m[1msvc_uuids[0m[0m=[0m[35m[1m[0x1811][0m [0m|[0m[0m>[0m[0m>[0m, [0m<[0m[31m[1mEIR_Hdr[0m  [33m[1mlen[0m[0m=[0m[35m[1m15[0m [33m[1mtype[0m[0m=[0m[35m[1mcomplete_local_name[0m [0m|[0m[0m<[0m[31m[1mEIR_CompleteLocalName[0m  [33m[1mlocal_name[0m[0m=[0m[35m[1m'nimble-bleprph'[0m [0m|[0m[0m>[0m[0m>[0m, [0m<[0m[31m[1mEIR_Hdr[0m  [33m[1mlen[0m[0m=[0m[35m[1m2[0m [33m[1mtype[0m[0m=[0m[35m[1mtx_power_level[0m [0m|[0m[0m<[0m[31m[1mEIR_TX_Power_Level[0m  [33m[1mlevel[0m[0m=[0m[35m[1m4[0m [0m|[0m[0m>[0m[0m>[0m][0m [0m|[0m[0m>[0m[0m>[0m[0m>[0m

[ timestamp=17487164, channel=2113003374, rssi=-35, direction=0, connection_handle=0, is_crc_valid=True, relative_timestamp=0, decrypted=False ]
[0m<[0m[31m[1mBTLE[0m  [33m[1maccess_addr[0m[0m=[0m[35m[1m0x8e89bed6[0m [33m[1mcrc[0m[0m=[0m[35m[1m0xb01193[0m [0m|[0m[0m<[0m[31m[1mBTLE_ADV[0m  [33m[1mRxAdd[0m[0m=[0m[35m[1mpublic[0m [33m[1mTxAdd[0m[0m=[0m[35m[1mrandom[0m [33m[1mRFU[0m[0m=[0m[35m[1m0[0m [33m[1mPDU_type[0m[0m=[0m[35m[1mADV_IND[0m [33m[1munused[0m[0m=[0m[35m[1m0[0m [33m[1mLength[0m[0m=[0m[35m[1m0x20[0m [0m|[0m[0m<[0m[31m[1mBTLE_ADV_IND[0m  [33m[1mAdvA[0m[0m=[0m[35m[1mc2:3e:54:84:5c:4c[0m [33m[1mdata[0m[0m=[0m[35m[1m[[0m<[0m[31m[1mEIR_Hdr[0m  [33m[1mlen[0m[0m=[0m[35m[1m2[0m [33m[1mtype[0m[0m=[0m[35m[1mflags[0m [0m|[0m[0m<[0m[31m[1mEIR_Flags[0m  [33m[1mflags[0m[0m=[0m[35m[1mgeneral_disc_mode+br_edr_not_supported[0m [0m|[0m[0m>[0m[0m>[0m, [0m<[0m[31m[1mEIR_Hdr[0m  [33m[1mlen[0m[0m=[0m[35m[1m3[0m [33m[1mtype[0m[0m=[0m[35m[1mcomplete_list_16_bit_svc_uuids[0m [0m|[0m[0m<[0m[31m[1mEIR_CompleteList16BitServiceUUIDs[0m  [33m[1msvc_uuids[0m[0m=[0m[35m[1m[0x1811][0m [0m|[0m[0m>[0m[0m>[0m, [0m<[0m[31m[1mEIR_Hdr[0m  [33m[1mlen[0m[0m=[0m[35m[1m15[0m [33m[1mtype[0m[0m=[0m[35m[1mcomplete_local_name[0m [0m|[0m[0m<[0m[31m[1mEIR_CompleteLocalName[0m  [33m[1mlocal_name[0m[0m=[0m[35m[1m'nimble-bleprph'[0m [0m|[0m[0m>[0m[0m>[0m, [0m<[0m[31m[1mEIR_Hdr[0m  [33m[1mlen[0m[0m=[0m[35m[1m2[0m [33m[1mtype[0m[0m=[0m[35m[1mtx_power_level[0m [0m|[0m[0m<[0m[31m[1mEIR_TX_Power_Level[0m  [33m[1mlevel[0m[0m=[0m[35m[1m4[0m [0m|[0m[0m>[0m[0m>[0m][0m [0m|[0m[0m>[0m[0m>[0m[0m>[0m

[ timestamp=17554213, channel=2113003374, rssi=-36, direction=0, connection_handle=0, is_crc_valid=True, relative_timestamp=0, decrypted=False ]
[0m<[0m[31m[1mBTLE[0m  [33m[1maccess_addr[0m[0m=[0m[35m[1m0x8e89bed6[0m [33m[1mcrc[0m[0m=[0m[35m[1m0xb01193[0m [0m|[0m[0m<[0m[31m[1mBTLE_ADV[0m  [33m[1mRxAdd[0m[0m=[0m[35m[1mpublic[0m [33m[1mTxAdd[0m[0m=[0m[35m[1mrandom[0m [33m[1mRFU[0m[0m=[0m[35m[1m0[0m [33m[1mPDU_type[0m[0m=[0m[35m[1mADV_IND[0m [33m[1munused[0m[0m=[0m[35m[1m0[0m [33m[1mLength[0m[0m=[0m[35m[1m0x20[0m [0m|[0m[0m<[0m[31m[1mBTLE_ADV_IND[0m  [33m[1mAdvA[0m[0m=[0m[35m[1mc2:3e:54:84:5c:4c[0m [33m[1mdata[0m[0m=[0m[35m[1m[[0m<[0m[31m[1mEIR_Hdr[0m  [33m[1mlen[0m[0m=[0m[35m[1m2[0m [33m[1mtype[0m[0m=[0m[35m[1mflags[0m [0m|[0m[0m<[0m[31m[1mEIR_Flags[0m  [33m[1mflags[0m[0m=[0m[35m[1mgeneral_disc_mode+br_edr_not_supported[0m [0m|[0m[0m>[0m[0m>[0m, [0m<[0m[31m[1mEIR_Hdr[0m  [33m[1mlen[0m[0m=[0m[35m[1m3[0m [33m[1mtype[0m[0m=[0m[35m[1mcomplete_list_16_bit_svc_uuids[0m [0m|[0m[0m<[0m[31m[1mEIR_CompleteList16BitServiceUUIDs[0m  [33m[1msvc_uuids[0m[0m=[0m[35m[1m[0x1811][0m [0m|[0m[0m>[0m[0m>[0m, [0m<[0m[31m[1mEIR_Hdr[0m  [33m[1mlen[0m[0m=[0m[35m[1m15[0m [33m[1mtype[0m[0m=[0m[35m[1mcomplete_local_name[0m [0m|[0m[0m<[0m[31m[1mEIR_CompleteLocalName[0m  [33m[1mlocal_name[0m[0m=[0m[35m[1m'nimble-bleprph'[0m [0m|[0m[0m>[0m[0m>[0m, [0m<[0m[31m[1mEIR_Hdr[0m  [33m[1mlen[0m[0m=[0m[35m[1m2[0m [33m[1mtype[0m[0m=[0m[35m[1mtx_power_level[0m [0m|[0m[0m<[0m[31m[1mEIR_TX_Power_Level[0m  [33m[1mlevel[0m[0m=[0m[35m[1m4[0m [0m|[0m[0m>[0m[0m>[0m][0m [0m|[0m[0m>[0m[0m>[0m[0m>[0m

[ timestamp=17620988, channel=2113003374, rssi=-36, direction=0, connection_handle=0, is_crc_valid=True, relative_timestamp=0, decrypted=False ]
[0m<[0m[31m[1mBTLE[0m  [33m[1maccess_addr[0m[0m=[0m[35m[1m0x8e89bed6[0m [33m[1mcrc[0m[0m=[0m[35m[1m0xb01193[0m [0m|[0m[0m<[0m[31m[1mBTLE_ADV[0m  [33m[1mRxAdd[0m[0m=[0m[35m[1mpublic[0m [33m[1mTxAdd[0m[0m=[0m[35m[1mrandom[0m [33m[1mRFU[0m[0m=[0m[35m[1m0[0m [33m[1mPDU_type[0m[0m=[0m[35m[1mADV_IND[0m [33m[1munused[0m[0m=[0m[35m[1m0[0m [33m[1mLength[0m[0m=[0m[35m[1m0x20[0m [0m|[0m[0m<[0m[31m[1mBTLE_ADV_IND[0m  [33m[1mAdvA[0m[0m=[0m[35m[1mc2:3e:54:84:5c:4c[0m [33m[1mdata[0m[0m=[0m[35m[1m[[0m<[0m[31m[1mEIR_Hdr[0m  [33m[1mlen[0m[0m=[0m[35m[1m2[0m [33m[1mtype[0m[0m=[0m[35m[1mflags[0m [0m|[0m[0m<[0m[31m[1mEIR_Flags[0m  [33m[1mflags[0m[0m=[0m[35m[1mgeneral_disc_mode+br_edr_not_supported[0m [0m|[0m[0m>[0m[0m>[0m, [0m<[0m[31m[1mEIR_Hdr[0m  [33m[1mlen[0m[0m=[0m[35m[1m3[0m [33m[1mtype[0m[0m=[0m[35m[1mcomplete_list_16_bit_svc_uuids[0m [0m|[0m[0m<[0m[31m[1mEIR_CompleteList16BitServiceUUIDs[0m  [33m[1msvc_uuids[0m[0m=[0m[35m[1m[0x1811][0m [0m|[0m[0m>[0m[0m>[0m, [0m<[0m[31m[1mEIR_Hdr[0m  [33m[1mlen[0m[0m=[0m[35m[1m15[0m [33m[1mtype[0m[0m=[0m[35m[1mcomplete_local_name[0m [0m|[0m[0m<[0m[31m[1mEIR_CompleteLocalName[0m  [33m[1mlocal_name[0m[0m=[0m[35m[1m'nimble-bleprph'[0m [0m|[0m[0m>[0m[0m>[0m, [0m<[0m[31m[1mEIR_Hdr[0m  [33m[1mlen[0m[0m=[0m[35m[1m2[0m [33m[1mtype[0m[0m=[0m[35m[1mtx_power_level[0m [0m|[0m[0m<[0m[31m[1mEIR_TX_Power_Level[0m  [33m[1mlevel[0m[0m=[0m[35m[1m4[0m [0m|[0m[0m>[0m[0m>[0m][0m [0m|[0m[0m>[0m[0m>[0m[0m>[0m

[ timestamp=17682392, channel=2113003374, rssi=-36, direction=0, connection_handle=0, is_crc_valid=True, relative_timestamp=0, decrypted=False ]
[0m<[0m[31m[1mBTLE[0m  [33m[1maccess_addr[0m[0m=[0m[35m[1m0x8e89bed6[0m [33m[1mcrc[0m[0m=[0m[35m[1m0xb01193[0m [0m|[0m[0m<[0m[31m[1mBTLE_ADV[0m  [33m[1mRxAdd[0m[0m=[0m[35m[1mpublic[0m [33m[1mTxAdd[0m[0m=[0m[35m[1mrandom[0m [33m[1mRFU[0m[0m=[0m[35m[1m0[0m [33m[1mPDU_type[0m[0m=[0m[35m[1mADV_IND[0m [33m[1munused[0m[0m=[0m[35m[1m0[0m [33m[1mLength[0m[0m=[0m[35m[1m0x20[0m [0m|[0m[0m<[0m[31m[1mBTLE_ADV_IND[0m  [33m[1mAdvA[0m[0m=[0m[35m[1mc2:3e:54:84:5c:4c[0m [33m[1mdata[0m[0m=[0m[35m[1m[[0m<[0m[31m[1mEIR_Hdr[0m  [33m[1mlen[0m[0m=[0m[35m[1m2[0m [33m[1mtype[0m[0m=[0m[35m[1mflags[0m [0m|[0m[0m<[0m[31m[1mEIR_Flags[0m  [33m[1mflags[0m[0m=[0m[35m[1mgeneral_disc_mode+br_edr_not_supported[0m [0m|[0m[0m>[0m[0m>[0m, [0m<[0m[31m[1mEIR_Hdr[0m  [33m[1mlen[0m[0m=[0m[35m[1m3[0m [33m[1mtype[0m[0m=[0m[35m[1mcomplete_list_16_bit_svc_uuids[0m [0m|[0m[0m<[0m[31m[1mEIR_CompleteList16BitServiceUUIDs[0m  [33m[1msvc_uuids[0m[0m=[0m[35m[1m[0x1811][0m [0m|[0m[0m>[0m[0m>[0m, [0m<[0m[31m[1mEIR_Hdr[0m  [33m[1mlen[0m[0m=[0m[35m[1m15[0m [33m[1mtype[0m[0m=[0m[35m[1mcomplete_local_name[0m [0m|[0m[0m<[0m[31m[1mEIR_CompleteLocalName[0m  [33m[1mlocal_name[0m[0m=[0m[35m[1m'nimble-bleprph'[0m [0m|[0m[0m>[0m[0m>[0m, [0m<[0m[31m[1mEIR_Hdr[0m  [33m[1mlen[0m[0m=[0m[35m[1m2[0m [33m[1mtype[0m[0m=[0m[35m[1mtx_power_level[0m [0m|[0m[0m<[0m[31m[1mEIR_TX_Power_Level[0m  [33m[1mlevel[0m[0m=[0m[35m[1m4[0m [0m|[0m[0m>[0m[0m>[0m][0m [0m|[0m[0m>[0m[0m>[0m[0m>[0m

[ timestamp=17746938, channel=2113003374, rssi=-36, direction=0, connection_handle=0, is_crc_valid=True, relative_timestamp=0, decrypted=False ]
[0m<[0m[31m[1mBTLE[0m  [33m[1maccess_addr[0m[0m=[0m[35m[1m0x8e89bed6[0m [33m[1mcrc[0m[0m=[0m[35m[1m0xb01193[0m [0m|[0m[0m<[0m[31m[1mBTLE_ADV[0m  [33m[1mRxAdd[0m[0m=[0m[35m[1mpublic[0m [33m[1mTxAdd[0m[0m=[0m[35m[1mrandom[0m [33m[1mRFU[0m[0m=[0m[35m[1m0[0m [33m[1mPDU_type[0m[0m=[0m[35m[1mADV_IND[0m [33m[1munused[0m[0m=[0m[35m[1m0[0m [33m[1mLength[0m[0m=[0m[35m[1m0x20[0m [0m|[0m[0m<[0m[31m[1mBTLE_ADV_IND[0m  [33m[1mAdvA[0m[0m=[0m[35m[1mc2:3e:54:84:5c:4c[0m [33m[1mdata[0m[0m=[0m[35m[1m[[0m<[0m[31m[1mEIR_Hdr[0m  [33m[1mlen[0m[0m=[0m[35m[1m2[0m [33m[1mtype[0m[0m=[0m[35m[1mflags[0m [0m|[0m[0m<[0m[31m[1mEIR_Flags[0m  [33m[1mflags[0m[0m=[0m[35m[1mgeneral_disc_mode+br_edr_not_supported[0m [0m|[0m[0m>[0m[0m>[0m, [0m<[0m[31m[1mEIR_Hdr[0m  [33m[1mlen[0m[0m=[0m[35m[1m3[0m [33m[1mtype[0m[0m=[0m[35m[1mcomplete_list_16_bit_svc_uuids[0m [0m|[0m[0m<[0m[31m[1mEIR_CompleteList16BitServiceUUIDs[0m  [33m[1msvc_uuids[0m[0m=[0m[35m[1m[0x1811][0m [0m|[0m[0m>[0m[0m>[0m, [0m<[0m[31m[1mEIR_Hdr[0m  [33m[1mlen[0m[0m=[0m[35m[1m15[0m [33m[1mtype[0m[0m=[0m[35m[1mcomplete_local_name[0m [0m|[0m[0m<[0m[31m[1mEIR_CompleteLocalName[0m  [33m[1mlocal_name[0m[0m=[0m[35m[1m'nimble-bleprph'[0m [0m|[0m[0m>[0m[0m>[0m, [0m<[0m[31m[1mEIR_Hdr[0m  [33m[1mlen[0m[0m=[0m[35m[1m2[0m [33m[1mtype[0m[0m=[0m[35m[1mtx_power_level[0m [0m|[0m[0m<[0m[31m[1mEIR_TX_Power_Level[0m  [33m[1mlevel[0m[0m=[0m[35m[1m4[0m [0m|[0m[0m>[0m[0m>[0m][0m [0m|[0m[0m>[0m[0m>[0m[0m>[0m

[ timestamp=17816490, channel=2113003374, rssi=-36, direction=0, connection_handle=0, is_crc_valid=True, relative_timestamp=0, decrypted=False ]
[0m<[0m[31m[1mBTLE[0m  [33m[1maccess_addr[0m[0m=[0m[35m[1m0x8e89bed6[0m [33m[1mcrc[0m[0m=[0m[35m[1m0xb01193[0m [0m|[0m[0m<[0m[31m[1mBTLE_ADV[0m  [33m[1mRxAdd[0m[0m=[0m[35m[1mpublic[0m [33m[1mTxAdd[0m[0m=[0m[35m[1mrandom[0m [33m[1mRFU[0m[0m=[0m[35m[1m0[0m [33m[1mPDU_type[0m[0m=[0m[35m[1mADV_IND[0m [33m[1munused[0m[0m=[0m[35m[1m0[0m [33m[1mLength[0m[0m=[0m[35m[1m0x20[0m [0m|[0m[0m<[0m[31m[1mBTLE_ADV_IND[0m  [33m[1mAdvA[0m[0m=[0m[35m[1mc2:3e:54:84:5c:4c[0m [33m[1mdata[0m[0m=[0m[35m[1m[[0m<[0m[31m[1mEIR_Hdr[0m  [33m[1mlen[0m[0m=[0m[35m[1m2[0m [33m[1mtype[0m[0m=[0m[35m[1mflags[0m [0m|[0m[0m<[0m[31m[1mEIR_Flags[0m  [33m[1mflags[0m[0m=[0m[35m[1mgeneral_disc_mode+br_edr_not_supported[0m [0m|[0m[0m>[0m[0m>[0m, [0m<[0m[31m[1mEIR_Hdr[0m  [33m[1mlen[0m[0m=[0m[35m[1m3[0m [33m[1mtype[0m[0m=[0m[35m[1mcomplete_list_16_bit_svc_uuids[0m [0m|[0m[0m<[0m[31m[1mEIR_CompleteList16BitServiceUUIDs[0m  [33m[1msvc_uuids[0m[0m=[0m[35m[1m[0x1811][0m [0m|[0m[0m>[0m[0m>[0m, [0m<[0m[31m[1mEIR_Hdr[0m  [33m[1mlen[0m[0m=[0m[35m[1m15[0m [33m[1mtype[0m[0m=[0m[35m[1mcomplete_local_name[0m [0m|[0m[0m<[0m[31m[1mEIR_CompleteLocalName[0m  [33m[1mlocal_name[0m[0m=[0m[35m[1m'nimble-bleprph'[0m [0m|[0m[0m>[0m[0m>[0m, [0m<[0m[31m[1mEIR_Hdr[0m  [33m[1mlen[0m[0m=[0m[35m[1m2[0m [33m[1mtype[0m[0m=[0m[35m[1mtx_power_level[0m [0m|[0m[0m<[0m[31m[1mEIR_TX_Power_Level[0m  [33m[1mlevel[0m[0m=[0m[35m[1m4[0m [0m|[0m[0m>[0m[0m>[0m][0m [0m|[0m[0m>[0m[0m>[0m[0m>[0m

[ timestamp=17882533, channel=2113003374, rssi=-35, direction=0, connection_handle=0, is_crc_valid=True, relative_timestamp=0, decrypted=False ]
[0m<[0m[31m[1mBTLE[0m  [33m[1maccess_addr[0m[0m=[0m[35m[1m0x8e89bed6[0m [33m[1mcrc[0m[0m=[0m[35m[1m0xb01193[0m [0m|[0m[0m<[0m[31m[1mBTLE_ADV[0m  [33m[1mRxAdd[0m[0m=[0m[35m[1mpublic[0m [33m[1mTxAdd[0m[0m=[0m[35m[1mrandom[0m [33m[1mRFU[0m[0m=[0m[35m[1m0[0m [33m[1mPDU_type[0m[0m=[0m[35m[1mADV_IND[0m [33m[1munused[0m[0m=[0m[35m[1m0[0m [33m[1mLength[0m[0m=[0m[35m[1m0x20[0m [0m|[0m[0m<[0m[31m[1mBTLE_ADV_IND[0m  [33m[1mAdvA[0m[0m=[0m[35m[1mc2:3e:54:84:5c:4c[0m [33m[1mdata[0m[0m=[0m[35m[1m[[0m<[0m[31m[1mEIR_Hdr[0m  [33m[1mlen[0m[0m=[0m[35m[1m2[0m [33m[1mtype[0m[0m=[0m[35m[1mflags[0m [0m|[0m[0m<[0m[31m[1mEIR_Flags[0m  [33m[1mflags[0m[0m=[0m[35m[1mgeneral_disc_mode+br_edr_not_supported[0m [0m|[0m[0m>[0m[0m>[0m, [0m<[0m[31m[1mEIR_Hdr[0m  [33m[1mlen[0m[0m=[0m[35m[1m3[0m [33m[1mtype[0m[0m=[0m[35m[1mcomplete_list_16_bit_svc_uuids[0m [0m|[0m[0m<[0m[31m[1mEIR_CompleteList16BitServiceUUIDs[0m  [33m[1msvc_uuids[0m[0m=[0m[35m[1m[0x1811][0m [0m|[0m[0m>[0m[0m>[0m, [0m<[0m[31m[1mEIR_Hdr[0m  [33m[1mlen[0m[0m=[0m[35m[1m15[0m [33m[1mtype[0m[0m=[0m[35m[1mcomplete_local_name[0m [0m|[0m[0m<[0m[31m[1mEIR_CompleteLocalName[0m  [33m[1mlocal_name[0m[0m=[0m[35m[1m'nimble-bleprph'[0m [0m|[0m[0m>[0m[0m>[0m, [0m<[0m[31m[1mEIR_Hdr[0m  [33m[1mlen[0m[0m=[0m[35m[1m2[0m [33m[1mtype[0m[0m=[0m[35m[1mtx_power_level[0m [0m|[0m[0m<[0m[31m[1mEIR_TX_Power_Level[0m  [33m[1mlevel[0m[0m=[0m[35m[1m4[0m [0m|[0m[0m>[0m[0m>[0m][0m [0m|[0m[0m>[0m[0m>[0m[0m>[0m

[ timestamp=17948636, channel=2113003374, rssi=-36, direction=0, connection_handle=0, is_crc_valid=True, relative_timestamp=0, decrypted=False ]
[0m<[0m[31m[1mBTLE[0m  [33m[1maccess_addr[0m[0m=[0m[35m[1m0x8e89bed6[0m [33m[1mcrc[0m[0m=[0m[35m[1m0xb01193[0m [0m|[0m[0m<[0m[31m[1mBTLE_ADV[0m  [33m[1mRxAdd[0m[0m=[0m[35m[1mpublic[0m [33m[1mTxAdd[0m[0m=[0m[35m[1mrandom[0m [33m[1mRFU[0m[0m=[0m[35m[1m0[0m [33m[1mPDU_type[0m[0m=[0m[35m[1mADV_IND[0m [33m[1munused[0m[0m=[0m[35m[1m0[0m [33m[1mLength[0m[0m=[0m[35m[1m0x20[0m [0m|[0m[0m<[0m[31m[1mBTLE_ADV_IND[0m  [33m[1mAdvA[0m[0m=[0m[35m[1mc2:3e:54:84:5c:4c[0m [33m[1mdata[0m[0m=[0m[35m[1m[[0m<[0m[31m[1mEIR_Hdr[0m  [33m[1mlen[0m[0m=[0m[35m[1m2[0m [33m[1mtype[0m[0m=[0m[35m[1mflags[0m [0m|[0m[0m<[0m[31m[1mEIR_Flags[0m  [33m[1mflags[0m[0m=[0m[35m[1mgeneral_disc_mode+br_edr_not_supported[0m [0m|[0m[0m>[0m[0m>[0m, [0m<[0m[31m[1mEIR_Hdr[0m  [33m[1mlen[0m[0m=[0m[35m[1m3[0m [33m[1mtype[0m[0m=[0m[35m[1mcomplete_list_16_bit_svc_uuids[0m [0m|[0m[0m<[0m[31m[1mEIR_CompleteList16BitServiceUUIDs[0m  [33m[1msvc_uuids[0m[0m=[0m[35m[1m[0x1811][0m [0m|[0m[0m>[0m[0m>[0m, [0m<[0m[31m[1mEIR_Hdr[0m  [33m[1mlen[0m[0m=[0m[35m[1m15[0m [33m[1mtype[0m[0m=[0m[35m[1mcomplete_local_name[0m [0m|[0m[0m<[0m[31m[1mEIR_CompleteLocalName[0m  [33m[1mlocal_name[0m[0m=[0m[35m[1m'nimble-bleprph'[0m [0m|[0m[0m>[0m[0m>[0m, [0m<[0m[31m[1mEIR_Hdr[0m  [33m[1mlen[0m[0m=[0m[35m[1m2[0m [33m[1mtype[0m[0m=[0m[35m[1mtx_power_level[0m [0m|[0m[0m<[0m[31m[1mEIR_TX_Power_Level[0m  [33m[1mlevel[0m[0m=[0m[35m[1m4[0m [0m|[0m[0m>[0m[0m>[0m][0m [0m|[0m[0m>[0m[0m>[0m[0m>[0m

[ timestamp=18011932, channel=2113003374, rssi=-36, direction=0, connection_handle=0, is_crc_valid=True, relative_timestamp=0, decrypted=False ]
[0m<[0m[31m[1mBTLE[0m  [33m[1maccess_addr[0m[0m=[0m[35m[1m0x8e89bed6[0m [33m[1mcrc[0m[0m=[0m[35m[1m0xb01193[0m [0m|[0m[0m<[0m[31m[1mBTLE_ADV[0m  [33m[1mRxAdd[0m[0m=[0m[35m[1mpublic[0m [33m[1mTxAdd[0m[0m=[0m[35m[1mrandom[0m [33m[1mRFU[0m[0m=[0m[35m[1m0[0m [33m[1mPDU_type[0m[0m=[0m[35m[1mADV_IND[0m [33m[1munused[0m[0m=[0m[35m[1m0[0m [33m[1mLength[0m[0m=[0m[35m[1m0x20[0m [0m|[0m[0m<[0m[31m[1mBTLE_ADV_IND[0m  [33m[1mAdvA[0m[0m=[0m[35m[1mc2:3e:54:84:5c:4c[0m [33m[1mdata[0m[0m=[0m[35m[1m[[0m<[0m[31m[1mEIR_Hdr[0m  [33m[1mlen[0m[0m=[0m[35m[1m2[0m [33m[1mtype[0m[0m=[0m[35m[1mflags[0m [0m|[0m[0m<[0m[31m[1mEIR_Flags[0m  [33m[1mflags[0m[0m=[0m[35m[1mgeneral_disc_mode+br_edr_not_supported[0m [0m|[0m[0m>[0m[0m>[0m, [0m<[0m[31m[1mEIR_Hdr[0m  [33m[1mlen[0m[0m=[0m[35m[1m3[0m [33m[1mtype[0m[0m=[0m[35m[1mcomplete_list_16_bit_svc_uuids[0m [0m|[0m[0m<[0m[31m[1mEIR_CompleteList16BitServiceUUIDs[0m  [33m[1msvc_uuids[0m[0m=[0m[35m[1m[0x1811][0m [0m|[0m[0m>[0m[0m>[0m, [0m<[0m[31m[1mEIR_Hdr[0m  [33m[1mlen[0m[0m=[0m[35m[1m15[0m [33m[1mtype[0m[0m=[0m[35m[1mcomplete_local_name[0m [0m|[0m[0m<[0m[31m[1mEIR_CompleteLocalName[0m  [33m[1mlocal_name[0m[0m=[0m[35m[1m'nimble-bleprph'[0m [0m|[0m[0m>[0m[0m>[0m, [0m<[0m[31m[1mEIR_Hdr[0m  [33m[1mlen[0m[0m=[0m[35m[1m2[0m [33m[1mtype[0m[0m=[0m[35m[1mtx_power_level[0m [0m|[0m[0m<[0m[31m[1mEIR_TX_Power_Level[0m  [33m[1mlevel[0m[0m=[0m[35m[1m4[0m [0m|[0m[0m>[0m[0m>[0m][0m [0m|[0m[0m>[0m[0m>[0m[0m>[0m

[ timestamp=18072419, channel=2113003374, rssi=-36, direction=0, connection_handle=0, is_crc_valid=True, relative_timestamp=0, decrypted=False ]
[0m<[0m[31m[1mBTLE[0m  [33m[1maccess_addr[0m[0m=[0m[35m[1m0x8e89bed6[0m [33m[1mcrc[0m[0m=[0m[35m[1m0xb01193[0m [0m|[0m[0m<[0m[31m[1mBTLE_ADV[0m  [33m[1mRxAdd[0m[0m=[0m[35m[1mpublic[0m [33m[1mTxAdd[0m[0m=[0m[35m[1mrandom[0m [33m[1mRFU[0m[0m=[0m[35m[1m0[0m [33m[1mPDU_type[0m[0m=[0m[35m[1mADV_IND[0m [33m[1munused[0m[0m=[0m[35m[1m0[0m [33m[1mLength[0m[0m=[0m[35m[1m0x20[0m [0m|[0m[0m<[0m[31m[1mBTLE_ADV_IND[0m  [33m[1mAdvA[0m[0m=[0m[35m[1mc2:3e:54:84:5c:4c[0m [33m[1mdata[0m[0m=[0m[35m[1m[[0m<[0m[31m[1mEIR_Hdr[0m  [33m[1mlen[0m[0m=[0m[35m[1m2[0m [33m[1mtype[0m[0m=[0m[35m[1mflags[0m [0m|[0m[0m<[0m[31m[1mEIR_Flags[0m  [33m[1mflags[0m[0m=[0m[35m[1mgeneral_disc_mode+br_edr_not_supported[0m [0m|[0m[0m>[0m[0m>[0m, [0m<[0m[31m[1mEIR_Hdr[0m  [33m[1mlen[0m[0m=[0m[35m[1m3[0m [33m[1mtype[0m[0m=[0m[35m[1mcomplete_list_16_bit_svc_uuids[0m [0m|[0m[0m<[0m[31m[1mEIR_CompleteList16BitServiceUUIDs[0m  [33m[1msvc_uuids[0m[0m=[0m[35m[1m[0x1811][0m [0m|[0m[0m>[0m[0m>[0m, [0m<[0m[31m[1mEIR_Hdr[0m  [33m[1mlen[0m[0m=[0m[35m[1m15[0m [33m[1mtype[0m[0m=[0m[35m[1mcomplete_local_name[0m [0m|[0m[0m<[0m[31m[1mEIR_CompleteLocalName[0m  [33m[1mlocal_name[0m[0m=[0m[35m[1m'nimble-bleprph'[0m [0m|[0m[0m>[0m[0m>[0m, [0m<[0m[31m[1mEIR_Hdr[0m  [33m[1mlen[0m[0m=[0m[35m[1m2[0m [33m[1mtype[0m[0m=[0m[35m[1mtx_power_level[0m [0m|[0m[0m<[0m[31m[1mEIR_TX_Power_Level[0m  [33m[1mlevel[0m[0m=[0m[35m[1m4[0m [0m|[0m[0m>[0m[0m>[0m][0m [0m|[0m[0m>[0m[0m>[0m[0m>[0m

[ timestamp=18139774, channel=2113003374, rssi=-35, direction=0, connection_handle=0, is_crc_valid=True, relative_timestamp=0, decrypted=False ]
[0m<[0m[31m[1mBTLE[0m  [33m[1maccess_addr[0m[0m=[0m[35m[1m0x8e89bed6[0m [33m[1mcrc[0m[0m=[0m[35m[1m0xb01193[0m [0m|[0m[0m<[0m[31m[1mBTLE_ADV[0m  [33m[1mRxAdd[0m[0m=[0m[35m[1mpublic[0m [33m[1mTxAdd[0m[0m=[0m[35m[1mrandom[0m [33m[1mRFU[0m[0m=[0m[35m[1m0[0m [33m[1mPDU_type[0m[0m=[0m[35m[1mADV_IND[0m [33m[1munused[0m[0m=[0m[35m[1m0[0m [33m[1mLength[0m[0m=[0m[35m[1m0x20[0m [0m|[0m[0m<[0m[31m[1mBTLE_ADV_IND[0m  [33m[1mAdvA[0m[0m=[0m[35m[1mc2:3e:54:84:5c:4c[0m [33m[1mdata[0m[0m=[0m[35m[1m[[0m<[0m[31m[1mEIR_Hdr[0m  [33m[1mlen[0m[0m=[0m[35m[1m2[0m [33m[1mtype[0m[0m=[0m[35m[1mflags[0m [0m|[0m[0m<[0m[31m[1mEIR_Flags[0m  [33m[1mflags[0m[0m=[0m[35m[1mgeneral_disc_mode+br_edr_not_supported[0m [0m|[0m[0m>[0m[0m>[0m, [0m<[0m[31m[1mEIR_Hdr[0m  [33m[1mlen[0m[0m=[0m[35m[1m3[0m [33m[1mtype[0m[0m=[0m[35m[1mcomplete_list_16_bit_svc_uuids[0m [0m|[0m[0m<[0m[31m[1mEIR_CompleteList16BitServiceUUIDs[0m  [33m[1msvc_uuids[0m[0m=[0m[35m[1m[0x1811][0m [0m|[0m[0m>[0m[0m>[0m, [0m<[0m[31m[1mEIR_Hdr[0m  [33m[1mlen[0m[0m=[0m[35m[1m15[0m [33m[1mtype[0m[0m=[0m[35m[1mcomplete_local_name[0m [0m|[0m[0m<[0m[31m[1mEIR_CompleteLocalName[0m  [33m[1mlocal_name[0m[0m=[0m[35m[1m'nimble-bleprph'[0m [0m|[0m[0m>[0m[0m>[0m, [0m<[0m[31m[1mEIR_Hdr[0m  [33m[1mlen[0m[0m=[0m[35m[1m2[0m [33m[1mtype[0m[0m=[0m[35m[1mtx_power_level[0m [0m|[0m[0m<[0m[31m[1mEIR_TX_Power_Level[0m  [33m[1mlevel[0m[0m=[0m[35m[1m4[0m [0m|[0m[0m>[0m[0m>[0m][0m [0m|[0m[0m>[0m[0m>[0m[0m>[0m

[ timestamp=18205053, channel=2113003374, rssi=-36, direction=0, connection_handle=0, is_crc_valid=True, relative_timestamp=0, decrypted=False ]
[0m<[0m[31m[1mBTLE[0m  [33m[1maccess_addr[0m[0m=[0m[35m[1m0x8e89bed6[0m [33m[1mcrc[0m[0m=[0m[35m[1m0xb01193[0m [0m|[0m[0m<[0m[31m[1mBTLE_ADV[0m  [33m[1mRxAdd[0m[0m=[0m[35m[1mpublic[0m [33m[1mTxAdd[0m[0m=[0m[35m[1mrandom[0m [33m[1mRFU[0m[0m=[0m[35m[1m0[0m [33m[1mPDU_type[0m[0m=[0m[35m[1mADV_IND[0m [33m[1munused[0m[0m=[0m[35m[1m0[0m [33m[1mLength[0m[0m=[0m[35m[1m0x20[0m [0m|[0m[0m<[0m[31m[1mBTLE_ADV_IND[0m  [33m[1mAdvA[0m[0m=[0m[35m[1mc2:3e:54:84:5c:4c[0m [33m[1mdata[0m[0m=[0m[35m[1m[[0m<[0m[31m[1mEIR_Hdr[0m  [33m[1mlen[0m[0m=[0m[35m[1m2[0m [33m[1mtype[0m[0m=[0m[35m[1mflags[0m [0m|[0m[0m<[0m[31m[1mEIR_Flags[0m  [33m[1mflags[0m[0m=[0m[35m[1mgeneral_disc_mode+br_edr_not_supported[0m [0m|[0m[0m>[0m[0m>[0m, [0m<[0m[31m[1mEIR_Hdr[0m  [33m[1mlen[0m[0m=[0m[35m[1m3[0m [33m[1mtype[0m[0m=[0m[35m[1mcomplete_list_16_bit_svc_uuids[0m [0m|[0m[0m<[0m[31m[1mEIR_CompleteList16BitServiceUUIDs[0m  [33m[1msvc_uuids[0m[0m=[0m[35m[1m[0x1811][0m [0m|[0m[0m>[0m[0m>[0m, [0m<[0m[31m[1mEIR_Hdr[0m  [33m[1mlen[0m[0m=[0m[35m[1m15[0m [33m[1mtype[0m[0m=[0m[35m[1mcomplete_local_name[0m [0m|[0m[0m<[0m[31m[1mEIR_CompleteLocalName[0m  [33m[1mlocal_name[0m[0m=[0m[35m[1m'nimble-bleprph'[0m [0m|[0m[0m>[0m[0m>[0m, [0m<[0m[31m[1mEIR_Hdr[0m  [33m[1mlen[0m[0m=[0m[35m[1m2[0m [33m[1mtype[0m[0m=[0m[35m[1mtx_power_level[0m [0m|[0m[0m<[0m[31m[1mEIR_TX_Power_Level[0m  [33m[1mlevel[0m[0m=[0m[35m[1m4[0m [0m|[0m[0m>[0m[0m>[0m][0m [0m|[0m[0m>[0m[0m>[0m[0m>[0m

[ timestamp=18274117, channel=2113003374, rssi=-38, direction=0, connection_handle=0, is_crc_valid=True, relative_timestamp=0, decrypted=False ]
[0m<[0m[31m[1mBTLE[0m  [33m[1maccess_addr[0m[0m=[0m[35m[1m0x8e89bed6[0m [33m[1mcrc[0m[0m=[0m[35m[1m0xb01193[0m [0m|[0m[0m<[0m[31m[1mBTLE_ADV[0m  [33m[1mRxAdd[0m[0m=[0m[35m[1mpublic[0m [33m[1mTxAdd[0m[0m=[0m[35m[1mrandom[0m [33m[1mRFU[0m[0m=[0m[35m[1m0[0m [33m[1mPDU_type[0m[0m=[0m[35m[1mADV_IND[0m [33m[1munused[0m[0m=[0m[35m[1m0[0m [33m[1mLength[0m[0m=[0m[35m[1m0x20[0m [0m|[0m[0m<[0m[31m[1mBTLE_ADV_IND[0m  [33m[1mAdvA[0m[0m=[0m[35m[1mc2:3e:54:84:5c:4c[0m [33m[1mdata[0m[0m=[0m[35m[1m[[0m<[0m[31m[1mEIR_Hdr[0m  [33m[1mlen[0m[0m=[0m[35m[1m2[0m [33m[1mtype[0m[0m=[0m[35m[1mflags[0m [0m|[0m[0m<[0m[31m[1mEIR_Flags[0m  [33m[1mflags[0m[0m=[0m[35m[1mgeneral_disc_mode+br_edr_not_supported[0m [0m|[0m[0m>[0m[0m>[0m, [0m<[0m[31m[1mEIR_Hdr[0m  [33m[1mlen[0m[0m=[0m[35m[1m3[0m [33m[1mtype[0m[0m=[0m[35m[1mcomplete_list_16_bit_svc_uuids[0m [0m|[0m[0m<[0m[31m[1mEIR_CompleteList16BitServiceUUIDs[0m  [33m[1msvc_uuids[0m[0m=[0m[35m[1m[0x1811][0m [0m|[0m[0m>[0m[0m>[0m, [0m<[0m[31m[1mEIR_Hdr[0m  [33m[1mlen[0m[0m=[0m[35m[1m15[0m [33m[1mtype[0m[0m=[0m[35m[1mcomplete_local_name[0m [0m|[0m[0m<[0m[31m[1mEIR_CompleteLocalName[0m  [33m[1mlocal_name[0m[0m=[0m[35m[1m'nimble-bleprph'[0m [0m|[0m[0m>[0m[0m>[0m, [0m<[0m[31m[1mEIR_Hdr[0m  [33m[1mlen[0m[0m=[0m[35m[1m2[0m [33m[1mtype[0m[0m=[0m[35m[1mtx_power_level[0m [0m|[0m[0m<[0m[31m[1mEIR_TX_Power_Level[0m  [33m[1mlevel[0m[0m=[0m[35m[1m4[0m [0m|[0m[0m>[0m[0m>[0m][0m [0m|[0m[0m>[0m[0m>[0m[0m>[0m

[ timestamp=18336222, channel=2113003374, rssi=-36, direction=0, connection_handle=0, is_crc_valid=True, relative_timestamp=0, decrypted=False ]
[0m<[0m[31m[1mBTLE[0m  [33m[1maccess_addr[0m[0m=[0m[35m[1m0x8e89bed6[0m [33m[1mcrc[0m[0m=[0m[35m[1m0xb01193[0m [0m|[0m[0m<[0m[31m[1mBTLE_ADV[0m  [33m[1mRxAdd[0m[0m=[0m[35m[1mpublic[0m [33m[1mTxAdd[0m[0m=[0m[35m[1mrandom[0m [33m[1mRFU[0m[0m=[0m[35m[1m0[0m [33m[1mPDU_type[0m[0m=[0m[35m[1mADV_IND[0m [33m[1munused[0m[0m=[0m[35m[1m0[0m [33m[1mLength[0m[0m=[0m[35m[1m0x20[0m [0m|[0m[0m<[0m[31m[1mBTLE_ADV_IND[0m  [33m[1mAdvA[0m[0m=[0m[35m[1mc2:3e:54:84:5c:4c[0m [33m[1mdata[0m[0m=[0m[35m[1m[[0m<[0m[31m[1mEIR_Hdr[0m  [33m[1mlen[0m[0m=[0m[35m[1m2[0m [33m[1mtype[0m[0m=[0m[35m[1mflags[0m [0m|[0m[0m<[0m[31m[1mEIR_Flags[0m  [33m[1mflags[0m[0m=[0m[35m[1mgeneral_disc_mode+br_edr_not_supported[0m [0m|[0m[0m>[0m[0m>[0m, [0m<[0m[31m[1mEIR_Hdr[0m  [33m[1mlen[0m[0m=[0m[35m[1m3[0m [33m[1mtype[0m[0m=[0m[35m[1mcomplete_list_16_bit_svc_uuids[0m [0m|[0m[0m<[0m[31m[1mEIR_CompleteList16BitServiceUUIDs[0m  [33m[1msvc_uuids[0m[0m=[0m[35m[1m[0x1811][0m [0m|[0m[0m>[0m[0m>[0m, [0m<[0m[31m[1mEIR_Hdr[0m  [33m[1mlen[0m[0m=[0m[35m[1m15[0m [33m[1mtype[0m[0m=[0m[35m[1mcomplete_local_name[0m [0m|[0m[0m<[0m[31m[1mEIR_CompleteLocalName[0m  [33m[1mlocal_name[0m[0m=[0m[35m[1m'nimble-bleprph'[0m [0m|[0m[0m>[0m[0m>[0m, [0m<[0m[31m[1mEIR_Hdr[0m  [33m[1mlen[0m[0m=[0m[35m[1m2[0m [33m[1mtype[0m[0m=[0m[35m[1mtx_power_level[0m [0m|[0m[0m<[0m[31m[1mEIR_TX_Power_Level[0m  [33m[1mlevel[0m[0m=[0m[35m[1m4[0m [0m|[0m[0m>[0m[0m>[0m][0m [0m|[0m[0m>[0m[0m>[0m[0m>[0m

[ timestamp=18396862, channel=2113003374, rssi=-35, direction=0, connection_handle=0, is_crc_valid=True, relative_timestamp=0, decrypted=False ]
[0m<[0m[31m[1mBTLE[0m  [33m[1maccess_addr[0m[0m=[0m[35m[1m0x8e89bed6[0m [33m[1mcrc[0m[0m=[0m[35m[1m0xb01193[0m [0m|[0m[0m<[0m[31m[1mBTLE_ADV[0m  [33m[1mRxAdd[0m[0m=[0m[35m[1mpublic[0m [33m[1mTxAdd[0m[0m=[0m[35m[1mrandom[0m [33m[1mRFU[0m[0m=[0m[35m[1m0[0m [33m[1mPDU_type[0m[0m=[0m[35m[1mADV_IND[0m [33m[1munused[0m[0m=[0m[35m[1m0[0m [33m[1mLength[0m[0m=[0m[35m[1m0x20[0m [0m|[0m[0m<[0m[31m[1mBTLE_ADV_IND[0m  [33m[1mAdvA[0m[0m=[0m[35m[1mc2:3e:54:84:5c:4c[0m [33m[1mdata[0m[0m=[0m[35m[1m[[0m<[0m[31m[1mEIR_Hdr[0m  [33m[1mlen[0m[0m=[0m[35m[1m2[0m [33m[1mtype[0m[0m=[0m[35m[1mflags[0m [0m|[0m[0m<[0m[31m[1mEIR_Flags[0m  [33m[1mflags[0m[0m=[0m[35m[1mgeneral_disc_mode+br_edr_not_supported[0m [0m|[0m[0m>[0m[0m>[0m, [0m<[0m[31m[1mEIR_Hdr[0m  [33m[1mlen[0m[0m=[0m[35m[1m3[0m [33m[1mtype[0m[0m=[0m[35m[1mcomplete_list_16_bit_svc_uuids[0m [0m|[0m[0m<[0m[31m[1mEIR_CompleteList16BitServiceUUIDs[0m  [33m[1msvc_uuids[0m[0m=[0m[35m[1m[0x1811][0m [0m|[0m[0m>[0m[0m>[0m, [0m<[0m[31m[1mEIR_Hdr[0m  [33m[1mlen[0m[0m=[0m[35m[1m15[0m [33m[1mtype[0m[0m=[0m[35m[1mcomplete_local_name[0m [0m|[0m[0m<[0m[31m[1mEIR_CompleteLocalName[0m  [33m[1mlocal_name[0m[0m=[0m[35m[1m'nimble-bleprph'[0m [0m|[0m[0m>[0m[0m>[0m, [0m<[0m[31m[1mEIR_Hdr[0m  [33m[1mlen[0m[0m=[0m[35m[1m2[0m [33m[1mtype[0m[0m=[0m[35m[1mtx_power_level[0m [0m|[0m[0m<[0m[31m[1mEIR_TX_Power_Level[0m  [33m[1mlevel[0m[0m=[0m[35m[1m4[0m [0m|[0m[0m>[0m[0m>[0m][0m [0m|[0m[0m>[0m[0m>[0m[0m>[0m

