drac in 🌐 Reaper in screaming_channels_ble/src on  main [$] via 🐍 v3.10.12 took 11s
at 13:23:07 ❌1 ❯ ./attack.py --no-log --no-plot --norm --dataset-path /home/drac/storage/dataset/240110_single-leak-pairing-1m-lna_raw --start-point 73837 --end-point 74237 --num-traces 3987 attack --attack-algo pcc --profile /home/drac/git/screaming_channels_ble/data/profiles/231222_single-cable-balanced_raw/ --num-pois 2 --poi-spacing 1 --variable p_xor_k --align
Load FF traces: 100%|█████████████████████████████████████████████████████████████████████████████████████████████████████████████████████████████████████████████████████████████████████████████████████| 3987/3987 [00:00<00:00, 9986.98it/s]
Align: 100%|██████████████████████████████████████████████████████████████████████████████████████████████████████████████████████████████████████████████████████████████████████████████████████████████| 3987/3987 [00:00<00:00, 4063.93it/s]

Subkey  0
Subkey  1
Subkey  2
Subkey  3
Subkey  4
Subkey  5
Subkey  6
Subkey  7
Subkey  8
Subkey  9
Subkey 10
Subkey 11
Subkey 12
Subkey 13
Subkey 14
Subkey 15
Best Key Guess:   da   bf   4b   f2   9a   c6   9c   fb   68   d4   8f   52   84   64   3a   89
Known Key:        b1   d0   93   0f   dc   47   ef   de   f2   9b   23   c2   e2   3a   fc   30
PGE:             005  221  028  023  179  180  224  066  206  018  069  033  242  101  021  112
HD:              005  006  004  007  003  002  005  003  004  005  004  002  004  005  004  005
SUCCESS:           0    0    0    0    0    0    0    0    0    0    0    0    0    0    0    0
CORRECT BYTES: 0
PGE MEAN:      108
PGE MEDIAN:    85
PGE MAX:       242
HD SUM:        68

Starting key ranking using HEL
results rank estimation
nb_bins = 512
merge = 2
Starting preprocessing
Clearing memory
min: 2^123.4109391
actual rounded: 2^123.50438
max: 2^123.5782019
time enum: 0.128846 seconds

