[2024-01-04 12:23:33,935] [343330] [MainThread] [dataset] INFO  - Dataset loaded from '/home/drac/storage/dataset/231222_single-cable-balanced_raw/dataset.pyc'
[2024-01-04 12:23:33,935] [343330] [MainThread] [load] INFO  - Loading traces...
[2024-01-04 12:23:33,935] [343330] [MainThread] [load] WARNING - No loaded NF traces!
Load FF traces: 100%|█████████████████████████████████████████████████████████████████████████████████████████████████████████████████████████████████████████████████████████████████████████████████████| 4000/4000 [00:00<00:00, 6863.54it/s]
[2024-01-04 12:23:34,519] [343330] [MainThread] [load] INFO  - Done!
Align: 100%|██████████████████████████████████████████████████████████████████████████████████████████████████████████████████████████████████████████████████████████████████████████████████████████████| 4000/4000 [00:01<00:00, 2684.66it/s]

Subkey  0
Subkey  1
Subkey  2
Subkey  3
Subkey  4
Subkey  5
Subkey  6
Subkey  7
Subkey  8
Subkey  9
Subkey 10
Subkey 11
Subkey 12
Subkey 13
Subkey 14
Subkey 15
Best Key Guess:   04   03   8c   d9   d5   7b   a9   5f   9e   1e   14   b1   90   8e   00   a0
Known Key:        02   0d   84   d5   df   7d   aa   57   9c   14   12   b3   93   83   03   aa
PGE:             010  003  010  004  001  012  007  013  013  006  007  001  022  015  013  008
HD:              002  003  001  002  002  002  002  001  001  002  002  001  002  003  002  002
SUCCESS:           0    0    0    0    0    0    0    0    0    0    0    0    0    0    0    0
CORRECT BYTES: 0
PGE MEAN:      9
PGE MEDIAN:    9
PGE MAX:       22
HD SUM:        30

Starting key ranking using HEL
results rank estimation
nb_bins = 512
merge = 2
Starting preprocessing
Clearing memory
min: 2^71.55492924
actual rounded: 2^72.0994019
max: 2^72.52666173
time enum: 0.208419 seconds
