drac in 🌐 Reaper in screaming_channels_ble/src on  main [$] via 🐍 v3.10.12
at 09:16:40 ❯ /home/drac/mnt/sc_nvme_ssd/dataset/240112_multi-leak-insub-1m-lna_avg/scripts/attack.sh
Using 1000 traces with 1 POI:
[2024-01-22 09:16:42,438] [163343] [MainThread] [dataset] INFO  - Dataset loaded from '/home/drac/storage/dataset/240112_multi-leak-insub-1m-lna_avg/dataset.pyc'
[2024-01-22 09:16:42,439] [163343] [MainThread] [load] INFO  - Loading traces...
[2024-01-22 09:16:42,439] [163343] [MainThread] [load] WARNING - No loaded NF traces!
Load FF traces: 100%|██████████████████████████████████████████████████████████████████████████████████████████████████████████████| 1000/1000 [00:00<00:00, 51667.99it/s]
[2024-01-22 09:16:42,459] [163343] [MainThread] [load] INFO  - Done!
[2024-01-22 09:16:42,461] [163343] [MainThread] [attack] INFO  - Load the forced profile from /home/drac/storage/dataset/240112_multi-leak-insub-1m-lna_avg/profile_pois_1
Align: 100%|████████████████████████████████████████████████████████████████████████████████████████████████████████████████████████| 1000/1000 [00:00<00:00, 4137.75it/s]
Align: 100%|████████████████████████████████████████████████████████████████████████████████████████████████████████████████████████| 1000/1000 [00:00<00:00, 3903.25it/s]

Subkey  0
Subkey  1
Subkey  2
Subkey  3
Subkey  4
Subkey  5
Subkey  6
Subkey  7
Subkey  8
Subkey  9
Subkey 10
Subkey 11
Subkey 12
Subkey 13
Subkey 14
Subkey 15
Best Key Guess:   ed   b4   9d   20   ed   d4   c7   00   e8   9c   e2   38   cd   9c   12   46
Known Key:        e9   b3   94   2f   eb   d2   c8   01   e8   97   e3   32   c9   98   18   48
PGE:             001  007  006  015  010  006  012  010  000  004  004  010  012  014  014  008
HD:              001  003  002  004  002  002  004  001  000  003  001  002  001  001  002  003
SUCCESS:           0    0    0    0    0    0    0    0    1    0    0    0    0    0    0    0
CORRECT BYTES: 1
PGE MEAN:      8
PGE MEDIAN:    9
PGE MAX:       15
HD SUM:        32

Starting key ranking using HEL
results rank estimation
nb_bins = 512
merge = 2
Starting preprocessing
Clearing memory
min: 2^62.2113368
actual rounded: 2^63.35865637
max: 2^63.79102496
time enum: 0.129886 seconds


Using 2000 traces with 1 POI:
[2024-01-22 09:16:46,744] [163374] [MainThread] [dataset] INFO  - Dataset loaded from '/home/drac/storage/dataset/240112_multi-leak-insub-1m-lna_avg/dataset.pyc'
[2024-01-22 09:16:46,744] [163374] [MainThread] [load] INFO  - Loading traces...
[2024-01-22 09:16:46,744] [163374] [MainThread] [load] WARNING - No loaded NF traces!
Load FF traces: 100%|██████████████████████████████████████████████████████████████████████████████████████████████████████████████| 2000/2000 [00:00<00:00, 52370.86it/s]
[2024-01-22 09:16:46,783] [163374] [MainThread] [load] INFO  - Done!
[2024-01-22 09:16:46,785] [163374] [MainThread] [attack] INFO  - Load the forced profile from /home/drac/storage/dataset/240112_multi-leak-insub-1m-lna_avg/profile_pois_1
Align: 100%|████████████████████████████████████████████████████████████████████████████████████████████████████████████████████████| 2000/2000 [00:00<00:00, 4166.76it/s]
Align: 100%|████████████████████████████████████████████████████████████████████████████████████████████████████████████████████████| 2000/2000 [00:00<00:00, 3897.39it/s]

Subkey  0
Subkey  1
Subkey  2
Subkey  3
Subkey  4
Subkey  5
Subkey  6
Subkey  7
Subkey  8
Subkey  9
Subkey 10
Subkey 11
Subkey 12
Subkey 13
Subkey 14
Subkey 15
Best Key Guess:   ed   be   9d   2e   e7   da   c7   00   e8   94   e2   38   cd   9c   12   48
Known Key:        e9   b3   94   2f   eb   d2   c8   01   e8   97   e3   32   c9   98   18   48
PGE:             002  014  006  014  005  013  012  001  000  004  012  001  008  004  003  000
HD:              001  003  002  001  002  001  004  001  000  002  001  002  001  001  002  000
SUCCESS:           0    0    0    0    0    0    0    0    1    0    0    0    0    0    0    1
CORRECT BYTES: 2
PGE MEAN:      6
PGE MEDIAN:    4
PGE MAX:       14
HD SUM:        24

Starting key ranking using HEL
results rank estimation
nb_bins = 512
merge = 2
Starting preprocessing
Clearing memory
min: 2^58.18442088
actual rounded: 2^61.54845154
max: 2^63.05304356
time enum: 0.129199 seconds


Using 3000 traces with 1 POI:
[2024-01-22 09:16:53,826] [163416] [MainThread] [dataset] INFO  - Dataset loaded from '/home/drac/storage/dataset/240112_multi-leak-insub-1m-lna_avg/dataset.pyc'
[2024-01-22 09:16:53,826] [163416] [MainThread] [load] INFO  - Loading traces...
[2024-01-22 09:16:53,826] [163416] [MainThread] [load] WARNING - No loaded NF traces!
Load FF traces: 100%|██████████████████████████████████████████████████████████████████████████████████████████████████████████████| 3000/3000 [00:00<00:00, 53277.47it/s]
[2024-01-22 09:16:53,883] [163416] [MainThread] [load] INFO  - Done!
[2024-01-22 09:16:53,886] [163416] [MainThread] [attack] INFO  - Load the forced profile from /home/drac/storage/dataset/240112_multi-leak-insub-1m-lna_avg/profile_pois_1
Align: 100%|████████████████████████████████████████████████████████████████████████████████████████████████████████████████████████| 3000/3000 [00:00<00:00, 4151.15it/s]
Align: 100%|████████████████████████████████████████████████████████████████████████████████████████████████████████████████████████| 3000/3000 [00:00<00:00, 3866.31it/s]

Subkey  0
Subkey  1
Subkey  2
Subkey  3
Subkey  4
Subkey  5
Subkey  6
Subkey  7
Subkey  8
Subkey  9
Subkey 10
Subkey 11
Subkey 12
Subkey 13
Subkey 14
Subkey 15
Best Key Guess:   ed   bd   96   20   e7   db   c2   00   e8   9c   e2   38   c5   9e   1d   47
Known Key:        e9   b3   94   2f   eb   d2   c8   01   e8   97   e3   32   c9   98   18   48
PGE:             003  005  011  014  002  015  008  003  000  004  008  001  009  005  003  003
HD:              001  003  001  004  002  002  002  001  000  003  001  002  002  002  002  004
SUCCESS:           0    0    0    0    0    0    0    0    1    0    0    0    0    0    0    0
CORRECT BYTES: 1
PGE MEAN:      5
PGE MEDIAN:    4
PGE MAX:       15
HD SUM:        32

Starting key ranking using HEL
results rank estimation
nb_bins = 512
merge = 2
Starting preprocessing
Clearing memory
min: 2^58.02477844
actual rounded: 2^61.4071092
max: 2^62.97687457
time enum: 0.128323 seconds


Using 6000 traces with 1 POI:
[2024-01-22 09:17:03,942] [163474] [MainThread] [dataset] INFO  - Dataset loaded from '/home/drac/storage/dataset/240112_multi-leak-insub-1m-lna_avg/dataset.pyc'
[2024-01-22 09:17:03,943] [163474] [MainThread] [load] INFO  - Loading traces...
[2024-01-22 09:17:03,943] [163474] [MainThread] [load] WARNING - No loaded NF traces!
Load FF traces: 100%|██████████████████████████████████████████████████████████████████████████████████████████████████████████████| 6000/6000 [00:00<00:00, 53187.50it/s]
[2024-01-22 09:17:04,057] [163474] [MainThread] [load] INFO  - Done!
[2024-01-22 09:17:04,062] [163474] [MainThread] [attack] INFO  - Load the forced profile from /home/drac/storage/dataset/240112_multi-leak-insub-1m-lna_avg/profile_pois_1
Align: 100%|████████████████████████████████████████████████████████████████████████████████████████████████████████████████████████| 6000/6000 [00:01<00:00, 3982.15it/s]
Align: 100%|████████████████████████████████████████████████████████████████████████████████████████████████████████████████████████| 6000/6000 [00:01<00:00, 3720.53it/s]

Subkey  0
Subkey  1
Subkey  2
Subkey  3
Subkey  4
Subkey  5
Subkey  6
Subkey  7
Subkey  8
Subkey  9
Subkey 10
Subkey 11
Subkey 12
Subkey 13
Subkey 14
Subkey 15
Best Key Guess:   e0   b5   96   25   e7   d4   c2   00   e8   99   e2   3c   c4   9e   1d   47
Known Key:        e9   b3   94   2f   eb   d2   c8   01   e8   97   e3   32   c9   98   18   48
PGE:             009  004  013  005  004  009  007  008  000  009  009  001  007  005  004  003
HD:              002  002  001  002  002  002  002  001  000  003  001  003  003  002  002  004
SUCCESS:           0    0    0    0    0    0    0    0    1    0    0    0    0    0    0    0
CORRECT BYTES: 1
PGE MEAN:      6
PGE MEDIAN:    6
PGE MAX:       13
HD SUM:        32

Starting key ranking using HEL
results rank estimation
nb_bins = 512
merge = 2
Starting preprocessing
Clearing memory
min: 2^54.18411225
actual rounded: 2^59.93975072
max: 2^62.52299147
time enum: 0.12846 seconds


Using 10000 traces with 1 POI:
[2024-01-22 09:17:22,893] [163560] [MainThread] [dataset] INFO  - Dataset loaded from '/home/drac/storage/dataset/240112_multi-leak-insub-1m-lna_avg/dataset.pyc'
[2024-01-22 09:17:22,893] [163560] [MainThread] [load] INFO  - Loading traces...
[2024-01-22 09:17:22,893] [163560] [MainThread] [load] WARNING - No loaded NF traces!
Load FF traces: 100%|████████████████████████████████████████████████████████████████████████████████████████████████████████████| 10000/10000 [00:00<00:00, 54728.06it/s]
[2024-01-22 09:17:23,077] [163560] [MainThread] [load] INFO  - Done!
[2024-01-22 09:17:23,086] [163560] [MainThread] [attack] INFO  - Load the forced profile from /home/drac/storage/dataset/240112_multi-leak-insub-1m-lna_avg/profile_pois_1
Align: 100%|██████████████████████████████████████████████████████████████████████████████████████████████████████████████████████| 10000/10000 [00:02<00:00, 4114.73it/s]
Align: 100%|██████████████████████████████████████████████████████████████████████████████████████████████████████████████████████| 10000/10000 [00:02<00:00, 3861.43it/s]

Subkey  0
Subkey  1
Subkey  2
Subkey  3
Subkey  4
Subkey  5
Subkey  6
Subkey  7
Subkey  8
Subkey  9
Subkey 10
Subkey 11
Subkey 12
Subkey 13
Subkey 14
Subkey 15
Best Key Guess:   ec   be   94   25   ed   d6   c2   06   e5   99   e6   3e   c4   9e   15   4b
Known Key:        e9   b3   94   2f   eb   d2   c8   01   e8   97   e3   32   c9   98   18   48
PGE:             003  002  000  008  006  006  010  011  002  004  012  001  009  005  001  005
HD:              002  003  000  002  002  001  002  003  003  003  002  002  003  002  003  002
SUCCESS:           0    0    1    0    0    0    0    0    0    0    0    0    0    0    0    0
CORRECT BYTES: 1
PGE MEAN:      5
PGE MEDIAN:    5
PGE MAX:       12
HD SUM:        35

Starting key ranking using HEL
results rank estimation
nb_bins = 512
merge = 2
Starting preprocessing
Clearing memory
min: 2^53.07917883
actual rounded: 2^60.27565959
max: 2^63.02194044
time enum: 0.127888 seconds


Using 15000 traces with 1 POI:
[2024-01-22 09:17:53,116] [163687] [MainThread] [dataset] INFO  - Dataset loaded from '/home/drac/storage/dataset/240112_multi-leak-insub-1m-lna_avg/dataset.pyc'
[2024-01-22 09:17:53,116] [163687] [MainThread] [load] INFO  - Loading traces...
[2024-01-22 09:17:53,116] [163687] [MainThread] [load] WARNING - No loaded NF traces!
Load FF traces: 100%|████████████████████████████████████████████████████████████████████████████████████████████████████████████| 15000/15000 [00:00<00:00, 53165.23it/s]
[2024-01-22 09:17:53,400] [163687] [MainThread] [load] INFO  - Done!
[2024-01-22 09:17:53,412] [163687] [MainThread] [attack] INFO  - Load the forced profile from /home/drac/storage/dataset/240112_multi-leak-insub-1m-lna_avg/profile_pois_1
Align: 100%|██████████████████████████████████████████████████████████████████████████████████████████████████████████████████████| 15000/15000 [00:03<00:00, 4195.25it/s]
Align: 100%|██████████████████████████████████████████████████████████████████████████████████████████████████████████████████████| 15000/15000 [00:03<00:00, 3903.34it/s]

Subkey  0
Subkey  1
Subkey  2
Subkey  3
Subkey  4
Subkey  5
Subkey  6
Subkey  7
Subkey  8
Subkey  9
Subkey 10
Subkey 11
Subkey 12
Subkey 13
Subkey 14
Subkey 15
Best Key Guess:   e2   b9   96   25   ed   d6   c2   06   e9   92   e8   3e   c4   9e   1d   47
Known Key:        e9   b3   94   2f   eb   d2   c8   01   e8   97   e3   32   c9   98   18   48
PGE:             011  001  006  008  003  010  014  002  002  002  011  003  009  008  004  006
HD:              003  002  001  002  002  001  002  003  001  002  003  002  003  002  002  004
SUCCESS:           0    0    0    0    0    0    0    0    0    0    0    0    0    0    0    0
CORRECT BYTES: 0
PGE MEAN:      6
PGE MEDIAN:    6
PGE MAX:       14
HD SUM:        35

Starting key ranking using HEL
results rank estimation
nb_bins = 512
merge = 2
Starting preprocessing
Clearing memory
min: 2^57.14921218
actual rounded: 2^62.6336655
max: 2^63.86430104
time enum: 1.68143 seconds


Using 2 POIs:
[2024-01-22 09:20:07,244] [164196] [MainThread] [dataset] INFO  - Dataset loaded from '/home/drac/storage/dataset/240112_multi-leak-insub-1m-lna_avg/dataset.pyc'
[2024-01-22 09:20:07,244] [164196] [MainThread] [load] INFO  - Loading traces...
[2024-01-22 09:20:07,244] [164196] [MainThread] [load] WARNING - No loaded NF traces!
Load FF traces: 100%|██████████████████████████████████████████████████████████████████████████████████████████████████████████████| 6000/6000 [00:00<00:00, 52934.10it/s]
[2024-01-22 09:20:07,359] [164196] [MainThread] [load] INFO  - Done!
[2024-01-22 09:20:07,364] [164196] [MainThread] [attack] INFO  - Load the forced profile from /home/drac/storage/dataset/240112_multi-leak-insub-1m-lna_avg/profile_pois_2
Align: 100%|████████████████████████████████████████████████████████████████████████████████████████████████████████████████████████| 6000/6000 [00:01<00:00, 4125.62it/s]
Align: 100%|████████████████████████████████████████████████████████████████████████████████████████████████████████████████████████| 6000/6000 [00:01<00:00, 3833.72it/s]

Subkey  0
Subkey  1
Subkey  2
Subkey  3
Subkey  4
Subkey  5
Subkey  6
Subkey  7
Subkey  8
Subkey  9
Subkey 10
Subkey 11
Subkey 12
Subkey 13
Subkey 14
Subkey 15
Best Key Guess:   e5   b6   96   20   e7   d4   c2   37   e4   99   e6   3c   c5   9e   1b   43
Known Key:        e9   b3   94   2f   eb   d2   c8   01   e8   97   e3   32   c9   98   18   48
PGE:             008  007  002  007  002  007  006  031  002  004  012  001  005  007  009  003
HD:              002  002  001  004  002  002  002  004  002  003  002  003  002  002  002  003
SUCCESS:           0    0    0    0    0    0    0    0    0    0    0    0    0    0    0    0
CORRECT BYTES: 0
PGE MEAN:      7
PGE MEDIAN:    6
PGE MAX:       31
HD SUM:        38

Starting key ranking using HEL
results rank estimation
nb_bins = 512
merge = 2
Starting preprocessing
Clearing memory
min: 2^65.28889114
actual rounded: 2^66.11974988
max: 2^66.76737854
time enum: 0.12841 seconds


Using 3 POIs:
[2024-01-22 09:20:27,006] [164282] [MainThread] [dataset] INFO  - Dataset loaded from '/home/drac/storage/dataset/240112_multi-leak-insub-1m-lna_avg/dataset.pyc'
[2024-01-22 09:20:27,006] [164282] [MainThread] [load] INFO  - Loading traces...
[2024-01-22 09:20:27,006] [164282] [MainThread] [load] WARNING - No loaded NF traces!
Load FF traces: 100%|██████████████████████████████████████████████████████████████████████████████████████████████████████████████| 6000/6000 [00:00<00:00, 53699.58it/s]
[2024-01-22 09:20:27,119] [164282] [MainThread] [load] INFO  - Done!
[2024-01-22 09:20:27,124] [164282] [MainThread] [attack] INFO  - Load the forced profile from /home/drac/storage/dataset/240112_multi-leak-insub-1m-lna_avg/profile_pois_3
Align: 100%|████████████████████████████████████████████████████████████████████████████████████████████████████████████████████████| 6000/6000 [00:01<00:00, 4133.80it/s]
Align: 100%|████████████████████████████████████████████████████████████████████████████████████████████████████████████████████████| 6000/6000 [00:01<00:00, 3843.58it/s]

Subkey  0
Subkey  1
Subkey  2
Subkey  3
Subkey  4
Subkey  5
Subkey  6
Subkey  7
Subkey  8
Subkey  9
Subkey 10
Subkey 11
Subkey 12
Subkey 13
Subkey 14
Subkey 15
Best Key Guess:   ea   b6   96   28   e7   db   c6   00   e4   99   e6   36   c5   af   1b   43
Known Key:        e9   b3   94   2f   eb   d2   c8   01   e8   97   e3   32   c9   98   18   48
PGE:             006  004  010  004  001  004  005  015  003  004  010  001  006  255  012  003
HD:              002  002  001  003  002  002  003  001  002  003  002  001  002  005  002  003
SUCCESS:           0    0    0    0    0    0    0    0    0    0    0    0    0    0    0    0
CORRECT BYTES: 0
PGE MEAN:      21
PGE MEDIAN:    4
PGE MAX:       255
HD SUM:        36

Starting key ranking using HEL
results rank estimation
nb_bins = 512
merge = 2
Starting preprocessing
Clearing memory
min: 2^72.48865754
actual rounded: 2^72.93376513
max: 2^73.28307866
time enum: 0.128139 seconds


Using PDF:
[2024-01-22 09:20:47,386] [164377] [MainThread] [dataset] INFO  - Dataset loaded from '/home/drac/storage/dataset/240112_multi-leak-insub-1m-lna_avg/dataset.pyc'
[2024-01-22 09:20:47,386] [164377] [MainThread] [load] INFO  - Loading traces...
[2024-01-22 09:20:47,386] [164377] [MainThread] [load] WARNING - No loaded NF traces!
Load FF traces: 100%|██████████████████████████████████████████████████████████████████████████████████████████████████████████████| 6000/6000 [00:00<00:00, 53927.42it/s]
[2024-01-22 09:20:47,499] [164377] [MainThread] [load] INFO  - Done!
[2024-01-22 09:20:47,504] [164377] [MainThread] [attack] INFO  - Load the forced profile from /home/drac/storage/dataset/240112_multi-leak-insub-1m-lna_avg/profile_pois_1
Align: 100%|████████████████████████████████████████████████████████████████████████████████████████████████████████████████████████| 6000/6000 [00:01<00:00, 4145.33it/s]
Align: 100%|████████████████████████████████████████████████████████████████████████████████████████████████████████████████████████| 6000/6000 [00:01<00:00, 3859.97it/s]

Subkey  0
0 pge  254
100 pge  166
200 pge  138
300 pge  113
400 pge  155
500 pge  194
600 pge  144
700 pge  80
800 pge  99
900 pge  154
1000 pge  206
1100 pge  206
1200 pge  235
1300 pge  245
1400 pge  246
1500 pge  231
1600 pge  247
1700 pge  248
1800 pge  246
1900 pge  248
2000 pge  248
2100 pge  247
2200 pge  247
2300 pge  250
2400 pge  250
2500 pge  251
2600 pge  251
2700 pge  252
2800 pge  251
2900 pge  251
3000 pge  252
3100 pge  252
3200 pge  252
3300 pge  252
3400 pge  252
3500 pge  252
3600 pge  254
3700 pge  253
3800 pge  253
3900 pge  253
4000 pge  253
4100 pge  253
4200 pge  253
4300 pge  253
4400 pge  253
4500 pge  253
4600 pge  254
4700 pge  254
4800 pge  254
4900 pge  254
5000 pge  252
5100 pge  252
5200 pge  254
5300 pge  252
5400 pge  252
5500 pge  251
5600 pge  251
5700 pge  249
5800 pge  251
5900 pge  251
PGE  250
Subkey  1
0 pge  19
100 pge  11
200 pge  49
300 pge  28
400 pge  44
500 pge  66
600 pge  65
700 pge  9
800 pge  4
900 pge  10
1000 pge  11
1100 pge  17
1200 pge  31
1300 pge  15
1400 pge  29
1500 pge  26
1600 pge  19
1700 pge  15
1800 pge  13
1900 pge  21
2000 pge  29
2100 pge  32
2200 pge  27
2300 pge  33
2400 pge  31
2500 pge  23
2600 pge  13
2700 pge  17
2800 pge  9
2900 pge  16
3000 pge  10
3100 pge  10
3200 pge  8
3300 pge  8
3400 pge  12
3500 pge  11
3600 pge  13
3700 pge  11
3800 pge  12
3900 pge  14
4000 pge  15
4100 pge  13
4200 pge  12
4300 pge  12
4400 pge  11
4500 pge  10
4600 pge  10
4700 pge  8
4800 pge  7
4900 pge  8
5000 pge  10
5100 pge  10
5200 pge  9
5300 pge  9
5400 pge  7
5500 pge  8
5600 pge  9
5700 pge  10
5800 pge  8
5900 pge  6
PGE  6
Subkey  2
0 pge  146
100 pge  10
200 pge  13
300 pge  13
400 pge  11
500 pge  10
600 pge  13
700 pge  12
800 pge  12
900 pge  13
1000 pge  13
1100 pge  11
1200 pge  11
1300 pge  12
1400 pge  10
1500 pge  9
1600 pge  11
1700 pge  8
1800 pge  8
1900 pge  11
2000 pge  10
2100 pge  12
2200 pge  12
2300 pge  9
2400 pge  11
2500 pge  10
2600 pge  10
2700 pge  11
2800 pge  10
2900 pge  10
3000 pge  14
3100 pge  11
3200 pge  12
3300 pge  11
3400 pge  11
3500 pge  12
3600 pge  11
3700 pge  13
3800 pge  13
3900 pge  12
4000 pge  11
4100 pge  10
4200 pge  8
4300 pge  9
4400 pge  9
4500 pge  10
4600 pge  7
4700 pge  8
4800 pge  9
4900 pge  11
5000 pge  10
5100 pge  8
5200 pge  10
5300 pge  10
5400 pge  11
5500 pge  11
5600 pge  12
5700 pge  12
5800 pge  12
5900 pge  12
PGE  13
Subkey  3
0 pge  139
100 pge  1
200 pge  1
300 pge  0
400 pge  1
500 pge  0
600 pge  0
700 pge  0
800 pge  3
900 pge  3
1000 pge  1
1100 pge  1
1200 pge  1
1300 pge  1
1400 pge  1
1500 pge  1
1600 pge  1
1700 pge  3
1800 pge  2
1900 pge  2
2000 pge  2
2100 pge  1
2200 pge  1
2300 pge  0
2400 pge  1
2500 pge  1
2600 pge  1
2700 pge  1
2800 pge  1
2900 pge  3
3000 pge  2
3100 pge  3
3200 pge  1
3300 pge  2
3400 pge  2
3500 pge  0
3600 pge  1
3700 pge  1
3800 pge  1
3900 pge  1
4000 pge  1
4100 pge  1
4200 pge  2
4300 pge  1
4400 pge  0
4500 pge  0
4600 pge  0
4700 pge  0
4800 pge  0
4900 pge  0
5000 pge  0
5100 pge  0
5200 pge  0
5300 pge  0
5400 pge  0
5500 pge  0
5600 pge  0
5700 pge  0
5800 pge  0
5900 pge  0
PGE  0
Subkey  4
0 pge  222
100 pge  77
200 pge  118
300 pge  189
400 pge  154
500 pge  179
600 pge  200
700 pge  189
800 pge  151
900 pge  131
1000 pge  116
1100 pge  112
1200 pge  119
1300 pge  155
1400 pge  165
1500 pge  154
1600 pge  150
1700 pge  120
1800 pge  113
1900 pge  121
2000 pge  138
2100 pge  160
2200 pge  178
2300 pge  185
2400 pge  179
2500 pge  167
2600 pge  136
2700 pge  159
2800 pge  155
2900 pge  144
3000 pge  135
3100 pge  133
3200 pge  143
3300 pge  137
3400 pge  139
3500 pge  132
3600 pge  133
3700 pge  129
3800 pge  119
3900 pge  99
4000 pge  85
4100 pge  74
4200 pge  68
4300 pge  75
4400 pge  72
4500 pge  69
4600 pge  67
4700 pge  69
4800 pge  62
4900 pge  59
5000 pge  57
5100 pge  55
5200 pge  53
5300 pge  51
5400 pge  48
5500 pge  51
5600 pge  54
5700 pge  62
5800 pge  57
5900 pge  53
PGE  51
Subkey  5
0 pge  204
100 pge  118
200 pge  49
300 pge  42
400 pge  69
500 pge  22
600 pge  17
700 pge  26
800 pge  16
900 pge  18
1000 pge  8
1100 pge  10
1200 pge  11
1300 pge  11
1400 pge  10
1500 pge  10
1600 pge  11
1700 pge  8
1800 pge  8
1900 pge  8
2000 pge  8
2100 pge  8
2200 pge  8
2300 pge  8
2400 pge  8
2500 pge  8
2600 pge  10
2700 pge  9
2800 pge  10
2900 pge  11
3000 pge  11
3100 pge  10
3200 pge  10
3300 pge  9
3400 pge  9
3500 pge  9
3600 pge  9
3700 pge  10
3800 pge  10
3900 pge  10
4000 pge  10
4100 pge  10
4200 pge  10
4300 pge  10
4400 pge  10
4500 pge  10
4600 pge  11
4700 pge  11
4800 pge  10
4900 pge  10
5000 pge  10
5100 pge  10
5200 pge  10
5300 pge  8
5400 pge  8
5500 pge  8
5600 pge  8
5700 pge  8
5800 pge  8
5900 pge  8
PGE  6
Subkey  6
0 pge  92
100 pge  151
200 pge  184
300 pge  238
400 pge  249
500 pge  254
600 pge  245
700 pge  196
800 pge  193
900 pge  168
1000 pge  144
1100 pge  118
1200 pge  91
1300 pge  120
1400 pge  100
1500 pge  119
1600 pge  127
1700 pge  137
1800 pge  93
1900 pge  127
2000 pge  127
2100 pge  126
2200 pge  137
2300 pge  146
2400 pge  157
2500 pge  146
2600 pge  136
2700 pge  115
2800 pge  115
2900 pge  98
3000 pge  80
3100 pge  73
3200 pge  59
3300 pge  63
3400 pge  50
3500 pge  40
3600 pge  45
3700 pge  44
3800 pge  53
3900 pge  47
4000 pge  47
4100 pge  44
4200 pge  44
4300 pge  45
4400 pge  46
4500 pge  40
4600 pge  42
4700 pge  45
4800 pge  53
4900 pge  56
5000 pge  51
5100 pge  46
5200 pge  41
5300 pge  38
5400 pge  37
5500 pge  36
5600 pge  35
5700 pge  36
5800 pge  39
5900 pge  43
PGE  41
Subkey  7
0 pge  192
100 pge  26
200 pge  89
300 pge  55
400 pge  47
500 pge  14
600 pge  52
700 pge  91
800 pge  61
900 pge  34
1000 pge  52
1100 pge  49
1200 pge  60
1300 pge  21
1400 pge  68
1500 pge  50
1600 pge  54
1700 pge  49
1800 pge  34
1900 pge  63
2000 pge  62
2100 pge  62
2200 pge  73
2300 pge  53
2400 pge  36
2500 pge  45
2600 pge  52
2700 pge  50
2800 pge  35
2900 pge  42
3000 pge  39
3100 pge  37
3200 pge  32
3300 pge  32
3400 pge  33
3500 pge  36
3600 pge  36
3700 pge  41
3800 pge  31
3900 pge  26
4000 pge  28
4100 pge  16
4200 pge  15
4300 pge  16
4400 pge  21
4500 pge  19
4600 pge  20
4700 pge  19
4800 pge  19
4900 pge  19
5000 pge  18
5100 pge  15
5200 pge  15
5300 pge  14
5400 pge  11
5500 pge  10
5600 pge  11
5700 pge  14
5800 pge  13
5900 pge  13
PGE  14
Subkey  8
0 pge  136
100 pge  7
200 pge  4
300 pge  5
400 pge  4
500 pge  9
600 pge  21
700 pge  21
800 pge  24
900 pge  35
1000 pge  34
1100 pge  20
1200 pge  29
1300 pge  27
1400 pge  24
1500 pge  21
1600 pge  14
1700 pge  7
1800 pge  7
1900 pge  7
2000 pge  7
2100 pge  6
2200 pge  5
2300 pge  5
2400 pge  5
2500 pge  5
2600 pge  5
2700 pge  5
2800 pge  5
2900 pge  5
3000 pge  5
3100 pge  5
3200 pge  5
3300 pge  5
3400 pge  5
3500 pge  5
3600 pge  5
3700 pge  5
3800 pge  5
3900 pge  5
4000 pge  5
4100 pge  5
4200 pge  5
4300 pge  5
4400 pge  5
4500 pge  5
4600 pge  5
4700 pge  5
4800 pge  5
4900 pge  5
5000 pge  5
5100 pge  5
5200 pge  5
5300 pge  5
5400 pge  5
5500 pge  5
5600 pge  5
5700 pge  5
5800 pge  5
5900 pge  5
PGE  5
Subkey  9
0 pge  5
100 pge  14
200 pge  13
300 pge  15
400 pge  14
500 pge  15
600 pge  14
700 pge  13
800 pge  13
900 pge  13
1000 pge  12
1100 pge  7
1200 pge  10
1300 pge  8
1400 pge  13
1500 pge  11
1600 pge  7
1700 pge  5
1800 pge  5
1900 pge  7
2000 pge  4
2100 pge  8
2200 pge  6
2300 pge  6
2400 pge  6
2500 pge  8
2600 pge  11
2700 pge  8
2800 pge  5
2900 pge  5
3000 pge  5
3100 pge  5
3200 pge  4
3300 pge  5
3400 pge  6
3500 pge  7
3600 pge  7
3700 pge  7
3800 pge  7
3900 pge  7
4000 pge  8
4100 pge  7
4200 pge  7
4300 pge  7
4400 pge  4
4500 pge  4
4600 pge  5
4700 pge  4
4800 pge  4
4900 pge  4
5000 pge  5
5100 pge  4
5200 pge  4
5300 pge  4
5400 pge  5
5500 pge  7
5600 pge  6
5700 pge  6
5800 pge  7
5900 pge  8
PGE  9
Subkey 10
0 pge  253
100 pge  6
200 pge  6
300 pge  7
400 pge  7
500 pge  9
600 pge  8
700 pge  11
800 pge  11
900 pge  12
1000 pge  13
1100 pge  13
1200 pge  12
1300 pge  12
1400 pge  11
1500 pge  12
1600 pge  12
1700 pge  13
1800 pge  13
1900 pge  10
2000 pge  13
2100 pge  13
2200 pge  15
2300 pge  14
2400 pge  14
2500 pge  15
2600 pge  15
2700 pge  12
2800 pge  14
2900 pge  10
3000 pge  15
3100 pge  14
3200 pge  15
3300 pge  15
3400 pge  15
3500 pge  15
3600 pge  14
3700 pge  15
3800 pge  14
3900 pge  14
4000 pge  13
4100 pge  12
4200 pge  13
4300 pge  12
4400 pge  13
4500 pge  12
4600 pge  13
4700 pge  13
4800 pge  13
4900 pge  13
5000 pge  13
5100 pge  13
5200 pge  13
5300 pge  13
5400 pge  12
5500 pge  13
5600 pge  13
5700 pge  12
5800 pge  13
5900 pge  14
PGE  14
Subkey 11
0 pge  127
100 pge  131
200 pge  28
300 pge  20
400 pge  12
500 pge  7
600 pge  7
700 pge  6
800 pge  8
900 pge  2
1000 pge  0
1100 pge  1
1200 pge  0
1300 pge  0
1400 pge  1
1500 pge  2
1600 pge  1
1700 pge  0
1800 pge  0
1900 pge  0
2000 pge  0
2100 pge  0
2200 pge  0
2300 pge  0
2400 pge  0
2500 pge  0
2600 pge  0
2700 pge  0
2800 pge  0
2900 pge  0
3000 pge  0
3100 pge  0
3200 pge  0
3300 pge  0
3400 pge  0
3500 pge  0
3600 pge  0
3700 pge  0
3800 pge  0
3900 pge  0
4000 pge  0
4100 pge  0
4200 pge  0
4300 pge  0
4400 pge  0
4500 pge  0
4600 pge  0
4700 pge  0
4800 pge  0
4900 pge  0
5000 pge  0
5100 pge  0
5200 pge  0
5300 pge  0
5400 pge  0
5500 pge  0
5600 pge  0
5700 pge  0
5800 pge  0
5900 pge  0
PGE  0
Subkey 12
0 pge  115
100 pge  13
200 pge  25
300 pge  11
400 pge  11
500 pge  11
600 pge  8
700 pge  11
800 pge  10
900 pge  9
1000 pge  11
1100 pge  11
1200 pge  11
1300 pge  14
1400 pge  12
1500 pge  14
1600 pge  12
1700 pge  8
1800 pge  7
1900 pge  7
2000 pge  7
2100 pge  7
2200 pge  7
2300 pge  6
2400 pge  6
2500 pge  5
2600 pge  5
2700 pge  6
2800 pge  5
2900 pge  7
3000 pge  8
3100 pge  9
3200 pge  9
3300 pge  8
3400 pge  9
3500 pge  8
3600 pge  9
3700 pge  9
3800 pge  11
3900 pge  10
4000 pge  10
4100 pge  9
4200 pge  9
4300 pge  9
4400 pge  9
4500 pge  8
4600 pge  9
4700 pge  8
4800 pge  8
4900 pge  8
5000 pge  8
5100 pge  8
5200 pge  7
5300 pge  7
5400 pge  8
5500 pge  7
5600 pge  7
5700 pge  7
5800 pge  7
5900 pge  6
PGE  7
Subkey 13
0 pge  247
100 pge  197
200 pge  201
300 pge  121
400 pge  109
500 pge  55
600 pge  82
700 pge  75
800 pge  63
900 pge  43
1000 pge  59
1100 pge  69
1200 pge  116
1300 pge  118
1400 pge  125
1500 pge  89
1600 pge  76
1700 pge  90
1800 pge  101
1900 pge  100
2000 pge  107
2100 pge  79
2200 pge  83
2300 pge  59
2400 pge  79
2500 pge  92
2600 pge  67
2700 pge  51
2800 pge  55
2900 pge  58
3000 pge  67
3100 pge  67
3200 pge  48
3300 pge  51
3400 pge  48
3500 pge  46
3600 pge  43
3700 pge  33
3800 pge  43
3900 pge  36
4000 pge  29
4100 pge  43
4200 pge  46
4300 pge  47
4400 pge  45
4500 pge  51
4600 pge  50
4700 pge  54
4800 pge  37
4900 pge  43
5000 pge  46
5100 pge  38
5200 pge  32
5300 pge  25
5400 pge  18
5500 pge  18
5600 pge  15
5700 pge  12
5800 pge  11
5900 pge  9
PGE  9
Subkey 14
0 pge  247
100 pge  132
200 pge  71
300 pge  38
400 pge  45
500 pge  31
600 pge  20
700 pge  22
800 pge  11
900 pge  9
1000 pge  8
1100 pge  7
1200 pge  9
1300 pge  14
1400 pge  7
1500 pge  6
1600 pge  6
1700 pge  8
1800 pge  9
1900 pge  7
2000 pge  7
2100 pge  8
2200 pge  8
2300 pge  8
2400 pge  8
2500 pge  8
2600 pge  7
2700 pge  7
2800 pge  7
2900 pge  8
3000 pge  8
3100 pge  7
3200 pge  7
3300 pge  7
3400 pge  7
3500 pge  8
3600 pge  7
3700 pge  7
3800 pge  7
3900 pge  9
4000 pge  8
4100 pge  10
4200 pge  9
4300 pge  9
4400 pge  8
4500 pge  8
4600 pge  9
4700 pge  9
4800 pge  10
4900 pge  10
5000 pge  9
5100 pge  10
5200 pge  10
5300 pge  11
5400 pge  7
5500 pge  8
5600 pge  8
5700 pge  8
5800 pge  7
5900 pge  7
PGE  8
Subkey 15
0 pge  139
100 pge  14
200 pge  36
300 pge  24
400 pge  13
500 pge  11
600 pge  5
700 pge  8
800 pge  5
900 pge  3
1000 pge  3
1100 pge  6
1200 pge  5
1300 pge  5
1400 pge  6
1500 pge  7
1600 pge  9
1700 pge  7
1800 pge  8
1900 pge  7
2000 pge  9
2100 pge  7
2200 pge  7
2300 pge  6
2400 pge  5
2500 pge  5
2600 pge  5
2700 pge  5
2800 pge  5
2900 pge  5
3000 pge  4
3100 pge  5
3200 pge  5
3300 pge  6
3400 pge  5
3500 pge  7
3600 pge  7
3700 pge  7
3800 pge  7
3900 pge  7
4000 pge  7
4100 pge  7
4200 pge  6
4300 pge  5
4400 pge  5
4500 pge  5
4600 pge  4
4700 pge  5
4800 pge  4
4900 pge  4
5000 pge  4
5100 pge  4
5200 pge  4
5300 pge  4
5400 pge  5
5500 pge  6
5600 pge  5
5700 pge  5
5800 pge  5
5900 pge  6
PGE  6
Best Key Guess:   98   de   96   2f   e8   d4   23   03   eb   99   e4   32   c2   9c   11   41
Known Key:        e9   b3   94   2f   eb   d2   c8   01   e8   97   e3   32   c9   98   18   48
PGE:             250  006  013  000  051  006  041  014  005  009  014  000  007  009  008  006
HD:              004  005  001  000  002  002  006  001  002  003  003  000  003  001  002  002
SUCCESS:           0    0    0    1    0    0    0    0    0    0    0    1    0    0    0    0
CORRECT BYTES: 2
PGE MEAN:      27
PGE MEDIAN:    8
PGE MAX:       250
HD SUM:        37

Starting key ranking using HEL
results rank estimation
nb_bins = 512
merge = 2
Starting preprocessing
Clearing memory
min: 2^79.4664632
actual rounded: 2^88.67480895
max: 2^94.60208783
time enum: 0.1263 seconds

