Basculement sur la branche 'feat-recombination'
Votre branche est à jour avec 'origin/feat-recombination'.
trace_nb=1000
bruteforce=--no-bruteforce
profile_path=/home/drac/mnt/sc_nvme_ssd/dataset/240413_1-leak-pairing-highdist-fix-2.534e9-8e6_raw/profile_AMPLITUDE_5000_r_1
comptype=AMPLITUDE
pois_nb=1
[2024-04-14 07:58:51,859] [2620349] [MainThread] [dataset] INFO  - Dataset loaded from '/home/drac/mnt/sc_nvme_ssd/dataset/240413_1-leak-pairing-highdist-fix-2.534e9-8e6_raw/dataset.pyc'
[2024-04-14 07:58:51,859] [2620349] [MainThread] [load] INFO  - Loading traces...
[2024-04-14 07:58:51,859] [2620349] [MainThread] [load] WARNING - No loaded NF traces!
Load FF traces: 100%|███████████████████████████████████████████████████████████████████████████████████████████████████████████████████████████████████████████████████████████████████████████████████| 1000/1000 [00:00<00:00, 65193.73it/s]
[2024-04-14 07:58:51,875] [2620349] [MainThread] [load] INFO  - Done!
find_bad_entry(): 100%|████████████████████████████████████████████████████████████████████████████████████████████████████████████████████████████████████████████████████████████████████████████████| 1000/1000 [00:00<00:00, 230671.73it/s]
[2024-04-14 07:58:51,880] [2620349] [MainThread] [attack] INFO  - Load the forced profile from /home/drac/mnt/sc_nvme_ssd/dataset/240413_1-leak-pairing-highdist-fix-2.534e9-8e6_raw/profile_AMPLITUDE_5000_r_1
[2024-04-14 07:58:51,910] [2620349] [MainThread] [attack] INFO  - Align attack traces with themselves...
Align: 100%|█████████████████████████████████████████████████████████████████████████████████████████████████████████████████████████████████████████████████████████████████████████████████████████████| 1000/1000 [00:00<00:00, 3796.12it/s]
[2024-04-14 07:58:52,175] [2620349] [MainThread] [attack] INFO  - Align attack traces with the profile...
Align: 100%|█████████████████████████████████████████████████████████████████████████████████████████████████████████████████████████████████████████████████████████████████████████████████████████████| 1000/1000 [00:00<00:00, 3685.66it/s]

Subkey  0
Subkey  1
Subkey  2
Subkey  3
Subkey  4
Subkey  5
Subkey  6
Subkey  7
Subkey  8
Subkey  9
Subkey 10
Subkey 11
Subkey 12
Subkey 13
Subkey 14
Subkey 15
Best Key Guess:   d9   93   1a   ed   2a   4d   24   7a   2f   70   88   9d   b8   98   dd   e0
Known Key:        d9   90   15   e2   23   43   2f   76   06   7c   82   91   b9   9e   d3   e5
PGE:             000  010  016  019  009  010  016  006  016  012  003  010  002  009  007  001
HD:              000  002  004  004  002  003  003  002  003  002  002  002  001  002  003  002
SUCCESS:           1    0    0    0    0    0    0    0    0    0    0    0    0    0    0    0
CORRECT BYTES: 1
PGE MEAN:      9
PGE MEDIAN:    9
PGE MAX:       19
HD SUM:        37

Starting key ranking using HEL
results rank estimation
nb_bins = 512
merge = 2
Starting preprocessing
Clearing memory
min: 2^72.77018041
actual rounded: 2^73.76013662
max: 2^74.5272872
time enum: 0.128351 seconds


trace_nb=100
bruteforce=--no-bruteforce
profile_path=/home/drac/mnt/sc_nvme_ssd/dataset/240413_1-leak-pairing-highdist-fix-2.534e9-8e6_raw/profile_AMPLITUDE_5000_r_1
comptype=AMPLITUDE
pois_nb=1
[2024-04-14 07:58:57,086] [2620528] [MainThread] [dataset] INFO  - Dataset loaded from '/home/drac/mnt/sc_nvme_ssd/dataset/240413_1-leak-pairing-highdist-fix-2.534e9-8e6_raw/dataset.pyc'
[2024-04-14 07:58:57,086] [2620528] [MainThread] [load] INFO  - Loading traces...
[2024-04-14 07:58:57,086] [2620528] [MainThread] [load] WARNING - No loaded NF traces!
Load FF traces: 100%|█████████████████████████████████████████████████████████████████████████████████████████████████████████████████████████████████████████████████████████████████████████████████████| 100/100 [00:00<00:00, 60004.35it/s]
[2024-04-14 07:58:57,088] [2620528] [MainThread] [load] INFO  - Done!
find_bad_entry(): 100%|██████████████████████████████████████████████████████████████████████████████████████████████████████████████████████████████████████████████████████████████████████████████████| 100/100 [00:00<00:00, 185342.64it/s]
[2024-04-14 07:58:57,089] [2620528] [MainThread] [attack] INFO  - Load the forced profile from /home/drac/mnt/sc_nvme_ssd/dataset/240413_1-leak-pairing-highdist-fix-2.534e9-8e6_raw/profile_AMPLITUDE_5000_r_1
[2024-04-14 07:58:57,116] [2620528] [MainThread] [attack] INFO  - Align attack traces with themselves...
Align: 100%|███████████████████████████████████████████████████████████████████████████████████████████████████████████████████████████████████████████████████████████████████████████████████████████████| 100/100 [00:00<00:00, 3536.45it/s]
[2024-04-14 07:58:57,145] [2620528] [MainThread] [attack] INFO  - Align attack traces with the profile...
Align: 100%|███████████████████████████████████████████████████████████████████████████████████████████████████████████████████████████████████████████████████████████████████████████████████████████████| 100/100 [00:00<00:00, 3481.56it/s]

Subkey  0
Subkey  1
Subkey  2
Subkey  3
Subkey  4
Subkey  5
Subkey  6
Subkey  7
Subkey  8
Subkey  9
Subkey 10
Subkey 11
Subkey 12
Subkey 13
Subkey 14
Subkey 15
Best Key Guess:   d8   96   18   ec   24   78   1e   54   22   7e   8c   9b   9c   9b   f1   fe
Known Key:        d9   90   15   e2   23   43   2f   76   06   7c   82   91   b9   9e   d3   e5
PGE:             002  021  011  036  011  033  041  013  042  015  014  019  007  009  038  033
HD:              001  002  003  003  003  005  003  002  002  001  003  002  003  002  002  004
SUCCESS:           0    0    0    0    0    0    0    0    0    0    0    0    0    0    0    0
CORRECT BYTES: 0
PGE MEAN:      21
PGE MEDIAN:    17
PGE MAX:       42
HD SUM:        41

Starting key ranking using HEL
results rank estimation
nb_bins = 512
merge = 2
Starting preprocessing
Clearing memory
min: 2^91.53536065
actual rounded: 2^91.87455991
max: 2^92.14204537
time enum: 0.128592 seconds


trace_nb=500
bruteforce=--no-bruteforce
profile_path=/home/drac/mnt/sc_nvme_ssd/dataset/240413_1-leak-pairing-highdist-fix-2.534e9-8e6_raw/profile_AMPLITUDE_5000_r_1
comptype=AMPLITUDE
pois_nb=1
[2024-04-14 07:58:59,837] [2620571] [MainThread] [dataset] INFO  - Dataset loaded from '/home/drac/mnt/sc_nvme_ssd/dataset/240413_1-leak-pairing-highdist-fix-2.534e9-8e6_raw/dataset.pyc'
[2024-04-14 07:58:59,837] [2620571] [MainThread] [load] INFO  - Loading traces...
[2024-04-14 07:58:59,837] [2620571] [MainThread] [load] WARNING - No loaded NF traces!
Load FF traces: 100%|█████████████████████████████████████████████████████████████████████████████████████████████████████████████████████████████████████████████████████████████████████████████████████| 500/500 [00:00<00:00, 67630.43it/s]
[2024-04-14 07:58:59,845] [2620571] [MainThread] [load] INFO  - Done!
find_bad_entry(): 100%|██████████████████████████████████████████████████████████████████████████████████████████████████████████████████████████████████████████████████████████████████████████████████| 500/500 [00:00<00:00, 226108.03it/s]
[2024-04-14 07:58:59,848] [2620571] [MainThread] [attack] INFO  - Load the forced profile from /home/drac/mnt/sc_nvme_ssd/dataset/240413_1-leak-pairing-highdist-fix-2.534e9-8e6_raw/profile_AMPLITUDE_5000_r_1
[2024-04-14 07:58:59,876] [2620571] [MainThread] [attack] INFO  - Align attack traces with themselves...
Align: 100%|███████████████████████████████████████████████████████████████████████████████████████████████████████████████████████████████████████████████████████████████████████████████████████████████| 500/500 [00:00<00:00, 3779.02it/s]
[2024-04-14 07:59:00,009] [2620571] [MainThread] [attack] INFO  - Align attack traces with the profile...
Align: 100%|███████████████████████████████████████████████████████████████████████████████████████████████████████████████████████████████████████████████████████████████████████████████████████████████| 500/500 [00:00<00:00, 3694.26it/s]

Subkey  0
Subkey  1
Subkey  2
Subkey  3
Subkey  4
Subkey  5
Subkey  6
Subkey  7
Subkey  8
Subkey  9
Subkey 10
Subkey 11
Subkey 12
Subkey 13
Subkey 14
Subkey 15
Best Key Guess:   d9   93   14   e0   21   47   2b   78   05   70   88   99   b8   9b   d5   e4
Known Key:        d9   90   15   e2   23   43   2f   76   06   7c   82   91   b9   9e   d3   e5
PGE:             000  016  002  032  026  017  039  007  030  002  003  010  001  009  021  002
HD:              000  002  001  001  001  001  001  003  002  002  002  001  001  002  002  001
SUCCESS:           1    0    0    0    0    0    0    0    0    0    0    0    0    0    0    0
CORRECT BYTES: 1
PGE MEAN:      13
PGE MEDIAN:    9
PGE MAX:       39
HD SUM:        23

Starting key ranking using HEL
results rank estimation
nb_bins = 512
merge = 2
Starting preprocessing
Clearing memory
min: 2^79.12488907
actual rounded: 2^79.8440716
max: 2^80.40365522
time enum: 0.128632 seconds


trace_nb=1000
bruteforce=--no-bruteforce
profile_path=/home/drac/mnt/sc_nvme_ssd/dataset/240413_1-leak-pairing-highdist-fix-2.534e9-8e6_raw/profile_AMPLITUDE_5000_r_1
comptype=AMPLITUDE
pois_nb=1
[2024-04-14 07:59:03,581] [2620617] [MainThread] [dataset] INFO  - Dataset loaded from '/home/drac/mnt/sc_nvme_ssd/dataset/240413_1-leak-pairing-highdist-fix-2.534e9-8e6_raw/dataset.pyc'
[2024-04-14 07:59:03,581] [2620617] [MainThread] [load] INFO  - Loading traces...
[2024-04-14 07:59:03,581] [2620617] [MainThread] [load] WARNING - No loaded NF traces!
Load FF traces: 100%|███████████████████████████████████████████████████████████████████████████████████████████████████████████████████████████████████████████████████████████████████████████████████| 1000/1000 [00:00<00:00, 69027.27it/s]
[2024-04-14 07:59:03,596] [2620617] [MainThread] [load] INFO  - Done!
find_bad_entry(): 100%|████████████████████████████████████████████████████████████████████████████████████████████████████████████████████████████████████████████████████████████████████████████████| 1000/1000 [00:00<00:00, 233978.80it/s]
[2024-04-14 07:59:03,601] [2620617] [MainThread] [attack] INFO  - Load the forced profile from /home/drac/mnt/sc_nvme_ssd/dataset/240413_1-leak-pairing-highdist-fix-2.534e9-8e6_raw/profile_AMPLITUDE_5000_r_1
[2024-04-14 07:59:03,631] [2620617] [MainThread] [attack] INFO  - Align attack traces with themselves...
Align: 100%|█████████████████████████████████████████████████████████████████████████████████████████████████████████████████████████████████████████████████████████████████████████████████████████████| 1000/1000 [00:00<00:00, 3849.21it/s]
[2024-04-14 07:59:03,892] [2620617] [MainThread] [attack] INFO  - Align attack traces with the profile...
Align: 100%|█████████████████████████████████████████████████████████████████████████████████████████████████████████████████████████████████████████████████████████████████████████████████████████████| 1000/1000 [00:00<00:00, 3741.81it/s]

Subkey  0
Subkey  1
Subkey  2
Subkey  3
Subkey  4
Subkey  5
Subkey  6
Subkey  7
Subkey  8
Subkey  9
Subkey 10
Subkey 11
Subkey 12
Subkey 13
Subkey 14
Subkey 15
Best Key Guess:   d9   93   1a   ed   2a   4d   24   7a   2f   70   88   9d   b8   98   dd   e0
Known Key:        d9   90   15   e2   23   43   2f   76   06   7c   82   91   b9   9e   d3   e5
PGE:             000  010  016  019  009  010  016  006  016  012  003  010  002  009  007  001
HD:              000  002  004  004  002  003  003  002  003  002  002  002  001  002  003  002
SUCCESS:           1    0    0    0    0    0    0    0    0    0    0    0    0    0    0    0
CORRECT BYTES: 1
PGE MEAN:      9
PGE MEDIAN:    9
PGE MAX:       19
HD SUM:        37

Starting key ranking using HEL
results rank estimation
nb_bins = 512
merge = 2
Starting preprocessing
Clearing memory
min: 2^72.77018041
actual rounded: 2^73.76013662
max: 2^74.5272872
time enum: 0.127934 seconds


trace_nb=1500
bruteforce=--no-bruteforce
profile_path=/home/drac/mnt/sc_nvme_ssd/dataset/240413_1-leak-pairing-highdist-fix-2.534e9-8e6_raw/profile_AMPLITUDE_5000_r_1
comptype=AMPLITUDE
pois_nb=1
[2024-04-14 07:59:08,694] [2620668] [MainThread] [dataset] INFO  - Dataset loaded from '/home/drac/mnt/sc_nvme_ssd/dataset/240413_1-leak-pairing-highdist-fix-2.534e9-8e6_raw/dataset.pyc'
[2024-04-14 07:59:08,695] [2620668] [MainThread] [load] INFO  - Loading traces...
[2024-04-14 07:59:08,695] [2620668] [MainThread] [load] WARNING - No loaded NF traces!
Load FF traces: 100%|███████████████████████████████████████████████████████████████████████████████████████████████████████████████████████████████████████████████████████████████████████████████████| 1500/1500 [00:00<00:00, 68125.48it/s]
[2024-04-14 07:59:08,717] [2620668] [MainThread] [load] INFO  - Done!
find_bad_entry(): 100%|████████████████████████████████████████████████████████████████████████████████████████████████████████████████████████████████████████████████████████████████████████████████| 1500/1500 [00:00<00:00, 235018.90it/s]
[2024-04-14 07:59:08,725] [2620668] [MainThread] [attack] INFO  - Load the forced profile from /home/drac/mnt/sc_nvme_ssd/dataset/240413_1-leak-pairing-highdist-fix-2.534e9-8e6_raw/profile_AMPLITUDE_5000_r_1
[2024-04-14 07:59:08,757] [2620668] [MainThread] [attack] INFO  - Align attack traces with themselves...
Align: 100%|█████████████████████████████████████████████████████████████████████████████████████████████████████████████████████████████████████████████████████████████████████████████████████████████| 1500/1500 [00:00<00:00, 3810.96it/s]
[2024-04-14 07:59:09,152] [2620668] [MainThread] [attack] INFO  - Align attack traces with the profile...
Align: 100%|█████████████████████████████████████████████████████████████████████████████████████████████████████████████████████████████████████████████████████████████████████████████████████████████| 1500/1500 [00:00<00:00, 3682.77it/s]

Subkey  0
Subkey  1
Subkey  2
Subkey  3
Subkey  4
Subkey  5
Subkey  6
Subkey  7
Subkey  8
Subkey  9
Subkey 10
Subkey 11
Subkey 12
Subkey 13
Subkey 14
Subkey 15
Best Key Guess:   de   93   14   eb   29   47   24   79   02   70   88   9d   b8   96   d5   e8
Known Key:        d9   90   15   e2   23   43   2f   76   06   7c   82   91   b9   9e   d3   e5
PGE:             001  006  012  008  011  009  009  003  004  007  004  013  001  012  005  002
HD:              003  002  001  002  002  001  003  004  001  002  002  002  001  001  002  003
SUCCESS:           0    0    0    0    0    0    0    0    0    0    0    0    0    0    0    0
CORRECT BYTES: 0
PGE MEAN:      6
PGE MEDIAN:    6
PGE MAX:       13
HD SUM:        32

Starting key ranking using HEL
results rank estimation
nb_bins = 512
merge = 2
Starting preprocessing
Clearing memory
min: 2^66.98319372
actual rounded: 2^68.21855943
max: 2^69.17076582
time enum: 0.128891 seconds


trace_nb=1000
bruteforce=--no-bruteforce
profile_path=/home/drac/mnt/sc_nvme_ssd/dataset/240413_1-leak-pairing-highdist-fix-2.534e9-8e6_raw/profile_AMPLITUDE_5000_r_1
comptype=AMPLITUDE
pois_nb=1
[2024-04-14 07:59:15,184] [2620725] [MainThread] [dataset] INFO  - Dataset loaded from '/home/drac/mnt/sc_nvme_ssd/dataset/240413_1-leak-pairing-highdist-fix-2.534e9-8e6_raw/dataset.pyc'
[2024-04-14 07:59:15,184] [2620725] [MainThread] [load] INFO  - Loading traces...
[2024-04-14 07:59:15,184] [2620725] [MainThread] [load] WARNING - No loaded NF traces!
Load FF traces: 100%|███████████████████████████████████████████████████████████████████████████████████████████████████████████████████████████████████████████████████████████████████████████████████| 1000/1000 [00:00<00:00, 69212.94it/s]
[2024-04-14 07:59:15,199] [2620725] [MainThread] [load] INFO  - Done!
find_bad_entry(): 100%|████████████████████████████████████████████████████████████████████████████████████████████████████████████████████████████████████████████████████████████████████████████████| 1000/1000 [00:00<00:00, 238719.64it/s]
[2024-04-14 07:59:15,204] [2620725] [MainThread] [attack] INFO  - Load the forced profile from /home/drac/mnt/sc_nvme_ssd/dataset/240413_1-leak-pairing-highdist-fix-2.534e9-8e6_raw/profile_AMPLITUDE_5000_r_1
[2024-04-14 07:59:15,234] [2620725] [MainThread] [attack] INFO  - Align attack traces with themselves...
Align: 100%|█████████████████████████████████████████████████████████████████████████████████████████████████████████████████████████████████████████████████████████████████████████████████████████████| 1000/1000 [00:00<00:00, 3809.35it/s]
[2024-04-14 07:59:15,497] [2620725] [MainThread] [attack] INFO  - Align attack traces with the profile...
Align: 100%|█████████████████████████████████████████████████████████████████████████████████████████████████████████████████████████████████████████████████████████████████████████████████████████████| 1000/1000 [00:00<00:00, 3721.07it/s]

Subkey  0
Subkey  1
Subkey  2
Subkey  3
Subkey  4
Subkey  5
Subkey  6
Subkey  7
Subkey  8
Subkey  9
Subkey 10
Subkey 11
Subkey 12
Subkey 13
Subkey 14
Subkey 15
Best Key Guess:   d9   93   1a   ed   2a   4d   24   7a   2f   70   88   9d   b8   98   dd   e0
Known Key:        d9   90   15   e2   23   43   2f   76   06   7c   82   91   b9   9e   d3   e5
PGE:             000  010  016  019  009  010  016  006  016  012  003  010  002  009  007  001
HD:              000  002  004  004  002  003  003  002  003  002  002  002  001  002  003  002
SUCCESS:           1    0    0    0    0    0    0    0    0    0    0    0    0    0    0    0
CORRECT BYTES: 1
PGE MEAN:      9
PGE MEDIAN:    9
PGE MAX:       19
HD SUM:        37

Starting key ranking using HEL
results rank estimation
nb_bins = 512
merge = 2
Starting preprocessing
Clearing memory
min: 2^72.77018041
actual rounded: 2^73.76013662
max: 2^74.5272872
time enum: 0.12818 seconds


trace_nb=1000
bruteforce=--no-bruteforce
profile_path=/home/drac/mnt/sc_nvme_ssd/dataset/240413_1-leak-pairing-highdist-fix-2.534e9-8e6_raw/profile_AMPLITUDE_5000_snr_1
comptype=AMPLITUDE
pois_nb=1
[2024-04-14 07:59:20,373] [2620776] [MainThread] [dataset] INFO  - Dataset loaded from '/home/drac/mnt/sc_nvme_ssd/dataset/240413_1-leak-pairing-highdist-fix-2.534e9-8e6_raw/dataset.pyc'
[2024-04-14 07:59:20,373] [2620776] [MainThread] [load] INFO  - Loading traces...
[2024-04-14 07:59:20,373] [2620776] [MainThread] [load] WARNING - No loaded NF traces!
Load FF traces: 100%|███████████████████████████████████████████████████████████████████████████████████████████████████████████████████████████████████████████████████████████████████████████████████| 1000/1000 [00:00<00:00, 67750.60it/s]
[2024-04-14 07:59:20,389] [2620776] [MainThread] [load] INFO  - Done!
find_bad_entry(): 100%|████████████████████████████████████████████████████████████████████████████████████████████████████████████████████████████████████████████████████████████████████████████████| 1000/1000 [00:00<00:00, 231678.30it/s]
[2024-04-14 07:59:20,394] [2620776] [MainThread] [attack] INFO  - Load the forced profile from /home/drac/mnt/sc_nvme_ssd/dataset/240413_1-leak-pairing-highdist-fix-2.534e9-8e6_raw/profile_AMPLITUDE_5000_snr_1
[2024-04-14 07:59:20,424] [2620776] [MainThread] [attack] INFO  - Align attack traces with themselves...
Align: 100%|█████████████████████████████████████████████████████████████████████████████████████████████████████████████████████████████████████████████████████████████████████████████████████████████| 1000/1000 [00:00<00:00, 3784.83it/s]
[2024-04-14 07:59:20,689] [2620776] [MainThread] [attack] INFO  - Align attack traces with the profile...
Align: 100%|█████████████████████████████████████████████████████████████████████████████████████████████████████████████████████████████████████████████████████████████████████████████████████████████| 1000/1000 [00:00<00:00, 3674.34it/s]

Subkey  0
Subkey  1
Subkey  2
Subkey  3
Subkey  4
Subkey  5
Subkey  6
Subkey  7
Subkey  8
Subkey  9
Subkey 10
Subkey 11
Subkey 12
Subkey 13
Subkey 14
Subkey 15
Best Key Guess:   d9   93   1a   ed   2a   4d   24   7a   2f   70   88   9d   b8   98   dd   e0
Known Key:        d9   90   15   e2   23   43   2f   76   06   7c   82   91   b9   9e   d3   e5
PGE:             000  010  016  019  009  010  016  006  016  012  003  010  002  009  007  001
HD:              000  002  004  004  002  003  003  002  003  002  002  002  001  002  003  002
SUCCESS:           1    0    0    0    0    0    0    0    0    0    0    0    0    0    0    0
CORRECT BYTES: 1
PGE MEAN:      9
PGE MEDIAN:    9
PGE MAX:       19
HD SUM:        37

Starting key ranking using HEL
results rank estimation
nb_bins = 512
merge = 2
Starting preprocessing
Clearing memory
min: 2^72.77018041
actual rounded: 2^73.76013662
max: 2^74.5272872
time enum: 0.128034 seconds


trace_nb=1000
bruteforce=--no-bruteforce
profile_path=/home/drac/mnt/sc_nvme_ssd/dataset/240413_1-leak-pairing-highdist-fix-2.534e9-8e6_raw/profile_AMPLITUDE_5000_r_1
comptype=AMPLITUDE
pois_nb=1
[2024-04-14 07:59:25,666] [2620825] [MainThread] [dataset] INFO  - Dataset loaded from '/home/drac/mnt/sc_nvme_ssd/dataset/240413_1-leak-pairing-highdist-fix-2.534e9-8e6_raw/dataset.pyc'
[2024-04-14 07:59:25,666] [2620825] [MainThread] [load] INFO  - Loading traces...
[2024-04-14 07:59:25,666] [2620825] [MainThread] [load] WARNING - No loaded NF traces!
Load FF traces: 100%|███████████████████████████████████████████████████████████████████████████████████████████████████████████████████████████████████████████████████████████████████████████████████| 1000/1000 [00:00<00:00, 70821.02it/s]
[2024-04-14 07:59:25,681] [2620825] [MainThread] [load] INFO  - Done!
find_bad_entry(): 100%|████████████████████████████████████████████████████████████████████████████████████████████████████████████████████████████████████████████████████████████████████████████████| 1000/1000 [00:00<00:00, 236059.43it/s]
[2024-04-14 07:59:25,686] [2620825] [MainThread] [attack] INFO  - Load the forced profile from /home/drac/mnt/sc_nvme_ssd/dataset/240413_1-leak-pairing-highdist-fix-2.534e9-8e6_raw/profile_AMPLITUDE_5000_r_1
[2024-04-14 07:59:25,716] [2620825] [MainThread] [attack] INFO  - Align attack traces with themselves...
Align: 100%|█████████████████████████████████████████████████████████████████████████████████████████████████████████████████████████████████████████████████████████████████████████████████████████████| 1000/1000 [00:00<00:00, 3790.69it/s]
[2024-04-14 07:59:25,980] [2620825] [MainThread] [attack] INFO  - Align attack traces with the profile...
Align: 100%|█████████████████████████████████████████████████████████████████████████████████████████████████████████████████████████████████████████████████████████████████████████████████████████████| 1000/1000 [00:00<00:00, 3679.99it/s]

Subkey  0
Subkey  1
Subkey  2
Subkey  3
Subkey  4
Subkey  5
Subkey  6
Subkey  7
Subkey  8
Subkey  9
Subkey 10
Subkey 11
Subkey 12
Subkey 13
Subkey 14
Subkey 15
Best Key Guess:   d9   93   1a   ed   2a   4d   24   7a   2f   70   88   9d   b8   98   dd   e0
Known Key:        d9   90   15   e2   23   43   2f   76   06   7c   82   91   b9   9e   d3   e5
PGE:             000  010  016  019  009  010  016  006  016  012  003  010  002  009  007  001
HD:              000  002  004  004  002  003  003  002  003  002  002  002  001  002  003  002
SUCCESS:           1    0    0    0    0    0    0    0    0    0    0    0    0    0    0    0
CORRECT BYTES: 1
PGE MEAN:      9
PGE MEDIAN:    9
PGE MAX:       19
HD SUM:        37

Starting key ranking using HEL
results rank estimation
nb_bins = 512
merge = 2
Starting preprocessing
Clearing memory
min: 2^72.77018041
actual rounded: 2^73.76013662
max: 2^74.5272872
time enum: 0.128176 seconds


trace_nb=1000
bruteforce=--no-bruteforce
profile_path=/home/drac/mnt/sc_nvme_ssd/dataset/240413_1-leak-pairing-highdist-fix-2.534e9-8e6_raw/profile_AMPLITUDE_5000_r_2
comptype=AMPLITUDE
pois_nb=2
[2024-04-14 07:59:30,806] [2620876] [MainThread] [dataset] INFO  - Dataset loaded from '/home/drac/mnt/sc_nvme_ssd/dataset/240413_1-leak-pairing-highdist-fix-2.534e9-8e6_raw/dataset.pyc'
[2024-04-14 07:59:30,806] [2620876] [MainThread] [load] INFO  - Loading traces...
[2024-04-14 07:59:30,806] [2620876] [MainThread] [load] WARNING - No loaded NF traces!
Load FF traces: 100%|███████████████████████████████████████████████████████████████████████████████████████████████████████████████████████████████████████████████████████████████████████████████████| 1000/1000 [00:00<00:00, 70212.83it/s]
[2024-04-14 07:59:30,821] [2620876] [MainThread] [load] INFO  - Done!
find_bad_entry(): 100%|████████████████████████████████████████████████████████████████████████████████████████████████████████████████████████████████████████████████████████████████████████████████| 1000/1000 [00:00<00:00, 232435.80it/s]
[2024-04-14 07:59:30,826] [2620876] [MainThread] [attack] INFO  - Load the forced profile from /home/drac/mnt/sc_nvme_ssd/dataset/240413_1-leak-pairing-highdist-fix-2.534e9-8e6_raw/profile_AMPLITUDE_5000_r_2
[2024-04-14 07:59:30,856] [2620876] [MainThread] [attack] INFO  - Align attack traces with themselves...
Align: 100%|█████████████████████████████████████████████████████████████████████████████████████████████████████████████████████████████████████████████████████████████████████████████████████████████| 1000/1000 [00:00<00:00, 3834.19it/s]
[2024-04-14 07:59:31,118] [2620876] [MainThread] [attack] INFO  - Align attack traces with the profile...
Align: 100%|█████████████████████████████████████████████████████████████████████████████████████████████████████████████████████████████████████████████████████████████████████████████████████████████| 1000/1000 [00:00<00:00, 3724.78it/s]

Subkey  0
Subkey  1
Subkey  2
/home/drac/.local/lib/python3.10/site-packages/scipy/stats/_stats_py.py:4424: ConstantInputWarning: An input array is constant; the correlation coefficient is not defined.
  warnings.warn(stats.ConstantInputWarning(msg))
Subkey  3
Subkey  4
Subkey  5
Subkey  6
Subkey  7
Subkey  8
Subkey  9
Subkey 10
Subkey 11
Subkey 12
Subkey 13
Subkey 14
Subkey 15
Best Key Guess:   d9   93   00   00   2c   4b   24   00   05   73   00   00   b0   9b   d6   e0
Known Key:        d9   90   15   e2   23   43   2f   76   06   7c   82   91   b9   9e   d3   e5
PGE:             000  025  074  190  009  018  011  042  021  003  222  207  009  013  022  014
HD:              000  002  003  004  004  001  003  005  002  004  002  003  002  002  002  002
SUCCESS:           1    0    0    0    0    0    0    0    0    0    0    0    0    0    0    0
CORRECT BYTES: 1
PGE MEAN:      55
PGE MEDIAN:    19
PGE MAX:       222
HD SUM:        41

Starting key ranking using HEL
results rank estimation
nb_bins = 512
merge = 2
Starting preprocessing
Clearing memory
min: 2^95.38902667
actual rounded: 2^95.96353684
max: 2^96.40834194
time enum: 0.124661 seconds


trace_nb=1000
bruteforce=--no-bruteforce
profile_path=/home/drac/mnt/sc_nvme_ssd/dataset/240413_1-leak-pairing-highdist-fix-2.534e9-8e6_raw/profile_{}_5000_r_2
comptype=AMPLITUDE
pois_nb=2
[2024-04-14 07:59:36,198] [2620927] [MainThread] [dataset] INFO  - Dataset loaded from '/home/drac/mnt/sc_nvme_ssd/dataset/240413_1-leak-pairing-highdist-fix-2.534e9-8e6_raw/dataset.pyc'
[2024-04-14 07:59:36,198] [2620927] [MainThread] [load] INFO  - Loading traces...
[2024-04-14 07:59:36,198] [2620927] [MainThread] [load] WARNING - No loaded NF traces!
Load FF traces: 100%|███████████████████████████████████████████████████████████████████████████████████████████████████████████████████████████████████████████████████████████████████████████████████| 1000/1000 [00:00<00:00, 69621.94it/s]
[2024-04-14 07:59:36,213] [2620927] [MainThread] [load] INFO  - Done!
find_bad_entry(): 100%|████████████████████████████████████████████████████████████████████████████████████████████████████████████████████████████████████████████████████████████████████████████████| 1000/1000 [00:00<00:00, 232178.47it/s]
[2024-04-14 07:59:36,218] [2620927] [MainThread] [attack] INFO  - Load the forced profile from /home/drac/mnt/sc_nvme_ssd/dataset/240413_1-leak-pairing-highdist-fix-2.534e9-8e6_raw/profile_AMPLITUDE_5000_r_2
[2024-04-14 07:59:36,248] [2620927] [MainThread] [attack] INFO  - Align attack traces with themselves...
Align: 100%|█████████████████████████████████████████████████████████████████████████████████████████████████████████████████████████████████████████████████████████████████████████████████████████████| 1000/1000 [00:00<00:00, 3832.58it/s]
[2024-04-14 07:59:36,510] [2620927] [MainThread] [attack] INFO  - Align attack traces with the profile...
Align: 100%|█████████████████████████████████████████████████████████████████████████████████████████████████████████████████████████████████████████████████████████████████████████████████████████████| 1000/1000 [00:00<00:00, 3740.45it/s]

Subkey  0
Subkey  1
Subkey  2
/home/drac/.local/lib/python3.10/site-packages/scipy/stats/_stats_py.py:4424: ConstantInputWarning: An input array is constant; the correlation coefficient is not defined.
  warnings.warn(stats.ConstantInputWarning(msg))
Subkey  3
Subkey  4
Subkey  5
Subkey  6
Subkey  7
Subkey  8
Subkey  9
Subkey 10
Subkey 11
Subkey 12
Subkey 13
Subkey 14
Subkey 15
Best Key Guess:   d9   93   00   00   2c   4b   24   00   05   73   00   00   b0   9b   d6   e0
Known Key:        d9   90   15   e2   23   43   2f   76   06   7c   82   91   b9   9e   d3   e5
PGE:             000  025  074  190  009  018  011  042  021  003  222  207  009  013  022  014
HD:              000  002  003  004  004  001  003  005  002  004  002  003  002  002  002  002
SUCCESS:           1    0    0    0    0    0    0    0    0    0    0    0    0    0    0    0
CORRECT BYTES: 1
PGE MEAN:      55
PGE MEDIAN:    19
PGE MAX:       222
HD SUM:        41

Starting key ranking using HEL
results rank estimation
nb_bins = 512
merge = 2
Starting preprocessing
Clearing memory
min: 2^95.38902667
actual rounded: 2^95.96353684
max: 2^96.40834194
time enum: 0.124596 seconds


trace_nb=1000
bruteforce=--no-bruteforce
profile_path=/home/drac/mnt/sc_nvme_ssd/dataset/240413_1-leak-pairing-highdist-fix-2.534e9-8e6_raw/profile_{}_5000_r_2
comptype=PHASE_ROT
pois_nb=2
[2024-04-14 07:59:41,609] [2620981] [MainThread] [dataset] INFO  - Dataset loaded from '/home/drac/mnt/sc_nvme_ssd/dataset/240413_1-leak-pairing-highdist-fix-2.534e9-8e6_raw/dataset.pyc'
[2024-04-14 07:59:41,609] [2620981] [MainThread] [load] INFO  - Loading traces...
[2024-04-14 07:59:41,609] [2620981] [MainThread] [load] WARNING - No loaded NF traces!
Load FF traces: 100%|███████████████████████████████████████████████████████████████████████████████████████████████████████████████████████████████████████████████████████████████████████████████████| 1000/1000 [00:00<00:00, 68482.91it/s]
[2024-04-14 07:59:41,624] [2620981] [MainThread] [load] INFO  - Done!
find_bad_entry(): 100%|████████████████████████████████████████████████████████████████████████████████████████████████████████████████████████████████████████████████████████████████████████████████| 1000/1000 [00:00<00:00, 236872.65it/s]
[2024-04-14 07:59:41,629] [2620981] [MainThread] [attack] INFO  - Load the forced profile from /home/drac/mnt/sc_nvme_ssd/dataset/240413_1-leak-pairing-highdist-fix-2.534e9-8e6_raw/profile_PHASE_ROT_5000_r_2
[2024-04-14 07:59:41,781] [2620981] [MainThread] [attack] INFO  - Align attack traces with themselves...
Align: 100%|█████████████████████████████████████████████████████████████████████████████████████████████████████████████████████████████████████████████████████████████████████████████████████████████| 1000/1000 [00:00<00:00, 3807.55it/s]
[2024-04-14 07:59:42,044] [2620981] [MainThread] [attack] INFO  - Align attack traces with the profile...
Align: 100%|█████████████████████████████████████████████████████████████████████████████████████████████████████████████████████████████████████████████████████████████████████████████████████████████| 1000/1000 [00:00<00:00, 3693.05it/s]

Subkey  0
/home/drac/.local/lib/python3.10/site-packages/scipy/stats/_stats_py.py:4424: ConstantInputWarning: An input array is constant; the correlation coefficient is not defined.
  warnings.warn(stats.ConstantInputWarning(msg))
Subkey  1
Subkey  2
Subkey  3
Subkey  4
Subkey  5
Subkey  6
Subkey  7
Subkey  8
Subkey  9
Subkey 10
Subkey 11
Subkey 12
Subkey 13
Subkey 14
Subkey 15
Best Key Guess:   00   64   1f   00   00   2c   e5   96   36   21   7c   00   65   ca   8d   98
Known Key:        d9   90   15   e2   23   43   2f   76   06   7c   82   91   b9   9e   d3   e5
PGE:             135  163  182  190  124  162  096  200  125  235  010  207  241  222  061  222
HD:              005  005  002  004  003  006  004  003  002  005  007  003  005  003  005  006
SUCCESS:           0    0    0    0    0    0    0    0    0    0    0    0    0    0    0    0
CORRECT BYTES: 0
PGE MEAN:      160
PGE MEDIAN:    172
PGE MAX:       241
HD SUM:        68

Starting key ranking using HEL
results rank estimation
nb_bins = 512
merge = 2
Starting preprocessing
Clearing memory
min: 2^127.842107
actual rounded: 2^127.85182
max: 2^127.859243
time enum: 0.124732 seconds


trace_nb=1000
bruteforce=--no-bruteforce
profile_path=/home/drac/mnt/sc_nvme_ssd/dataset/240413_1-leak-pairing-highdist-fix-2.534e9-8e6_raw/profile_{}_5000_r_2
comptype=RECOMBIN
pois_nb=2
[2024-04-14 07:59:47,243] [2621030] [MainThread] [dataset] INFO  - Dataset loaded from '/home/drac/mnt/sc_nvme_ssd/dataset/240413_1-leak-pairing-highdist-fix-2.534e9-8e6_raw/dataset.pyc'
[2024-04-14 07:59:47,243] [2621030] [MainThread] [load] INFO  - Loading traces...
[2024-04-14 07:59:47,243] [2621030] [MainThread] [load] WARNING - No loaded NF traces!
Load FF traces: 100%|███████████████████████████████████████████████████████████████████████████████████████████████████████████████████████████████████████████████████████████████████████████████████| 1000/1000 [00:00<00:00, 70921.61it/s]
[2024-04-14 07:59:47,258] [2621030] [MainThread] [load] INFO  - Done!
find_bad_entry(): 100%|████████████████████████████████████████████████████████████████████████████████████████████████████████████████████████████████████████████████████████████████████████████████| 1000/1000 [00:00<00:00, 234685.77it/s]
[2024-04-14 07:59:47,263] [2621030] [MainThread] [attack] INFO  - Load the forced profile from /home/drac/mnt/sc_nvme_ssd/dataset/240413_1-leak-pairing-highdist-fix-2.534e9-8e6_raw/profile_AMPLITUDE_5000_r_2
[2024-04-14 07:59:47,293] [2621030] [MainThread] [attack] INFO  - Align attack traces with themselves...
Align: 100%|█████████████████████████████████████████████████████████████████████████████████████████████████████████████████████████████████████████████████████████████████████████████████████████████| 1000/1000 [00:00<00:00, 3816.10it/s]
[2024-04-14 07:59:47,556] [2621030] [MainThread] [attack] INFO  - Align attack traces with the profile...
Align: 100%|█████████████████████████████████████████████████████████████████████████████████████████████████████████████████████████████████████████████████████████████████████████████████████████████| 1000/1000 [00:00<00:00, 3723.04it/s]

Subkey  0
Subkey  1
Subkey  2
/home/drac/.local/lib/python3.10/site-packages/scipy/stats/_stats_py.py:4424: ConstantInputWarning: An input array is constant; the correlation coefficient is not defined.
  warnings.warn(stats.ConstantInputWarning(msg))
Subkey  3
Subkey  4
Subkey  5
Subkey  6
Subkey  7
Subkey  8
Subkey  9
Subkey 10
Subkey 11
Subkey 12
Subkey 13
Subkey 14
Subkey 15
[2024-04-14 07:59:50,393] [2621030] [MainThread] [dataset] INFO  - Dataset loaded from '/home/drac/mnt/sc_nvme_ssd/dataset/240413_1-leak-pairing-highdist-fix-2.534e9-8e6_raw/dataset.pyc'
[2024-04-14 07:59:50,393] [2621030] [MainThread] [load] INFO  - Loading traces...
[2024-04-14 07:59:50,393] [2621030] [MainThread] [load] WARNING - No loaded NF traces!
Load FF traces: 100%|███████████████████████████████████████████████████████████████████████████████████████████████████████████████████████████████████████████████████████████████████████████████████| 1000/1000 [00:00<00:00, 69222.08it/s]
[2024-04-14 07:59:50,408] [2621030] [MainThread] [load] INFO  - Done!
find_bad_entry(): 100%|████████████████████████████████████████████████████████████████████████████████████████████████████████████████████████████████████████████████████████████████████████████████| 1000/1000 [00:00<00:00, 235635.06it/s]
[2024-04-14 07:59:50,414] [2621030] [MainThread] [attack] INFO  - Load the forced profile from /home/drac/mnt/sc_nvme_ssd/dataset/240413_1-leak-pairing-highdist-fix-2.534e9-8e6_raw/profile_PHASE_ROT_5000_r_2
[2024-04-14 07:59:50,543] [2621030] [MainThread] [attack] INFO  - Align attack traces with themselves...
Align: 100%|█████████████████████████████████████████████████████████████████████████████████████████████████████████████████████████████████████████████████████████████████████████████████████████████| 1000/1000 [00:00<00:00, 3860.60it/s]
[2024-04-14 07:59:50,803] [2621030] [MainThread] [attack] INFO  - Align attack traces with the profile...
Align: 100%|█████████████████████████████████████████████████████████████████████████████████████████████████████████████████████████████████████████████████████████████████████████████████████████████| 1000/1000 [00:00<00:00, 3756.65it/s]

Subkey  0
Subkey  1
Subkey  2
Subkey  3
Subkey  4
Subkey  5
Subkey  6
Subkey  7
Subkey  8
Subkey  9
Subkey 10
Subkey 11
Subkey 12
Subkey 13
Subkey 14
Subkey 15
Best Key Guess:   00   93   00   00   00   4b   24   00   25   73   00   00   b1   9f   f1   cc
Known Key:        d9   90   15   e2   23   43   2f   76   06   7c   82   91   b9   9e   d3   e5
PGE:             135  034  074  190  124  022  013  042  033  025  222  207  051  025  011  035
HD:              005  002  003  004  003  001  003  005  003  004  002  003  001  001  002  003
SUCCESS:           0    0    0    0    0    0    0    0    0    0    0    0    0    0    0    0
CORRECT BYTES: 0
PGE MEAN:      77
PGE MEDIAN:    38
PGE MAX:       222
HD SUM:        45

Starting key ranking using HEL
results rank estimation
nb_bins = 512
merge = 2
Starting preprocessing
Clearing memory
min: 2^108.9486595
actual rounded: 2^109.1746843
max: 2^109.3533476
time enum: 0.123521 seconds



