trace_nb=3000
bruteforce=--no-bruteforce
profile_path=/home/drac/pro_storage/dataset/240403_1-leak-pairing-highdist-2.534e9-16e6_raw/profile_AMPLITUDE_5000_corr_1
comptype=AMPLITUDE
pois_nb=1
nb_bins = 512
merge = 2
actual rounded: 2^64.13035784
trace_nb=3000
bruteforce=--no-bruteforce
profile_path=/home/drac/pro_storage/dataset/240403_1-leak-pairing-highdist-2.534e9-16e6_raw/profile_AMPLITUDE_10000_corr_1
comptype=AMPLITUDE
pois_nb=1
nb_bins = 512
merge = 2
actual rounded: 2^60.05042036
trace_nb=3000
bruteforce=--no-bruteforce
profile_path=/home/drac/pro_storage/dataset/240403_1-leak-pairing-highdist-2.534e9-16e6_raw/profile_AMPLITUDE_19000_corr_1
comptype=AMPLITUDE
pois_nb=1
nb_bins = 512
merge = 2
actual rounded: 2^63.77013604
trace_nb=3000
bruteforce=--no-bruteforce
profile_path=/home/drac/pro_storage/dataset/240403_1-leak-pairing-highdist-2.534e9-16e6_raw/profile_AMPLITUDE_30000_corr_1
comptype=AMPLITUDE
pois_nb=1
nb_bins = 512
merge = 2
actual rounded: 2^65.16306043
trace_nb=1000
bruteforce=--no-bruteforce
profile_path=/home/drac/pro_storage/dataset/240403_1-leak-pairing-highdist-2.534e9-16e6_raw/profile_AMPLITUDE_10000_corr_1
comptype=AMPLITUDE
pois_nb=1
nb_bins = 512
merge = 2
actual rounded: 2^67.17005755
trace_nb=3000
bruteforce=--no-bruteforce
profile_path=/home/drac/pro_storage/dataset/240403_1-leak-pairing-highdist-2.534e9-16e6_raw/profile_AMPLITUDE_10000_corr_1
comptype=AMPLITUDE
pois_nb=1
nb_bins = 512
merge = 2
actual rounded: 2^60.05042036
trace_nb=7000
bruteforce=--no-bruteforce
profile_path=/home/drac/pro_storage/dataset/240403_1-leak-pairing-highdist-2.534e9-16e6_raw/profile_AMPLITUDE_10000_corr_1
comptype=AMPLITUDE
pois_nb=1
nb_bins = 512
merge = 2
actual rounded: 2^63.18824756
trace_nb=20000
bruteforce=--no-bruteforce
profile_path=/home/drac/pro_storage/dataset/240403_1-leak-pairing-highdist-2.534e9-16e6_raw/profile_AMPLITUDE_10000_corr_1
comptype=AMPLITUDE
pois_nb=1
nb_bins = 512
merge = 2
actual rounded: 2^63.45008817
trace_nb=3000
bruteforce=--no-bruteforce
profile_path=/home/drac/pro_storage/dataset/240403_1-leak-pairing-highdist-2.534e9-16e6_raw/profile_AMPLITUDE_10000_r_1
comptype=AMPLITUDE
pois_nb=1
nb_bins = 512
merge = 2
actual rounded: 2^60.38248224
trace_nb=3000
bruteforce=--no-bruteforce
profile_path=/home/drac/pro_storage/dataset/240403_1-leak-pairing-highdist-2.534e9-16e6_raw/profile_AMPLITUDE_10000_snr_1
comptype=AMPLITUDE
pois_nb=1
nb_bins = 512
merge = 2
actual rounded: 2^60.38248224
trace_nb=3000
bruteforce=--no-bruteforce
profile_path=/home/drac/pro_storage/dataset/240403_1-leak-pairing-highdist-2.534e9-16e6_raw/profile_AMPLITUDE_10000_corr_1
comptype=AMPLITUDE
pois_nb=1
nb_bins = 512
merge = 2
actual rounded: 2^60.05042036
trace_nb=3000
bruteforce=--no-bruteforce
profile_path=/home/drac/pro_storage/dataset/240403_1-leak-pairing-highdist-2.534e9-16e6_raw/profile_AMPLITUDE_10000_corr_1
comptype=AMPLITUDE
pois_nb=1
nb_bins = 512
merge = 2
actual rounded: 2^60.05042036
trace_nb=3000
bruteforce=--no-bruteforce
profile_path=/home/drac/pro_storage/dataset/240403_1-leak-pairing-highdist-2.534e9-16e6_raw/profile_AMPLITUDE_10000_corr_2
comptype=AMPLITUDE
pois_nb=2
nb_bins = 512
merge = 2
actual rounded: 2^65.46085048
trace_nb=3000
bruteforce=--no-bruteforce
profile_path=/home/drac/pro_storage/dataset/240403_1-leak-pairing-highdist-2.534e9-16e6_raw/profile_AMPLITUDE_10000_corr_3
comptype=AMPLITUDE
pois_nb=3
  r,p = pearsonr(leaks[:, i], TRACES_REDUCED[bnum][:, i])
nb_bins = 512
merge = 2
actual rounded: 2^72.38475355
trace_nb=3000
bruteforce=--no-bruteforce
profile_path=/home/drac/pro_storage/dataset/240403_1-leak-pairing-highdist-2.534e9-16e6_raw/profile_{}_10000_corr_1
comptype=AMPLITUDE
pois_nb=1
nb_bins = 512
merge = 2
actual rounded: 2^60.05042036
trace_nb=3000
bruteforce=--no-bruteforce
profile_path=/home/drac/pro_storage/dataset/240403_1-leak-pairing-highdist-2.534e9-16e6_raw/profile_{}_10000_corr_1
comptype=PHASE_ROT
pois_nb=1
nb_bins = 512
merge = 2
actual rounded: 2^88.35061865
trace_nb=3000
bruteforce=--no-bruteforce
profile_path=/home/drac/pro_storage/dataset/240403_1-leak-pairing-highdist-2.534e9-16e6_raw/profile_{}_10000_corr_1
comptype=RECOMBIN
pois_nb=1
nb_bins = 512
merge = 2
actual rounded: 2^62.03736798
