INFO: Number of empty traces: 0

Subkey  0
Subkey  1
Subkey  2
Subkey  3
Subkey  4
Subkey  5
Subkey  6
Subkey  7
Subkey  8
Subkey  9
Subkey 10
Subkey 11
Subkey 12
Subkey 13
Subkey 14
Subkey 15
Best Key Guess:   90   4d   74   bb   73   14   59   6d   f9   80   61   53   21   3e   e2   61  
Known Key:        90   4e   33   49   d1   f2   5a   c0   1c   81   62   51   14   2b   e1   60  
PGE:             000  001  082  004  003  176  001  173  049  003  002  003  047  200  003  001  
HD:              000  002  004  005  003  005  002  005  005  001  002  001  004  003  002  001  
SUCCESS:           1    0    0    0    0    0    0    0    0    0    0    0    0    0    0    0  
NUMBER OF CORRECT BYTES: 1
HD SUM:                  45
results rank estimation
nb_bins = 512
merge = 2
Starting preprocessing
Clearing memory
min: 2^80.36225399
actual rounded: 2^80.83298669
max: 2^81.20542012
time enum: 1.77266 seconds



Starting key ranking using HEL
