INFO: Number of empty traces: 0

Subkey  0
Subkey  1
Subkey  2
Subkey  3
Subkey  4
Subkey  5
Subkey  6
Subkey  7
Subkey  8
Subkey  9
Subkey 10
Subkey 11
Subkey 12
Subkey 13
Subkey 14
Subkey 15
Best Key Guess:   ae   4d   f1   26   c7   8e   5b   6d   00   67   63   81   3b   04   eb   61  
Known Key:        90   4e   33   49   d1   f2   5a   c0   1c   81   62   51   14   2b   e1   60  
PGE:             018  004  188  216  005  113  024  069  067  064  001  147  166  172  024  003  
HD:              005  002  003  006  003  005  001  005  003  005  001  003  005  005  002  001  
SUCCESS:           0    0    0    0    0    0    0    0    0    0    0    0    0    0    0    0  
NUMBER OF CORRECT BYTES: 0
HD SUM:                  55
results rank estimation
nb_bins = 512
merge = 2
Starting preprocessing
Clearing memory
min: 2^114.611267
actual rounded: 2^114.8046515
max: 2^114.9582636
time enum: 0.128968 seconds



Starting key ranking using HEL
