INFO: Number of empty traces: 0

Subkey  0
Subkey  1
Subkey  2
Subkey  3
Subkey  4
Subkey  5
Subkey  6
Subkey  7
Subkey  8
Subkey  9
Subkey 10
Subkey 11
Subkey 12
Subkey 13
Subkey 14
Subkey 15
Best Key Guess:   a1   4d   f1   d4   64   1b   ae   6d   00   5b   63   a0   69   04   e0   61  
Known Key:        90   4e   33   49   d1   f2   5a   c0   1c   81   62   51   14   2b   e1   60  
PGE:             017  007  137  144  049  079  038  009  067  026  001  137  125  180  105  001  
HD:              003  002  003  005  005  005  005  005  003  005  001  005  006  005  001  001  
SUCCESS:           0    0    0    0    0    0    0    0    0    0    0    0    0    0    0    0  
NUMBER OF CORRECT BYTES: 0
HD SUM:                  60
results rank estimation
nb_bins = 512
merge = 2
Starting preprocessing
Clearing memory
min: 2^116.3549618
actual rounded: 2^116.5318286
max: 2^116.6722292
time enum: 0.127691 seconds



Starting key ranking using HEL
