INFO: Number of empty traces: 0

Subkey  0
Subkey  1
Subkey  2
Subkey  3
Subkey  4
Subkey  5
Subkey  6
Subkey  7
Subkey  8
Subkey  9
Subkey 10
Subkey 11
Subkey 12
Subkey 13
Subkey 14
Subkey 15
Best Key Guess:   a6   4d   3c   77   d3   f1   5b   09   13   80   62   1f   2b   84   e2   61  
Known Key:        90   4e   33   49   d1   f2   5a   c0   1c   81   62   51   14   2b   e1   60  
PGE:             003  001  005  021  002  002  006  074  013  026  000  043  070  006  004  003  
HD:              004  002  004  005  001  002  001  004  004  001  000  004  006  006  002  001  
SUCCESS:           0    0    0    0    0    0    0    0    0    0    1    0    0    0    0    0  
NUMBER OF CORRECT BYTES: 1
HD SUM:                  47
results rank estimation
nb_bins = 512
merge = 2
Starting preprocessing
Clearing memory
min: 2^80.7384387
actual rounded: 2^81.10490235
max: 2^81.39654584
time enum: 0.129893 seconds



Starting key ranking using HEL
