INFO: Number of empty traces: 0

Subkey  0
Subkey  1
Subkey  2
Subkey  3
Subkey  4
Subkey  5
Subkey  6
Subkey  7
Subkey  8
Subkey  9
Subkey 10
Subkey 11
Subkey 12
Subkey 13
Subkey 14
Subkey 15
Best Key Guess:   93   ff   f1   d4   38   d1   5e   6d   00   79   8c   19   1b   ca   5e   62  
Known Key:        90   4e   33   49   d1   f2   5a   c0   1c   81   62   51   14   2b   e1   60  
PGE:             009  045  169  134  158  091  046  004  067  078  057  069  150  221  133  017  
HD:              002  004  003  005  005  003  001  005  003  005  006  002  004  004  007  001  
SUCCESS:           0    0    0    0    0    0    0    0    0    0    0    0    0    0    0    0  
NUMBER OF CORRECT BYTES: 0
HD SUM:                  60
results rank estimation
nb_bins = 512
merge = 2
Starting preprocessing
Clearing memory
min: 2^122.2313978
actual rounded: 2^122.337646
max: 2^122.4218007
time enum: 0.129901 seconds



Starting key ranking using HEL
