INFO: Number of empty traces: 0

Subkey  0
Subkey  1
Subkey  2
Subkey  3
Subkey  4
Subkey  5
Subkey  6
Subkey  7
Subkey  8
Subkey  9
Subkey 10
Subkey 11
Subkey 12
Subkey 13
Subkey 14
Subkey 15
Best Key Guess:   6d   4d   24   22   6e   f3   5b   f4   5d   96   22   87   d7   2b   e2   64  
Known Key:        90   4e   33   49   d1   f2   5a   c0   1c   81   62   51   14   2b   e1   60  
PGE:             005  002  018  042  082  012  016  018  031  068  012  057  085  000  039  010  
HD:              007  002  004  005  007  001  001  003  002  004  001  005  004  000  002  001  
SUCCESS:           0    0    0    0    0    0    0    0    0    0    0    0    0    1    0    0  
NUMBER OF CORRECT BYTES: 1
HD SUM:                  49
results rank estimation
nb_bins = 512
merge = 2
Starting preprocessing
Clearing memory
min: 2^100.7050104
actual rounded: 2^100.9538604
max: 2^101.1518899
time enum: 0.130406 seconds



Starting key ranking using HEL
