INFO: Number of empty traces: 0

Subkey  0
Subkey  1
Subkey  2
Subkey  3
Subkey  4
Subkey  5
Subkey  6
Subkey  7
Subkey  8
Subkey  9
Subkey 10
Subkey 11
Subkey 12
Subkey 13
Subkey 14
Subkey 15
Best Key Guess:   e2   4d   35   ca   d9   fa   60   25   f7   88   63   a3   30   2b   e2   61  
Known Key:        90   4e   33   49   d1   f2   5a   c0   1c   81   62   51   14   2b   e1   60  
PGE:             004  001  011  035  011  002  008  005  099  009  002  029  070  000  045  003  
HD:              004  002  002  003  001  001  004  005  006  002  001  005  002  000  002  001  
SUCCESS:           0    0    0    0    0    0    0    0    0    0    0    0    0    1    0    0  
NUMBER OF CORRECT BYTES: 1
HD SUM:                  41
results rank estimation
nb_bins = 512
merge = 2
Starting preprocessing
Clearing memory
min: 2^88.76833291
actual rounded: 2^89.08962507
max: 2^89.34545997
time enum: 0.128604 seconds



Starting key ranking using HEL
