INFO: Number of empty traces: 0

Subkey  0
Subkey  1
Subkey  2
Subkey  3
Subkey  4
Subkey  5
Subkey  6
Subkey  7
Subkey  8
Subkey  9
Subkey 10
Subkey 11
Subkey 12
Subkey 13
Subkey 14
Subkey 15
Best Key Guess:   90   4d   33   4a   d0   f1   58   c9   1e   80   61   53   eb   2b   e3   61  
Known Key:        90   4e   33   49   d1   f2   5a   c0   1c   81   62   51   14   2b   e1   60  
PGE:             000  001  000  005  001  003  001  005  001  003  001  002  003  000  001  002  
HD:              000  002  000  002  001  002  001  002  001  001  002  001  008  000  001  001  
SUCCESS:           1    0    1    0    0    0    0    0    0    0    0    0    0    1    0    0  
NUMBER OF CORRECT BYTES: 3
HD SUM:                  25
results rank estimation
nb_bins = 512
merge = 2
Starting preprocessing
Clearing memory
min: 2^38.27841976
actual rounded: 2^39.03553429
max: 2^39.63072919
time enum: 1.77204 seconds



Starting key ranking using HEL
