INFO: Number of empty traces: 0

Subkey  0
Subkey  1
Subkey  2
Subkey  3
Subkey  4
Subkey  5
Subkey  6
Subkey  7
Subkey  8
Subkey  9
Subkey 10
Subkey 11
Subkey 12
Subkey 13
Subkey 14
Subkey 15
Best Key Guess:   90   4e   f1   26   a4   75   59   b1   00   82   61   5c   ca   7f   e2   61  
Known Key:        90   4e   33   49   d1   f2   5a   c0   1c   81   62   51   14   2b   e1   60  
PGE:             000  000  078  069  017  046  005  155  067  002  003  005  081  243  001  003  
HD:              000  000  003  006  005  004  002  004  003  002  002  003  006  003  002  001  
SUCCESS:           1    1    0    0    0    0    0    0    0    0    0    0    0    0    0    0  
NUMBER OF CORRECT BYTES: 2
HD SUM:                  46
results rank estimation
nb_bins = 512
merge = 2
Starting preprocessing
Clearing memory
min: 2^88.7835806
actual rounded: 2^89.20516215
max: 2^89.53936928
time enum: 0.125687 seconds



Starting key ranking using HEL
