INFO: Number of empty traces: 0

Subkey  0
Subkey  1
Subkey  2
Subkey  3
Subkey  4
Subkey  5
Subkey  6
Subkey  7
Subkey  8
Subkey  9
Subkey 10
Subkey 11
Subkey 12
Subkey 13
Subkey 14
Subkey 15
Best Key Guess:   93   4d   33   77   d0   f1   5b   09   71   80   61   53   2b   27   e2   61  
Known Key:        90   4e   33   49   d1   f2   5a   c0   1c   81   62   51   14   2b   e1   60  
PGE:             004  001  000  043  002  008  005  006  007  009  001  001  079  006  001  002  
HD:              002  002  000  005  001  002  001  004  005  001  002  001  006  002  002  001  
SUCCESS:           0    0    1    0    0    0    0    0    0    0    0    0    0    0    0    0  
NUMBER OF CORRECT BYTES: 1
HD SUM:                  37
results rank estimation
nb_bins = 512
merge = 2
Starting preprocessing
Clearing memory
min: 2^67.74609081
actual rounded: 2^68.23269957
max: 2^68.61931662
time enum: 0.12917 seconds



Starting key ranking using HEL
