INFO: Number of empty traces: 0

Subkey  0
Subkey  1
Subkey  2
Subkey  3
Subkey  4
Subkey  5
Subkey  6
Subkey  7
Subkey  8
Subkey  9
Subkey 10
Subkey 11
Subkey 12
Subkey 13
Subkey 14
Subkey 15
Best Key Guess:   93   4d   33   77   d0   f1   59   1b   13   82   61   53   eb   28   e2   62  
Known Key:        90   4e   33   49   d1   f2   5a   c0   1c   81   62   51   14   2b   e1   60  
PGE:             003  001  000  109  001  004  003  022  004  002  003  003  020  001  001  002  
HD:              002  002  000  005  001  002  002  006  004  002  002  001  008  002  002  001  
SUCCESS:           0    0    1    0    0    0    0    0    0    0    0    0    0    0    0    0  
NUMBER OF CORRECT BYTES: 1
HD SUM:                  42
results rank estimation
nb_bins = 512
merge = 2
Starting preprocessing
Clearing memory
min: 2^60.21647568
actual rounded: 2^60.77110346
max: 2^61.21150436
time enum: 0.128464 seconds



Starting key ranking using HEL
