INFO: Number of empty traces: 0

Subkey  0
Subkey  1
Subkey  2
Subkey  3
Subkey  4
Subkey  5
Subkey  6
Subkey  7
Subkey  8
Subkey  9
Subkey 10
Subkey 11
Subkey 12
Subkey 13
Subkey 14
Subkey 15
Best Key Guess:   93   4d   9c   b2   c7   75   5b   40   00   f8   60   5c   5d   01   e2   61  
Known Key:        90   4e   33   49   d1   f2   5a   c0   1c   81   62   51   14   2b   e1   60  
PGE:             010  001  057  223  006  138  030  107  067  012  003  005  113  194  010  001  
HD:              002  002  006  007  003  004  001  001  003  005  001  003  003  003  002  001  
SUCCESS:           0    0    0    0    0    0    0    0    0    0    0    0    0    0    0    0  
NUMBER OF CORRECT BYTES: 0
HD SUM:                  47
results rank estimation
nb_bins = 512
merge = 2
Starting preprocessing
Clearing memory
min: 2^102.963569
actual rounded: 2^103.2596495
max: 2^103.4949207
time enum: 0.129259 seconds



Starting key ranking using HEL
