[2024-05-14 14:02:17,488] [1312271] [MainThread] [dataset] INFO  - Dataset loaded from '/home/drac/mnt/sc_nvme_ssd/dataset/datasets/ble/240429_highdist_2lna_highgain_norep/raw/dataset.pyc'
[2024-05-14 14:02:17,488] [1312271] [MainThread] [load] INFO  - Loading traces...
[2024-05-14 14:02:17,489] [1312271] [MainThread] [load] WARNING - No loaded NF traces!
Load FF traces: 100%|███████████████████████████████████████████████████████████████████████████████████████████████████████████████████████████████████████████████████████████████████████████████████| 8000/8000 [00:00<00:00, 65622.39it/s]
[2024-05-14 14:02:17,611] [1312271] [MainThread] [load] INFO  - Done!
[2024-05-14 14:02:17,651] [1312271] [MainThread] [attack] INFO  - Load the forced profile from /home/drac/mnt/sc_nvme_ssd/dataset/datasets/ble/240429_highdist_2lna_highgain_norep/raw/profiles/PHASE_ROT_65000_r_1
[2024-05-14 14:02:18,770] [1312271] [MainThread] [attack] INFO  - Align attack traces with themselves...
Align: 100%|█████████████████████████████████████████████████████████████████████████████████████████████████████████████████████████████████████████████████████████████████████████████████████████████| 8000/8000 [00:02<00:00, 3830.12it/s]
[2024-05-14 14:02:20,864] [1312271] [MainThread] [attack] INFO  - Align attack traces with the profile...
Align: 100%|█████████████████████████████████████████████████████████████████████████████████████████████████████████████████████████████████████████████████████████████████████████████████████████████| 8000/8000 [00:02<00:00, 3858.95it/s]

Subkey  0
Subkey  1
Subkey  2
Subkey  3
Subkey  4
Subkey  5
Subkey  6
Subkey  7
Subkey  8
Subkey  9
Subkey 10
Subkey 11
Subkey 12
Subkey 13
Subkey 14
Subkey 15
Best Key Guess:   a6   ec   6d   9b   a9   2b   3d   46   ff   54   12   5f   7f   87   ad   44
Known Key:        ad   ef   6d   92   a8   29   32   40   f4   56   17   52   79   8d   a6   46
PGE:             004  002  000  002  014  006  007  009  004  011  007  003  004  014  003  011
HD:              003  002  000  002  001  001  004  002  003  001  002  003  002  002  003  001
SUCCESS:           0    0    1    0    0    0    0    0    0    0    0    0    0    0    0    0
CORRECT BYTES: 1
PGE MEAN:      6
PGE MEDIAN:    5
PGE MAX:       14
HD SUM:        32

Starting key ranking using HEL
results rank estimation
nb_bins = 512
merge = 2
Starting preprocessing
Clearing memory
min: 2^61.98913851
actual rounded: 2^62.6046831
max: 2^63.08380369
time enum: 0.129674 seconds



