[2024-05-14 14:29:07,447] [1319410] [MainThread] [dataset] INFO  - Dataset loaded from '/home/drac/mnt/sc_nvme_ssd/dataset/datasets/ble/240429_highdist_2lna_highgain_norep/raw/dataset.pyc'
[2024-05-14 14:29:07,448] [1319410] [MainThread] [load] INFO  - Loading traces...
[2024-05-14 14:29:07,448] [1319410] [MainThread] [load] WARNING - No loaded NF traces!
Load FF traces: 100%|█████████████████████████████████████████████████████████████████████████████████████████████████████████████████████████████████████████████████████████████████████████████████| 40000/40000 [00:00<00:00, 62864.25it/s]
[2024-05-14 14:29:08,085] [1319410] [MainThread] [load] INFO  - Done!
[2024-05-14 14:29:08,291] [1319410] [MainThread] [attack] INFO  - Load the forced profile from /home/drac/mnt/sc_nvme_ssd/dataset/datasets/ble/240429_highdist_2lna_highgain_norep/raw/profiles/AMPLITUDE_8000_r_2
[2024-05-14 14:29:08,472] [1319410] [MainThread] [attack] INFO  - Align attack traces with themselves...
Align: 100%|███████████████████████████████████████████████████████████████████████████████████████████████████████████████████████████████████████████████████████████████████████████████████████████| 40000/40000 [00:10<00:00, 3812.19it/s]
[2024-05-14 14:29:18,989] [1319410] [MainThread] [attack] INFO  - Align attack traces with the profile...
Align: 100%|███████████████████████████████████████████████████████████████████████████████████████████████████████████████████████████████████████████████████████████████████████████████████████████| 40000/40000 [00:10<00:00, 3812.70it/s]

Subkey  0
Subkey  1
Subkey  2
Subkey  3
Subkey  4
Subkey  5
Subkey  6
Subkey  7
Subkey  8
Subkey  9
Subkey 10
Subkey 11
Subkey 12
Subkey 13
Subkey 14
Subkey 15
[2024-05-14 14:35:00,402] [1319410] [MainThread] [dataset] INFO  - Dataset loaded from '/home/drac/mnt/sc_nvme_ssd/dataset/datasets/ble/240429_highdist_2lna_highgain_norep/raw/dataset.pyc'
[2024-05-14 14:35:00,403] [1319410] [MainThread] [load] INFO  - Loading traces...
[2024-05-14 14:35:00,403] [1319410] [MainThread] [load] WARNING - No loaded NF traces!
Load FF traces: 100%|█████████████████████████████████████████████████████████████████████████████████████████████████████████████████████████████████████████████████████████████████████████████████| 40000/40000 [00:00<00:00, 59788.31it/s]
[2024-05-14 14:35:01,073] [1319410] [MainThread] [load] INFO  - Done!
[2024-05-14 14:35:01,276] [1319410] [MainThread] [attack] INFO  - Load the forced profile from /home/drac/mnt/sc_nvme_ssd/dataset/datasets/ble/240429_highdist_2lna_highgain_norep/raw/profiles/PHASE_ROT_8000_r_2
[2024-05-14 14:35:06,790] [1319410] [MainThread] [attack] INFO  - Align attack traces with themselves...
Align: 100%|███████████████████████████████████████████████████████████████████████████████████████████████████████████████████████████████████████████████████████████████████████████████████████████| 40000/40000 [00:10<00:00, 3815.11it/s]
[2024-05-14 14:35:17,299] [1319410] [MainThread] [attack] INFO  - Align attack traces with the profile...
Align: 100%|███████████████████████████████████████████████████████████████████████████████████████████████████████████████████████████████████████████████████████████████████████████████████████████| 40000/40000 [00:10<00:00, 3861.20it/s]

Subkey  0
Subkey  1
Subkey  2
Subkey  3
Subkey  4
Subkey  5
Subkey  6
Subkey  7
Subkey  8
Subkey  9
Subkey 10
Subkey 11
Subkey 12
Subkey 13
Subkey 14
Subkey 15
Best Key Guess:   ac   e7   63   95   a1   25   32   49   fc   55   19   53   7a   8e   a2   4b
Known Key:        ad   ef   6d   92   a8   29   32   40   f4   56   17   52   79   8d   a6   46
PGE:             004  013  004  012  006  008  000  009  005  012  012  001  003  023  004  012
HD:              001  001  003  003  002  002  000  002  001  002  003  001  002  002  001  003
SUCCESS:           0    0    0    0    0    0    1    0    0    0    0    0    0    0    0    0
CORRECT BYTES: 1
PGE MEAN:      8
PGE MEDIAN:    7
PGE MAX:       23
HD SUM:        29

Starting key ranking using HEL
results rank estimation
nb_bins = 512
merge = 2
Starting preprocessing
Clearing memory
min: 2^65.22563175
actual rounded: 2^66.82015681
max: 2^67.97205377
time enum: 1.42721 seconds



