[2024-05-14 15:18:46,525] [1334688] [MainThread] [dataset] INFO  - Dataset loaded from '/home/drac/mnt/sc_nvme_ssd/dataset/datasets/ble/240429_highdist_2lna_highgain_norep/raw/dataset.pyc'
[2024-05-14 15:18:46,525] [1334688] [MainThread] [load] INFO  - Loading traces...
[2024-05-14 15:18:46,525] [1334688] [MainThread] [load] WARNING - No loaded NF traces!
Load FF traces: 100%|█████████████████████████████████████████████████████████████████████████████████████████████████████████████████████████████████████████████████████████████████████████████████████| 250/250 [00:00<00:00, 67575.95it/s]
[2024-05-14 15:18:46,529] [1334688] [MainThread] [load] INFO  - Done!
[2024-05-14 15:18:46,531] [1334688] [MainThread] [attack] INFO  - Load the forced profile from /home/drac/mnt/sc_nvme_ssd/dataset/datasets/ble/240429_highdist_2lna_highgain_norep/raw/profiles/AMPLITUDE_65000_r_2
[2024-05-14 15:18:46,560] [1334688] [MainThread] [attack] INFO  - Align attack traces with themselves...
Align: 100%|███████████████████████████████████████████████████████████████████████████████████████████████████████████████████████████████████████████████████████████████████████████████████████████████| 250/250 [00:00<00:00, 3751.05it/s]
[2024-05-14 15:18:46,627] [1334688] [MainThread] [attack] INFO  - Align attack traces with the profile...
Align: 100%|███████████████████████████████████████████████████████████████████████████████████████████████████████████████████████████████████████████████████████████████████████████████████████████████| 250/250 [00:00<00:00, 3790.67it/s]

Subkey  0
Subkey  1
Subkey  2
Subkey  3
Subkey  4
Subkey  5
Subkey  6
Subkey  7
Subkey  8
Subkey  9
Subkey 10
Subkey 11
Subkey 12
Subkey 13
Subkey 14
Subkey 15
[2024-05-14 15:18:47,514] [1334688] [MainThread] [dataset] INFO  - Dataset loaded from '/home/drac/mnt/sc_nvme_ssd/dataset/datasets/ble/240429_highdist_2lna_highgain_norep/raw/dataset.pyc'
[2024-05-14 15:18:47,514] [1334688] [MainThread] [load] INFO  - Loading traces...
[2024-05-14 15:18:47,514] [1334688] [MainThread] [load] WARNING - No loaded NF traces!
Load FF traces: 100%|█████████████████████████████████████████████████████████████████████████████████████████████████████████████████████████████████████████████████████████████████████████████████████| 250/250 [00:00<00:00, 68271.11it/s]
[2024-05-14 15:18:47,518] [1334688] [MainThread] [load] INFO  - Done!
[2024-05-14 15:18:47,520] [1334688] [MainThread] [attack] INFO  - Load the forced profile from /home/drac/mnt/sc_nvme_ssd/dataset/datasets/ble/240429_highdist_2lna_highgain_norep/raw/profiles/PHASE_ROT_65000_r_2
[2024-05-14 15:18:47,559] [1334688] [MainThread] [attack] INFO  - Align attack traces with themselves...
Align: 100%|███████████████████████████████████████████████████████████████████████████████████████████████████████████████████████████████████████████████████████████████████████████████████████████████| 250/250 [00:00<00:00, 3770.80it/s]
[2024-05-14 15:18:47,626] [1334688] [MainThread] [attack] INFO  - Align attack traces with the profile...
Align: 100%|███████████████████████████████████████████████████████████████████████████████████████████████████████████████████████████████████████████████████████████████████████████████████████████████| 250/250 [00:00<00:00, 3824.45it/s]

Subkey  0
Subkey  1
Subkey  2
Subkey  3
Subkey  4
Subkey  5
Subkey  6
Subkey  7
Subkey  8
Subkey  9
Subkey 10
Subkey 11
Subkey 12
Subkey 13
Subkey 14
Subkey 15
Best Key Guess:   ac   e7   61   97   ac   3c   30   44   ed   56   11   5d   7c   87   a9   4b
Known Key:        ad   ef   6d   92   a8   29   32   40   f4   56   17   52   79   8d   a6   46
PGE:             019  011  021  010  017  019  011  004  008  000  011  006  002  011  005  016
HD:              001  001  002  002  001  003  001  001  003  000  002  004  002  002  004  003
SUCCESS:           0    0    0    0    0    0    0    0    0    1    0    0    0    0    0    0
CORRECT BYTES: 1
PGE MEAN:      10
PGE MEDIAN:    11
PGE MAX:       21
HD SUM:        32

Starting key ranking using HEL
results rank estimation
nb_bins = 512
merge = 2
Starting preprocessing
Clearing memory
min: 2^77.14973972
actual rounded: 2^77.62100288
max: 2^77.99277968
time enum: 0.12946 seconds



