[2024-05-14 13:35:55,561] [1305862] [MainThread] [dataset] INFO  - Dataset loaded from '/home/drac/mnt/sc_nvme_ssd/dataset/datasets/ble/240429_highdist_2lna_highgain_norep/raw/dataset.pyc'
[2024-05-14 13:35:55,561] [1305862] [MainThread] [load] INFO  - Loading traces...
[2024-05-14 13:35:55,561] [1305862] [MainThread] [load] WARNING - No loaded NF traces!
Load FF traces: 100%|█████████████████████████████████████████████████████████████████████████████████████████████████████████████████████████████████████████████████████████████████████████████████████| 250/250 [00:00<00:00, 66546.68it/s]
[2024-05-14 13:35:55,566] [1305862] [MainThread] [load] INFO  - Done!
[2024-05-14 13:35:55,567] [1305862] [MainThread] [attack] INFO  - Load the forced profile from /home/drac/mnt/sc_nvme_ssd/dataset/datasets/ble/240429_highdist_2lna_highgain_norep/raw/profiles/PHASE_ROT_8000_r_1
[2024-05-14 13:35:55,637] [1305862] [MainThread] [attack] INFO  - Align attack traces with themselves...
Align: 100%|███████████████████████████████████████████████████████████████████████████████████████████████████████████████████████████████████████████████████████████████████████████████████████████████| 250/250 [00:00<00:00, 3752.38it/s]
[2024-05-14 13:35:55,704] [1305862] [MainThread] [attack] INFO  - Align attack traces with the profile...
Align: 100%|███████████████████████████████████████████████████████████████████████████████████████████████████████████████████████████████████████████████████████████████████████████████████████████████| 250/250 [00:00<00:00, 3798.73it/s]

Subkey  0
Subkey  1
Subkey  2
Subkey  3
Subkey  4
Subkey  5
Subkey  6
Subkey  7
Subkey  8
Subkey  9
Subkey 10
Subkey 11
Subkey 12
Subkey 13
Subkey 14
Subkey 15
Best Key Guess:   52   08   a7   50   a9   35   30   6a   6b   b0   ad   b8   6d   e1   ae   bf
Known Key:        ad   ef   6d   92   a8   29   32   40   f4   56   17   52   79   8d   a6   46
PGE:             062  155  133  070  024  216  020  019  014  239  154  073  018  014  021  152
HD:              008  006  004  003  001  003  001  003  006  005  005  005  002  004  001  006
SUCCESS:           0    0    0    0    0    0    0    0    0    0    0    0    0    0    0    0
CORRECT BYTES: 0
PGE MEAN:      86
PGE MEDIAN:    66
PGE MAX:       239
HD SUM:        63

Starting key ranking using HEL
results rank estimation
nb_bins = 512
merge = 2
Starting preprocessing
Clearing memory
min: 2^121.0768459
actual rounded: 2^121.2042067
max: 2^121.3050929
time enum: 0.129823 seconds



