[2024-05-07 14:34:54,224] [1525937] [MainThread] [dataset] INFO  - Dataset loaded from '/home/drac/mnt/sc_nvme_ssd/dataset/datasets/ble/240429_highdist_2lna_highgain_norep
/raw/dataset.pyc'
[2024-05-07 14:34:54,224] [1525937] [MainThread] [load] INFO  - Loading traces...
[2024-05-07 14:34:54,224] [1525937] [MainThread] [load] WARNING - No loaded NF traces!
Load FF traces: 100%|█████████████████████████████████████████████████████████████████████████████████████████████████████████████| 32000/32000 [00:00<00:00, 64196.52it/s]
[2024-05-07 14:34:54,723] [1525937] [MainThread] [load] INFO  - Done!
[2024-05-07 14:34:54,887] [1525937] [MainThread] [attack] INFO  - Load the forced profile from /home/drac/mnt/sc_nvme_ssd/dataset/datasets/ble/240429_highdist_2lna_highgai
n_norep/raw/profiles/AMPLITUDE_12000_r_1
[2024-05-07 14:34:55,005] [1525937] [MainThread] [attack] INFO  - Align attack traces with themselves...
Align: 100%|███████████████████████████████████████████████████████████████████████████████████████████████████████████████████████| 32000/32000 [00:08<00:00, 3705.64it/s]
[2024-05-07 14:35:03,660] [1525937] [MainThread] [attack] INFO  - Align attack traces with the profile...
Align: 100%|███████████████████████████████████████████████████████████████████████████████████████████████████████████████████████| 32000/32000 [00:08<00:00, 3732.79it/s]

Subkey  0
Subkey  1
Subkey  2
Subkey  3
Subkey  4
Subkey  5
Subkey  6
Subkey  7
Subkey  8
Subkey  9
Subkey 10
Subkey 11
Subkey 12
Subkey 13
Subkey 14
Subkey 15
Best Key Guess:   a3   e3   65   9c   a9   2f   3f   46   f4   51   14   5c   78   80   a6   4f
Known Key:        ad   ef   6d   92   a8   29   32   40   f4   56   17   52   79   8d   a6   46
PGE:             005  003  014  008  003  003  005  010  000  009  009  003  009  002  000  011
HD:              003  002  001  003  001  002  003  002  000  003  002  003  001  003  000  002
SUCCESS:           0    0    0    0    0    0    0    0    1    0    0    0    0    0    1    0
CORRECT BYTES: 2
PGE MEAN:      5
PGE MEDIAN:    5
PGE MAX:       14
HD SUM:        31

Starting key ranking using HEL
results rank estimation
nb_bins = 512
merge = 2
Starting preprocessing
Clearing memory
min: 2^55.79311162
actual rounded: 2^60.26343414
max: 2^62.49340649
time enum: 1.3949 seconds



