[2024-05-07 14:45:01,866] [1534749] [MainThread] [dataset] INFO  - Dataset loaded from '/home/drac/mnt/sc_nvme_ssd/dataset/datasets/ble/240429_highdist_2lna_highgain_norep
/raw/dataset.pyc'
[2024-05-07 14:45:01,866] [1534749] [MainThread] [load] INFO  - Loading traces...
[2024-05-07 14:45:01,866] [1534749] [MainThread] [load] WARNING - No loaded NF traces!
Load FF traces: 100%|█████████████████████████████████████████████████████████████████████████████████████████████████████████████████| 250/250 [00:00<00:00, 61946.95it/s]
[2024-05-07 14:45:01,871] [1534749] [MainThread] [load] INFO  - Done!
[2024-05-07 14:45:01,872] [1534749] [MainThread] [attack] INFO  - Load the forced profile from /home/drac/mnt/sc_nvme_ssd/dataset/datasets/ble/240429_highdist_2lna_highgai
n_norep/raw/profiles/AMPLITUDE_12000_r_2
[2024-05-07 14:45:01,902] [1534749] [MainThread] [attack] INFO  - Align attack traces with themselves...
Align: 100%|███████████████████████████████████████████████████████████████████████████████████████████████████████████████████████████| 250/250 [00:00<00:00, 3573.90it/s]
[2024-05-07 14:45:01,972] [1534749] [MainThread] [attack] INFO  - Align attack traces with the profile...
Align: 100%|███████████████████████████████████████████████████████████████████████████████████████████████████████████████████████████| 250/250 [00:00<00:00, 3673.27it/s]

Subkey  0
Subkey  1
Subkey  2
Subkey  3
Subkey  4
Subkey  5
Subkey  6
Subkey  7
Subkey  8
Subkey  9
Subkey 10
Subkey 11
Subkey 12
Subkey 13
Subkey 14
Subkey 15
Best Key Guess:   87   e4   67   9d   9e   14   38   49   f5   57   3e   57   7c   80   a2   51
Known Key:        ad   ef   6d   92   a8   29   32   40   f4   56   17   52   79   8d   a6   46
PGE:             042  009  015  023  043  039  013  003  007  009  030  002  002  018  013  050
HD:              003  003  002  004  004  005  002  002  001  001  003  002  002  003  001  004
SUCCESS:           0    0    0    0    0    0    0    0    0    0    0    0    0    0    0    0
CORRECT BYTES: 0
PGE MEAN:      19
PGE MEDIAN:    14
PGE MAX:       50
HD SUM:        42

Starting key ranking using HEL
results rank estimation
nb_bins = 512
merge = 2
Starting preprocessing
Clearing memory
min: 2^87.91232419
actual rounded: 2^88.32572278
max: 2^88.64977767
time enum: 0.129245 seconds



