[2024-05-07 14:48:24,159] [1538163] [MainThread] [dataset] INFO  - Dataset loaded from '/home/drac/mnt/sc_nvme_ssd/dataset/datasets/ble/240429_highdist_2lna_highgain_norep
/raw/dataset.pyc'
[2024-05-07 14:48:24,159] [1538163] [MainThread] [load] INFO  - Loading traces...
[2024-05-07 14:48:24,159] [1538163] [MainThread] [load] WARNING - No loaded NF traces!
Load FF traces: 100%|█████████████████████████████████████████████████████████████████████████████████████████████████████████████| 32000/32000 [00:00<00:00, 62585.21it/s]
[2024-05-07 14:48:24,671] [1538163] [MainThread] [load] INFO  - Done!
[2024-05-07 14:48:24,843] [1538163] [MainThread] [attack] INFO  - Load the forced profile from /home/drac/mnt/sc_nvme_ssd/dataset/datasets/ble/240429_highdist_2lna_highgai
n_norep/raw/profiles/AMPLITUDE_12000_r_2
[2024-05-07 14:48:24,964] [1538163] [MainThread] [attack] INFO  - Align attack traces with themselves...
Align: 100%|███████████████████████████████████████████████████████████████████████████████████████████████████████████████████████| 32000/32000 [00:08<00:00, 3653.47it/s]
[2024-05-07 14:48:33,742] [1538163] [MainThread] [attack] INFO  - Align attack traces with the profile...
Align: 100%|███████████████████████████████████████████████████████████████████████████████████████████████████████████████████████| 32000/32000 [00:08<00:00, 3684.84it/s]

Subkey  0
Subkey  1
Subkey  2
Subkey  3
Subkey  4
Subkey  5
Subkey  6
Subkey  7
Subkey  8
Subkey  9
Subkey 10
Subkey 11
Subkey 12
Subkey 13
Subkey 14
Subkey 15
Best Key Guess:   a4   e9   6c   9a   aa   28   32   48   fc   52   11   55   79   87   a6   47
Known Key:        ad   ef   6d   92   a8   29   32   40   f4   56   17   52   79   8d   a6   46
PGE:             008  011  005  012  009  008  000  006  003  012  006  009  000  004  000  013
HD:              002  002  001  001  001  001  000  001  001  001  002  003  000  002  000  001
SUCCESS:           0    0    0    0    0    0    1    0    0    0    0    0    1    0    1    0
CORRECT BYTES: 3
PGE MEAN:      6
PGE MEDIAN:    7
PGE MAX:       13
HD SUM:        19

Starting key ranking using HEL
results rank estimation
nb_bins = 512
merge = 2
Starting preprocessing
Clearing memory
min: 2^57.19183773
actual rounded: 2^60.7218352
max: 2^62.9046788
time enum: 1.47468 seconds



