[2024-05-14 14:40:57,326] [1322269] [MainThread] [dataset] INFO  - Dataset loaded from '/home/drac/mnt/sc_nvme_ssd/dataset/datasets/ble/240429_highdist_2lna_highgain_norep/raw/dataset.pyc'
[2024-05-14 14:40:57,326] [1322269] [MainThread] [load] INFO  - Loading traces...
[2024-05-14 14:40:57,326] [1322269] [MainThread] [load] WARNING - No loaded NF traces!
Load FF traces: 100%|█████████████████████████████████████████████████████████████████████████████████████████████████████████████████████████████████████████████████████████████████████████████████████| 250/250 [00:00<00:00, 68525.42it/s]
[2024-05-14 14:40:57,330] [1322269] [MainThread] [load] INFO  - Done!
[2024-05-14 14:40:57,332] [1322269] [MainThread] [attack] INFO  - Load the forced profile from /home/drac/mnt/sc_nvme_ssd/dataset/datasets/ble/240429_highdist_2lna_highgain_norep/raw/profiles/AMPLITUDE_12000_r_1
[2024-05-14 14:40:57,368] [1322269] [MainThread] [attack] INFO  - Align attack traces with themselves...
Align: 100%|███████████████████████████████████████████████████████████████████████████████████████████████████████████████████████████████████████████████████████████████████████████████████████████████| 250/250 [00:00<00:00, 3772.89it/s]
[2024-05-14 14:40:57,434] [1322269] [MainThread] [attack] INFO  - Align attack traces with the profile...
Align: 100%|███████████████████████████████████████████████████████████████████████████████████████████████████████████████████████████████████████████████████████████████████████████████████████████████| 250/250 [00:00<00:00, 3804.94it/s]

Subkey  0
Subkey  1
Subkey  2
Subkey  3
Subkey  4
Subkey  5
Subkey  6
Subkey  7
Subkey  8
Subkey  9
Subkey 10
Subkey 11
Subkey 12
Subkey 13
Subkey 14
Subkey 15
[2024-05-14 14:40:58,180] [1322269] [MainThread] [dataset] INFO  - Dataset loaded from '/home/drac/mnt/sc_nvme_ssd/dataset/datasets/ble/240429_highdist_2lna_highgain_norep/raw/dataset.pyc'
[2024-05-14 14:40:58,180] [1322269] [MainThread] [load] INFO  - Loading traces...
[2024-05-14 14:40:58,180] [1322269] [MainThread] [load] WARNING - No loaded NF traces!
Load FF traces: 100%|█████████████████████████████████████████████████████████████████████████████████████████████████████████████████████████████████████████████████████████████████████████████████████| 250/250 [00:00<00:00, 69442.12it/s]
[2024-05-14 14:40:58,184] [1322269] [MainThread] [load] INFO  - Done!
[2024-05-14 14:40:58,186] [1322269] [MainThread] [attack] INFO  - Load the forced profile from /home/drac/mnt/sc_nvme_ssd/dataset/datasets/ble/240429_highdist_2lna_highgain_norep/raw/profiles/PHASE_ROT_12000_r_1
[2024-05-14 14:40:58,225] [1322269] [MainThread] [attack] INFO  - Align attack traces with themselves...
Align: 100%|███████████████████████████████████████████████████████████████████████████████████████████████████████████████████████████████████████████████████████████████████████████████████████████████| 250/250 [00:00<00:00, 3761.45it/s]
[2024-05-14 14:40:58,291] [1322269] [MainThread] [attack] INFO  - Align attack traces with the profile...
Align: 100%|███████████████████████████████████████████████████████████████████████████████████████████████████████████████████████████████████████████████████████████████████████████████████████████████| 250/250 [00:00<00:00, 3828.72it/s]

Subkey  0
Subkey  1
Subkey  2
Subkey  3
Subkey  4
Subkey  5
Subkey  6
Subkey  7
Subkey  8
Subkey  9
Subkey 10
Subkey 11
Subkey 12
Subkey 13
Subkey 14
Subkey 15
Best Key Guess:   a9   e6   6c   94   a2   3b   30   47   f4   60   11   5a   6d   96   ae   57
Known Key:        ad   ef   6d   92   a8   29   32   40   f4   56   17   52   79   8d   a6   46
PGE:             029  015  011  015  014  035  003  009  000  048  007  002  005  045  007  037
HD:              001  002  001  002  002  002  001  003  000  004  002  001  002  004  001  002
SUCCESS:           0    0    0    0    0    0    0    0    1    0    0    0    0    0    0    0
CORRECT BYTES: 1
PGE MEAN:      17
PGE MEDIAN:    12
PGE MAX:       48
HD SUM:        30

Starting key ranking using HEL
results rank estimation
nb_bins = 512
merge = 2
Starting preprocessing
Clearing memory
min: 2^83.66750395
actual rounded: 2^84.03718543
max: 2^84.3302113
time enum: 0.129207 seconds



