[2024-05-14 13:23:07,966] [1301766] [MainThread] [dataset] INFO  - Dataset loaded from '/home/drac/mnt/sc_nvme_ssd/dataset/datasets/ble/240429_highdist_2lna_highgain_norep/raw/dataset.pyc'
[2024-05-14 13:23:07,966] [1301766] [MainThread] [load] INFO  - Loading traces...
[2024-05-14 13:23:07,966] [1301766] [MainThread] [load] WARNING - No loaded NF traces!
Load FF traces: 100%|████████████████████████████████████████████████████████████████████████████████████████████████████████████████████████████████████████████████████████████████████████████████████| 8000/8000 [00:01<00:00, 5938.20it/s]
[2024-05-14 13:23:09,314] [1301766] [MainThread] [load] INFO  - Done!
[2024-05-14 13:23:09,358] [1301766] [MainThread] [attack] INFO  - Load the forced profile from /home/drac/mnt/sc_nvme_ssd/dataset/datasets/ble/240429_highdist_2lna_highgain_norep/raw/profiles/AMPLITUDE_65000_r_1
[2024-05-14 13:23:09,409] [1301766] [MainThread] [attack] INFO  - Align attack traces with themselves...
Align: 100%|█████████████████████████████████████████████████████████████████████████████████████████████████████████████████████████████████████████████████████████████████████████████████████████████| 8000/8000 [00:02<00:00, 3795.03it/s]
[2024-05-14 13:23:11,523] [1301766] [MainThread] [attack] INFO  - Align attack traces with the profile...
Align: 100%|█████████████████████████████████████████████████████████████████████████████████████████████████████████████████████████████████████████████████████████████████████████████████████████████| 8000/8000 [00:02<00:00, 3838.77it/s]

Subkey  0
Subkey  1
Subkey  2
Subkey  3
Subkey  4
Subkey  5
Subkey  6
Subkey  7
Subkey  8
Subkey  9
Subkey 10
Subkey 11
Subkey 12
Subkey 13
Subkey 14
Subkey 15
Best Key Guess:   a6   e7   66   9d   aa   26   32   48   f8   52   11   59   78   8e   a5   46
Known Key:        ad   ef   6d   92   a8   29   32   40   f4   56   17   52   79   8d   a6   46
PGE:             001  010  015  002  002  002  000  015  004  009  012  014  004  013  002  000
HD:              003  001  003  004  001  004  000  001  002  001  002  003  001  002  002  000
SUCCESS:           0    0    0    0    0    0    1    0    0    0    0    0    0    0    0    1
CORRECT BYTES: 2
PGE MEAN:      6
PGE MEDIAN:    4
PGE MAX:       15
HD SUM:        30

Starting key ranking using HEL
results rank estimation
nb_bins = 512
merge = 2
Starting preprocessing
Clearing memory
min: 2^60.01344864
actual rounded: 2^63.0115779
max: 2^63.93473445
time enum: 0.128764 seconds



