[2024-05-07 14:46:00,458] [1535874] [MainThread] [dataset] INFO  - Dataset loaded from '/home/drac/mnt/sc_nvme_ssd/dataset/datasets/ble/240429_highdist_2lna_highgain_norep
/raw/dataset.pyc'
[2024-05-07 14:46:00,458] [1535874] [MainThread] [load] INFO  - Loading traces...
[2024-05-07 14:46:00,458] [1535874] [MainThread] [load] WARNING - No loaded NF traces!
Load FF traces: 100%|█████████████████████████████████████████████████████████████████████████████████████████████████████████████| 16000/16000 [00:00<00:00, 65276.87it/s]
[2024-05-07 14:46:00,704] [1535874] [MainThread] [load] INFO  - Done!
[2024-05-07 14:46:00,786] [1535874] [MainThread] [attack] INFO  - Load the forced profile from /home/drac/mnt/sc_nvme_ssd/dataset/datasets/ble/240429_highdist_2lna_highgai
n_norep/raw/profiles/AMPLITUDE_12000_r_2
[2024-05-07 14:46:00,860] [1535874] [MainThread] [attack] INFO  - Align attack traces with themselves...
Align: 100%|███████████████████████████████████████████████████████████████████████████████████████████████████████████████████████| 16000/16000 [00:04<00:00, 3702.47it/s]
[2024-05-07 14:46:05,192] [1535874] [MainThread] [attack] INFO  - Align attack traces with the profile...
Align: 100%|███████████████████████████████████████████████████████████████████████████████████████████████████████████████████████| 16000/16000 [00:04<00:00, 3788.14it/s]

Subkey  0
Subkey  1
Subkey  2
Subkey  3
Subkey  4
Subkey  5
Subkey  6
Subkey  7
Subkey  8
Subkey  9
Subkey 10
Subkey 11
Subkey 12
Subkey 13
Subkey 14
Subkey 15
Best Key Guess:   ab   ed   6c   9a   a0   2a   37   49   f7   5a   1a   50   79   8e   a6   47
Known Key:        ad   ef   6d   92   a8   29   32   40   f4   56   17   52   79   8d   a6   46
PGE:             012  010  013  013  013  013  001  001  003  015  002  002  000  009  000  015
HD:              002  001  001  001  001  002  002  002  002  002  003  001  000  002  000  001
SUCCESS:           0    0    0    0    0    0    0    0    0    0    0    0    1    0    1    0
CORRECT BYTES: 2
PGE MEAN:      7
PGE MEDIAN:    9
PGE MAX:       15
HD SUM:        23

Starting key ranking using HEL
results rank estimation
nb_bins = 512
merge = 2
Starting preprocessing
Clearing memory
min: 2^64.58193379
actual rounded: 2^66.24776186
max: 2^67.45342076
time enum: 1.36033 seconds



