[2024-05-14 13:43:02,587] [1307677] [MainThread] [dataset] INFO  - Dataset loaded from '/home/drac/mnt/sc_nvme_ssd/dataset/datasets/ble/240429_highdist_2lna_highgain_norep/raw/dataset.pyc'
[2024-05-14 13:43:02,587] [1307677] [MainThread] [load] INFO  - Loading traces...
[2024-05-14 13:43:02,587] [1307677] [MainThread] [load] WARNING - No loaded NF traces!
Load FF traces: 100%|█████████████████████████████████████████████████████████████████████████████████████████████████████████████████████████████████████████████████████████████████████████████████| 40000/40000 [00:00<00:00, 63727.00it/s]
[2024-05-14 13:43:03,215] [1307677] [MainThread] [load] INFO  - Done!
[2024-05-14 13:43:03,420] [1307677] [MainThread] [attack] INFO  - Load the forced profile from /home/drac/mnt/sc_nvme_ssd/dataset/datasets/ble/240429_highdist_2lna_highgain_norep/raw/profiles/PHASE_ROT_8000_r_2
[2024-05-14 13:43:08,933] [1307677] [MainThread] [attack] INFO  - Align attack traces with themselves...
Align: 100%|███████████████████████████████████████████████████████████████████████████████████████████████████████████████████████████████████████████████████████████████████████████████████████████| 40000/40000 [00:10<00:00, 3838.40it/s]
[2024-05-14 13:43:19,378] [1307677] [MainThread] [attack] INFO  - Align attack traces with the profile...
Align: 100%|███████████████████████████████████████████████████████████████████████████████████████████████████████████████████████████████████████████████████████████████████████████████████████████| 40000/40000 [00:10<00:00, 3874.29it/s]

Subkey  0
Subkey  1
Subkey  2
Subkey  3
Subkey  4
Subkey  5
Subkey  6
Subkey  7
Subkey  8
Subkey  9
Subkey 10
Subkey 11
Subkey 12
Subkey 13
Subkey 14
Subkey 15
Best Key Guess:   a5   45   29   07   a1   26   32   49   fc   55   ff   cf   7b   bd   a2   3d
Known Key:        ad   ef   6d   92   a8   29   32   40   f4   56   17   52   79   8d   a6   46
PGE:             007  193  018  127  006  054  000  011  007  003  191  076  007  246  010  123
HD:              001  004  002  004  002  004  000  002  001  002  004  005  001  002  001  006
SUCCESS:           0    0    0    0    0    0    1    0    0    0    0    0    0    0    0    0
CORRECT BYTES: 1
PGE MEAN:      67
PGE MEDIAN:    14
PGE MAX:       246
HD SUM:        41

Starting key ranking using HEL
results rank estimation
nb_bins = 512
merge = 2
Starting preprocessing
Clearing memory
min: 2^98.79172827
actual rounded: 2^99.09719468
max: 2^99.33936053
time enum: 1.4874 seconds



