[2024-05-14 13:29:26,191] [1304291] [MainThread] [dataset] INFO  - Dataset loaded from '/home/drac/mnt/sc_nvme_ssd/dataset/datasets/ble/240429_highdist_2lna_highgain_norep/raw/dataset.pyc'
[2024-05-14 13:29:26,191] [1304291] [MainThread] [load] INFO  - Loading traces...
[2024-05-14 13:29:26,191] [1304291] [MainThread] [load] WARNING - No loaded NF traces!
Load FF traces: 100%|█████████████████████████████████████████████████████████████████████████████████████████████████████████████████████████████████████████████████████████████████████████████████████| 250/250 [00:00<00:00, 68191.19it/s]
[2024-05-14 13:29:26,195] [1304291] [MainThread] [load] INFO  - Done!
[2024-05-14 13:29:26,197] [1304291] [MainThread] [attack] INFO  - Load the forced profile from /home/drac/mnt/sc_nvme_ssd/dataset/datasets/ble/240429_highdist_2lna_highgain_norep/raw/profiles/AMPLITUDE_65000_r_2
[2024-05-14 13:29:26,226] [1304291] [MainThread] [attack] INFO  - Align attack traces with themselves...
Align: 100%|███████████████████████████████████████████████████████████████████████████████████████████████████████████████████████████████████████████████████████████████████████████████████████████████| 250/250 [00:00<00:00, 3678.45it/s]
[2024-05-14 13:29:26,295] [1304291] [MainThread] [attack] INFO  - Align attack traces with the profile...
Align: 100%|███████████████████████████████████████████████████████████████████████████████████████████████████████████████████████████████████████████████████████████████████████████████████████████████| 250/250 [00:00<00:00, 3720.43it/s]

Subkey  0
Subkey  1
Subkey  2
Subkey  3
Subkey  4
Subkey  5
Subkey  6
Subkey  7
Subkey  8
Subkey  9
Subkey 10
Subkey 11
Subkey 12
Subkey 13
Subkey 14
Subkey 15
Best Key Guess:   a4   c6   67   96   ab   25   35   4f   fa   56   11   5a   75   87   aa   4b
Known Key:        ad   ef   6d   92   a8   29   32   40   f4   56   17   52   79   8d   a6   46
PGE:             014  019  003  012  010  008  012  002  010  000  018  010  005  012  004  014
HD:              002  003  002  001  002  002  003  004  003  000  002  001  002  002  002  003
SUCCESS:           0    0    0    0    0    0    0    0    0    1    0    0    0    0    0    0
CORRECT BYTES: 1
PGE MEAN:      9
PGE MEDIAN:    10
PGE MAX:       19
HD SUM:        34

Starting key ranking using HEL
results rank estimation
nb_bins = 512
merge = 2
Starting preprocessing
Clearing memory
min: 2^73.4809514
actual rounded: 2^74.27464449
max: 2^74.89422864
time enum: 0.128105 seconds



