[2024-05-14 14:02:07,647] [1312157] [MainThread] [dataset] INFO  - Dataset loaded from '/home/drac/mnt/sc_nvme_ssd/dataset/datasets/ble/240429_highdist_2lna_highgain_norep/raw/dataset.pyc'
[2024-05-14 14:02:07,647] [1312157] [MainThread] [load] INFO  - Loading traces...
[2024-05-14 14:02:07,647] [1312157] [MainThread] [load] WARNING - No loaded NF traces!
Load FF traces: 100%|█████████████████████████████████████████████████████████████████████████████████████████████████████████████████████████████████████████████████████████████████████████████████████| 250/250 [00:00<00:00, 66954.60it/s]
[2024-05-14 14:02:07,652] [1312157] [MainThread] [load] INFO  - Done!
[2024-05-14 14:02:07,653] [1312157] [MainThread] [attack] INFO  - Load the forced profile from /home/drac/mnt/sc_nvme_ssd/dataset/datasets/ble/240429_highdist_2lna_highgain_norep/raw/profiles/PHASE_ROT_65000_r_1
[2024-05-14 14:02:07,716] [1312157] [MainThread] [attack] INFO  - Align attack traces with themselves...
Align: 100%|███████████████████████████████████████████████████████████████████████████████████████████████████████████████████████████████████████████████████████████████████████████████████████████████| 250/250 [00:00<00:00, 3779.02it/s]
[2024-05-14 14:02:07,782] [1312157] [MainThread] [attack] INFO  - Align attack traces with the profile...
Align: 100%|███████████████████████████████████████████████████████████████████████████████████████████████████████████████████████████████████████████████████████████████████████████████████████████████| 250/250 [00:00<00:00, 3830.62it/s]

Subkey  0
Subkey  1
Subkey  2
Subkey  3
Subkey  4
Subkey  5
Subkey  6
Subkey  7
Subkey  8
Subkey  9
Subkey 10
Subkey 11
Subkey 12
Subkey 13
Subkey 14
Subkey 15
Best Key Guess:   ac   62   6c   db   ac   3c   33   44   6b   8a   12   5d   6b   86   a9   de
Known Key:        ad   ef   6d   92   a8   29   32   40   f4   56   17   52   79   8d   a6   46
PGE:             054  095  053  053  005  038  009  011  082  005  006  022  010  040  010  090
HD:              001  004  001  003  001  003  001  001  006  005  002  004  002  003  004  003
SUCCESS:           0    0    0    0    0    0    0    0    0    0    0    0    0    0    0    0
CORRECT BYTES: 0
PGE MEAN:      36
PGE MEDIAN:    30
PGE MAX:       95
HD SUM:        44

Starting key ranking using HEL
results rank estimation
nb_bins = 512
merge = 2
Starting preprocessing
Clearing memory
min: 2^104.0847509
actual rounded: 2^104.3432852
max: 2^104.5488427
time enum: 0.129403 seconds



