[2024-05-07 14:45:12,887] [1535074] [MainThread] [dataset] INFO  - Dataset loaded from '/home/drac/mnt/sc_nvme_ssd/dataset/datasets/ble/240429_highdist_2lna_highgain_norep
/raw/dataset.pyc'
[2024-05-07 14:45:12,887] [1535074] [MainThread] [load] INFO  - Loading traces...
[2024-05-07 14:45:12,887] [1535074] [MainThread] [load] WARNING - No loaded NF traces!
Load FF traces: 100%|███████████████████████████████████████████████████████████████████████████████████████████████████████████████| 2000/2000 [00:00<00:00, 71607.54it/s]
[2024-05-07 14:45:12,916] [1535074] [MainThread] [load] INFO  - Done!
[2024-05-07 14:45:12,926] [1535074] [MainThread] [attack] INFO  - Load the forced profile from /home/drac/mnt/sc_nvme_ssd/dataset/datasets/ble/240429_highdist_2lna_highgai
n_norep/raw/profiles/AMPLITUDE_12000_r_2
[2024-05-07 14:45:12,962] [1535074] [MainThread] [attack] INFO  - Align attack traces with themselves...
Align: 100%|█████████████████████████████████████████████████████████████████████████████████████████████████████████████████████████| 2000/2000 [00:00<00:00, 3761.84it/s]
[2024-05-07 14:45:13,495] [1535074] [MainThread] [attack] INFO  - Align attack traces with the profile...
Align: 100%|█████████████████████████████████████████████████████████████████████████████████████████████████████████████████████████| 2000/2000 [00:00<00:00, 3789.36it/s]

Subkey  0
Subkey  1
Subkey  2
Subkey  3
Subkey  4
Subkey  5
Subkey  6
Subkey  7
Subkey  8
Subkey  9
Subkey 10
Subkey 11
Subkey 12
Subkey 13
Subkey 14
Subkey 15
Best Key Guess:   ac   ee   63   be   aa   2a   3a   4a   f6   5a   1d   57   7c   81   a6   41
Known Key:        ad   ef   6d   92   a8   29   32   40   f4   56   17   52   79   8d   a6   46
PGE:             015  013  008  008  009  002  008  004  013  014  001  005  005  014  000  033
HD:              001  001  003  003  001  002  001  002  001  002  002  002  002  002  000  003
SUCCESS:           0    0    0    0    0    0    0    0    0    0    0    0    0    0    1    0
CORRECT BYTES: 1
PGE MEAN:      9
PGE MEDIAN:    8
PGE MAX:       33
HD SUM:        28

Starting key ranking using HEL
results rank estimation
nb_bins = 512
merge = 2
Starting preprocessing
Clearing memory
min: 2^71.37500256
actual rounded: 2^72.40215969
max: 2^73.19620365
time enum: 0.129698 seconds



