[2024-05-14 14:02:41,947] [1312400] [MainThread] [dataset] INFO  - Dataset loaded from '/home/drac/mnt/sc_nvme_ssd/dataset/datasets/ble/240429_highdist_2lna_highgain_norep/raw/dataset.pyc'
[2024-05-14 14:02:41,947] [1312400] [MainThread] [load] INFO  - Loading traces...
[2024-05-14 14:02:41,947] [1312400] [MainThread] [load] WARNING - No loaded NF traces!
Load FF traces: 100%|█████████████████████████████████████████████████████████████████████████████████████████████████████████████████████████████████████████████████████████████████████████████████| 40000/40000 [00:00<00:00, 64380.57it/s]
[2024-05-14 14:02:42,569] [1312400] [MainThread] [load] INFO  - Done!
[2024-05-14 14:02:42,774] [1312400] [MainThread] [attack] INFO  - Load the forced profile from /home/drac/mnt/sc_nvme_ssd/dataset/datasets/ble/240429_highdist_2lna_highgain_norep/raw/profiles/PHASE_ROT_65000_r_1
[2024-05-14 14:02:48,284] [1312400] [MainThread] [attack] INFO  - Align attack traces with themselves...
Align: 100%|███████████████████████████████████████████████████████████████████████████████████████████████████████████████████████████████████████████████████████████████████████████████████████████| 40000/40000 [00:10<00:00, 3831.80it/s]
[2024-05-14 14:02:58,747] [1312400] [MainThread] [attack] INFO  - Align attack traces with the profile...
Align: 100%|███████████████████████████████████████████████████████████████████████████████████████████████████████████████████████████████████████████████████████████████████████████████████████████| 40000/40000 [00:10<00:00, 3870.36it/s]

Subkey  0
Subkey  1
Subkey  2
Subkey  3
Subkey  4
Subkey  5
Subkey  6
Subkey  7
Subkey  8
Subkey  9
Subkey 10
Subkey 11
Subkey 12
Subkey 13
Subkey 14
Subkey 15
Best Key Guess:   a6   e0   6c   92   a9   29   38   43   ff   5a   12   5c   7f   88   ac   4d
Known Key:        ad   ef   6d   92   a8   29   32   40   f4   56   17   52   79   8d   a6   46
PGE:             004  004  002  000  014  000  007  014  003  009  005  009  013  004  007  011
HD:              003  004  001  000  001  000  002  002  003  002  002  003  002  002  002  003
SUCCESS:           0    0    0    1    0    1    0    0    0    0    0    0    0    0    0    0
CORRECT BYTES: 2
PGE MEAN:      6
PGE MEDIAN:    6
PGE MAX:       14
HD SUM:        32

Starting key ranking using HEL
results rank estimation
nb_bins = 512
merge = 2
Starting preprocessing
Clearing memory
min: 2^62.19608094
actual rounded: 2^62.99016842
max: 2^63.55255051
time enum: 1.48554 seconds



