[2024-05-14 13:35:57,979] [1305909] [MainThread] [dataset] INFO  - Dataset loaded from '/home/drac/mnt/sc_nvme_ssd/dataset/datasets/ble/240429_highdist_2lna_highgain_norep/raw/dataset.pyc'
[2024-05-14 13:35:57,979] [1305909] [MainThread] [load] INFO  - Loading traces...
[2024-05-14 13:35:57,979] [1305909] [MainThread] [load] WARNING - No loaded NF traces!
Load FF traces: 100%|███████████████████████████████████████████████████████████████████████████████████████████████████████████████████████████████████████████████████████████████████████████████████| 2000/2000 [00:00<00:00, 68444.35it/s]
[2024-05-14 13:35:58,009] [1305909] [MainThread] [load] INFO  - Done!
[2024-05-14 13:35:58,020] [1305909] [MainThread] [attack] INFO  - Load the forced profile from /home/drac/mnt/sc_nvme_ssd/dataset/datasets/ble/240429_highdist_2lna_highgain_norep/raw/profiles/PHASE_ROT_8000_r_1
[2024-05-14 13:35:58,326] [1305909] [MainThread] [attack] INFO  - Align attack traces with themselves...
Align: 100%|█████████████████████████████████████████████████████████████████████████████████████████████████████████████████████████████████████████████████████████████████████████████████████████████| 2000/2000 [00:00<00:00, 3796.54it/s]
[2024-05-14 13:35:58,855] [1305909] [MainThread] [attack] INFO  - Align attack traces with the profile...
Align: 100%|█████████████████████████████████████████████████████████████████████████████████████████████████████████████████████████████████████████████████████████████████████████████████████████████| 2000/2000 [00:00<00:00, 3848.63it/s]

Subkey  0
Subkey  1
Subkey  2
Subkey  3
Subkey  4
Subkey  5
Subkey  6
Subkey  7
Subkey  8
Subkey  9
Subkey 10
Subkey 11
Subkey 12
Subkey 13
Subkey 14
Subkey 15
Best Key Guess:   af   60   eb   d8   a2   a5   3a   4b   b1   00   35   f3   7f   0f   ae   ca
Known Key:        ad   ef   6d   92   a8   29   32   40   f4   56   17   52   79   8d   a6   46
PGE:             005  185  001  021  004  187  014  002  039  252  022  206  002  172  017  036
HD:              001  005  003  003  002  003  001  003  003  004  002  003  002  002  001  003
SUCCESS:           0    0    0    0    0    0    0    0    0    0    0    0    0    0    0    0
CORRECT BYTES: 0
PGE MEAN:      72
PGE MEDIAN:    21
PGE MAX:       252
HD SUM:        41

Starting key ranking using HEL
results rank estimation
nb_bins = 512
merge = 2
Starting preprocessing
Clearing memory
min: 2^110.828694
actual rounded: 2^111.0460369
max: 2^111.2187221
time enum: 0.128208 seconds



