[2024-05-07 14:53:07,348] [1543208] [MainThread] [dataset] INFO  - Dataset loaded from '/home/drac/mnt/sc_nvme_ssd/dataset/datasets/ble/240429_highdist_2lna_highgain_norep
/raw/dataset.pyc'
[2024-05-07 14:53:07,348] [1543208] [MainThread] [load] INFO  - Loading traces...
[2024-05-07 14:53:07,348] [1543208] [MainThread] [load] WARNING - No loaded NF traces!
Load FF traces: 100%|█████████████████████████████████████████████████████████████████████████████████████████████████████████████| 40000/40000 [00:00<00:00, 55839.53it/s]
[2024-05-07 14:53:08,065] [1543208] [MainThread] [load] INFO  - Done!
[2024-05-07 14:53:08,286] [1543208] [MainThread] [attack] INFO  - Load the forced profile from /home/drac/mnt/sc_nvme_ssd/dataset/datasets/ble/240429_highdist_2lna_highgai
n_norep/raw/profiles/AMPLITUDE_12000_r_2
[2024-05-07 14:53:08,516] [1543208] [MainThread] [attack] INFO  - Align attack traces with themselves...
Align: 100%|███████████████████████████████████████████████████████████████████████████████████████████████████████████████████████| 40000/40000 [00:10<00:00, 3690.99it/s]
[2024-05-07 14:53:19,377] [1543208] [MainThread] [attack] INFO  - Align attack traces with the profile...
Align: 100%|███████████████████████████████████████████████████████████████████████████████████████████████████████████████████████| 40000/40000 [00:10<00:00, 3677.06it/s]

Subkey  0
Subkey  1
Subkey  2
Subkey  3
Subkey  4
Subkey  5
Subkey  6
Subkey  7
Subkey  8
Subkey  9
Subkey 10
Subkey 11
Subkey 12
Subkey 13
Subkey 14
Subkey 15
Best Key Guess:   a4   e9   6c   9c   aa   25   32   48   fc   52   11   55   79   86   a6   47
Known Key:        ad   ef   6d   92   a8   29   32   40   f4   56   17   52   79   8d   a6   46
PGE:             005  012  006  013  009  010  000  008  003  012  007  012  000  009  000  014
HD:              002  002  001  003  001  002  000  001  001  001  002  003  000  003  000  001
SUCCESS:           0    0    0    0    0    0    1    0    0    0    0    0    1    0    1    0
CORRECT BYTES: 3
PGE MEAN:      7
PGE MEDIAN:    8
PGE MAX:       14
HD SUM:        23

Starting key ranking using HEL
results rank estimation
nb_bins = 512
merge = 2
Starting preprocessing
Clearing memory
min: 2^60.27819527
actual rounded: 2^63.23351808
max: 2^65.06932519
time enum: 1.49743 seconds



