[2024-05-14 14:08:37,573] [1314348] [MainThread] [dataset] INFO  - Dataset loaded from '/home/drac/mnt/sc_nvme_ssd/dataset/datasets/ble/240429_highdist_2lna_highgain_norep/raw/dataset.pyc'
[2024-05-14 14:08:37,573] [1314348] [MainThread] [load] INFO  - Loading traces...
[2024-05-14 14:08:37,573] [1314348] [MainThread] [load] WARNING - No loaded NF traces!
Load FF traces: 100%|█████████████████████████████████████████████████████████████████████████████████████████████████████████████████████████████████████████████████████████████████████████████████████| 250/250 [00:00<00:00, 68164.60it/s]
[2024-05-14 14:08:37,577] [1314348] [MainThread] [load] INFO  - Done!
[2024-05-14 14:08:37,579] [1314348] [MainThread] [attack] INFO  - Load the forced profile from /home/drac/mnt/sc_nvme_ssd/dataset/datasets/ble/240429_highdist_2lna_highgain_norep/raw/profiles/PHASE_ROT_65000_r_2
[2024-05-14 14:08:37,642] [1314348] [MainThread] [attack] INFO  - Align attack traces with themselves...
Align: 100%|███████████████████████████████████████████████████████████████████████████████████████████████████████████████████████████████████████████████████████████████████████████████████████████████| 250/250 [00:00<00:00, 3757.29it/s]
[2024-05-14 14:08:37,709] [1314348] [MainThread] [attack] INFO  - Align attack traces with the profile...
Align: 100%|███████████████████████████████████████████████████████████████████████████████████████████████████████████████████████████████████████████████████████████████████████████████████████████████| 250/250 [00:00<00:00, 3811.94it/s]

Subkey  0
Subkey  1
Subkey  2
Subkey  3
Subkey  4
Subkey  5
Subkey  6
Subkey  7
Subkey  8
Subkey  9
Subkey 10
Subkey 11
Subkey 12
Subkey 13
Subkey 14
Subkey 15
Best Key Guess:   ac   62   b6   50   79   3c   fb   44   6d   c8   14   5d   b7   8b   a9   5e
Known Key:        ad   ef   6d   92   a8   29   32   40   f4   56   17   52   79   8d   a6   46
PGE:             029  088  185  088  049  087  056  009  147  008  051  016  020  052  006  043
HD:              001  004  006  003  004  003  004  001  004  005  002  004  005  002  004  002
SUCCESS:           0    0    0    0    0    0    0    0    0    0    0    0    0    0    0    0
CORRECT BYTES: 0
PGE MEAN:      58
PGE MEDIAN:    50
PGE MAX:       185
HD SUM:        54

Starting key ranking using HEL
results rank estimation
nb_bins = 512
merge = 2
Starting preprocessing
Clearing memory
min: 2^113.9501955
actual rounded: 2^114.1398243
max: 2^114.2904771
time enum: 0.127493 seconds



