INFO: Checkout main -> /home/drac/git/screaming_channels_ble
Déjà sur 'main'
Votre branche est à jour avec 'origin/main'.
SKIP: Attack: File exists: /home/drac/mnt/sc_nvme_ssd/dataset/datasets/ble/240429_highdist_2lna_highgain_norep/logs/attack_raw_AMPLITUDE_8000_r_1_250.log
SKIP: Attack: File exists: /home/drac/mnt/sc_nvme_ssd/dataset/datasets/ble/240429_highdist_2lna_highgain_norep/logs/attack_raw_AMPLITUDE_8000_r_1_500.log
SKIP: Attack: File exists: /home/drac/mnt/sc_nvme_ssd/dataset/datasets/ble/240429_highdist_2lna_highgain_norep/logs/attack_raw_AMPLITUDE_8000_r_1_1000.log
SKIP: Attack: File exists: /home/drac/mnt/sc_nvme_ssd/dataset/datasets/ble/240429_highdist_2lna_highgain_norep/logs/attack_raw_AMPLITUDE_8000_r_1_2000.log
SKIP: Attack: File exists: /home/drac/mnt/sc_nvme_ssd/dataset/datasets/ble/240429_highdist_2lna_highgain_norep/logs/attack_raw_AMPLITUDE_8000_r_1_4000.log
SKIP: Attack: File exists: /home/drac/mnt/sc_nvme_ssd/dataset/datasets/ble/240429_highdist_2lna_highgain_norep/logs/attack_raw_AMPLITUDE_8000_r_1_8000.log
SKIP: Attack: File exists: /home/drac/mnt/sc_nvme_ssd/dataset/datasets/ble/240429_highdist_2lna_highgain_norep/logs/attack_raw_AMPLITUDE_8000_r_1_16000.log
SKIP: Attack: File exists: /home/drac/mnt/sc_nvme_ssd/dataset/datasets/ble/240429_highdist_2lna_highgain_norep/logs/attack_raw_AMPLITUDE_8000_r_1_32000.log
SKIP: Attack: File exists: /home/drac/mnt/sc_nvme_ssd/dataset/datasets/ble/240429_highdist_2lna_highgain_norep/logs/attack_raw_AMPLITUDE_8000_r_1_40000.log
[2024-05-07 14:17:35,131] [1508545] [MainThread] [dataset] INFO  - Dataset loaded from '/home/drac/mnt/sc_nvme_ssd/dataset/datasets/ble/240429_highdist_2lna_highgain_norep
/raw/dataset.pyc'
[2024-05-07 14:17:35,131] [1508545] [MainThread] [load] INFO  - Loading traces...
[2024-05-07 14:17:35,131] [1508545] [MainThread] [load] WARNING - No loaded NF traces!
Load FF traces: 100%|█████████████████████████████████████████████████████████████████████████████████████████████████████████████████| 250/250 [00:00<00:00, 68355.67it/s]
[2024-05-07 14:17:35,135] [1508545] [MainThread] [load] INFO  - Done!
[2024-05-07 14:17:35,137] [1508545] [MainThread] [attack] INFO  - Load the forced profile from /home/drac/mnt/sc_nvme_ssd/dataset/datasets/ble/240429_highdist_2lna_highgai
n_norep/raw/profiles/AMPLITUDE_8000_r_2
[2024-05-07 14:17:35,166] [1508545] [MainThread] [attack] INFO  - Align attack traces with themselves...
Align: 100%|███████████████████████████████████████████████████████████████████████████████████████████████████████████████████████████| 250/250 [00:00<00:00, 3746.65it/s]
[2024-05-07 14:17:35,233] [1508545] [MainThread] [attack] INFO  - Align attack traces with the profile...
Align: 100%|███████████████████████████████████████████████████████████████████████████████████████████████████████████████████████████| 250/250 [00:00<00:00, 3778.68it/s]

Subkey  0
Subkey  1
Subkey  2
Subkey  3
Subkey  4
Subkey  5
Subkey  6
Subkey  7
Subkey  8
Subkey  9
Subkey 10
Subkey 11
Subkey 12
Subkey 13
Subkey 14
Subkey 15
Best Key Guess:   ac   e6   6f   99   ac   0f   3f   49   f5   57   3c   5d   5c   b4   9d   53
Known Key:        ad   ef   6d   92   a8   29   32   40   f4   56   17   52   79   8d   a6   46
PGE:             045  007  018  044  012  043  005  014  008  008  010  039  001  008  013  010
HD:              001  002  001  003  001  003  003  002  001  001  004  004  003  004  005  003
SUCCESS:           0    0    0    0    0    0    0    0    0    0    0    0    0    0    0    0
CORRECT BYTES: 0
PGE MEAN:      17
PGE MEDIAN:    11
PGE MAX:       45
HD SUM:        41

Starting key ranking using HEL
results rank estimation
nb_bins = 512
merge = 2
Starting preprocessing
Clearing memory
min: 2^86.66653914
actual rounded: 2^87.06242885
max: 2^87.37440896
time enum: 0.129735 seconds



