[2024-05-07 14:45:07,889] [1534914] [MainThread] [dataset] INFO  - Dataset loaded from '/home/drac/mnt/sc_nvme_ssd/dataset/datasets/ble/240429_highdist_2lna_highgain_norep
/raw/dataset.pyc'
[2024-05-07 14:45:07,889] [1534914] [MainThread] [load] INFO  - Loading traces...
[2024-05-07 14:45:07,889] [1534914] [MainThread] [load] WARNING - No loaded NF traces!
Load FF traces: 100%|███████████████████████████████████████████████████████████████████████████████████████████████████████████████| 1000/1000 [00:00<00:00, 65574.94it/s]
[2024-05-07 14:45:07,905] [1534914] [MainThread] [load] INFO  - Done!
[2024-05-07 14:45:07,911] [1534914] [MainThread] [attack] INFO  - Load the forced profile from /home/drac/mnt/sc_nvme_ssd/dataset/datasets/ble/240429_highdist_2lna_highgai
n_norep/raw/profiles/AMPLITUDE_12000_r_2
[2024-05-07 14:45:07,946] [1534914] [MainThread] [attack] INFO  - Align attack traces with themselves...
Align: 100%|█████████████████████████████████████████████████████████████████████████████████████████████████████████████████████████| 1000/1000 [00:00<00:00, 3599.53it/s]
[2024-05-07 14:45:08,225] [1534914] [MainThread] [attack] INFO  - Align attack traces with the profile...
Align: 100%|█████████████████████████████████████████████████████████████████████████████████████████████████████████████████████████| 1000/1000 [00:00<00:00, 3235.03it/s]

Subkey  0
Subkey  1
Subkey  2
Subkey  3
Subkey  4
Subkey  5
Subkey  6
Subkey  7
Subkey  8
Subkey  9
Subkey 10
Subkey 11
Subkey 12
Subkey 13
Subkey 14
Subkey 15
Best Key Guess:   aa   ee   6c   94   a2   3b   30   4b   f5   57   1d   57   79   ba   a6   41
Known Key:        ad   ef   6d   92   a8   29   32   40   f4   56   17   52   79   8d   a6   46
PGE:             002  013  009  007  018  004  009  003  011  015  013  010  000  015  000  046
HD:              003  001  001  002  002  002  001  003  001  001  002  002  000  005  000  003
SUCCESS:           0    0    0    0    0    0    0    0    0    0    0    0    1    0    1    0
CORRECT BYTES: 2
PGE MEAN:      10
PGE MEDIAN:    9
PGE MAX:       46
HD SUM:        29

Starting key ranking using HEL
results rank estimation
nb_bins = 512
merge = 2
Starting preprocessing
Clearing memory
min: 2^73.39458988
actual rounded: 2^74.27912981
max: 2^74.96764876
time enum: 0.128724 seconds



