[2024-05-07 14:31:37,602] [1522288] [MainThread] [dataset] INFO  - Dataset loaded from '/home/drac/mnt/sc_nvme_ssd/dataset/datasets/ble/240429_highdist_2lna_highgain_norep
/raw/dataset.pyc'
[2024-05-07 14:31:37,602] [1522288] [MainThread] [load] INFO  - Loading traces...
[2024-05-07 14:31:37,602] [1522288] [MainThread] [load] WARNING - No loaded NF traces!
Load FF traces: 100%|█████████████████████████████████████████████████████████████████████████████████████████████████████████████████| 250/250 [00:00<00:00, 67908.56it/s]
[2024-05-07 14:31:37,606] [1522288] [MainThread] [load] INFO  - Done!
[2024-05-07 14:31:37,608] [1522288] [MainThread] [attack] INFO  - Load the forced profile from /home/drac/mnt/sc_nvme_ssd/dataset/datasets/ble/240429_highdist_2lna_highgai
n_norep/raw/profiles/AMPLITUDE_12000_r_1
[2024-05-07 14:31:37,637] [1522288] [MainThread] [attack] INFO  - Align attack traces with themselves...
Align: 100%|███████████████████████████████████████████████████████████████████████████████████████████████████████████████████████████| 250/250 [00:00<00:00, 3724.51it/s]
[2024-05-07 14:31:37,705] [1522288] [MainThread] [attack] INFO  - Align attack traces with the profile...
Align: 100%|███████████████████████████████████████████████████████████████████████████████████████████████████████████████████████████| 250/250 [00:00<00:00, 3767.59it/s]

Subkey  0
Subkey  1
Subkey  2
Subkey  3
Subkey  4
Subkey  5
Subkey  6
Subkey  7
Subkey  8
Subkey  9
Subkey 10
Subkey 11
Subkey 12
Subkey 13
Subkey 14
Subkey 15
Best Key Guess:   ac   e4   6f   9d   ae   17   32   4b   fe   50   3c   53   7e   8e   aa   63
Known Key:        ad   ef   6d   92   a8   29   32   40   f4   56   17   52   79   8d   a6   46
PGE:             042  005  009  018  011  043  000  027  001  008  027  007  013  012  008  045
HD:              001  003  001  004  002  005  000  003  002  002  004  001  003  002  002  003
SUCCESS:           0    0    0    0    0    0    1    0    0    0    0    0    0    0    0    0
CORRECT BYTES: 1
PGE MEAN:      17
PGE MEDIAN:    11
PGE MAX:       45
HD SUM:        38

Starting key ranking using HEL
results rank estimation
nb_bins = 512
merge = 2
Starting preprocessing
Clearing memory
min: 2^81.72454772
actual rounded: 2^82.30554902
max: 2^82.76026574
time enum: 0.128656 seconds



