[2024-05-07 14:17:54,246] [1509045] [MainThread] [dataset] INFO  - Dataset loaded from '/home/drac/mnt/sc_nvme_ssd/dataset/datasets/ble/240429_highdist_2lna_highgain_norep
/raw/dataset.pyc'
[2024-05-07 14:17:54,246] [1509045] [MainThread] [load] INFO  - Loading traces...
[2024-05-07 14:17:54,246] [1509045] [MainThread] [load] WARNING - No loaded NF traces!
Load FF traces: 100%|███████████████████████████████████████████████████████████████████████████████████████████████████████████████| 4000/4000 [00:00<00:00, 65992.53it/s]
[2024-05-07 14:17:54,307] [1509045] [MainThread] [load] INFO  - Done!
[2024-05-07 14:17:54,328] [1509045] [MainThread] [attack] INFO  - Load the forced profile from /home/drac/mnt/sc_nvme_ssd/dataset/datasets/ble/240429_highdist_2lna_highgai
n_norep/raw/profiles/AMPLITUDE_8000_r_2
[2024-05-07 14:17:54,368] [1509045] [MainThread] [attack] INFO  - Align attack traces with themselves...
Align: 100%|█████████████████████████████████████████████████████████████████████████████████████████████████████████████████████████| 4000/4000 [00:01<00:00, 3738.98it/s]
[2024-05-07 14:17:55,441] [1509045] [MainThread] [attack] INFO  - Align attack traces with the profile...
Align: 100%|█████████████████████████████████████████████████████████████████████████████████████████████████████████████████████████| 4000/4000 [00:01<00:00, 3463.17it/s]

Subkey  0
Subkey  1
Subkey  2
Subkey  3
Subkey  4
Subkey  5
Subkey  6
Subkey  7
Subkey  8
Subkey  9
Subkey 10
Subkey 11
Subkey 12
Subkey 13
Subkey 14
Subkey 15
Best Key Guess:   af   ed   63   9e   a1   2e   3a   4a   f6   50   1e   52   7d   89   a9   40
Known Key:        ad   ef   6d   92   a8   29   32   40   f4   56   17   52   79   8d   a6   46
PGE:             010  006  014  001  011  001  007  001  005  012  003  000  001  045  014  014
HD:              001  001  003  002  002  003  001  002  001  002  002  000  001  001  004  002
SUCCESS:           0    0    0    0    0    0    0    0    0    0    0    1    0    0    0    0
CORRECT BYTES: 1
PGE MEAN:      9
PGE MEDIAN:    6
PGE MAX:       45
HD SUM:        28

Starting key ranking using HEL
results rank estimation
nb_bins = 512
merge = 2
Starting preprocessing
Clearing memory
min: 2^68.93698911
actual rounded: 2^70.15465163
max: 2^71.08908997
time enum: 0.128854 seconds



