[2024-05-07 14:17:37,672] [1508595] [MainThread] [dataset] INFO  - Dataset loaded from '/home/drac/mnt/sc_nvme_ssd/dataset/datasets/ble/240429_highdist_2lna_highgain_norep
/raw/dataset.pyc'
[2024-05-07 14:17:37,672] [1508595] [MainThread] [load] INFO  - Loading traces...
[2024-05-07 14:17:37,672] [1508595] [MainThread] [load] WARNING - No loaded NF traces!
Load FF traces: 100%|█████████████████████████████████████████████████████████████████████████████████████████████████████████████████| 500/500 [00:00<00:00, 67873.39it/s]
[2024-05-07 14:17:37,680] [1508595] [MainThread] [load] INFO  - Done!
[2024-05-07 14:17:37,683] [1508595] [MainThread] [attack] INFO  - Load the forced profile from /home/drac/mnt/sc_nvme_ssd/dataset/datasets/ble/240429_highdist_2lna_highgai
n_norep/raw/profiles/AMPLITUDE_8000_r_2
[2024-05-07 14:17:37,713] [1508595] [MainThread] [attack] INFO  - Align attack traces with themselves...
Align: 100%|███████████████████████████████████████████████████████████████████████████████████████████████████████████████████████████| 500/500 [00:00<00:00, 3715.58it/s]
[2024-05-07 14:17:37,848] [1508595] [MainThread] [attack] INFO  - Align attack traces with the profile...
Align: 100%|███████████████████████████████████████████████████████████████████████████████████████████████████████████████████████████| 500/500 [00:00<00:00, 3809.80it/s]

Subkey  0
Subkey  1
Subkey  2
Subkey  3
Subkey  4
Subkey  5
Subkey  6
Subkey  7
Subkey  8
Subkey  9
Subkey 10
Subkey 11
Subkey 12
Subkey 13
Subkey 14
Subkey 15
Best Key Guess:   a2   ed   46   99   ac   0f   38   46   f4   5f   12   5d   7e   81   a4   44
Known Key:        ad   ef   6d   92   a8   29   32   40   f4   56   17   52   79   8d   a6   46
PGE:             021  004  017  048  008  011  009  004  000  016  005  025  003  052  022  002
HD:              004  001  004  003  001  003  002  002  000  002  002  004  003  002  001  001
SUCCESS:           0    0    0    0    0    0    0    0    1    0    0    0    0    0    0    0
CORRECT BYTES: 1
PGE MEAN:      15
PGE MEDIAN:    10
PGE MAX:       52
HD SUM:        35

Starting key ranking using HEL
results rank estimation
nb_bins = 512
merge = 2
Starting preprocessing
Clearing memory
min: 2^84.04483124
actual rounded: 2^84.51912535
max: 2^84.89162431
time enum: 0.128813 seconds



