[2024-05-14 13:56:03,797] [1310802] [MainThread] [dataset] INFO  - Dataset loaded from '/home/drac/mnt/sc_nvme_ssd/dataset/datasets/ble/240429_highdist_2lna_highgain_norep/raw/dataset.pyc'
[2024-05-14 13:56:03,797] [1310802] [MainThread] [load] INFO  - Loading traces...
[2024-05-14 13:56:03,797] [1310802] [MainThread] [load] WARNING - No loaded NF traces!
Load FF traces: 100%|█████████████████████████████████████████████████████████████████████████████████████████████████████████████████████████████████████████████████████████████████████████████████| 40000/40000 [00:00<00:00, 63310.77it/s]
[2024-05-14 13:56:04,430] [1310802] [MainThread] [load] INFO  - Done!
[2024-05-14 13:56:04,634] [1310802] [MainThread] [attack] INFO  - Load the forced profile from /home/drac/mnt/sc_nvme_ssd/dataset/datasets/ble/240429_highdist_2lna_highgain_norep/raw/profiles/PHASE_ROT_12000_r_2
[2024-05-14 13:56:10,115] [1310802] [MainThread] [attack] INFO  - Align attack traces with themselves...
Align: 100%|███████████████████████████████████████████████████████████████████████████████████████████████████████████████████████████████████████████████████████████████████████████████████████████| 40000/40000 [00:10<00:00, 3844.02it/s]
[2024-05-14 13:56:20,545] [1310802] [MainThread] [attack] INFO  - Align attack traces with the profile...
Align: 100%|███████████████████████████████████████████████████████████████████████████████████████████████████████████████████████████████████████████████████████████████████████████████████████████| 40000/40000 [00:10<00:00, 3884.61it/s]

Subkey  0
Subkey  1
Subkey  2
Subkey  3
Subkey  4
Subkey  5
Subkey  6
Subkey  7
Subkey  8
Subkey  9
Subkey 10
Subkey 11
Subkey 12
Subkey 13
Subkey 14
Subkey 15
Best Key Guess:   ad   ea   6d   9b   ad   23   32   47   fc   ab   11   51   7f   7d   af   38
Known Key:        ad   ef   6d   92   a8   29   32   40   f4   56   17   52   79   8d   a6   46
PGE:             000  015  000  016  005  006  000  010  009  237  015  001  005  157  012  066
HD:              000  002  000  002  002  002  000  003  001  007  002  002  002  004  002  006
SUCCESS:           1    0    1    0    0    0    1    0    0    0    0    0    0    0    0    0
CORRECT BYTES: 3
PGE MEAN:      34
PGE MEDIAN:    9
PGE MAX:       237
HD SUM:        37

Starting key ranking using HEL
results rank estimation
nb_bins = 512
merge = 2
Starting preprocessing
Clearing memory
min: 2^80.24385016
actual rounded: 2^80.66755472
max: 2^81.00280569
time enum: 1.45689 seconds



