[2024-05-07 14:31:48,488] [1522913] [MainThread] [dataset] INFO  - Dataset loaded from '/home/drac/mnt/sc_nvme_ssd/dataset/datasets/ble/240429_highdist_2lna_highgain_norep
/raw/dataset.pyc'
[2024-05-07 14:31:48,488] [1522913] [MainThread] [load] INFO  - Loading traces...
[2024-05-07 14:31:48,488] [1522913] [MainThread] [load] WARNING - No loaded NF traces!
Load FF traces: 100%|███████████████████████████████████████████████████████████████████████████████████████████████████████████████| 2000/2000 [00:00<00:00, 42562.11it/s]
[2024-05-07 14:31:48,536] [1522913] [MainThread] [load] INFO  - Done!
[2024-05-07 14:31:48,560] [1522913] [MainThread] [attack] INFO  - Load the forced profile from /home/drac/mnt/sc_nvme_ssd/dataset/datasets/ble/240429_highdist_2lna_highgai
n_norep/raw/profiles/AMPLITUDE_12000_r_1
[2024-05-07 14:31:48,629] [1522913] [MainThread] [attack] INFO  - Align attack traces with themselves...
Align: 100%|█████████████████████████████████████████████████████████████████████████████████████████████████████████████████████████| 2000/2000 [00:00<00:00, 3540.06it/s]
[2024-05-07 14:31:49,196] [1522913] [MainThread] [attack] INFO  - Align attack traces with the profile...
Align: 100%|█████████████████████████████████████████████████████████████████████████████████████████████████████████████████████████| 2000/2000 [00:00<00:00, 3814.16it/s]

Subkey  0
Subkey  1
Subkey  2
Subkey  3
Subkey  4
Subkey  5
Subkey  6
Subkey  7
Subkey  8
Subkey  9
Subkey 10
Subkey 11
Subkey 12
Subkey 13
Subkey 14
Subkey 15
Best Key Guess:   ac   ee   6b   9f   ab   20   3a   4b   f5   51   1e   51   7d   8c   a6   43
Known Key:        ad   ef   6d   92   a8   29   32   40   f4   56   17   52   79   8d   a6   46
PGE:             008  014  014  002  013  009  003  013  011  014  005  008  005  017  000  013
HD:              001  001  002  003  002  002  001  003  001  003  002  002  001  001  000  002
SUCCESS:           0    0    0    0    0    0    0    0    0    0    0    0    0    0    1    0
CORRECT BYTES: 1
PGE MEAN:      9
PGE MEDIAN:    10
PGE MAX:       17
HD SUM:        27

Starting key ranking using HEL
results rank estimation
nb_bins = 512
merge = 2
Starting preprocessing
Clearing memory
min: 2^69.29694839
actual rounded: 2^70.26532475
max: 2^71.00869883
time enum: 0.191771 seconds



