[2024-05-07 11:49:22,083] [1336914] [MainThread] [dataset] INFO  - Dataset loaded from '/home/drac/mnt/sc_nvme_ssd/dataset/datasets/ble/240429_highdist_2lna_highgain_norep
/raw/dataset.pyc'
[2024-05-07 11:49:22,083] [1336914] [MainThread] [load] INFO  - Loading traces...
[2024-05-07 11:49:22,083] [1336914] [MainThread] [load] WARNING - No loaded NF traces!
Load FF traces: 100%|████████████████████████████████████████████████████████████████████████████████████████████████████████████████| 8000/8000 [00:00<00:00, 8474.28it/s]
[2024-05-07 11:49:23,028] [1336914] [MainThread] [load] INFO  - Done!
[2024-05-07 11:49:23,068] [1336914] [MainThread] [attack] INFO  - Load the forced profile from /home/drac/mnt/sc_nvme_ssd/dataset/datasets/ble/240429_highdist_2lna_highgai
n_norep/raw/profiles/AMPLITUDE_8000_r_1
[2024-05-07 11:49:23,120] [1336914] [MainThread] [attack] INFO  - Align attack traces with themselves...
Align: 100%|█████████████████████████████████████████████████████████████████████████████████████████████████████████████████████████| 8000/8000 [00:02<00:00, 3823.92it/s]
[2024-05-07 11:49:25,217] [1336914] [MainThread] [attack] INFO  - Align attack traces with the profile...
Align: 100%|█████████████████████████████████████████████████████████████████████████████████████████████████████████████████████████| 8000/8000 [00:02<00:00, 3841.60it/s]

Subkey  0
Subkey  1
Subkey  2
Subkey  3
Subkey  4
Subkey  5
Subkey  6
Subkey  7
Subkey  8
Subkey  9
Subkey 10
Subkey 11
Subkey 12
Subkey 13
Subkey 14
Subkey 15
Best Key Guess:   af   ef   6c   92   a5   29   35   48   f6   51   1e   55   78   8e   a8   42
Known Key:        ad   ef   6d   92   a8   29   32   40   f4   56   17   52   79   8d   a6   46
PGE:             006  000  014  000  012  000  003  010  003  012  006  009  010  009  001  014
HD:              001  000  001  000  003  000  003  001  001  003  002  003  001  002  003  001
SUCCESS:           0    1    0    1    0    1    0    0    0    0    0    0    0    0    0    0
CORRECT BYTES: 3
PGE MEAN:      6
PGE MEDIAN:    7
PGE MAX:       14
HD SUM:        25

Starting key ranking using HEL
results rank estimation
nb_bins = 512
merge = 2
Starting preprocessing
Clearing memory
min: 2^61.80941953
actual rounded: 2^63.57955021
max: 2^64.8282451
time enum: 0.129432 seconds



