[2024-05-07 14:18:34,479] [1509944] [MainThread] [dataset] INFO  - Dataset loaded from '/home/drac/mnt/sc_nvme_ssd/dataset/datasets/ble/240429_highdist_2lna_highgain_norep
/raw/dataset.pyc'
[2024-05-07 14:18:34,479] [1509944] [MainThread] [load] INFO  - Loading traces...
[2024-05-07 14:18:34,479] [1509944] [MainThread] [load] WARNING - No loaded NF traces!
Load FF traces: 100%|█████████████████████████████████████████████████████████████████████████████████████████████████████████████| 16000/16000 [00:00<00:00, 59657.68it/s]
[2024-05-07 14:18:34,748] [1509944] [MainThread] [load] INFO  - Done!
[2024-05-07 14:18:34,840] [1509944] [MainThread] [attack] INFO  - Load the forced profile from /home/drac/mnt/sc_nvme_ssd/dataset/datasets/ble/240429_highdist_2lna_highgai
n_norep/raw/profiles/AMPLITUDE_8000_r_2
[2024-05-07 14:18:34,954] [1509944] [MainThread] [attack] INFO  - Align attack traces with themselves...
Align: 100%|███████████████████████████████████████████████████████████████████████████████████████████████████████████████████████| 16000/16000 [00:04<00:00, 3730.58it/s]
[2024-05-07 14:18:39,253] [1509944] [MainThread] [attack] INFO  - Align attack traces with the profile...
Align: 100%|███████████████████████████████████████████████████████████████████████████████████████████████████████████████████████| 16000/16000 [00:04<00:00, 3609.08it/s]

Subkey  0
Subkey  1
Subkey  2
Subkey  3
Subkey  4
Subkey  5
Subkey  6
Subkey  7
Subkey  8
Subkey  9
Subkey 10
Subkey 11
Subkey 12
Subkey 13
Subkey 14
Subkey 15
Best Key Guess:   ac   e3   6c   9e   a1   2a   37   42   f6   51   1e   5f   79   8e   a4   4f
Known Key:        ad   ef   6d   92   a8   29   32   40   f4   56   17   52   79   8d   a6   46
PGE:             002  007  015  004  006  012  002  004  003  015  007  009  000  006  008  015
HD:              001  002  001  002  002  002  002  001  001  003  002  003  000  002  001  002
SUCCESS:           0    0    0    0    0    0    0    0    0    0    0    0    1    0    0    0
CORRECT BYTES: 1
PGE MEAN:      7
PGE MEDIAN:    6
PGE MAX:       15
HD SUM:        27

Starting key ranking using HEL
results rank estimation
nb_bins = 512
merge = 2
Starting preprocessing
Clearing memory
min: 2^66.11920651
actual rounded: 2^67.64982432
max: 2^68.78781554
time enum: 1.57504 seconds



