[2024-05-07 14:32:34,083] [1523908] [MainThread] [dataset] INFO  - Dataset loaded from '/home/drac/mnt/sc_nvme_ssd/dataset/datasets/ble/240429_highdist_2lna_highgain_norep
/raw/dataset.pyc'
[2024-05-07 14:32:34,083] [1523908] [MainThread] [load] INFO  - Loading traces...
[2024-05-07 14:32:34,083] [1523908] [MainThread] [load] WARNING - No loaded NF traces!
Load FF traces: 100%|█████████████████████████████████████████████████████████████████████████████████████████████████████████████| 16000/16000 [00:00<00:00, 64360.91it/s]
[2024-05-07 14:32:34,332] [1523908] [MainThread] [load] INFO  - Done!
[2024-05-07 14:32:34,413] [1523908] [MainThread] [attack] INFO  - Load the forced profile from /home/drac/mnt/sc_nvme_ssd/dataset/datasets/ble/240429_highdist_2lna_highgai
n_norep/raw/profiles/AMPLITUDE_12000_r_1
[2024-05-07 14:32:34,487] [1523908] [MainThread] [attack] INFO  - Align attack traces with themselves...
Align: 100%|███████████████████████████████████████████████████████████████████████████████████████████████████████████████████████| 16000/16000 [00:04<00:00, 3781.18it/s]
[2024-05-07 14:32:38,728] [1523908] [MainThread] [attack] INFO  - Align attack traces with the profile...
Align: 100%|███████████████████████████████████████████████████████████████████████████████████████████████████████████████████████| 16000/16000 [00:04<00:00, 3814.22it/s]

Subkey  0
Subkey  1
Subkey  2
Subkey  3
Subkey  4
Subkey  5
Subkey  6
Subkey  7
Subkey  8
Subkey  9
Subkey 10
Subkey 11
Subkey 12
Subkey 13
Subkey 14
Subkey 15
Best Key Guess:   a2   e0   65   96   a9   2b   30   49   f6   58   14   50   78   8e   a6   4d
Known Key:        ad   ef   6d   92   a8   29   32   40   f4   56   17   52   79   8d   a6   46
PGE:             005  007  015  001  006  005  010  004  001  015  004  001  011  005  000  015
HD:              004  004  001  001  001  001  001  002  001  003  002  001  001  002  000  003
SUCCESS:           0    0    0    0    0    0    0    0    0    0    0    0    0    0    1    0
CORRECT BYTES: 1
PGE MEAN:      6
PGE MEDIAN:    5
PGE MAX:       15
HD SUM:        28

Starting key ranking using HEL
results rank estimation
nb_bins = 512
merge = 2
Starting preprocessing
Clearing memory
min: 2^60.2102251
actual rounded: 2^62.48370001
max: 2^63.86048659
time enum: 1.3577 seconds



