[2024-05-07 11:49:47,813] [1337427] [MainThread] [dataset] INFO  - Dataset loaded from '/home/drac/mnt/sc_nvme_ssd/dataset/datasets/ble/240429_highdist_2lna_highgain_norep
/raw/dataset.pyc'
[2024-05-07 11:49:47,813] [1337427] [MainThread] [load] INFO  - Loading traces...
[2024-05-07 11:49:47,813] [1337427] [MainThread] [load] WARNING - No loaded NF traces!
Load FF traces: 100%|██████████████████████████████████████████████████████████████████████████████████████████████████████████████| 16000/16000 [00:01<00:00, 8492.30it/s]
[2024-05-07 11:49:49,697] [1337427] [MainThread] [load] INFO  - Done!
[2024-05-07 11:49:49,779] [1337427] [MainThread] [attack] INFO  - Load the forced profile from /home/drac/mnt/sc_nvme_ssd/dataset/datasets/ble/240429_highdist_2lna_highgai
n_norep/raw/profiles/AMPLITUDE_8000_r_1
[2024-05-07 11:49:49,894] [1337427] [MainThread] [attack] INFO  - Align attack traces with themselves...
Align: 100%|███████████████████████████████████████████████████████████████████████████████████████████████████████████████████████| 16000/16000 [00:04<00:00, 3850.34it/s]
[2024-05-07 11:49:54,059] [1337427] [MainThread] [attack] INFO  - Align attack traces with the profile...
Align: 100%|███████████████████████████████████████████████████████████████████████████████████████████████████████████████████████| 16000/16000 [00:04<00:00, 3673.54it/s]

Subkey  0
Subkey  1
Subkey  2
Subkey  3
Subkey  4
Subkey  5
Subkey  6
Subkey  7
Subkey  8
Subkey  9
Subkey 10
Subkey 11
Subkey 12
Subkey 13
Subkey 14
Subkey 15
Best Key Guess:   a2   e0   6c   96   a5   2b   3a   4f   f6   51   11   50   7e   8e   a6   4f
Known Key:        ad   ef   6d   92   a8   29   32   40   f4   56   17   52   79   8d   a6   46
PGE:             008  001  015  001  003  006  005  006  002  015  006  010  013  006  000  011
HD:              004  004  001  001  003  001  001  004  001  003  002  001  003  002  000  002
SUCCESS:           0    0    0    0    0    0    0    0    0    0    0    0    0    0    1    0
CORRECT BYTES: 1
PGE MEAN:      6
PGE MEDIAN:    6
PGE MAX:       15
HD SUM:        33

Starting key ranking using HEL
results rank estimation
nb_bins = 512
merge = 2
Starting preprocessing
Clearing memory
min: 2^61.39068732
actual rounded: 2^63.20304582
max: 2^64.45691262
time enum: 1.42583 seconds



