[2024-05-14 13:55:30,392] [1310603] [MainThread] [dataset] INFO  - Dataset loaded from '/home/drac/mnt/sc_nvme_ssd/dataset/datasets/ble/240429_highdist_2lna_highgain_norep/raw/dataset.pyc'
[2024-05-14 13:55:30,393] [1310603] [MainThread] [load] INFO  - Loading traces...
[2024-05-14 13:55:30,393] [1310603] [MainThread] [load] WARNING - No loaded NF traces!
Load FF traces: 100%|███████████████████████████████████████████████████████████████████████████████████████████████████████████████████████████████████████████████████████████████████████████████████| 2000/2000 [00:00<00:00, 70970.21it/s]
[2024-05-14 13:55:30,422] [1310603] [MainThread] [load] INFO  - Done!
[2024-05-14 13:55:30,432] [1310603] [MainThread] [attack] INFO  - Load the forced profile from /home/drac/mnt/sc_nvme_ssd/dataset/datasets/ble/240429_highdist_2lna_highgain_norep/raw/profiles/PHASE_ROT_12000_r_2
[2024-05-14 13:55:30,736] [1310603] [MainThread] [attack] INFO  - Align attack traces with themselves...
Align: 100%|█████████████████████████████████████████████████████████████████████████████████████████████████████████████████████████████████████████████████████████████████████████████████████████████| 2000/2000 [00:00<00:00, 3805.79it/s]
[2024-05-14 13:55:31,264] [1310603] [MainThread] [attack] INFO  - Align attack traces with the profile...
Align: 100%|█████████████████████████████████████████████████████████████████████████████████████████████████████████████████████████████████████████████████████████████████████████████████████████████| 2000/2000 [00:00<00:00, 3858.96it/s]

Subkey  0
Subkey  1
Subkey  2
Subkey  3
Subkey  4
Subkey  5
Subkey  6
Subkey  7
Subkey  8
Subkey  9
Subkey 10
Subkey 11
Subkey 12
Subkey 13
Subkey 14
Subkey 15
Best Key Guess:   a9   a4   6c   88   a0   fc   31   47   b7   a5   11   5a   7e   90   ac   cf
Known Key:        ad   ef   6d   92   a8   29   32   40   f4   56   17   52   79   8d   a6   46
PGE:             006  040  010  096  001  006  020  003  011  023  038  001  026  191  044  149
HD:              001  004  001  003  001  005  002  003  003  006  002  001  003  004  002  003
SUCCESS:           0    0    0    0    0    0    0    0    0    0    0    0    0    0    0    0
CORRECT BYTES: 0
PGE MEAN:      41
PGE MEDIAN:    21
PGE MAX:       191
HD SUM:        44

Starting key ranking using HEL
results rank estimation
nb_bins = 512
merge = 2
Starting preprocessing
Clearing memory
min: 2^101.0548282
actual rounded: 2^101.3336684
max: 2^101.5554216
time enum: 0.129832 seconds



