[2024-05-14 14:08:48,064] [1314426] [MainThread] [dataset] INFO  - Dataset loaded from '/home/drac/mnt/sc_nvme_ssd/dataset/datasets/ble/240429_highdist_2lna_highgain_norep/raw/dataset.pyc'
[2024-05-14 14:08:48,064] [1314426] [MainThread] [load] INFO  - Loading traces...
[2024-05-14 14:08:48,064] [1314426] [MainThread] [load] WARNING - No loaded NF traces!
Load FF traces: 100%|███████████████████████████████████████████████████████████████████████████████████████████████████████████████████████████████████████████████████████████████████████████████████| 8000/8000 [00:00<00:00, 65910.22it/s]
[2024-05-14 14:08:48,186] [1314426] [MainThread] [load] INFO  - Done!
[2024-05-14 14:08:48,226] [1314426] [MainThread] [attack] INFO  - Load the forced profile from /home/drac/mnt/sc_nvme_ssd/dataset/datasets/ble/240429_highdist_2lna_highgain_norep/raw/profiles/PHASE_ROT_65000_r_2
[2024-05-14 14:08:49,340] [1314426] [MainThread] [attack] INFO  - Align attack traces with themselves...
Align: 100%|█████████████████████████████████████████████████████████████████████████████████████████████████████████████████████████████████████████████████████████████████████████████████████████████| 8000/8000 [00:02<00:00, 3820.58it/s]
[2024-05-14 14:08:51,439] [1314426] [MainThread] [attack] INFO  - Align attack traces with the profile...
Align: 100%|█████████████████████████████████████████████████████████████████████████████████████████████████████████████████████████████████████████████████████████████████████████████████████████████| 8000/8000 [00:02<00:00, 3874.73it/s]

Subkey  0
Subkey  1
Subkey  2
Subkey  3
Subkey  4
Subkey  5
Subkey  6
Subkey  7
Subkey  8
Subkey  9
Subkey 10
Subkey 11
Subkey 12
Subkey 13
Subkey 14
Subkey 15
Best Key Guess:   ab   ec   66   92   ac   2b   34   43   ff   5b   12   5e   7a   87   a6   4e
Known Key:        ad   ef   6d   92   a8   29   32   40   f4   56   17   52   79   8d   a6   46
PGE:             002  004  001  000  013  002  007  011  003  007  008  014  007  014  000  006
HD:              002  002  003  000  001  001  002  002  003  003  002  002  002  002  000  001
SUCCESS:           0    0    0    1    0    0    0    0    0    0    0    0    0    0    1    0
CORRECT BYTES: 2
PGE MEAN:      6
PGE MEDIAN:    6
PGE MAX:       14
HD SUM:        28

Starting key ranking using HEL
results rank estimation
nb_bins = 512
merge = 2
Starting preprocessing
Clearing memory
min: 2^62.25455632
actual rounded: 2^62.77081035
max: 2^63.17742657
time enum: 0.130158 seconds



