[2024-05-14 13:55:38,243] [1310672] [MainThread] [dataset] INFO  - Dataset loaded from '/home/drac/mnt/sc_nvme_ssd/dataset/datasets/ble/240429_highdist_2lna_highgain_norep/raw/dataset.pyc'
[2024-05-14 13:55:38,243] [1310672] [MainThread] [load] INFO  - Loading traces...
[2024-05-14 13:55:38,243] [1310672] [MainThread] [load] WARNING - No loaded NF traces!
Load FF traces: 100%|███████████████████████████████████████████████████████████████████████████████████████████████████████████████████████████████████████████████████████████████████████████████████| 8000/8000 [00:00<00:00, 64373.26it/s]
[2024-05-14 13:55:38,368] [1310672] [MainThread] [load] INFO  - Done!
[2024-05-14 13:55:38,409] [1310672] [MainThread] [attack] INFO  - Load the forced profile from /home/drac/mnt/sc_nvme_ssd/dataset/datasets/ble/240429_highdist_2lna_highgain_norep/raw/profiles/PHASE_ROT_12000_r_2
[2024-05-14 13:55:39,532] [1310672] [MainThread] [attack] INFO  - Align attack traces with themselves...
Align: 100%|█████████████████████████████████████████████████████████████████████████████████████████████████████████████████████████████████████████████████████████████████████████████████████████████| 8000/8000 [00:02<00:00, 3825.20it/s]
[2024-05-14 13:55:41,629] [1310672] [MainThread] [attack] INFO  - Align attack traces with the profile...
Align: 100%|█████████████████████████████████████████████████████████████████████████████████████████████████████████████████████████████████████████████████████████████████████████████████████████████| 8000/8000 [00:02<00:00, 3874.02it/s]

Subkey  0
Subkey  1
Subkey  2
Subkey  3
Subkey  4
Subkey  5
Subkey  6
Subkey  7
Subkey  8
Subkey  9
Subkey 10
Subkey 11
Subkey 12
Subkey 13
Subkey 14
Subkey 15
Best Key Guess:   ab   e9   6b   91   a0   23   34   47   f2   44   12   5a   77   e4   ac   df
Known Key:        ad   ef   6d   92   a8   29   32   40   f4   56   17   52   79   8d   a6   46
PGE:             008  012  002  003  007  002  006  013  016  226  019  004  004  193  006  070
HD:              002  002  002  002  001  002  002  003  002  002  002  001  003  004  002  004
SUCCESS:           0    0    0    0    0    0    0    0    0    0    0    0    0    0    0    0
CORRECT BYTES: 0
PGE MEAN:      36
PGE MEDIAN:    7
PGE MAX:       226
HD SUM:        36

Starting key ranking using HEL
results rank estimation
nb_bins = 512
merge = 2
Starting preprocessing
Clearing memory
min: 2^89.24459406
actual rounded: 2^89.58515741
max: 2^89.8559331
time enum: 0.127829 seconds



