[2024-05-14 13:36:30,621] [1306103] [MainThread] [dataset] INFO  - Dataset loaded from '/home/drac/mnt/sc_nvme_ssd/dataset/datasets/ble/240429_highdist_2lna_highgain_norep/raw/dataset.pyc'
[2024-05-14 13:36:30,621] [1306103] [MainThread] [load] INFO  - Loading traces...
[2024-05-14 13:36:30,621] [1306103] [MainThread] [load] WARNING - No loaded NF traces!
Load FF traces: 100%|█████████████████████████████████████████████████████████████████████████████████████████████████████████████████████████████████████████████████████████████████████████████████| 40000/40000 [00:00<00:00, 63050.95it/s]
[2024-05-14 13:36:31,256] [1306103] [MainThread] [load] INFO  - Done!
[2024-05-14 13:36:31,466] [1306103] [MainThread] [attack] INFO  - Load the forced profile from /home/drac/mnt/sc_nvme_ssd/dataset/datasets/ble/240429_highdist_2lna_highgain_norep/raw/profiles/PHASE_ROT_8000_r_1
[2024-05-14 13:36:37,037] [1306103] [MainThread] [attack] INFO  - Align attack traces with themselves...
Align: 100%|███████████████████████████████████████████████████████████████████████████████████████████████████████████████████████████████████████████████████████████████████████████████████████████| 40000/40000 [00:10<00:00, 3791.51it/s]
[2024-05-14 13:36:47,610] [1306103] [MainThread] [attack] INFO  - Align attack traces with the profile...
Align: 100%|███████████████████████████████████████████████████████████████████████████████████████████████████████████████████████████████████████████████████████████████████████████████████████████| 40000/40000 [00:10<00:00, 3827.57it/s]

Subkey  0
Subkey  1
Subkey  2
Subkey  3
Subkey  4
Subkey  5
Subkey  6
Subkey  7
Subkey  8
Subkey  9
Subkey 10
Subkey 11
Subkey 12
Subkey 13
Subkey 14
Subkey 15
Best Key Guess:   a5   45   41   07   a1   11   3a   49   f5   65   dd   20   7b   a2   a0   4b
Known Key:        ad   ef   6d   92   a8   29   32   40   f4   56   17   52   79   8d   a6   46
PGE:             009  089  048  023  003  026  004  012  007  086  192  085  008  204  013  081
HD:              001  004  003  004  002  003  001  002  001  004  004  004  001  005  002  003
SUCCESS:           0    0    0    0    0    0    0    0    0    0    0    0    0    0    0    0
CORRECT BYTES: 0
PGE MEAN:      55
PGE MEDIAN:    24
PGE MAX:       204
HD SUM:        44

Starting key ranking using HEL
results rank estimation
nb_bins = 512
merge = 2
Starting preprocessing
Clearing memory
min: 2^98.15823739
actual rounded: 2^98.52852555
max: 2^98.82007766
time enum: 1.46317 seconds



