[2024-05-14 13:42:37,040] [1307547] [MainThread] [dataset] INFO  - Dataset loaded from '/home/drac/mnt/sc_nvme_ssd/dataset/datasets/ble/240429_highdist_2lna_highgain_norep/raw/dataset.pyc'
[2024-05-14 13:42:37,040] [1307547] [MainThread] [load] INFO  - Loading traces...
[2024-05-14 13:42:37,041] [1307547] [MainThread] [load] WARNING - No loaded NF traces!
Load FF traces: 100%|███████████████████████████████████████████████████████████████████████████████████████████████████████████████████████████████████████████████████████████████████████████████████| 8000/8000 [00:00<00:00, 65841.80it/s]
[2024-05-14 13:42:37,163] [1307547] [MainThread] [load] INFO  - Done!
[2024-05-14 13:42:37,202] [1307547] [MainThread] [attack] INFO  - Load the forced profile from /home/drac/mnt/sc_nvme_ssd/dataset/datasets/ble/240429_highdist_2lna_highgain_norep/raw/profiles/PHASE_ROT_8000_r_2
[2024-05-14 13:42:38,320] [1307547] [MainThread] [attack] INFO  - Align attack traces with themselves...
Align: 100%|█████████████████████████████████████████████████████████████████████████████████████████████████████████████████████████████████████████████████████████████████████████████████████████████| 8000/8000 [00:02<00:00, 3834.91it/s]
[2024-05-14 13:42:40,412] [1307547] [MainThread] [attack] INFO  - Align attack traces with the profile...
Align: 100%|█████████████████████████████████████████████████████████████████████████████████████████████████████████████████████████████████████████████████████████████████████████████████████████████| 8000/8000 [00:02<00:00, 3875.24it/s]

Subkey  0
Subkey  1
Subkey  2
Subkey  3
Subkey  4
Subkey  5
Subkey  6
Subkey  7
Subkey  8
Subkey  9
Subkey 10
Subkey 11
Subkey 12
Subkey 13
Subkey 14
Subkey 15
Best Key Guess:   aa   86   28   07   a9   58   3d   49   f2   69   d6   3d   7c   43   ac   f4
Known Key:        ad   ef   6d   92   a8   29   32   40   f4   56   17   52   79   8d   a6   46
PGE:             019  076  030  005  010  102  013  022  017  043  148  072  002  179  013  065
HD:              003  004  003  004  001  004  004  002  002  006  003  006  002  005  002  004
SUCCESS:           0    0    0    0    0    0    0    0    0    0    0    0    0    0    0    0
CORRECT BYTES: 0
PGE MEAN:      51
PGE MEDIAN:    26
PGE MAX:       179
HD SUM:        55

Starting key ranking using HEL
results rank estimation
nb_bins = 512
merge = 2
Starting preprocessing
Clearing memory
min: 2^106.0731954
actual rounded: 2^106.3266125
max: 2^106.5279533
time enum: 0.128318 seconds



