[2024-05-14 13:55:27,848] [1310556] [MainThread] [dataset] INFO  - Dataset loaded from '/home/drac/mnt/sc_nvme_ssd/dataset/datasets/ble/240429_highdist_2lna_highgain_norep/raw/dataset.pyc'
[2024-05-14 13:55:27,848] [1310556] [MainThread] [load] INFO  - Loading traces...
[2024-05-14 13:55:27,848] [1310556] [MainThread] [load] WARNING - No loaded NF traces!
Load FF traces: 100%|█████████████████████████████████████████████████████████████████████████████████████████████████████████████████████████████████████████████████████████████████████████████████████| 250/250 [00:00<00:00, 67671.89it/s]
[2024-05-14 13:55:27,853] [1310556] [MainThread] [load] INFO  - Done!
[2024-05-14 13:55:27,854] [1310556] [MainThread] [attack] INFO  - Load the forced profile from /home/drac/mnt/sc_nvme_ssd/dataset/datasets/ble/240429_highdist_2lna_highgain_norep/raw/profiles/PHASE_ROT_12000_r_2
[2024-05-14 13:55:27,926] [1310556] [MainThread] [attack] INFO  - Align attack traces with themselves...
Align: 100%|███████████████████████████████████████████████████████████████████████████████████████████████████████████████████████████████████████████████████████████████████████████████████████████████| 250/250 [00:00<00:00, 3793.90it/s]
[2024-05-14 13:55:27,993] [1310556] [MainThread] [attack] INFO  - Align attack traces with the profile...
Align: 100%|███████████████████████████████████████████████████████████████████████████████████████████████████████████████████████████████████████████████████████████████████████████████████████████████| 250/250 [00:00<00:00, 3831.24it/s]

Subkey  0
Subkey  1
Subkey  2
Subkey  3
Subkey  4
Subkey  5
Subkey  6
Subkey  7
Subkey  8
Subkey  9
Subkey 10
Subkey 11
Subkey 12
Subkey 13
Subkey 14
Subkey 15
Best Key Guess:   a9   b4   b2   56   af   5a   52   47   48   74   11   41   56   04   ae   47
Known Key:        ad   ef   6d   92   a8   29   32   40   f4   56   17   52   79   8d   a6   46
PGE:             134  198  034  185  023  045  164  103  178  108  031  024  085  191  044  037
HD:              001  005  007  003  003  005  002  003  005  002  002  003  005  003  001  001
SUCCESS:           0    0    0    0    0    0    0    0    0    0    0    0    0    0    0    0
CORRECT BYTES: 0
PGE MEAN:      99
PGE MEDIAN:    94
PGE MAX:       198
HD SUM:        51

Starting key ranking using HEL
results rank estimation
nb_bins = 512
merge = 2
Starting preprocessing
Clearing memory
min: 2^124.1433102
actual rounded: 2^124.2370101
max: 2^124.3109552
time enum: 0.127978 seconds



