[2024-05-14 13:42:29,090] [1307478] [MainThread] [dataset] INFO  - Dataset loaded from '/home/drac/mnt/sc_nvme_ssd/dataset/datasets/ble/240429_highdist_2lna_highgain_norep/raw/dataset.pyc'
[2024-05-14 13:42:29,090] [1307478] [MainThread] [load] INFO  - Loading traces...
[2024-05-14 13:42:29,090] [1307478] [MainThread] [load] WARNING - No loaded NF traces!
Load FF traces: 100%|███████████████████████████████████████████████████████████████████████████████████████████████████████████████████████████████████████████████████████████████████████████████████| 2000/2000 [00:00<00:00, 71558.06it/s]
[2024-05-14 13:42:29,119] [1307478] [MainThread] [load] INFO  - Done!
[2024-05-14 13:42:29,130] [1307478] [MainThread] [attack] INFO  - Load the forced profile from /home/drac/mnt/sc_nvme_ssd/dataset/datasets/ble/240429_highdist_2lna_highgain_norep/raw/profiles/PHASE_ROT_8000_r_2
[2024-05-14 13:42:29,433] [1307478] [MainThread] [attack] INFO  - Align attack traces with themselves...
Align: 100%|█████████████████████████████████████████████████████████████████████████████████████████████████████████████████████████████████████████████████████████████████████████████████████████████| 2000/2000 [00:00<00:00, 3753.88it/s]
[2024-05-14 13:42:29,967] [1307478] [MainThread] [attack] INFO  - Align attack traces with the profile...
Align: 100%|█████████████████████████████████████████████████████████████████████████████████████████████████████████████████████████████████████████████████████████████████████████████████████████████| 2000/2000 [00:00<00:00, 3835.91it/s]

Subkey  0
Subkey  1
Subkey  2
Subkey  3
Subkey  4
Subkey  5
Subkey  6
Subkey  7
Subkey  8
Subkey  9
Subkey 10
Subkey 11
Subkey 12
Subkey 13
Subkey 14
Subkey 15
Best Key Guess:   ac   8a   63   97   a2   a1   3b   45   b7   13   35   cf   79   34   ac   8e
Known Key:        ad   ef   6d   92   a8   29   32   40   f4   56   17   52   79   8d   a6   46
PGE:             055  180  022  080  002  216  022  010  031  226  003  146  000  171  022  015
HD:              001  004  003  002  002  002  002  002  003  003  002  005  000  005  002  003
SUCCESS:           0    0    0    0    0    0    0    0    0    0    0    0    1    0    0    0
CORRECT BYTES: 1
PGE MEAN:      75
PGE MEDIAN:    26
PGE MAX:       226
HD SUM:        41

Starting key ranking using HEL
results rank estimation
nb_bins = 512
merge = 2
Starting preprocessing
Clearing memory
min: 2^113.1807503
actual rounded: 2^113.3859493
max: 2^113.5489045
time enum: 0.128819 seconds



