[2024-05-14 13:48:58,430] [1309030] [MainThread] [dataset] INFO  - Dataset loaded from '/home/drac/mnt/sc_nvme_ssd/dataset/datasets/ble/240429_highdist_2lna_highgain_norep/raw/dataset.pyc'
[2024-05-14 13:48:58,430] [1309030] [MainThread] [load] INFO  - Loading traces...
[2024-05-14 13:48:58,430] [1309030] [MainThread] [load] WARNING - No loaded NF traces!
Load FF traces: 100%|███████████████████████████████████████████████████████████████████████████████████████████████████████████████████████████████████████████████████████████████████████████████████| 2000/2000 [00:00<00:00, 69089.81it/s]
[2024-05-14 13:48:58,460] [1309030] [MainThread] [load] INFO  - Done!
[2024-05-14 13:48:58,470] [1309030] [MainThread] [attack] INFO  - Load the forced profile from /home/drac/mnt/sc_nvme_ssd/dataset/datasets/ble/240429_highdist_2lna_highgain_norep/raw/profiles/PHASE_ROT_12000_r_1
[2024-05-14 13:48:58,777] [1309030] [MainThread] [attack] INFO  - Align attack traces with themselves...
Align: 100%|█████████████████████████████████████████████████████████████████████████████████████████████████████████████████████████████████████████████████████████████████████████████████████████████| 2000/2000 [00:00<00:00, 3789.24it/s]
[2024-05-14 13:48:59,306] [1309030] [MainThread] [attack] INFO  - Align attack traces with the profile...
Align: 100%|█████████████████████████████████████████████████████████████████████████████████████████████████████████████████████████████████████████████████████████████████████████████████████████████| 2000/2000 [00:00<00:00, 3873.07it/s]

Subkey  0
Subkey  1
Subkey  2
Subkey  3
Subkey  4
Subkey  5
Subkey  6
Subkey  7
Subkey  8
Subkey  9
Subkey 10
Subkey 11
Subkey 12
Subkey 13
Subkey 14
Subkey 15
Best Key Guess:   ac   77   6a   d8   a9   fe   3a   4b   b7   84   1e   52   79   d6   a7   6a
Known Key:        ad   ef   6d   92   a8   29   32   40   f4   56   17   52   79   8d   a6   46
PGE:             007  105  013  028  006  033  008  006  015  170  006  000  000  170  008  155
HD:              001  003  003  003  001  006  001  003  003  004  002  000  000  005  001  003
SUCCESS:           0    0    0    0    0    0    0    0    0    0    0    1    1    0    0    0
CORRECT BYTES: 2
PGE MEAN:      45
PGE MEDIAN:    10
PGE MAX:       170
HD SUM:        39

Starting key ranking using HEL
results rank estimation
nb_bins = 512
merge = 2
Starting preprocessing
Clearing memory
min: 2^95.35255642
actual rounded: 2^95.66622599
max: 2^95.91557834
time enum: 0.131035 seconds



