[2024-05-14 14:08:40,098] [1314387] [MainThread] [dataset] INFO  - Dataset loaded from '/home/drac/mnt/sc_nvme_ssd/dataset/datasets/ble/240429_highdist_2lna_highgain_norep/raw/dataset.pyc'
[2024-05-14 14:08:40,098] [1314387] [MainThread] [load] INFO  - Loading traces...
[2024-05-14 14:08:40,098] [1314387] [MainThread] [load] WARNING - No loaded NF traces!
Load FF traces: 100%|███████████████████████████████████████████████████████████████████████████████████████████████████████████████████████████████████████████████████████████████████████████████████| 2000/2000 [00:00<00:00, 67584.66it/s]
[2024-05-14 14:08:40,128] [1314387] [MainThread] [load] INFO  - Done!
[2024-05-14 14:08:40,139] [1314387] [MainThread] [attack] INFO  - Load the forced profile from /home/drac/mnt/sc_nvme_ssd/dataset/datasets/ble/240429_highdist_2lna_highgain_norep/raw/profiles/PHASE_ROT_65000_r_2
[2024-05-14 14:08:40,443] [1314387] [MainThread] [attack] INFO  - Align attack traces with themselves...
Align: 100%|█████████████████████████████████████████████████████████████████████████████████████████████████████████████████████████████████████████████████████████████████████████████████████████████| 2000/2000 [00:00<00:00, 3647.03it/s]
[2024-05-14 14:08:40,993] [1314387] [MainThread] [attack] INFO  - Align attack traces with the profile...
Align: 100%|█████████████████████████████████████████████████████████████████████████████████████████████████████████████████████████████████████████████████████████████████████████████████████████████| 2000/2000 [00:00<00:00, 3703.69it/s]

Subkey  0
Subkey  1
Subkey  2
Subkey  3
Subkey  4
Subkey  5
Subkey  6
Subkey  7
Subkey  8
Subkey  9
Subkey 10
Subkey 11
Subkey 12
Subkey 13
Subkey 14
Subkey 15
Best Key Guess:   ac   ee   6c   91   a5   2b   3f   4c   61   50   19   56   7d   8b   a2   4e
Known Key:        ad   ef   6d   92   a8   29   32   40   f4   56   17   52   79   8d   a6   46
PGE:             002  002  011  003  036  001  007  004  028  020  025  006  008  018  003  116
HD:              001  001  001  002  003  001  003  002  004  002  003  001  001  002  001  001
SUCCESS:           0    0    0    0    0    0    0    0    0    0    0    0    0    0    0    0
CORRECT BYTES: 0
PGE MEAN:      18
PGE MEDIAN:    7
PGE MAX:       116
HD SUM:        29

Starting key ranking using HEL
results rank estimation
nb_bins = 512
merge = 2
Starting preprocessing
Clearing memory
min: 2^82.8369028
actual rounded: 2^83.1792281
max: 2^83.45149475
time enum: 0.129238 seconds



