[2024-05-14 13:42:26,507] [1307428] [MainThread] [dataset] INFO  - Dataset loaded from '/home/drac/mnt/sc_nvme_ssd/dataset/datasets/ble/240429_highdist_2lna_highgain_norep/raw/dataset.pyc'
[2024-05-14 13:42:26,507] [1307428] [MainThread] [load] INFO  - Loading traces...
[2024-05-14 13:42:26,507] [1307428] [MainThread] [load] WARNING - No loaded NF traces!
Load FF traces: 100%|█████████████████████████████████████████████████████████████████████████████████████████████████████████████████████████████████████████████████████████████████████████████████████| 250/250 [00:00<00:00, 66369.77it/s]
[2024-05-14 13:42:26,512] [1307428] [MainThread] [load] INFO  - Done!
[2024-05-14 13:42:26,513] [1307428] [MainThread] [attack] INFO  - Load the forced profile from /home/drac/mnt/sc_nvme_ssd/dataset/datasets/ble/240429_highdist_2lna_highgain_norep/raw/profiles/PHASE_ROT_8000_r_2
[2024-05-14 13:42:26,584] [1307428] [MainThread] [attack] INFO  - Align attack traces with themselves...
Align: 100%|███████████████████████████████████████████████████████████████████████████████████████████████████████████████████████████████████████████████████████████████████████████████████████████████| 250/250 [00:00<00:00, 3749.82it/s]
[2024-05-14 13:42:26,651] [1307428] [MainThread] [attack] INFO  - Align attack traces with the profile...
Align: 100%|███████████████████████████████████████████████████████████████████████████████████████████████████████████████████████████████████████████████████████████████████████████████████████████████| 250/250 [00:00<00:00, 3809.35it/s]

Subkey  0
Subkey  1
Subkey  2
Subkey  3
Subkey  4
Subkey  5
Subkey  6
Subkey  7
Subkey  8
Subkey  9
Subkey 10
Subkey 11
Subkey 12
Subkey 13
Subkey 14
Subkey 15
Best Key Guess:   91   4f   a7   58   a2   b6   57   65   54   d2   ad   c9   63   cd   ae   0b
Known Key:        ad   ef   6d   92   a8   29   32   40   f4   56   17   52   79   8d   a6   46
PGE:             198  147  146  094  006  233  092  040  171  090  098  050  023  042  018  032
HD:              004  002  004  004  002  006  004  003  002  002  005  005  003  001  001  004
SUCCESS:           0    0    0    0    0    0    0    0    0    0    0    0    0    0    0    0
CORRECT BYTES: 0
PGE MEAN:      92
PGE MEDIAN:    91
PGE MAX:       233
HD SUM:        52

Starting key ranking using HEL
results rank estimation
nb_bins = 512
merge = 2
Starting preprocessing
Clearing memory
min: 2^123.0110118
actual rounded: 2^123.12352
max: 2^123.2124288
time enum: 0.128303 seconds



