[2024-05-14 14:28:01,734] [1319095] [MainThread] [dataset] INFO  - Dataset loaded from '/home/drac/mnt/sc_nvme_ssd/dataset/datasets/ble/240429_highdist_2lna_highgain_norep/raw/dataset.pyc'
[2024-05-14 14:28:01,734] [1319095] [MainThread] [load] INFO  - Loading traces...
[2024-05-14 14:28:01,734] [1319095] [MainThread] [load] WARNING - No loaded NF traces!
Load FF traces: 100%|███████████████████████████████████████████████████████████████████████████████████████████████████████████████████████████████████████████████████████████████████████████████████| 2000/2000 [00:00<00:00, 68939.34it/s]
[2024-05-14 14:28:01,764] [1319095] [MainThread] [load] INFO  - Done!
[2024-05-14 14:28:01,774] [1319095] [MainThread] [attack] INFO  - Load the forced profile from /home/drac/mnt/sc_nvme_ssd/dataset/datasets/ble/240429_highdist_2lna_highgain_norep/raw/profiles/AMPLITUDE_8000_r_2
[2024-05-14 14:28:01,809] [1319095] [MainThread] [attack] INFO  - Align attack traces with themselves...
Align: 100%|█████████████████████████████████████████████████████████████████████████████████████████████████████████████████████████████████████████████████████████████████████████████████████████████| 2000/2000 [00:00<00:00, 3855.50it/s]
[2024-05-14 14:28:02,328] [1319095] [MainThread] [attack] INFO  - Align attack traces with the profile...
Align: 100%|█████████████████████████████████████████████████████████████████████████████████████████████████████████████████████████████████████████████████████████████████████████████████████████████| 2000/2000 [00:00<00:00, 3886.30it/s]

Subkey  0
Subkey  1
Subkey  2
Subkey  3
Subkey  4
Subkey  5
Subkey  6
Subkey  7
Subkey  8
Subkey  9
Subkey 10
Subkey 11
Subkey 12
Subkey 13
Subkey 14
Subkey 15
[2024-05-14 14:28:07,979] [1319095] [MainThread] [dataset] INFO  - Dataset loaded from '/home/drac/mnt/sc_nvme_ssd/dataset/datasets/ble/240429_highdist_2lna_highgain_norep/raw/dataset.pyc'
[2024-05-14 14:28:07,979] [1319095] [MainThread] [load] INFO  - Loading traces...
[2024-05-14 14:28:07,979] [1319095] [MainThread] [load] WARNING - No loaded NF traces!
Load FF traces: 100%|███████████████████████████████████████████████████████████████████████████████████████████████████████████████████████████████████████████████████████████████████████████████████| 2000/2000 [00:00<00:00, 68399.70it/s]
[2024-05-14 14:28:08,009] [1319095] [MainThread] [load] INFO  - Done!
[2024-05-14 14:28:08,019] [1319095] [MainThread] [attack] INFO  - Load the forced profile from /home/drac/mnt/sc_nvme_ssd/dataset/datasets/ble/240429_highdist_2lna_highgain_norep/raw/profiles/PHASE_ROT_8000_r_2
[2024-05-14 14:28:08,297] [1319095] [MainThread] [attack] INFO  - Align attack traces with themselves...
Align: 100%|█████████████████████████████████████████████████████████████████████████████████████████████████████████████████████████████████████████████████████████████████████████████████████████████| 2000/2000 [00:00<00:00, 3856.22it/s]
[2024-05-14 14:28:08,817] [1319095] [MainThread] [attack] INFO  - Align attack traces with the profile...
Align: 100%|█████████████████████████████████████████████████████████████████████████████████████████████████████████████████████████████████████████████████████████████████████████████████████████████| 2000/2000 [00:00<00:00, 3920.66it/s]

Subkey  0
Subkey  1
Subkey  2
Subkey  3
Subkey  4
Subkey  5
Subkey  6
Subkey  7
Subkey  8
Subkey  9
Subkey 10
Subkey 11
Subkey 12
Subkey 13
Subkey 14
Subkey 15
Best Key Guess:   ac   ed   63   97   a2   12   38   4b   f0   50   17   69   79   8e   ac   46
Known Key:        ad   ef   6d   92   a8   29   32   40   f4   56   17   52   79   8d   a6   46
PGE:             019  012  004  025  001  034  011  007  005  017  000  010  000  050  009  000
HD:              001  001  003  002  002  005  002  003  001  002  000  005  000  002  002  000
SUCCESS:           0    0    0    0    0    0    0    0    0    0    1    0    1    0    0    1
CORRECT BYTES: 3
PGE MEAN:      12
PGE MEDIAN:    9
PGE MAX:       50
HD SUM:        31

Starting key ranking using HEL
results rank estimation
nb_bins = 512
merge = 2
Starting preprocessing
Clearing memory
min: 2^75.35302205
actual rounded: 2^75.97190368
max: 2^76.4580002
time enum: 0.128891 seconds



