[2024-05-14 15:06:19,630] [1330726] [MainThread] [dataset] INFO  - Dataset loaded from '/home/drac/mnt/sc_nvme_ssd/dataset/datasets/ble/240429_highdist_2lna_highgain_norep/raw/dataset.pyc'
[2024-05-14 15:06:19,630] [1330726] [MainThread] [load] INFO  - Loading traces...
[2024-05-14 15:06:19,630] [1330726] [MainThread] [load] WARNING - No loaded NF traces!
Load FF traces: 100%|█████████████████████████████████████████████████████████████████████████████████████████████████████████████████████████████████████████████████████████████████████████████████████| 250/250 [00:00<00:00, 68583.69it/s]
[2024-05-14 15:06:19,635] [1330726] [MainThread] [load] INFO  - Done!
[2024-05-14 15:06:19,636] [1330726] [MainThread] [attack] INFO  - Load the forced profile from /home/drac/mnt/sc_nvme_ssd/dataset/datasets/ble/240429_highdist_2lna_highgain_norep/raw/profiles/AMPLITUDE_65000_r_1
[2024-05-14 15:06:19,666] [1330726] [MainThread] [attack] INFO  - Align attack traces with themselves...
Align: 100%|███████████████████████████████████████████████████████████████████████████████████████████████████████████████████████████████████████████████████████████████████████████████████████████████| 250/250 [00:00<00:00, 3777.90it/s]
[2024-05-14 15:06:19,732] [1330726] [MainThread] [attack] INFO  - Align attack traces with the profile...
Align: 100%|███████████████████████████████████████████████████████████████████████████████████████████████████████████████████████████████████████████████████████████████████████████████████████████████| 250/250 [00:00<00:00, 3812.49it/s]

Subkey  0
Subkey  1
Subkey  2
Subkey  3
Subkey  4
Subkey  5
Subkey  6
Subkey  7
Subkey  8
Subkey  9
Subkey 10
Subkey 11
Subkey 12
Subkey 13
Subkey 14
Subkey 15
[2024-05-14 15:06:20,473] [1330726] [MainThread] [dataset] INFO  - Dataset loaded from '/home/drac/mnt/sc_nvme_ssd/dataset/datasets/ble/240429_highdist_2lna_highgain_norep/raw/dataset.pyc'
[2024-05-14 15:06:20,473] [1330726] [MainThread] [load] INFO  - Loading traces...
[2024-05-14 15:06:20,473] [1330726] [MainThread] [load] WARNING - No loaded NF traces!
Load FF traces: 100%|█████████████████████████████████████████████████████████████████████████████████████████████████████████████████████████████████████████████████████████████████████████████████████| 250/250 [00:00<00:00, 69460.52it/s]
[2024-05-14 15:06:20,477] [1330726] [MainThread] [load] INFO  - Done!
[2024-05-14 15:06:20,478] [1330726] [MainThread] [attack] INFO  - Load the forced profile from /home/drac/mnt/sc_nvme_ssd/dataset/datasets/ble/240429_highdist_2lna_highgain_norep/raw/profiles/PHASE_ROT_65000_r_1
[2024-05-14 15:06:20,517] [1330726] [MainThread] [attack] INFO  - Align attack traces with themselves...
Align: 100%|███████████████████████████████████████████████████████████████████████████████████████████████████████████████████████████████████████████████████████████████████████████████████████████████| 250/250 [00:00<00:00, 3792.74it/s]
[2024-05-14 15:06:20,584] [1330726] [MainThread] [attack] INFO  - Align attack traces with the profile...
Align: 100%|███████████████████████████████████████████████████████████████████████████████████████████████████████████████████████████████████████████████████████████████████████████████████████████████| 250/250 [00:00<00:00, 3879.81it/s]

Subkey  0
Subkey  1
Subkey  2
Subkey  3
Subkey  4
Subkey  5
Subkey  6
Subkey  7
Subkey  8
Subkey  9
Subkey 10
Subkey 11
Subkey 12
Subkey 13
Subkey 14
Subkey 15
Best Key Guess:   ac   e4   67   9f   ac   25   3a   41   f4   56   12   5d   72   8f   a9   4b
Known Key:        ad   ef   6d   92   a8   29   32   40   f4   56   17   52   79   8d   a6   46
PGE:             023  016  008  005  005  006  007  012  000  000  008  009  001  016  005  026
HD:              001  003  002  003  001  002  001  001  000  000  002  004  003  001  004  003
SUCCESS:           0    0    0    0    0    0    0    0    1    1    0    0    0    0    0    0
CORRECT BYTES: 2
PGE MEAN:      9
PGE MEDIAN:    7
PGE MAX:       26
HD SUM:        31

Starting key ranking using HEL
results rank estimation
nb_bins = 512
merge = 2
Starting preprocessing
Clearing memory
min: 2^73.3817481
actual rounded: 2^73.85097701
max: 2^74.22124946
time enum: 0.128981 seconds



