INFO: Number of empty traces: 0

Subkey  0
Subkey  1
Subkey  2
Subkey  3
Subkey  4
Subkey  5
Subkey  6
Subkey  7
Subkey  8
Subkey  9
Subkey 10
Subkey 11
Subkey 12
Subkey 13
Subkey 14
Subkey 15
Best Key Guess:   ba   f4   2e   8d   5a   51   ed   1d   48   a8   02   8a   c2   f8   5f   65  
Known Key:        b3   f7   2f   8f   5b   52   e0   1f   49   a9   00   8b   c0   f9   5c   64  
PGE:             002  001  003  001  002  003  004  001  001  001  002  002  001  001  002  003  
HD:              002  002  001  001  001  002  003  001  001  001  001  001  001  001  002  001  
SUCCESS:           0    0    0    0    0    0    0    0    0    0    0    0    0    0    0    0  
NUMBER OF CORRECT BYTES: 0
HD SUM:                  22
results rank estimation
nb_bins = 512
merge = 2
Starting preprocessing
Clearing memory
min: 2^36.28324832
actual rounded: 2^36.99791334
max: 2^37.54525771
time enum: 0.133969 seconds



Starting key ranking using HEL
