INFO: Number of empty traces: 0

Subkey  0
Subkey  1
Subkey  2
Subkey  3
Subkey  4
Subkey  5
Subkey  6
Subkey  7
Subkey  8
Subkey  9
Subkey 10
Subkey 11
Subkey 12
Subkey 13
Subkey 14
Subkey 15
Best Key Guess:   b3   f5   2e   8e   5a   51   e3   1c   49   a8   bf   89   c3   f8   5d   66  
Known Key:        b3   f7   2f   8f   5b   52   e0   1f   49   a9   00   8b   c0   f9   5c   64  
PGE:             000  002  001  003  003  006  002  004  000  003  008  011  001  004  002  001  
HD:              000  001  001  001  001  002  002  002  000  001  007  001  002  001  001  001  
SUCCESS:           1    0    0    0    0    0    0    0    1    0    0    0    0    0    0    0  
NUMBER OF CORRECT BYTES: 2
HD SUM:                  24
results rank estimation
nb_bins = 512
merge = 2
Starting preprocessing
Clearing memory
min: 2^50.26260283
actual rounded: 2^50.93707692
max: 2^51.46985447
time enum: 0.137403 seconds



Starting key ranking using HEL
