INFO: Number of empty traces: 0

Subkey  0
Subkey  1
Subkey  2
Subkey  3
Subkey  4
Subkey  5
Subkey  6
Subkey  7
Subkey  8
Subkey  9
Subkey 10
Subkey 11
Subkey 12
Subkey 13
Subkey 14
Subkey 15
Best Key Guess:   b1   f6   2c   8c   58   50   e3   1e   4b   a8   03   8b   c2   fb   5d   64  
Known Key:        b3   f7   2f   8f   5b   52   e0   1f   49   a9   00   8b   c0   f9   5c   64  
PGE:             001  003  002  001  001  003  002  002  001  001  001  000  003  001  002  000  
HD:              001  001  002  002  002  001  002  001  001  001  002  000  001  001  001  000  
SUCCESS:           0    0    0    0    0    0    0    0    0    0    0    1    0    0    0    1  
NUMBER OF CORRECT BYTES: 2
HD SUM:                  19
results rank estimation
nb_bins = 512
merge = 2
Starting preprocessing
Clearing memory
min: 2^26.90779352
actual rounded: 2^31.40975752
max: 2^31.98728405
time enum: 0.134984 seconds



Starting key ranking using HEL
