INFO: Number of empty traces: 0

Subkey  0
Subkey  1
Subkey  2
Subkey  3
Subkey  4
Subkey  5
Subkey  6
Subkey  7
Subkey  8
Subkey  9
Subkey 10
Subkey 11
Subkey 12
Subkey 13
Subkey 14
Subkey 15
Best Key Guess:   b1   f4   2e   8f   59   50   e3   1f   4b   a8   02   88   c2   fb   5e   66  
Known Key:        b3   f7   2f   8f   5b   52   e0   1f   49   a9   00   8b   c0   f9   5c   64  
PGE:             002  003  002  000  002  003  002  000  001  001  002  001  002  001  003  003  
HD:              001  002  001  000  001  001  002  000  001  001  001  002  001  001  001  001  
SUCCESS:           0    0    0    1    0    0    0    1    0    0    0    0    0    0    0    0  
NUMBER OF CORRECT BYTES: 2
HD SUM:                  17
results rank estimation
nb_bins = 512
merge = 2
Starting preprocessing
Clearing memory
min: 2^27.76269545
actual rounded: 2^31.45915111
max: 2^31.98682532
time enum: 0.129686 seconds



Starting key ranking using HEL
