INFO: Number of empty traces: 0

Subkey  0
Subkey  1
Subkey  2
Subkey  3
Subkey  4
Subkey  5
Subkey  6
Subkey  7
Subkey  8
Subkey  9
Subkey 10
Subkey 11
Subkey 12
Subkey 13
Subkey 14
Subkey 15
Best Key Guess:   b1   f5   2e   8f   59   51   e0   1d   48   a8   03   88   c2   fb   5f   65  
Known Key:        b3   f7   2f   8f   5b   52   e0   1f   49   a9   00   8b   c0   f9   5c   64  
PGE:             003  002  003  000  001  003  000  002  003  001  003  001  002  002  002  003  
HD:              001  001  001  000  001  002  000  001  001  001  002  002  001  001  002  001  
SUCCESS:           0    0    0    1    0    0    1    0    0    0    0    0    0    0    0    0  
NUMBER OF CORRECT BYTES: 2
HD SUM:                  18
results rank estimation
nb_bins = 512
merge = 2
Starting preprocessing
Clearing memory
min: 2^24.62443672
actual rounded: 2^31.6135061
max: 2^31.99986591
time enum: 0.132907 seconds



Starting key ranking using HEL
