INFO: Number of empty traces: 0

Subkey  0
Subkey  1
Subkey  2
Subkey  3
Subkey  4
Subkey  5
Subkey  6
Subkey  7
Subkey  8
Subkey  9
Subkey 10
Subkey 11
Subkey 12
Subkey 13
Subkey 14
Subkey 15
Best Key Guess:   b1   f5   2e   8f   59   50   e3   1d   48   a8   03   88   c2   f9   5f   64  
Known Key:        b3   f7   2f   8f   5b   52   e0   1f   49   a9   00   8b   c0   f9   5c   64  
PGE:             001  002  003  000  002  003  002  003  001  001  002  002  001  000  003  000  
HD:              001  001  001  000  001  001  002  001  001  001  002  002  001  000  002  000  
SUCCESS:           0    0    0    1    0    0    0    0    0    0    0    0    0    1    0    1  
NUMBER OF CORRECT BYTES: 3
HD SUM:                  17
results rank estimation
nb_bins = 512
merge = 2
Starting preprocessing
Clearing memory
min: 2^27.54198375
actual rounded: 2^31.9089025
max: 2^31.99999097
time enum: 0.13071 seconds



Starting key ranking using HEL
