INFO: Number of empty traces: 0

Subkey  0
Subkey  1
Subkey  2
Subkey  3
Subkey  4
Subkey  5
Subkey  6
Subkey  7
Subkey  8
Subkey  9
Subkey 10
Subkey 11
Subkey 12
Subkey 13
Subkey 14
Subkey 15
Best Key Guess:   b3   f4   2e   8e   5a   50   e3   16   49   a8   bf   89   c3   f8   5d   64  
Known Key:        b3   f7   2f   8f   5b   52   e0   1f   49   a9   00   8b   c0   f9   5c   64  
PGE:             000  005  002  002  003  007  002  003  000  009  009  006  003  001  011  000  
HD:              000  002  001  001  001  001  002  002  000  001  007  001  002  001  001  000  
SUCCESS:           1    0    0    0    0    0    0    0    1    0    0    0    0    0    0    1  
NUMBER OF CORRECT BYTES: 3
HD SUM:                  23
results rank estimation
nb_bins = 512
merge = 2
Starting preprocessing
Clearing memory
min: 2^58.97956204
actual rounded: 2^59.54243403
max: 2^59.98853766
time enum: 0.135066 seconds



Starting key ranking using HEL
