INFO: Number of empty traces: 0

Subkey  0
Subkey  1
Subkey  2
Subkey  3
Subkey  4
Subkey  5
Subkey  6
Subkey  7
Subkey  8
Subkey  9
Subkey 10
Subkey 11
Subkey 12
Subkey 13
Subkey 14
Subkey 15
Best Key Guess:   be   f7   2f   8e   5a   53   e3   1d   48   ab   b9   89   c3   f8   5c   64  
Known Key:        b3   f7   2f   8f   5b   52   e0   1f   49   a9   00   8b   c0   f9   5c   64  
PGE:             001  000  000  002  002  001  001  007  001  002  007  005  002  001  000  000  
HD:              003  000  000  001  001  001  002  001  001  001  005  001  002  001  000  000  
SUCCESS:           0    1    1    0    0    0    0    0    0    0    0    0    0    0    1    1  
NUMBER OF CORRECT BYTES: 4
HD SUM:                  20
results rank estimation
nb_bins = 512
merge = 2
Starting preprocessing
Clearing memory
min: 2^41.10376654
actual rounded: 2^41.92411458
max: 2^42.56866783
time enum: 0.140487 seconds



Starting key ranking using HEL
