INFO: Number of empty traces: 0

Subkey  0
Subkey  1
Subkey  2
Subkey  3
Subkey  4
Subkey  5
Subkey  6
Subkey  7
Subkey  8
Subkey  9
Subkey 10
Subkey 11
Subkey 12
Subkey 13
Subkey 14
Subkey 15
Best Key Guess:   b1   f4   2e   8d   59   51   e3   1c   4b   a8   02   8a   c2   f9   5d   65  
Known Key:        b3   f7   2f   8f   5b   52   e0   1f   49   a9   00   8b   c0   f9   5c   64  
PGE:             001  001  003  002  001  003  001  002  002  002  003  002  001  000  003  002  
HD:              001  002  001  001  001  002  002  002  001  001  001  001  001  000  001  001  
SUCCESS:           0    0    0    0    0    0    0    0    0    0    0    0    0    1    0    0  
NUMBER OF CORRECT BYTES: 1
HD SUM:                  19
results rank estimation
nb_bins = 512
merge = 2
Starting preprocessing
Clearing memory
min: 2^31.05536284
actual rounded: 2^31.86019063
max: 2^31.98775954
time enum: 0.138027 seconds



Starting key ranking using HEL
