drac in 🌐 Reaper in storage/dataset/single_cable_raw
at 14:11:17 ❯ ./run.sh
[2023-12-16 14:11:20,260] [189080] [MainThread] [dataset] INFO  - Dataset loaded from '/home/drac/storage/dataset/single_cable_raw/dataset.pyc'
[2023-12-16 14:11:20,260] [189080] [MainThread] [load] INFO  - Loading traces...
[2023-12-16 14:11:20,261] [189080] [MainThread] [load] WARNING - No loaded NF traces!
Load FF traces: 100%|███████████████████████████████████████████████████████████████████████████████████████████████████████████████████████████████████████████████████████████████████████████████████| 44700/44700 [00:57<00:00, 775.50it/s]
[2023-12-16 14:12:17,902] [189080] [MainThread] [load] INFO  - Done!
Align: 100%|███████████████████████████████████████████████████████████████████████████████████████████████████████████████████████████████████████████████████████████████████████████████████████████| 44700/44700 [00:11<00:00, 3928.64it/s]
[2023-12-16 14:13:48,326] [189080] [MainThread] [dataset] INFO  - Dataset saved to '/home/drac/storage/dataset/single_cable_raw/dataset.pyc'
[2023-12-16 14:13:49,959] [189810] [MainThread] [dataset] INFO  - Dataset loaded from '/home/drac/storage/dataset/single_cable_raw/dataset.pyc'
[2023-12-16 14:13:49,959] [189810] [MainThread] [load] INFO  - Loading traces...
[2023-12-16 14:13:49,959] [189810] [MainThread] [load] WARNING - No loaded NF traces!
Load FF traces: 100%|█████████████████████████████████████████████████████████████████████████████████████████████████████████████████████████████████████████████████████████████████████████████████████| 2500/2500 [00:03<00:00, 692.57it/s]
2023-12-16 14:13:53,570] [189810] [MainThread] [load] INFO  - Done!
Align: 100%|█████████████████████████████████████████████████████████████████████████████████████████████████████████████████████████████████████████████████████████████████████████████████████████████| 2500/2500 [00:00<00:00, 3914.59it/s]

Subkey  0
Subkey  1
Subkey  2
Subkey  3
Subkey  4
Subkey  5
Subkey  6
Subkey  7
Subkey  8
Subkey  9
Subkey 10
Subkey 11
Subkey 12
Subkey 13
Subkey 14
Subkey 15
Best Key Guess:   12   7f   98   40   37   9a   e7   e0   1a   cb   5e   d2   7d   74   81   69
Known Key:        16   7f   99   45   37   9c   e3   e1   1a   c9   5e   d5   7e   74   d5   6c
PGE:             019  000  015  005  000  022  001  002  000  006  000  219  003  000  004  002
HD:              001  000  001  002  000  002  001  001  000  001  000  003  002  000  003  002
SUCCESS:           0    1    0    0    1    0    0    0    1    0    1    0    0    1    0    0
CORRECT BYTES: 5
PGE MEAN:      18
PGE MEDIAN:    2
HD SUM:        19

Starting key enumeration using HEL
Assuming that we know two plaintext/ciphertext pairs
nb_bins = 512
merge_value = 2
bound_start = 2^0
bound_end = 2^40
test_key = 1
to_bound = 0
to_real_key = 0
Starting preprocessing
current rank : 2^1.584962501
current rank : 2^2.321928095
current rank : 2^2.807354922
current rank : 2^3.169925001
current rank : 2^4.087462841
current rank : 2^5.087462841
current rank : 2^6.266786541
current rank : 2^7.276124405
current rank : 2^8.252665432
current rank : 2^9.136991112
current rank : 2^10.01959073
current rank : 2^11.12153352
current rank : 2^12.17430154
current rank : 2^13.17913157
current rank : 2^14.15371035
current rank : 2^15.09164199
current rank : 2^16.22035943
current rank : 2^17.09107376
current rank : 2^18.14596696
current rank : 2^19.16498301
current rank : 2^20.15351616
current rank : 2^21.11387249
current rank : 2^22.04807107
current rank : 2^23.13843228
current rank : 2^24.02359744
current rank : 2^25.05987686
current rank : 2^26.07020054
current rank : 2^27.05668663
current rank : 2^28.02121991
current rank : 2^29.1208168
current rank : 2^30.04287661
current rank : 2^31.09651061
current rank : 2^32.12794391
current rank : 2^33.13865757
current rank : 2^34.13000822
current rank : 2^35.10317164
current rank : 2^36.05920507
current rank : 2^37.13205955
current rank : 2^38.05448045

[C^c after ~10 hours]
