drac in 🌐 Saren in dataset/240207_1-leak-pairing-10cm-anechoic-2.533e9-8e6_raw on  master [!?]
at 09:42:36 ❯ ./scripts/attack.sh
Using 500 traces with 1 POI:
[2024-02-10 09:42:40,457] [3426977] [MainThread] [dataset] INFO  - Dataset loaded from '/home/drac/mnt/storage_nvme/dataset/240207_1-leak-pairing-10cm-anechoic-2.533e9-8e6_raw/dataset.pyc'
[2024-02-10 09:42:40,457] [3426977] [MainThread] [load] INFO  - Loading traces...
[2024-02-10 09:42:40,457] [3426977] [MainThread] [load] WARNING - No loaded NF traces!
Load FF traces: 100%|█████████████████████████████████████████████████████████████████████████████████████████████████████████████████████████████████████████████████████████████████████████████████████| 500/500 [00:00<00:00, 25258.37it/s]
[2024-02-10 09:42:40,478] [3426977] [MainThread] [load] INFO  - Done!
[2024-02-10 09:42:40,479] [3426977] [MainThread] [attack] INFO  - Load the forced profile from /home/drac/mnt/storage_nvme/dataset/240207_1-leak-pairing-10cm-anechoic-2.533e9-8e6_raw/profile_AMPLITUDE
Align: 100%|███████████████████████████████████████████████████████████████████████████████████████████████████████████████████████████████████████████████████████████████████████████████████████████████| 500/500 [00:00<00:00, 2549.00it/s]
Align: 100%|███████████████████████████████████████████████████████████████████████████████████████████████████████████████████████████████████████████████████████████████████████████████████████████████| 500/500 [00:00<00:00, 2734.03it/s]

Subkey  0
Subkey  1
Subkey  2
Subkey  3
Subkey  4
Subkey  5
Subkey  6
Subkey  7
Subkey  8
Subkey  9
Subkey 10
Subkey 11
Subkey 12
Subkey 13
Subkey 14
Subkey 15
Best Key Guess:   75   d8   20   f8   e6   29   37   ba   fa   13   5d   f5   45   f1   34   19
Known Key:        7f   18   67   e6   42   65   da   6f   f5   1b   32   f4   c6   f3   10   3e
PGE:             003  005  013  088  160  193  146  034  098  085  064  036  011  001  116  062
HD:              002  002  004  004  003  003  006  005  004  001  006  001  003  001  002  004
SUCCESS:           0    0    0    0    0    0    0    0    0    0    0    0    0    0    0    0
CORRECT BYTES: 0
PGE MEAN:      69
PGE MEDIAN:    63
PGE MAX:       193
HD SUM:        51

Starting key ranking using HEL
results rank estimation
nb_bins = 512
merge = 2
Starting preprocessing
Clearing memory
min: 2^116.8216904
actual rounded: 2^116.9953495
max: 2^117.1330547
time enum: 0.211416 seconds


Using 1000 traces with 1 POI:
[2024-02-10 09:42:48,325] [3427047] [MainThread] [dataset] INFO  - Dataset loaded from '/home/drac/mnt/storage_nvme/dataset/240207_1-leak-pairing-10cm-anechoic-2.533e9-8e6_raw/dataset.pyc'
[2024-02-10 09:42:48,325] [3427047] [MainThread] [load] INFO  - Loading traces...
[2024-02-10 09:42:48,325] [3427047] [MainThread] [load] WARNING - No loaded NF traces!
Load FF traces: 100%|███████████████████████████████████████████████████████████████████████████████████████████████████████████████████████████████████████████████████████████████████████████████████| 1000/1000 [00:00<00:00, 26785.95it/s]
[2024-02-10 09:42:48,363] [3427047] [MainThread] [load] INFO  - Done!
[2024-02-10 09:42:48,365] [3427047] [MainThread] [attack] INFO  - Load the forced profile from /home/drac/mnt/storage_nvme/dataset/240207_1-leak-pairing-10cm-anechoic-2.533e9-8e6_raw/profile_AMPLITUDE
Align: 100%|█████████████████████████████████████████████████████████████████████████████████████████████████████████████████████████████████████████████████████████████████████████████████████████████| 1000/1000 [00:00<00:00, 2605.28it/s]
Align: 100%|█████████████████████████████████████████████████████████████████████████████████████████████████████████████████████████████████████████████████████████████████████████████████████████████| 1000/1000 [00:00<00:00, 2793.75it/s]

Subkey  0
Subkey  1
Subkey  2
Subkey  3
Subkey  4
Subkey  5
Subkey  6
Subkey  7
Subkey  8
Subkey  9
Subkey 10
Subkey 11
Subkey 12
Subkey 13
Subkey 14
Subkey 15
Best Key Guess:   3a   18   2c   d2   14   d3   37   50   dc   97   14   f6   bf   9c   34   19
Known Key:        7f   18   67   e6   42   65   da   6f   f5   1b   32   f4   c6   f3   10   3e
PGE:             017  000  016  062  028  062  033  039  109  057  114  012  088  048  071  066
HD:              003  000  004  003  004  005  006  006  003  003  003  001  005  006  002  004
SUCCESS:           0    1    0    0    0    0    0    0    0    0    0    0    0    0    0    0
CORRECT BYTES: 1
PGE MEAN:      51
PGE MEDIAN:    52
PGE MAX:       114
HD SUM:        58

Starting key ranking using HEL
results rank estimation
nb_bins = 512
merge = 2
Starting preprocessing
Clearing memory
min: 2^113.0423719
actual rounded: 2^113.2394982
max: 2^113.396031
time enum: 0.213579 seconds


Using 2000 traces with 1 POI:
[2024-02-10 09:42:58,610] [3427124] [MainThread] [dataset] INFO  - Dataset loaded from '/home/drac/mnt/storage_nvme/dataset/240207_1-leak-pairing-10cm-anechoic-2.533e9-8e6_raw/dataset.pyc'
[2024-02-10 09:42:58,610] [3427124] [MainThread] [load] INFO  - Loading traces...
[2024-02-10 09:42:58,610] [3427124] [MainThread] [load] WARNING - No loaded NF traces!
Load FF traces: 100%|███████████████████████████████████████████████████████████████████████████████████████████████████████████████████████████████████████████████████████████████████████████████████| 2000/2000 [00:00<00:00, 26286.94it/s]
[2024-02-10 09:42:58,687] [3427124] [MainThread] [load] INFO  - Done!
[2024-02-10 09:42:58,691] [3427124] [MainThread] [attack] INFO  - Load the forced profile from /home/drac/mnt/storage_nvme/dataset/240207_1-leak-pairing-10cm-anechoic-2.533e9-8e6_raw/profile_AMPLITUDE
Align: 100%|█████████████████████████████████████████████████████████████████████████████████████████████████████████████████████████████████████████████████████████████████████████████████████████████| 2000/2000 [00:00<00:00, 2596.37it/s]
Align: 100%|█████████████████████████████████████████████████████████████████████████████████████████████████████████████████████████████████████████████████████████████████████████████████████████████| 2000/2000 [00:00<00:00, 2771.63it/s]

Subkey  0
Subkey  1
Subkey  2
Subkey  3
Subkey  4
Subkey  5
Subkey  6
Subkey  7
Subkey  8
Subkey  9
Subkey 10
Subkey 11
Subkey 12
Subkey 13
Subkey 14
Subkey 15
Best Key Guess:   31   27   24   d6   40   65   37   7a   dc   12   14   f9   e0   c8   2c   19
Known Key:        7f   18   67   e6   42   65   da   6f   f5   1b   32   f4   c6   f3   10   3e
PGE:             011  002  010  024  001  000  006  052  123  013  026  034  060  019  038  041
HD:              004  006  003  002  001  000  006  003  003  002  003  003  003  005  004  004
SUCCESS:           0    0    0    0    0    1    0    0    0    0    0    0    0    0    0    0
CORRECT BYTES: 1
PGE MEAN:      28
PGE MEDIAN:    21
PGE MAX:       123
HD SUM:        52

Starting key ranking using HEL
results rank estimation
nb_bins = 512
merge = 2
Starting preprocessing
Clearing memory
min: 2^100.3252294
actual rounded: 2^100.6010234
max: 2^100.8203663
time enum: 0.211078 seconds


Using 3000 traces with 1 POI:
[2024-02-10 09:43:13,849] [3427228] [MainThread] [dataset] INFO  - Dataset loaded from '/home/drac/mnt/storage_nvme/dataset/240207_1-leak-pairing-10cm-anechoic-2.533e9-8e6_raw/dataset.pyc'
[2024-02-10 09:43:13,849] [3427228] [MainThread] [load] INFO  - Loading traces...
[2024-02-10 09:43:13,850] [3427228] [MainThread] [load] WARNING - No loaded NF traces!
Load FF traces: 100%|███████████████████████████████████████████████████████████████████████████████████████████████████████████████████████████████████████████████████████████████████████████████████| 3000/3000 [00:00<00:00, 26989.39it/s]
[2024-02-10 09:43:13,962] [3427228] [MainThread] [load] INFO  - Done!
[2024-02-10 09:43:13,966] [3427228] [MainThread] [attack] INFO  - Load the forced profile from /home/drac/mnt/storage_nvme/dataset/240207_1-leak-pairing-10cm-anechoic-2.533e9-8e6_raw/profile_AMPLITUDE
Align: 100%|█████████████████████████████████████████████████████████████████████████████████████████████████████████████████████████████████████████████████████████████████████████████████████████████| 3000/3000 [00:01<00:00, 2564.18it/s]
Align: 100%|█████████████████████████████████████████████████████████████████████████████████████████████████████████████████████████████████████████████████████████████████████████████████████████████| 3000/3000 [00:01<00:00, 2770.89it/s]

Subkey  0
Subkey  1
Subkey  2
Subkey  3
Subkey  4
Subkey  5
Subkey  6
Subkey  7
Subkey  8
Subkey  9
Subkey 10
Subkey 11
Subkey 12
Subkey 13
Subkey 14
Subkey 15
Best Key Guess:   7f   27   24   d6   40   49   db   65   dd   19   14   f9   cd   ff   12   19
Known Key:        7f   18   67   e6   42   65   da   6f   f5   1b   32   f4   c6   f3   10   3e
PGE:             000  004  008  027  001  018  001  034  111  006  033  038  044  003  018  022
HD:              000  006  003  002  001  003  001  002  002  001  003  003  003  002  001  004
SUCCESS:           1    0    0    0    0    0    0    0    0    0    0    0    0    0    0    0
CORRECT BYTES: 1
PGE MEAN:      23
PGE MEDIAN:    18
PGE MAX:       111
HD SUM:        37

Starting key ranking using HEL
results rank estimation
nb_bins = 512
merge = 2
Starting preprocessing
Clearing memory
min: 2^90.02485787
actual rounded: 2^90.37153927
max: 2^90.64723146
time enum: 0.208055 seconds


Using 4000 traces with 1 POI:
[2024-02-10 09:43:32,470] [3427376] [MainThread] [dataset] INFO  - Dataset loaded from '/home/drac/mnt/storage_nvme/dataset/240207_1-leak-pairing-10cm-anechoic-2.533e9-8e6_raw/dataset.pyc'
[2024-02-10 09:43:32,470] [3427376] [MainThread] [load] INFO  - Loading traces...
[2024-02-10 09:43:32,471] [3427376] [MainThread] [load] WARNING - No loaded NF traces!
Load FF traces: 100%|███████████████████████████████████████████████████████████████████████████████████████████████████████████████████████████████████████████████████████████████████████████████████| 4000/4000 [00:00<00:00, 26705.23it/s]
[2024-02-10 09:43:32,621] [3427376] [MainThread] [load] INFO  - Done!
[2024-02-10 09:43:32,627] [3427376] [MainThread] [attack] INFO  - Load the forced profile from /home/drac/mnt/storage_nvme/dataset/240207_1-leak-pairing-10cm-anechoic-2.533e9-8e6_raw/profile_AMPLITUDE
Align: 100%|█████████████████████████████████████████████████████████████████████████████████████████████████████████████████████████████████████████████████████████████████████████████████████████████| 4000/4000 [00:01<00:00, 2603.53it/s]
Align: 100%|█████████████████████████████████████████████████████████████████████████████████████████████████████████████████████████████████████████████████████████████████████████████████████████████| 4000/4000 [00:01<00:00, 2805.35it/s]

Subkey  0
Subkey  1
Subkey  2
Subkey  3
Subkey  4
Subkey  5
Subkey  6
Subkey  7
Subkey  8
Subkey  9
Subkey 10
Subkey 11
Subkey 12
Subkey 13
Subkey 14
Subkey 15
Best Key Guess:   7d   19   21   e4   42   49   db   65   96   19   08   f9   cd   f9   12   1c
Known Key:        7f   18   67   e6   42   65   da   6f   f5   1b   32   f4   c6   f3   10   3e
PGE:             002  002  002  009  000  004  003  036  023  001  041  033  021  013  017  007
HD:              001  001  003  001  000  003  001  002  004  001  004  003  003  002  001  002
SUCCESS:           0    0    0    0    1    0    0    0    0    0    0    0    0    0    0    0
CORRECT BYTES: 1
PGE MEAN:      13
PGE MEDIAN:    8
PGE MAX:       41
HD SUM:        32

Starting key ranking using HEL
results rank estimation
nb_bins = 512
merge = 2
Starting preprocessing
Clearing memory
min: 2^80.29259799
actual rounded: 2^80.67759974
max: 2^80.98359797
time enum: 0.211582 seconds
