[2024-05-14 15:52:58,276] [1355577] [MainThread] [dataset] INFO  - Dataset loaded from '/home/drac/mnt/sc_nvme_ssd/dataset/datasets/ble/240423_highdist_2lna_highgain/ext/dataset.pyc'
[2024-05-14 15:52:58,276] [1355577] [MainThread] [load] INFO  - Loading traces...
[2024-05-14 15:52:58,276] [1355577] [MainThread] [load] WARNING - No loaded NF traces!
Load FF traces: 100%|████████████████████████████████████████████████████████████████████████████████████████████████████████████████████████████████████████████████████████████████████████████████████| 2500/2500 [00:00<00:00, 9731.04it/s]
[2024-05-14 15:52:58,534] [1355577] [MainThread] [load] INFO  - Done!
[2024-05-14 15:52:58,545] [1355577] [MainThread] [attack] INFO  - Load the forced profile from /home/drac/mnt/sc_nvme_ssd/dataset/datasets/ble/240423_highdist_2lna_highgain/ext/profiles/AMPLITUDE_16000_r_2
[2024-05-14 15:52:58,639] [1355577] [MainThread] [attack] INFO  - Align attack traces with themselves...
Align: 100%|█████████████████████████████████████████████████████████████████████████████████████████████████████████████████████████████████████████████████████████████████████████████████████████████| 2500/2500 [00:00<00:00, 4100.35it/s]
[2024-05-14 15:52:59,250] [1355577] [MainThread] [attack] INFO  - Align attack traces with the profile...
Align: 100%|█████████████████████████████████████████████████████████████████████████████████████████████████████████████████████████████████████████████████████████████████████████████████████████████| 2500/2500 [00:00<00:00, 3991.70it/s]

Subkey  0
Subkey  1
Subkey  2
Subkey  3
Subkey  4
Subkey  5
Subkey  6
Subkey  7
Subkey  8
Subkey  9
Subkey 10
Subkey 11
Subkey 12
Subkey 13
Subkey 14
Subkey 15
Best Key Guess:   68   7f   e2   5e   fd   fc   81   15   ee   4c   5d   56   e9   98   4d   94
Known Key:        69   7f   e3   59   fd   f7   95   1f   ec   4d   72   9b   ee   ab   51   96
PGE:             021  000  002  027  000  007  047  111  034  051  073  237  011  071  008  014
HD:              001  000  001  003  000  003  002  002  001  001  005  005  003  004  003  001
SUCCESS:           0    1    0    0    1    0    0    0    0    0    0    0    0    0    0    0
CORRECT BYTES: 2
PGE MEAN:      44
PGE MEDIAN:    24
PGE MAX:       237
HD SUM:        35

Starting key ranking using HEL
results rank estimation
nb_bins = 512
merge = 2
Starting preprocessing
Clearing memory
min: 2^103.2915612
actual rounded: 2^103.5182589
max: 2^103.6986906
time enum: 0.12977 seconds



