[2024-05-14 15:53:07,410] [1355649] [MainThread] [dataset] INFO  - Dataset loaded from '/home/drac/mnt/sc_nvme_ssd/dataset/datasets/ble/240423_highdist_2lna_highgain/ext/dataset.pyc'
[2024-05-14 15:53:07,410] [1355649] [MainThread] [load] INFO  - Loading traces...
[2024-05-14 15:53:07,411] [1355649] [MainThread] [load] WARNING - No loaded NF traces!
Load FF traces: 100%|████████████████████████████████████████████████████████████████████████████████████████████████████████████████████████████████████████████████████████████████████████████████████| 4000/4000 [00:00<00:00, 9761.55it/s]
[2024-05-14 15:53:07,821] [1355649] [MainThread] [load] INFO  - Done!
[2024-05-14 15:53:07,839] [1355649] [MainThread] [attack] INFO  - Load the forced profile from /home/drac/mnt/sc_nvme_ssd/dataset/datasets/ble/240423_highdist_2lna_highgain/ext/profiles/AMPLITUDE_16000_r_2
[2024-05-14 15:53:07,936] [1355649] [MainThread] [attack] INFO  - Align attack traces with themselves...
Align: 100%|█████████████████████████████████████████████████████████████████████████████████████████████████████████████████████████████████████████████████████████████████████████████████████████████| 4000/4000 [00:00<00:00, 4110.57it/s]
[2024-05-14 15:53:08,910] [1355649] [MainThread] [attack] INFO  - Align attack traces with the profile...
Align: 100%|█████████████████████████████████████████████████████████████████████████████████████████████████████████████████████████████████████████████████████████████████████████████████████████████| 4000/4000 [00:00<00:00, 4011.41it/s]

Subkey  0
Subkey  1
Subkey  2
Subkey  3
Subkey  4
Subkey  5
Subkey  6
Subkey  7
Subkey  8
Subkey  9
Subkey 10
Subkey 11
Subkey 12
Subkey 13
Subkey 14
Subkey 15
Best Key Guess:   68   7e   e2   53   ff   f6   81   17   f7   4c   77   2b   ce   bc   f8   9b
Known Key:        69   7f   e3   59   fd   f7   95   1f   ec   4d   72   9b   ee   ab   51   96
PGE:             011  002  001  010  001  026  054  143  024  022  039  227  006  040  005  007
HD:              001  001  001  002  001  001  002  001  004  001  002  003  001  004  004  003
SUCCESS:           0    0    0    0    0    0    0    0    0    0    0    0    0    0    0    0
CORRECT BYTES: 0
PGE MEAN:      38
PGE MEDIAN:    16
PGE MAX:       227
HD SUM:        32

Starting key ranking using HEL
results rank estimation
nb_bins = 512
merge = 2
Starting preprocessing
Clearing memory
min: 2^98.92362397
actual rounded: 2^99.17165394
max: 2^99.36905952
time enum: 0.129063 seconds



