[2024-05-14 15:49:20,350] [1353616] [MainThread] [dataset] INFO  - Dataset loaded from '/home/drac/mnt/sc_nvme_ssd/dataset/datasets/ble/240423_highdist_2lna_highgain/ext/dataset.pyc'
[2024-05-14 15:49:20,350] [1353616] [MainThread] [load] INFO  - Loading traces...
[2024-05-14 15:49:20,350] [1353616] [MainThread] [load] WARNING - No loaded NF traces!
Load FF traces: 100%|██████████████████████████████████████████████████████████████████████████████████████████████████████████████████████████████████████████████████████████████████████████████████████| 200/200 [00:00<00:00, 2696.52it/s]
[2024-05-14 15:49:20,425] [1353616] [MainThread] [load] INFO  - Done!
[2024-05-14 15:49:20,427] [1353616] [MainThread] [attack] INFO  - Load the forced profile from /home/drac/mnt/sc_nvme_ssd/dataset/datasets/ble/240423_highdist_2lna_highgain/ext/profiles/AMPLITUDE_16000_r_1
[2024-05-14 15:49:20,535] [1353616] [MainThread] [attack] INFO  - Align attack traces with themselves...
Align: 100%|███████████████████████████████████████████████████████████████████████████████████████████████████████████████████████████████████████████████████████████████████████████████████████████████| 200/200 [00:00<00:00, 3919.65it/s]
[2024-05-14 15:49:20,586] [1353616] [MainThread] [attack] INFO  - Align attack traces with the profile...
Align: 100%|███████████████████████████████████████████████████████████████████████████████████████████████████████████████████████████████████████████████████████████████████████████████████████████████| 200/200 [00:00<00:00, 3961.62it/s]

Subkey  0
Subkey  1
Subkey  2
Subkey  3
Subkey  4
Subkey  5
Subkey  6
Subkey  7
Subkey  8
Subkey  9
Subkey 10
Subkey 11
Subkey 12
Subkey 13
Subkey 14
Subkey 15
Best Key Guess:   0d   32   23   4c   3d   ef   5a   42   2b   d6   7a   ae   90   4c   94   9b
Known Key:        69   7f   e3   59   fd   f7   95   1f   ec   4d   72   9b   ee   ab   51   96
PGE:             148  214  175  022  001  022  164  193  238  031  209  034  002  057  110  026
HD:              003  004  002  003  002  002  006  005  005  005  001  004  006  006  004  003
SUCCESS:           0    0    0    0    0    0    0    0    0    0    0    0    0    0    0    0
CORRECT BYTES: 0
PGE MEAN:      102
PGE MEDIAN:    83
PGE MAX:       238
HD SUM:        61

Starting key ranking using HEL
results rank estimation
nb_bins = 512
merge = 2
Starting preprocessing
Clearing memory
min: 2^123.564582
actual rounded: 2^123.6599828
max: 2^123.7354062
time enum: 0.129527 seconds



