[2024-05-14 15:45:57,457] [1350943] [MainThread] [dataset] INFO  - Dataset loaded from '/home/drac/mnt/sc_nvme_ssd/dataset/datasets/ble/240423_highdist_2lna_highgain/avg/dataset.pyc'
[2024-05-14 15:45:57,457] [1350943] [MainThread] [load] INFO  - Loading traces...
[2024-05-14 15:45:57,457] [1350943] [MainThread] [load] WARNING - No loaded NF traces!
Load FF traces: 100%|██████████████████████████████████████████████████████████████████████████████████████████████████████████████████████████████████████████████████████████████████████████████████████| 200/200 [00:00<00:00, 9327.72it/s]
[2024-05-14 15:45:57,479] [1350943] [MainThread] [load] INFO  - Done!
[2024-05-14 15:45:57,480] [1350943] [MainThread] [attack] INFO  - Load the forced profile from /home/drac/mnt/sc_nvme_ssd/dataset/datasets/ble/240423_highdist_2lna_highgain/ext/profiles/AMPLITUDE_16000_r_2
[2024-05-14 15:45:57,575] [1350943] [MainThread] [attack] INFO  - Align attack traces with themselves...
Align: 100%|███████████████████████████████████████████████████████████████████████████████████████████████████████████████████████████████████████████████████████████████████████████████████████████████| 200/200 [00:00<00:00, 4020.52it/s]
[2024-05-14 15:45:57,626] [1350943] [MainThread] [attack] INFO  - Align attack traces with the profile...
Align: 100%|███████████████████████████████████████████████████████████████████████████████████████████████████████████████████████████████████████████████████████████████████████████████████████████████| 200/200 [00:00<00:00, 3967.13it/s]

Subkey  0
Subkey  1
Subkey  2
Subkey  3
Subkey  4
Subkey  5
Subkey  6
Subkey  7
Subkey  8
Subkey  9
Subkey 10
Subkey 11
Subkey 12
Subkey 13
Subkey 14
Subkey 15
Best Key Guess:   6e   7c   e3   5a   fe   f3   96   3a   e9   4d   7b   81   ef   81   5c   97
Known Key:        69   7f   e3   59   fd   f7   95   1f   ec   4d   72   9b   ee   ab   51   96
PGE:             003  047  000  001  001  002  025  050  022  000  015  001  001  001  001  003
HD:              003  002  000  002  002  001  002  003  002  000  002  003  001  003  003  001
SUCCESS:           0    0    1    0    0    0    0    0    0    1    0    0    0    0    0    0
CORRECT BYTES: 2
PGE MEAN:      10
PGE MEDIAN:    1
PGE MAX:       50
HD SUM:        30

Starting key ranking using HEL
results rank estimation
nb_bins = 512
merge = 2
Starting preprocessing
Clearing memory
min: 2^65.98579863
actual rounded: 2^66.45139656
max: 2^66.82167124
time enum: 0.129028 seconds



