[2024-05-14 15:49:34,508] [1354217] [MainThread] [dataset] INFO  - Dataset loaded from '/home/drac/mnt/sc_nvme_ssd/dataset/datasets/ble/240423_highdist_2lna_highgain/ext/dataset.pyc'
[2024-05-14 15:49:34,508] [1354217] [MainThread] [load] INFO  - Loading traces...
[2024-05-14 15:49:34,508] [1354217] [MainThread] [load] WARNING - No loaded NF traces!
Load FF traces: 100%|████████████████████████████████████████████████████████████████████████████████████████████████████████████████████████████████████████████████████████████████████████████████████| 4000/4000 [00:00<00:00, 4729.08it/s]
[2024-05-14 15:49:35,354] [1354217] [MainThread] [load] INFO  - Done!
[2024-05-14 15:49:35,373] [1354217] [MainThread] [attack] INFO  - Load the forced profile from /home/drac/mnt/sc_nvme_ssd/dataset/datasets/ble/240423_highdist_2lna_highgain/ext/profiles/AMPLITUDE_16000_r_1
[2024-05-14 15:49:35,469] [1354217] [MainThread] [attack] INFO  - Align attack traces with themselves...
Align: 100%|█████████████████████████████████████████████████████████████████████████████████████████████████████████████████████████████████████████████████████████████████████████████████████████████| 4000/4000 [00:00<00:00, 4098.29it/s]
[2024-05-14 15:49:36,447] [1354217] [MainThread] [attack] INFO  - Align attack traces with the profile...
Align: 100%|█████████████████████████████████████████████████████████████████████████████████████████████████████████████████████████████████████████████████████████████████████████████████████████████| 4000/4000 [00:01<00:00, 3999.82it/s]

Subkey  0
Subkey  1
Subkey  2
Subkey  3
Subkey  4
Subkey  5
Subkey  6
Subkey  7
Subkey  8
Subkey  9
Subkey 10
Subkey 11
Subkey 12
Subkey 13
Subkey 14
Subkey 15
Best Key Guess:   68   96   e3   74   fd   f6   97   1d   f7   4c   77   9a   ec   bc   b9   97
Known Key:        69   7f   e3   59   fd   f7   95   1f   ec   4d   72   9b   ee   ab   51   96
PGE:             041  015  000  003  000  009  003  072  071  005  011  134  011  060  085  006
HD:              001  005  000  004  000  001  001  001  004  001  002  001  001  004  004  001
SUCCESS:           0    0    1    0    1    0    0    0    0    0    0    0    0    0    0    0
CORRECT BYTES: 2
PGE MEAN:      32
PGE MEDIAN:    11
PGE MAX:       134
HD SUM:        31

Starting key ranking using HEL
results rank estimation
nb_bins = 512
merge = 2
Starting preprocessing
Clearing memory
min: 2^96.72900514
actual rounded: 2^97.02862916
max: 2^97.26684528
time enum: 0.129329 seconds



