[2024-05-14 15:53:50,988] [1356196] [MainThread] [dataset] INFO  - Dataset loaded from '/home/drac/mnt/sc_nvme_ssd/dataset/datasets/ble/240423_highdist_2lna_highgain/ext/dataset.pyc'
[2024-05-14 15:53:50,988] [1356196] [MainThread] [load] INFO  - Loading traces...
[2024-05-14 15:53:50,988] [1356196] [MainThread] [load] WARNING - No loaded NF traces!
Load FF traces: 100%|██████████████████████████████████████████████████████████████████████████████████████████████████████████████████████████████████████████████████████████████████████████████████| 16000/16000 [00:01<00:00, 9841.12it/s]
[2024-05-14 15:53:52,615] [1356196] [MainThread] [load] INFO  - Done!
[2024-05-14 15:53:52,688] [1356196] [MainThread] [attack] INFO  - Load the forced profile from /home/drac/mnt/sc_nvme_ssd/dataset/datasets/ble/240423_highdist_2lna_highgain/ext/profiles/AMPLITUDE_16000_r_2
[2024-05-14 15:53:52,810] [1356196] [MainThread] [attack] INFO  - Align attack traces with themselves...
Align: 100%|███████████████████████████████████████████████████████████████████████████████████████████████████████████████████████████████████████████████████████████████████████████████████████████| 16000/16000 [00:03<00:00, 4087.68it/s]
[2024-05-14 15:53:56,732] [1356196] [MainThread] [attack] INFO  - Align attack traces with the profile...
Align: 100%|███████████████████████████████████████████████████████████████████████████████████████████████████████████████████████████████████████████████████████████████████████████████████████████| 16000/16000 [00:04<00:00, 3981.45it/s]

Subkey  0
Subkey  1
Subkey  2
Subkey  3
Subkey  4
Subkey  5
Subkey  6
Subkey  7
Subkey  8
Subkey  9
Subkey 10
Subkey 11
Subkey 12
Subkey 13
Subkey 14
Subkey 15
Best Key Guess:   69   7e   e2   7a   ff   f9   9b   17   e0   47   6b   9a   e2   42   5c   95
Known Key:        69   7f   e3   59   fd   f7   95   1f   ec   4d   72   9b   ee   ab   51   96
PGE:             000  002  004  004  001  002  007  006  003  002  057  073  005  010  005  003
HD:              000  001  001  003  001  003  003  001  002  002  003  001  002  005  003  002
SUCCESS:           1    0    0    0    0    0    0    0    0    0    0    0    0    0    0    0
CORRECT BYTES: 1
PGE MEAN:      11
PGE MEDIAN:    4
PGE MAX:       73
HD SUM:        33

Starting key ranking using HEL
results rank estimation
nb_bins = 512
merge = 2
Starting preprocessing
Clearing memory
min: 2^74.54957319
actual rounded: 2^74.99759945
max: 2^75.35302748
time enum: 1.47317 seconds



