[2024-05-14 15:46:24,741] [1351481] [MainThread] [dataset] INFO  - Dataset loaded from '/home/drac/mnt/sc_nvme_ssd/dataset/datasets/ble/240423_highdist_2lna_highgain/avg/dataset.pyc'
[2024-05-14 15:46:24,741] [1351481] [MainThread] [load] INFO  - Loading traces...
[2024-05-14 15:46:24,741] [1351481] [MainThread] [load] WARNING - No loaded NF traces!
Load FF traces: 100%|██████████████████████████████████████████████████████████████████████████████████████████████████████████████████████████████████████████████████████████████████████████████████| 10000/10000 [00:01<00:00, 9860.76it/s]
[2024-05-14 15:46:25,756] [1351481] [MainThread] [load] INFO  - Done!
[2024-05-14 15:46:25,801] [1351481] [MainThread] [attack] INFO  - Load the forced profile from /home/drac/mnt/sc_nvme_ssd/dataset/datasets/ble/240423_highdist_2lna_highgain/ext/profiles/AMPLITUDE_16000_r_2
[2024-05-14 15:46:25,905] [1351481] [MainThread] [attack] INFO  - Align attack traces with themselves...
Align: 100%|███████████████████████████████████████████████████████████████████████████████████████████████████████████████████████████████████████████████████████████████████████████████████████████| 10000/10000 [00:02<00:00, 4139.75it/s]
[2024-05-14 15:46:28,326] [1351481] [MainThread] [attack] INFO  - Align attack traces with the profile...
Align: 100%|███████████████████████████████████████████████████████████████████████████████████████████████████████████████████████████████████████████████████████████████████████████████████████████| 10000/10000 [00:02<00:00, 4035.02it/s]

Subkey  0
Subkey  1
Subkey  2
Subkey  3
Subkey  4
Subkey  5
Subkey  6
Subkey  7
Subkey  8
Subkey  9
Subkey 10
Subkey 11
Subkey 12
Subkey 13
Subkey 14
Subkey 15
Best Key Guess:   68   7e   e0   59   ff   f6   96   1d   ed   4d   75   9b   ee   ab   51   95
Known Key:        69   7f   e3   59   fd   f7   95   1f   ec   4d   72   9b   ee   ab   51   96
PGE:             002  002  001  000  003  010  003  002  013  000  002  000  000  000  000  001
HD:              001  001  002  000  001  001  002  001  001  000  003  000  000  000  000  002
SUCCESS:           0    0    0    1    0    0    0    0    0    1    0    1    1    1    1    0
CORRECT BYTES: 6
PGE MEAN:      2
PGE MEDIAN:    1
PGE MAX:       13
HD SUM:        15

Starting key ranking using HEL
results rank estimation
nb_bins = 512
merge = 2
Starting preprocessing
Clearing memory
min: 2^39.53862667
actual rounded: 2^40.97584451
max: 2^42.08776876
time enum: 0.127901 seconds



