[2024-05-14 15:49:25,673] [1353970] [MainThread] [dataset] INFO  - Dataset loaded from '/home/drac/mnt/sc_nvme_ssd/dataset/datasets/ble/240423_highdist_2lna_highgain/ext/dataset.pyc'
[2024-05-14 15:49:25,673] [1353970] [MainThread] [load] INFO  - Loading traces...
[2024-05-14 15:49:25,674] [1353970] [MainThread] [load] WARNING - No loaded NF traces!
Load FF traces: 100%|████████████████████████████████████████████████████████████████████████████████████████████████████████████████████████████████████████████████████████████████████████████████████| 2500/2500 [00:00<00:00, 3334.74it/s]
[2024-05-14 15:49:26,424] [1353970] [MainThread] [load] INFO  - Done!
[2024-05-14 15:49:26,436] [1353970] [MainThread] [attack] INFO  - Load the forced profile from /home/drac/mnt/sc_nvme_ssd/dataset/datasets/ble/240423_highdist_2lna_highgain/ext/profiles/AMPLITUDE_16000_r_1
[2024-05-14 15:49:26,530] [1353970] [MainThread] [attack] INFO  - Align attack traces with themselves...
Align: 100%|█████████████████████████████████████████████████████████████████████████████████████████████████████████████████████████████████████████████████████████████████████████████████████████████| 2500/2500 [00:00<00:00, 4131.36it/s]
[2024-05-14 15:49:27,137] [1353970] [MainThread] [attack] INFO  - Align attack traces with the profile...
Align: 100%|█████████████████████████████████████████████████████████████████████████████████████████████████████████████████████████████████████████████████████████████████████████████████████████████| 2500/2500 [00:00<00:00, 3998.12it/s]

Subkey  0
Subkey  1
Subkey  2
Subkey  3
Subkey  4
Subkey  5
Subkey  6
Subkey  7
Subkey  8
Subkey  9
Subkey 10
Subkey 11
Subkey 12
Subkey 13
Subkey 14
Subkey 15
Best Key Guess:   d4   e5   db   e4   f9   fb   94   15   c3   4c   55   90   ec   af   b9   95
Known Key:        69   7f   e3   59   fd   f7   95   1f   ec   4d   72   9b   ee   ab   51   96
PGE:             109  013  004  021  001  005  002  118  091  005  010  130  012  065  046  009
HD:              006  004  003  006  001  002  001  002  005  001  004  003  001  001  004  002
SUCCESS:           0    0    0    0    0    0    0    0    0    0    0    0    0    0    0    0
CORRECT BYTES: 0
PGE MEAN:      40
PGE MEDIAN:    12
PGE MAX:       130
HD SUM:        46

Starting key ranking using HEL
results rank estimation
nb_bins = 512
merge = 2
Starting preprocessing
Clearing memory
min: 2^100.8449208
actual rounded: 2^101.1099886
max: 2^101.3207549
time enum: 0.128839 seconds



