[2024-05-14 15:46:11,710] [1351395] [MainThread] [dataset] INFO  - Dataset loaded from '/home/drac/mnt/sc_nvme_ssd/dataset/datasets/ble/240423_highdist_2lna_highgain/avg/dataset.pyc'
[2024-05-14 15:46:11,710] [1351395] [MainThread] [load] INFO  - Loading traces...
[2024-05-14 15:46:11,711] [1351395] [MainThread] [load] WARNING - No loaded NF traces!
Load FF traces: 100%|████████████████████████████████████████████████████████████████████████████████████████████████████████████████████████████████████████████████████████████████████████████████████| 4000/4000 [00:00<00:00, 9841.23it/s]
[2024-05-14 15:46:12,118] [1351395] [MainThread] [load] INFO  - Done!
[2024-05-14 15:46:12,136] [1351395] [MainThread] [attack] INFO  - Load the forced profile from /home/drac/mnt/sc_nvme_ssd/dataset/datasets/ble/240423_highdist_2lna_highgain/ext/profiles/AMPLITUDE_16000_r_2
[2024-05-14 15:46:12,230] [1351395] [MainThread] [attack] INFO  - Align attack traces with themselves...
Align: 100%|█████████████████████████████████████████████████████████████████████████████████████████████████████████████████████████████████████████████████████████████████████████████████████████████| 4000/4000 [00:00<00:00, 4106.54it/s]
[2024-05-14 15:46:13,205] [1351395] [MainThread] [attack] INFO  - Align attack traces with the profile...
Align: 100%|█████████████████████████████████████████████████████████████████████████████████████████████████████████████████████████████████████████████████████████████████████████████████████████████| 4000/4000 [00:01<00:00, 3998.08it/s]

Subkey  0
Subkey  1
Subkey  2
Subkey  3
Subkey  4
Subkey  5
Subkey  6
Subkey  7
Subkey  8
Subkey  9
Subkey 10
Subkey 11
Subkey 12
Subkey 13
Subkey 14
Subkey 15
Best Key Guess:   68   7e   e0   59   ff   f3   96   1d   e1   4d   72   9b   ee   88   52   95
Known Key:        69   7f   e3   59   fd   f7   95   1f   ec   4d   72   9b   ee   ab   51   96
PGE:             006  008  002  000  003  020  024  002  010  000  000  000  000  005  001  003
HD:              001  001  002  000  001  001  002  001  003  000  000  000  000  003  002  002
SUCCESS:           0    0    0    1    0    0    0    0    0    1    1    1    1    0    0    0
CORRECT BYTES: 5
PGE MEAN:      5
PGE MEDIAN:    2
PGE MAX:       24
HD SUM:        19

Starting key ranking using HEL
results rank estimation
nb_bins = 512
merge = 2
Starting preprocessing
Clearing memory
min: 2^50.88105555
actual rounded: 2^51.92621906
max: 2^52.74629904
time enum: 0.127629 seconds



