[2024-05-14 15:43:41,644] [1350398] [MainThread] [dataset] INFO  - Dataset loaded from '/home/drac/mnt/sc_nvme_ssd/dataset/datasets/ble/240423_highdist_2lna_highgain/avg/dataset.pyc'
[2024-05-14 15:43:41,644] [1350398] [MainThread] [load] INFO  - Loading traces...
[2024-05-14 15:43:41,644] [1350398] [MainThread] [load] WARNING - No loaded NF traces!
Load FF traces: 100%|██████████████████████████████████████████████████████████████████████████████████████████████████████████████████████████████████████████████████████████████████████████████████| 16000/16000 [00:01<00:00, 9844.20it/s]
[2024-05-14 15:43:43,270] [1350398] [MainThread] [load] INFO  - Done!
[2024-05-14 15:43:43,343] [1350398] [MainThread] [attack] INFO  - Load the forced profile from /home/drac/mnt/sc_nvme_ssd/dataset/datasets/ble/240423_highdist_2lna_highgain/ext/profiles/AMPLITUDE_16000_r_1
[2024-05-14 15:43:43,462] [1350398] [MainThread] [attack] INFO  - Align attack traces with themselves...
Align: 100%|███████████████████████████████████████████████████████████████████████████████████████████████████████████████████████████████████████████████████████████████████████████████████████████| 16000/16000 [00:03<00:00, 4158.49it/s]
[2024-05-14 15:43:47,317] [1350398] [MainThread] [attack] INFO  - Align attack traces with the profile...
Align: 100%|███████████████████████████████████████████████████████████████████████████████████████████████████████████████████████████████████████████████████████████████████████████████████████████| 16000/16000 [00:03<00:00, 4042.56it/s]

Subkey  0
Subkey  1
Subkey  2
Subkey  3
Subkey  4
Subkey  5
Subkey  6
Subkey  7
Subkey  8
Subkey  9
Subkey 10
Subkey 11
Subkey 12
Subkey 13
Subkey 14
Subkey 15
Best Key Guess:   55   31   02   5b   fc   f1   97   1d   e7   4d   71   99   ee   aa   bb   95
Known Key:        69   7f   e3   59   fd   f7   95   1f   ec   4d   72   9b   ee   ab   51   96
PGE:             007  230  004  001  003  003  003  003  024  000  001  001  000  002  011  001
HD:              004  004  004  001  001  002  001  001  003  000  002  001  000  001  005  002
SUCCESS:           0    0    0    0    0    0    0    0    0    1    0    0    1    0    0    0
CORRECT BYTES: 2
PGE MEAN:      18
PGE MEDIAN:    3
PGE MAX:       230
HD SUM:        32

Starting key ranking using HEL
results rank estimation
nb_bins = 512
merge = 2
Starting preprocessing
Clearing memory
min: 2^53.95527175
actual rounded: 2^55.38501451
max: 2^56.48439228
time enum: 1.48607 seconds



