[2024-05-14 15:42:59,760] [1350040] [MainThread] [dataset] INFO  - Dataset loaded from '/home/drac/mnt/sc_nvme_ssd/dataset/datasets/ble/240423_highdist_2lna_highgain/avg/dataset.pyc'
[2024-05-14 15:42:59,760] [1350040] [MainThread] [load] INFO  - Loading traces...
[2024-05-14 15:42:59,760] [1350040] [MainThread] [load] WARNING - No loaded NF traces!
Load FF traces: 100%|████████████████████████████████████████████████████████████████████████████████████████████████████████████████████████████████████████████████████████████████████████████████████| 4000/4000 [00:00<00:00, 9785.38it/s]
[2024-05-14 15:43:00,170] [1350040] [MainThread] [load] INFO  - Done!
[2024-05-14 15:43:00,188] [1350040] [MainThread] [attack] INFO  - Load the forced profile from /home/drac/mnt/sc_nvme_ssd/dataset/datasets/ble/240423_highdist_2lna_highgain/ext/profiles/AMPLITUDE_16000_r_1
[2024-05-14 15:43:00,282] [1350040] [MainThread] [attack] INFO  - Align attack traces with themselves...
Align: 100%|█████████████████████████████████████████████████████████████████████████████████████████████████████████████████████████████████████████████████████████████████████████████████████████████| 4000/4000 [00:00<00:00, 4073.47it/s]
[2024-05-14 15:43:01,266] [1350040] [MainThread] [attack] INFO  - Align attack traces with the profile...
Align: 100%|█████████████████████████████████████████████████████████████████████████████████████████████████████████████████████████████████████████████████████████████████████████████████████████████| 4000/4000 [00:01<00:00, 3961.08it/s]

Subkey  0
Subkey  1
Subkey  2
Subkey  3
Subkey  4
Subkey  5
Subkey  6
Subkey  7
Subkey  8
Subkey  9
Subkey 10
Subkey 11
Subkey 12
Subkey 13
Subkey 14
Subkey 15
Best Key Guess:   6f   22   02   59   ff   ef   96   1e   e1   4d   76   9b   ee   aa   d8   95
Known Key:        69   7f   e3   59   fd   f7   95   1f   ec   4d   72   9b   ee   ab   51   96
PGE:             030  240  004  000  001  010  002  002  029  000  001  000  000  002  179  001
HD:              002  005  004  000  001  002  002  001  003  000  001  000  000  001  003  002
SUCCESS:           0    0    0    1    0    0    0    0    0    1    0    1    1    0    0    0
CORRECT BYTES: 4
PGE MEAN:      31
PGE MEDIAN:    2
PGE MAX:       240
HD SUM:        27

Starting key ranking using HEL
results rank estimation
nb_bins = 512
merge = 2
Starting preprocessing
Clearing memory
min: 2^62.82256224
actual rounded: 2^63.73788579
max: 2^64.45727428
time enum: 0.128231 seconds



