[2024-05-14 15:49:47,616] [1354537] [MainThread] [dataset] INFO  - Dataset loaded from '/home/drac/mnt/sc_nvme_ssd/dataset/datasets/ble/240423_highdist_2lna_highgain/ext/dataset.pyc'
[2024-05-14 15:49:47,616] [1354537] [MainThread] [load] INFO  - Loading traces...
[2024-05-14 15:49:47,616] [1354537] [MainThread] [load] WARNING - No loaded NF traces!
Load FF traces: 100%|██████████████████████████████████████████████████████████████████████████████████████████████████████████████████████████████████████████████████████████████████████████████████| 10000/10000 [00:05<00:00, 1913.37it/s]
[2024-05-14 15:49:52,843] [1354537] [MainThread] [load] INFO  - Done!
[2024-05-14 15:49:52,902] [1354537] [MainThread] [attack] INFO  - Load the forced profile from /home/drac/mnt/sc_nvme_ssd/dataset/datasets/ble/240423_highdist_2lna_highgain/ext/profiles/AMPLITUDE_16000_r_1
[2024-05-14 15:49:53,028] [1354537] [MainThread] [attack] INFO  - Align attack traces with themselves...
Align: 100%|███████████████████████████████████████████████████████████████████████████████████████████████████████████████████████████████████████████████████████████████████████████████████████████| 10000/10000 [00:02<00:00, 3706.67it/s]
[2024-05-14 15:49:55,731] [1354537] [MainThread] [attack] INFO  - Align attack traces with the profile...
Align: 100%|███████████████████████████████████████████████████████████████████████████████████████████████████████████████████████████████████████████████████████████████████████████████████████████| 10000/10000 [00:03<00:00, 3044.13it/s]

Subkey  0
Subkey  1
Subkey  2
Subkey  3
Subkey  4
Subkey  5
Subkey  6
Subkey  7
Subkey  8
Subkey  9
Subkey 10
Subkey 11
Subkey 12
Subkey 13
Subkey 14
Subkey 15
Best Key Guess:   68   5a   e2   5b   fd   f8   97   1d   f7   45   74   9a   ec   aa   4b   95
Known Key:        69   7f   e3   59   fd   f7   95   1f   ec   4d   72   9b   ee   ab   51   96
PGE:             062  092  003  014  000  002  001  018  024  019  014  066  003  031  126  003
HD:              001  003  001  001  000  004  001  001  004  001  002  001  001  001  003  002
SUCCESS:           0    0    0    0    1    0    0    0    0    0    0    0    0    0    0    0
CORRECT BYTES: 1
PGE MEAN:      29
PGE MEDIAN:    16
PGE MAX:       126
HD SUM:        27

Starting key ranking using HEL
results rank estimation
nb_bins = 512
merge = 2
Starting preprocessing
Clearing memory
min: 2^89.51686443
actual rounded: 2^89.90749044
max: 2^90.21753063
time enum: 0.134042 seconds



