[2024-05-14 15:50:28,729] [1354736] [MainThread] [dataset] INFO  - Dataset loaded from '/home/drac/mnt/sc_nvme_ssd/dataset/datasets/ble/240423_highdist_2lna_highgain/ext/dataset.pyc'
[2024-05-14 15:50:28,729] [1354736] [MainThread] [load] INFO  - Loading traces...
[2024-05-14 15:50:28,729] [1354736] [MainThread] [load] WARNING - No loaded NF traces!
Load FF traces: 100%|██████████████████████████████████████████████████████████████████████████████████████████████████████████████████████████████████████████████████████████████████████████████████| 16000/16000 [00:05<00:00, 2766.40it/s]
[2024-05-14 15:50:34,514] [1354736] [MainThread] [load] INFO  - Done!
[2024-05-14 15:50:34,588] [1354736] [MainThread] [attack] INFO  - Load the forced profile from /home/drac/mnt/sc_nvme_ssd/dataset/datasets/ble/240423_highdist_2lna_highgain/ext/profiles/AMPLITUDE_16000_r_1
[2024-05-14 15:50:34,728] [1354736] [MainThread] [attack] INFO  - Align attack traces with themselves...
Align: 100%|███████████████████████████████████████████████████████████████████████████████████████████████████████████████████████████████████████████████████████████████████████████████████████████| 16000/16000 [00:03<00:00, 4094.61it/s]
[2024-05-14 15:50:38,644] [1354736] [MainThread] [attack] INFO  - Align attack traces with the profile...
Align: 100%|███████████████████████████████████████████████████████████████████████████████████████████████████████████████████████████████████████████████████████████████████████████████████████████| 16000/16000 [00:04<00:00, 3983.98it/s]

Subkey  0
Subkey  1
Subkey  2
Subkey  3
Subkey  4
Subkey  5
Subkey  6
Subkey  7
Subkey  8
Subkey  9
Subkey 10
Subkey 11
Subkey 12
Subkey 13
Subkey 14
Subkey 15
Best Key Guess:   62   12   02   5b   ff   f7   95   1d   e8   4f   78   9a   ec   aa   23   95
Known Key:        69   7f   e3   59   fd   f7   95   1f   ec   4d   72   9b   ee   ab   51   96
PGE:             006  062  004  003  004  000  000  003  008  002  017  030  001  009  160  003
HD:              003  005  004  001  001  000  000  001  001  001  002  001  001  001  004  002
SUCCESS:           0    0    0    0    0    1    1    0    0    0    0    0    0    0    0    0
CORRECT BYTES: 2
PGE MEAN:      19
PGE MEDIAN:    4
PGE MAX:       160
HD SUM:        28

Starting key ranking using HEL
results rank estimation
nb_bins = 512
merge = 2
Starting preprocessing
Clearing memory
min: 2^75.99728375
actual rounded: 2^76.59573211
max: 2^77.06948113
time enum: 1.47722 seconds



