drac in 🌐 Reaper in screaming_channels_ble/src on  main [$] via 🐍 v3.10.12 took 2m47s
at 13:24:05 ❌130 ❯ /home/drac/mnt/sc_nvme_ssd/dataset/240124_1-leak-pairing-10cm-lna_raw/scripts/attack.sh
[2024-01-26 13:24:13,689] [2846730] [MainThread] [dataset] INFO  - Dataset loaded from '/home/drac/storage/dataset/240124_1-leak-pairing-10cm-lna_raw/dataset.pyc'
[2024-01-26 13:24:13,689] [2846730] [MainThread] [load] INFO  - Loading traces...
[2024-01-26 13:24:13,689] [2846730] [MainThread] [load] WARNING - No loaded NF traces!
Load FF traces: 100%|██████████████████████████████████████████████████████████████████████████████████████████████████████████████████████████████████████████████████████████████████████████████████| 12502/12502 [00:01<00:00, 9422.63it/s]
[2024-01-26 13:24:15,017] [2846730] [MainThread] [load] INFO  - Done!
[2024-01-26 13:24:15,028] [2846730] [MainThread] [attack] INFO  - Load the forced profile from /home/drac/storage/dataset/240112_multi-leak-insub-1m-lna_avg/profile_pois_1
Align: 100%|███████████████████████████████████████████████████████████████████████████████████████████████████████████████████████████████████████████████████████████████████████████████████████████| 12502/12502 [00:03<00:00, 4047.59it/s]
Align: 100%|███████████████████████████████████████████████████████████████████████████████████████████████████████████████████████████████████████████████████████████████████████████████████████████| 12502/12502 [00:03<00:00, 4043.99it/s]

Subkey  0
Subkey  1
Subkey  2
Subkey  3
Subkey  4
Subkey  5
Subkey  6
Subkey  7
Subkey  8
Subkey  9
Subkey 10
Subkey 11
Subkey 12
Subkey 13
Subkey 14
Subkey 15
Best Key Guess:   27   3c   e1   eb   2b   b2   f8   08   26   4d   14   02   fd   64   e9   4c
Known Key:        22   3a   e1   ef   93   ec   d8   43   c8   a3   49   67   e2   6e   e9   9d
PGE:             012  014  000  012  216  251  067  224  038  209  228  178  040  017  000  014
HD:              002  002  000  001  004  005  001  004  006  006  005  004  005  002  000  004
SUCCESS:           0    0    1    0    0    0    0    0    0    0    0    0    0    0    1    0
CORRECT BYTES: 2
PGE MEAN:      95
PGE MEDIAN:    39
PGE MAX:       251
HD SUM:        51

Starting key ranking using HEL
results rank estimation
nb_bins = 512
merge = 2
Starting preprocessing
Clearing memory
min: 2^114.5984777
actual rounded: 2^114.7783812
max: 2^114.9204556
time enum: 1.73276 seconds
